Reading /home/ssamal/java_projs/conexpng/codings_1.fccsv


***Reading first 10 records***
No of Objects:100
No of attributes:64
No of concepts:1822
	Read 10 records
10 records took 9 ms
Generating concepts took 2249 ms
Concepts now: 1822
Objects now:110
	Read 20 records
10 records took 3 ms
Generating concepts took 1813 ms
Concepts now: 1822
Objects now:120
	Read 30 records
10 records took 4 ms
Generating concepts took 1962 ms
Concepts now: 1822
Objects now:130
	Read 40 records
10 records took 2 ms
Generating concepts took 1635 ms
Concepts now: 1822
Objects now:140
	Read 50 records
10 records took 3 ms
