Reading thesis/data/mnist1/binary_codings_1.fccsv
No of Objects: 500
No of attributes: 64
No of concepts: 2081

-----------------------------------------------------------------------------------------------------------------------
  Train/  Object     Extent                                 Probabilities  Predicted     Actual
   Test                Size              [[0, 1, 2, 3, 4, 5, 6, 7, 8, 9]]      Class      Class
-----------------------------------------------------------------------------------------------------------------------
    test  o4_232       {74} [[0.04, 0.02, 0.02, 0.02, 0.17, 0.18, 0.10, 0.10, 0.18, 0.10]]      [[8]]        [4]
    test  o4_353       {72} [[0.04, 0.02, 0.06, 0.02, 0.15, 0.11, 0.08, 0.13, 0.23, 0.11]]      [[8]]        [4]
    test  o4_351       {63} [[0.15, 0.07, 0.09, 0.19, 0.14, 0.11, 0.04, 0.09, 0.03, 0.04]]      [[3]]        [4]
    test  o4_478       {60} [[0.13, 0.11, 0.05, 0.18, 0.16, 0.05, 0.10, 0.11, 0.05, 0.03]]      [[3]]        [4]
   train   o0_73       {60} [[0.10, 0.03, 0.06, 0.08, 0.20, 0.08, 0.08, 0.10, 0.15, 0.10]]      [[4]]        [0]
   train  o4_475       {70} [[0.11, 0.00, 0.12, 0.18, 0.12, 0.08, 0.17, 0.11, 0.01, 0.05]]      [[3]]        [4]
   train   o0_76       {60} [[0.10, 0.03, 0.06, 0.08, 0.20, 0.08, 0.08, 0.10, 0.15, 0.10]]      [[4]]        [0]
   train  o4_109       {60} [[0.13, 0.11, 0.05, 0.18, 0.16, 0.05, 0.10, 0.11, 0.05, 0.03]]      [[3]]        [4]
    test  o5_281       {63} [[0.15, 0.07, 0.09, 0.19, 0.14, 0.11, 0.04, 0.09, 0.03, 0.04]]      [[3]]        [5]
   train   o0_68       {63} [[0.14, 0.00, 0.14, 0.03, 0.07, 0.11, 0.09, 0.12, 0.15, 0.11]]      [[8]]        [0]
   train  o5_162       {76} [[0.06, 0.03, 0.03, 0.17, 0.06, 0.17, 0.02, 0.05, 0.22, 0.14]]      [[8]]        [5]
   train  o5_166       {60} [[0.10, 0.03, 0.06, 0.08, 0.20, 0.08, 0.08, 0.10, 0.15, 0.10]]      [[4]]        [5]
   train  o3_437       {60} [[0.13, 0.11, 0.05, 0.18, 0.16, 0.05, 0.10, 0.11, 0.05, 0.03]]      [[3]]        [3] _/
   train  o3_438       {80} [[0.18, 0.17, 0.03, 0.13, 0.05, 0.06, 0.02, 0.18, 0.07, 0.06]]      [[7]]        [3]
    test  o3_433       {63} [[0.15, 0.07, 0.09, 0.19, 0.14, 0.11, 0.04, 0.09, 0.03, 0.04]]      [[3]]        [3] _/
   train  o4_220       {76} [[0.03, 0.21, 0.05, 0.18, 0.19, 0.09, 0.00, 0.03, 0.11, 0.06]]      [[1]]        [4]
   train  o4_221       {70} [[0.07, 0.05, 0.12, 0.12, 0.21, 0.02, 0.07, 0.18, 0.07, 0.04]]      [[4]]        [4] _/
   train  o4_100       {80} [[0.05, 0.12, 0.07, 0.08, 0.18, 0.12, 0.10, 0.08, 0.08, 0.07]]      [[4]]        [4] _/
   train  o4_224       {65} [[0.07, 0.06, 0.07, 0.13, 0.16, 0.09, 0.13, 0.04, 0.16, 0.03]]      [[8]]        [4]
    test   o1_30       {60} [[0.13, 0.11, 0.05, 0.18, 0.16, 0.05, 0.10, 0.11, 0.05, 0.03]]      [[3]]        [1]
   train   o0_67       {85} [[0.03, 0.18, 0.07, 0.03, 0.03, 0.20, 0.14, 0.10, 0.05, 0.12]]      [[5]]        [0]
   train    o4_9       {63} [[0.14, 0.00, 0.14, 0.03, 0.07, 0.11, 0.09, 0.12, 0.15, 0.11]]      [[8]]        [4]
   train   o1_34       {72} [[0.04, 0.02, 0.06, 0.02, 0.15, 0.11, 0.08, 0.13, 0.23, 0.11]]      [[8]]        [1]
   train  o4_108       {83} [[0.07, 0.14, 0.09, 0.09, 0.19, 0.06, 0.03, 0.07, 0.18, 0.04]]      [[4]]        [4] _/
   train  o5_291       {70} [[0.04, 0.02, 0.14, 0.05, 0.17, 0.15, 0.10, 0.10, 0.11, 0.08]]      [[4]]        [5]
    test   o0_57       {75} [[0.25, 0.08, 0.08, 0.18, 0.02, 0.05, 0.09, 0.14, 0.06, 0.01]]      [[0]]        [0] _/
   train  o5_173       {66} [[0.00, 0.01, 0.07, 0.12, 0.04, 0.15, 0.07, 0.24, 0.15, 0.12]]      [[7]]        [5]
    test  o3_408       {60} [[0.13, 0.11, 0.05, 0.18, 0.16, 0.05, 0.10, 0.11, 0.05, 0.03]]      [[3]]        [3] _/
   train  o4_214       {66} [[0.10, 0.09, 0.12, 0.06, 0.16, 0.09, 0.21, 0.12, 0.00, 0.03]]      [[6]]        [4]
   train  o4_335       {66} [[0.10, 0.09, 0.12, 0.06, 0.16, 0.09, 0.21, 0.12, 0.00, 0.03]]      [[6]]        [4]
   train   o1_63       {77} [[0.23, 0.20, 0.06, 0.07, 0.05, 0.03, 0.14, 0.11, 0.02, 0.03]]      [[0]]        [1]
    test   o2_35       {71} [[0.18, 0.00, 0.09, 0.14, 0.04, 0.09, 0.08, 0.19, 0.02, 0.12]]      [[7]]        [2]
   train   o2_36       {76} [[0.03, 0.21, 0.05, 0.18, 0.19, 0.09, 0.00, 0.03, 0.11, 0.06]]      [[1]]        [2]
   train   o2_29       {60} [[0.13, 0.11, 0.05, 0.18, 0.16, 0.05, 0.10, 0.11, 0.05, 0.03]]      [[3]]        [2]
   train  o3_415       {63} [[0.15, 0.07, 0.09, 0.19, 0.14, 0.11, 0.04, 0.09, 0.03, 0.04]]      [[3]]        [3] _/
   train  o4_440       {71} [[0.14, 0.07, 0.04, 0.16, 0.11, 0.14, 0.07, 0.05, 0.05, 0.14]]      [[3]]        [4]
    test    o3_0       {66} [[0.00, 0.01, 0.07, 0.12, 0.04, 0.15, 0.07, 0.24, 0.15, 0.12]]      [[7]]        [3]
   train  o4_444       {60} [[0.10, 0.03, 0.06, 0.08, 0.20, 0.08, 0.08, 0.10, 0.15, 0.10]]      [[4]]        [4] _/
   train  o4_443       {60} [[0.10, 0.03, 0.06, 0.08, 0.20, 0.08, 0.08, 0.10, 0.15, 0.10]]      [[4]]        [4] _/
   train  o4_328       {63} [[0.15, 0.07, 0.09, 0.19, 0.14, 0.11, 0.04, 0.09, 0.03, 0.04]]      [[3]]        [4]
   train   o1_55       {63} [[0.15, 0.07, 0.09, 0.19, 0.14, 0.11, 0.04, 0.09, 0.03, 0.04]]      [[3]]        [1]
   train   o1_49       {76} [[0.03, 0.21, 0.05, 0.18, 0.19, 0.09, 0.00, 0.03, 0.11, 0.06]]      [[1]]        [1] _/
   train  o5_193       {63} [[0.15, 0.07, 0.09, 0.19, 0.14, 0.11, 0.04, 0.09, 0.03, 0.04]]      [[3]]        [5]
   train   o2_18       {87} [[0.06, 0.17, 0.12, 0.09, 0.10, 0.02, 0.06, 0.06, 0.13, 0.13]]      [[1]]        [2]
   train  o3_402       {60} [[0.13, 0.11, 0.05, 0.18, 0.16, 0.05, 0.10, 0.11, 0.05, 0.03]]      [[3]]        [3] _/
   train  o4_272       {60} [[0.13, 0.11, 0.05, 0.18, 0.16, 0.05, 0.10, 0.11, 0.05, 0.03]]      [[3]]        [4]
   train  o4_395       {60} [[0.10, 0.03, 0.06, 0.08, 0.20, 0.08, 0.08, 0.10, 0.15, 0.10]]      [[4]]        [4] _/
   train  o4_158       {74} [[0.04, 0.02, 0.02, 0.02, 0.17, 0.18, 0.10, 0.10, 0.18, 0.10]]      [[8]]        [4]
   train   o3_25       {60} [[0.10, 0.03, 0.06, 0.08, 0.20, 0.08, 0.08, 0.10, 0.15, 0.10]]      [[4]]        [3]
   train  o2_305       {65} [[0.07, 0.06, 0.07, 0.13, 0.16, 0.09, 0.13, 0.04, 0.16, 0.03]]      [[8]]        [2]
   train   o3_22       {71} [[0.14, 0.07, 0.04, 0.16, 0.11, 0.14, 0.07, 0.05, 0.05, 0.14]]      [[3]]        [3] _/
    test  o3_473       {70} [[0.11, 0.00, 0.12, 0.18, 0.12, 0.08, 0.17, 0.11, 0.01, 0.05]]      [[3]]        [3] _/
   train  o3_110       {66} [[0.00, 0.01, 0.07, 0.12, 0.04, 0.15, 0.07, 0.24, 0.15, 0.12]]      [[7]]        [3]
   train  o6_163       {86} [[0.04, 0.10, 0.11, 0.12, 0.02, 0.11, 0.09, 0.23, 0.12, 0.01]]      [[7]]        [6]
   train  o5_366       {80} [[0.05, 0.12, 0.07, 0.08, 0.18, 0.12, 0.10, 0.08, 0.08, 0.07]]      [[4]]        [5]
   train  o3_234       {76} [[0.03, 0.21, 0.05, 0.18, 0.19, 0.09, 0.00, 0.03, 0.11, 0.06]]      [[1]]        [3]
   train  o3_236       {63} [[0.15, 0.07, 0.09, 0.19, 0.14, 0.11, 0.04, 0.09, 0.03, 0.04]]      [[3]]        [3] _/
    test  o3_479       {71} [[0.14, 0.07, 0.04, 0.16, 0.11, 0.14, 0.07, 0.05, 0.05, 0.14]]      [[3]]        [3] _/
   train  o3_358       {60} [[0.10, 0.03, 0.06, 0.08, 0.20, 0.08, 0.08, 0.10, 0.15, 0.10]]      [[4]]        [3]
   train  o5_129       {63} [[0.15, 0.07, 0.09, 0.19, 0.14, 0.11, 0.04, 0.09, 0.03, 0.04]]      [[3]]        [5]
   train  o4_380       {72} [[0.04, 0.02, 0.06, 0.02, 0.15, 0.11, 0.08, 0.13, 0.23, 0.11]]      [[8]]        [4]
   train  o4_386       {60} [[0.10, 0.03, 0.06, 0.08, 0.20, 0.08, 0.08, 0.10, 0.15, 0.10]]      [[4]]        [4] _/
   train   o1_78       {77} [[0.03, 0.09, 0.12, 0.16, 0.03, 0.10, 0.15, 0.05, 0.11, 0.10]]      [[3]]        [1]
   train  o6_299       {74} [[0.04, 0.02, 0.02, 0.02, 0.17, 0.18, 0.10, 0.10, 0.18, 0.10]]      [[8]]        [6]
   train  o6_179       {66} [[0.10, 0.09, 0.12, 0.06, 0.16, 0.09, 0.21, 0.12, 0.00, 0.03]]      [[6]]        [6] _/
   train  o3_106       {81} [[0.03, 0.07, 0.04, 0.14, 0.19, 0.07, 0.01, 0.12, 0.17, 0.11]]      [[4]]        [3]
   train  o5_133       {70} [[0.04, 0.02, 0.14, 0.05, 0.17, 0.15, 0.10, 0.10, 0.11, 0.08]]      [[4]]        [5]
   train  o6_295       {63} [[0.14, 0.00, 0.14, 0.03, 0.07, 0.11, 0.09, 0.12, 0.15, 0.11]]      [[8]]        [6]
   train  o5_136       {63} [[0.15, 0.07, 0.09, 0.19, 0.14, 0.11, 0.04, 0.09, 0.03, 0.04]]      [[3]]        [5]
    test  o3_223       {76} [[0.03, 0.21, 0.05, 0.18, 0.19, 0.09, 0.00, 0.03, 0.11, 0.06]]      [[1]]        [3]
   train  o3_468       {70} [[0.11, 0.00, 0.12, 0.18, 0.12, 0.08, 0.17, 0.11, 0.01, 0.05]]      [[3]]        [3] _/
    test  o4_492       {70} [[0.11, 0.00, 0.12, 0.18, 0.12, 0.08, 0.17, 0.11, 0.01, 0.05]]      [[3]]        [4]
   train  o4_250       {63} [[0.14, 0.00, 0.14, 0.03, 0.07, 0.11, 0.09, 0.12, 0.15, 0.11]]      [[8]]        [4]
    test   o2_72       {63} [[0.15, 0.07, 0.09, 0.19, 0.14, 0.11, 0.04, 0.09, 0.03, 0.04]]      [[3]]        [2]
   train  o4_494       {60} [[0.13, 0.11, 0.05, 0.18, 0.16, 0.05, 0.10, 0.11, 0.05, 0.03]]      [[3]]        [4]
   train  o4_378       {76} [[0.03, 0.21, 0.05, 0.18, 0.19, 0.09, 0.00, 0.03, 0.11, 0.06]]      [[1]]        [4]
   train  o2_407       {60} [[0.10, 0.03, 0.06, 0.08, 0.20, 0.08, 0.08, 0.10, 0.15, 0.10]]      [[4]]        [2]
   train   o3_46       {63} [[0.15, 0.07, 0.09, 0.19, 0.14, 0.11, 0.04, 0.09, 0.03, 0.04]]      [[3]]        [3] _/
   train   o2_74       {60} [[0.13, 0.11, 0.05, 0.18, 0.16, 0.05, 0.10, 0.11, 0.05, 0.03]]      [[3]]        [2]
   train  o3_451       {60} [[0.13, 0.11, 0.05, 0.18, 0.16, 0.05, 0.10, 0.11, 0.05, 0.03]]      [[3]]        [3] _/
   train  o5_381       {63} [[0.14, 0.00, 0.14, 0.03, 0.07, 0.11, 0.09, 0.12, 0.15, 0.11]]      [[8]]        [5]
    test  o6_189       {60} [[0.10, 0.03, 0.06, 0.08, 0.20, 0.08, 0.08, 0.10, 0.15, 0.10]]      [[4]]        [6]
    test  o6_188       {78} [[0.23, 0.08, 0.12, 0.10, 0.01, 0.10, 0.10, 0.11, 0.10, 0.01]]      [[0]]        [6]
   train  o3_216       {75} [[0.25, 0.08, 0.08, 0.18, 0.02, 0.05, 0.09, 0.14, 0.06, 0.01]]      [[0]]        [3]
   train  o3_333       {63} [[0.14, 0.00, 0.14, 0.03, 0.07, 0.11, 0.09, 0.12, 0.15, 0.11]]      [[8]]        [3]
   train  o4_481       {66} [[0.00, 0.01, 0.07, 0.12, 0.04, 0.15, 0.07, 0.24, 0.15, 0.12]]      [[7]]        [4]
   train  o4_363       {65} [[0.07, 0.06, 0.07, 0.13, 0.16, 0.09, 0.13, 0.04, 0.16, 0.03]]      [[8]]        [4]
   train   o1_91       {76} [[0.03, 0.21, 0.05, 0.18, 0.19, 0.09, 0.00, 0.03, 0.11, 0.06]]      [[1]]        [1] _/
   train   o1_96       {60} [[0.13, 0.11, 0.05, 0.18, 0.16, 0.05, 0.10, 0.11, 0.05, 0.03]]      [[3]]        [1]
   train  o4_245       {63} [[0.15, 0.07, 0.09, 0.19, 0.14, 0.11, 0.04, 0.09, 0.03, 0.04]]      [[3]]        [4]
   train  o4_124       {60} [[0.10, 0.03, 0.06, 0.08, 0.20, 0.08, 0.08, 0.10, 0.15, 0.10]]      [[4]]        [4] _/
   train  o2_411       {70} [[0.04, 0.02, 0.14, 0.05, 0.17, 0.15, 0.10, 0.10, 0.11, 0.08]]      [[4]]        [2]
   train  o4_249       {60} [[0.13, 0.11, 0.05, 0.18, 0.16, 0.05, 0.10, 0.11, 0.05, 0.03]]      [[3]]        [4]
    test   o1_98       {60} [[0.13, 0.11, 0.05, 0.18, 0.16, 0.05, 0.10, 0.11, 0.05, 0.03]]      [[3]]        [1]
   train  o3_441       {63} [[0.15, 0.07, 0.09, 0.19, 0.14, 0.11, 0.04, 0.09, 0.03, 0.04]]      [[3]]        [3] _/
   train   o2_59       {60} [[0.10, 0.03, 0.06, 0.08, 0.20, 0.08, 0.08, 0.10, 0.15, 0.10]]      [[4]]        [2]
   train   o3_27       {60} [[0.10, 0.03, 0.06, 0.08, 0.20, 0.08, 0.08, 0.10, 0.15, 0.10]]      [[4]]        [3]
   train  o5_394       {70} [[0.04, 0.02, 0.14, 0.05, 0.17, 0.15, 0.10, 0.10, 0.11, 0.08]]      [[4]]        [5]
   train  o5_153       {66} [[0.00, 0.01, 0.07, 0.12, 0.04, 0.15, 0.07, 0.24, 0.15, 0.12]]      [[7]]        [5]
   train  o5_397       {60} [[0.13, 0.11, 0.05, 0.18, 0.16, 0.05, 0.10, 0.11, 0.05, 0.03]]      [[3]]        [5]
   train  o3_206       {60} [[0.10, 0.03, 0.06, 0.08, 0.20, 0.08, 0.08, 0.10, 0.15, 0.10]]      [[4]]        [3]
   train  o3_449       {76} [[0.03, 0.21, 0.05, 0.18, 0.19, 0.09, 0.00, 0.03, 0.11, 0.06]]      [[1]]        [3]
   train  o5_279       {63} [[0.14, 0.00, 0.14, 0.03, 0.07, 0.11, 0.09, 0.12, 0.15, 0.11]]      [[8]]        [5]
   train  o5_159       {66} [[0.00, 0.01, 0.07, 0.12, 0.04, 0.15, 0.07, 0.24, 0.15, 0.12]]      [[7]]        [5]
   train  o3_202       {60} [[0.13, 0.11, 0.05, 0.18, 0.16, 0.05, 0.10, 0.11, 0.05, 0.03]]      [[3]]        [3] _/
   train  o6_191       {60} [[0.13, 0.11, 0.05, 0.18, 0.16, 0.05, 0.10, 0.11, 0.05, 0.03]]      [[3]]        [6]
   train  o2_101       {63} [[0.14, 0.00, 0.14, 0.03, 0.07, 0.11, 0.09, 0.12, 0.15, 0.11]]      [[8]]        [2]
   train  o2_222       {63} [[0.15, 0.07, 0.09, 0.19, 0.14, 0.11, 0.04, 0.09, 0.03, 0.04]]      [[3]]        [2]
   train  o2_344       {63} [[0.14, 0.00, 0.14, 0.03, 0.07, 0.11, 0.09, 0.12, 0.15, 0.11]]      [[8]]        [2]
   train  o9_331       {60} [[0.10, 0.03, 0.06, 0.08, 0.20, 0.08, 0.08, 0.10, 0.15, 0.10]]      [[4]]        [9]
   train  o9_210       {60} [[0.13, 0.11, 0.05, 0.18, 0.16, 0.05, 0.10, 0.11, 0.05, 0.03]]      [[3]]        [9]
   train  o4_197       {60} [[0.10, 0.03, 0.06, 0.08, 0.20, 0.08, 0.08, 0.10, 0.15, 0.10]]      [[4]]        [4] _/
   train  o8_405       {72} [[0.04, 0.02, 0.06, 0.02, 0.15, 0.11, 0.08, 0.13, 0.23, 0.11]]      [[8]]        [8] _/
    test  o2_469       {69} [[0.23, 0.01, 0.14, 0.13, 0.04, 0.08, 0.11, 0.01, 0.07, 0.14]]      [[0]]        [2]
   train   o3_66       {66} [[0.00, 0.01, 0.07, 0.12, 0.04, 0.15, 0.07, 0.24, 0.15, 0.12]]      [[7]]        [3]
   train  o2_346       {63} [[0.14, 0.00, 0.14, 0.03, 0.07, 0.11, 0.09, 0.12, 0.15, 0.11]]      [[8]]        [2]
   train  o3_275       {69} [[0.23, 0.01, 0.14, 0.13, 0.04, 0.08, 0.11, 0.01, 0.07, 0.14]]      [[0]]        [3]
   train  o1_425       {60} [[0.13, 0.11, 0.05, 0.18, 0.16, 0.05, 0.10, 0.11, 0.05, 0.03]]      [[3]]        [1]
   train  o3_151       {65} [[0.07, 0.06, 0.07, 0.13, 0.16, 0.09, 0.13, 0.04, 0.16, 0.03]]      [[8]]        [3]
   train  o9_446       {70} [[0.11, 0.00, 0.12, 0.18, 0.12, 0.08, 0.17, 0.11, 0.01, 0.05]]      [[3]]        [9]
    test  o9_326       {69} [[0.23, 0.01, 0.14, 0.13, 0.04, 0.08, 0.11, 0.01, 0.07, 0.14]]      [[0]]        [9]
   train  o4_190       {60} [[0.10, 0.03, 0.06, 0.08, 0.20, 0.08, 0.08, 0.10, 0.15, 0.10]]      [[4]]        [4] _/
    test  o4_183       {65} [[0.07, 0.06, 0.07, 0.13, 0.16, 0.09, 0.13, 0.04, 0.16, 0.03]]      [[8]]        [4]
   train   o2_80       {60} [[0.10, 0.03, 0.06, 0.08, 0.20, 0.08, 0.08, 0.10, 0.15, 0.10]]      [[4]]        [2]
   train  o4_185       {60} [[0.10, 0.03, 0.06, 0.08, 0.20, 0.08, 0.08, 0.10, 0.15, 0.10]]      [[4]]        [4] _/
   train  o9_323       {69} [[0.23, 0.01, 0.14, 0.13, 0.04, 0.08, 0.11, 0.01, 0.07, 0.14]]      [[0]]        [9]
   train  o2_470       {74} [[0.04, 0.02, 0.02, 0.02, 0.17, 0.18, 0.10, 0.10, 0.18, 0.10]]      [[8]]        [2]
    test    o0_2       {71} [[0.14, 0.07, 0.04, 0.16, 0.11, 0.14, 0.07, 0.05, 0.05, 0.14]]      [[3]]        [0]
   train   o2_89       {65} [[0.07, 0.06, 0.07, 0.13, 0.16, 0.09, 0.13, 0.04, 0.16, 0.03]]      [[8]]        [2]
   train  o2_239       {69} [[0.23, 0.01, 0.14, 0.13, 0.04, 0.08, 0.11, 0.01, 0.07, 0.14]]      [[0]]        [2]
   train    o0_7       {69} [[0.23, 0.01, 0.14, 0.13, 0.04, 0.08, 0.11, 0.01, 0.07, 0.14]]      [[0]]        [0] _/
   train   o4_26       {70} [[0.04, 0.02, 0.14, 0.05, 0.17, 0.15, 0.10, 0.10, 0.11, 0.08]]      [[4]]        [4] _/
   train   o3_52       {63} [[0.15, 0.07, 0.09, 0.19, 0.14, 0.11, 0.04, 0.09, 0.03, 0.04]]      [[3]]        [3] _/
   train  o2_356       {70} [[0.11, 0.00, 0.12, 0.18, 0.12, 0.08, 0.17, 0.11, 0.01, 0.05]]      [[3]]        [2]
   train  o3_143       {76} [[0.03, 0.21, 0.05, 0.18, 0.19, 0.09, 0.00, 0.03, 0.11, 0.06]]      [[1]]        [3]
   train  o3_265       {77} [[0.03, 0.09, 0.12, 0.16, 0.03, 0.10, 0.15, 0.05, 0.11, 0.10]]      [[3]]        [3] _/
   train  o3_261       {60} [[0.13, 0.11, 0.05, 0.18, 0.16, 0.05, 0.10, 0.11, 0.05, 0.03]]      [[3]]        [3] _/
   train  o3_141       {77} [[0.15, 0.09, 0.07, 0.18, 0.19, 0.07, 0.00, 0.15, 0.05, 0.01]]      [[4]]        [3]
    test  o9_318       {69} [[0.23, 0.01, 0.14, 0.13, 0.04, 0.08, 0.11, 0.01, 0.07, 0.14]]      [[0]]        [9]
    test  o3_146       {66} [[0.00, 0.01, 0.07, 0.12, 0.04, 0.15, 0.07, 0.24, 0.15, 0.12]]      [[7]]        [3]
   train  o3_268       {63} [[0.15, 0.07, 0.09, 0.19, 0.14, 0.11, 0.04, 0.09, 0.03, 0.04]]      [[3]]        [3] _/
    test  o1_312       {76} [[0.03, 0.21, 0.05, 0.18, 0.19, 0.09, 0.00, 0.03, 0.11, 0.06]]      [[1]]        [1] _/
    test  o9_319       {60} [[0.10, 0.03, 0.06, 0.08, 0.20, 0.08, 0.08, 0.10, 0.15, 0.10]]      [[4]]        [9]
   train   o3_83       {63} [[0.15, 0.07, 0.09, 0.19, 0.14, 0.11, 0.04, 0.09, 0.03, 0.04]]      [[3]]        [3] _/
   train   o4_51       {60} [[0.10, 0.03, 0.06, 0.08, 0.20, 0.08, 0.08, 0.10, 0.15, 0.10]]      [[4]]        [4] _/
   train  o9_114       {66} [[0.00, 0.01, 0.07, 0.12, 0.04, 0.15, 0.07, 0.24, 0.15, 0.12]]      [[7]]        [9]
   train  o9_476       {60} [[0.13, 0.11, 0.05, 0.18, 0.16, 0.05, 0.10, 0.11, 0.05, 0.03]]      [[3]]        [9]
    test  o8_424       {72} [[0.04, 0.02, 0.06, 0.02, 0.15, 0.11, 0.08, 0.13, 0.23, 0.11]]      [[8]]        [8] _/
   train   o4_56       {75} [[0.16, 0.00, 0.09, 0.09, 0.20, 0.09, 0.05, 0.04, 0.18, 0.08]]      [[4]]        [4] _/
   train  o8_428       {63} [[0.14, 0.00, 0.14, 0.03, 0.07, 0.11, 0.09, 0.12, 0.15, 0.11]]      [[8]]        [8] _/
   train  o8_430       {76} [[0.06, 0.03, 0.03, 0.17, 0.06, 0.17, 0.02, 0.05, 0.22, 0.14]]      [[8]]        [8] _/
   train  o3_131       {70} [[0.04, 0.02, 0.14, 0.05, 0.17, 0.15, 0.10, 0.10, 0.11, 0.08]]      [[4]]        [3]
   train  o3_252       {60} [[0.10, 0.03, 0.06, 0.08, 0.20, 0.08, 0.08, 0.10, 0.15, 0.10]]      [[4]]        [3]
    test  o1_403       {74} [[0.14, 0.12, 0.04, 0.17, 0.14, 0.08, 0.04, 0.12, 0.04, 0.08]]      [[3]]        [1]
   train  o3_134       {70} [[0.11, 0.00, 0.12, 0.18, 0.12, 0.08, 0.17, 0.11, 0.01, 0.05]]      [[3]]        [3] _/
   train  o9_105       {75} [[0.16, 0.00, 0.09, 0.09, 0.20, 0.09, 0.05, 0.04, 0.18, 0.08]]      [[4]]        [9]
    test  o9_467       {71} [[0.18, 0.00, 0.09, 0.14, 0.04, 0.09, 0.08, 0.19, 0.02, 0.12]]      [[7]]        [9]
   train  o3_256       {66} [[0.10, 0.09, 0.12, 0.06, 0.16, 0.09, 0.21, 0.12, 0.00, 0.03]]      [[6]]        [3]
   train   o3_70       {60} [[0.13, 0.11, 0.05, 0.18, 0.16, 0.05, 0.10, 0.11, 0.05, 0.03]]      [[3]]        [3] _/
   train  o9_341       {66} [[0.00, 0.01, 0.07, 0.12, 0.04, 0.15, 0.07, 0.24, 0.15, 0.12]]      [[7]]        [9]
   train   o4_47       {69} [[0.23, 0.01, 0.14, 0.13, 0.04, 0.08, 0.11, 0.01, 0.07, 0.14]]      [[0]]        [4]
   train  o4_167       {60} [[0.10, 0.03, 0.06, 0.08, 0.20, 0.08, 0.08, 0.10, 0.15, 0.10]]      [[4]]        [4] _/
   train  o8_413       {72} [[0.04, 0.02, 0.06, 0.02, 0.15, 0.11, 0.08, 0.13, 0.23, 0.11]]      [[8]]        [8] _/
    test   o4_43       {70} [[0.04, 0.02, 0.14, 0.05, 0.17, 0.15, 0.10, 0.10, 0.11, 0.08]]      [[4]]        [4] _/
   train  o2_458       {63} [[0.15, 0.07, 0.09, 0.19, 0.14, 0.11, 0.04, 0.09, 0.03, 0.04]]      [[3]]        [2]
   train   o4_45       {60} [[0.10, 0.03, 0.06, 0.08, 0.20, 0.08, 0.08, 0.10, 0.15, 0.10]]      [[4]]        [4] _/
   train  o3_122       {75} [[0.25, 0.08, 0.08, 0.18, 0.02, 0.05, 0.09, 0.14, 0.06, 0.01]]      [[0]]        [3]
   train  o8_422       {76} [[0.06, 0.03, 0.03, 0.17, 0.06, 0.17, 0.02, 0.05, 0.22, 0.14]]      [[8]]        [8] _/
   train  o8_300       {66} [[0.00, 0.01, 0.07, 0.12, 0.04, 0.15, 0.07, 0.24, 0.15, 0.12]]      [[7]]        [8]
   train  o1_418       {77} [[0.03, 0.09, 0.12, 0.16, 0.03, 0.10, 0.15, 0.05, 0.11, 0.10]]      [[3]]        [1]
    test  o8_421       {81} [[0.03, 0.07, 0.04, 0.14, 0.19, 0.07, 0.01, 0.12, 0.17, 0.11]]      [[4]]        [8]
   train  o9_457       {69} [[0.23, 0.01, 0.14, 0.13, 0.04, 0.08, 0.11, 0.01, 0.07, 0.14]]      [[0]]        [9]
   train  o3_128       {60} [[0.13, 0.11, 0.05, 0.18, 0.16, 0.05, 0.10, 0.11, 0.05, 0.03]]      [[3]]        [3] _/
   train  o9_456       {85} [[0.03, 0.07, 0.04, 0.11, 0.11, 0.07, 0.04, 0.16, 0.16, 0.16]]      [[9]]        [9] _/
    test  o9_459       {71} [[0.18, 0.00, 0.09, 0.14, 0.04, 0.09, 0.08, 0.19, 0.02, 0.12]]      [[7]]        [9]
   train  o3_368       {60} [[0.13, 0.11, 0.05, 0.18, 0.16, 0.05, 0.10, 0.11, 0.05, 0.03]]      [[3]]        [3] _/
   train  o3_126       {71} [[0.14, 0.07, 0.04, 0.16, 0.11, 0.14, 0.07, 0.05, 0.05, 0.14]]      [[3]]        [3] _/
    test   o4_71       {63} [[0.14, 0.00, 0.14, 0.03, 0.07, 0.11, 0.09, 0.12, 0.15, 0.11]]      [[8]]        [4]
   train  o2_144       {70} [[0.11, 0.00, 0.12, 0.18, 0.12, 0.08, 0.17, 0.11, 0.01, 0.05]]      [[3]]        [2]
    test  o0_414       {75} [[0.25, 0.08, 0.08, 0.18, 0.02, 0.05, 0.09, 0.14, 0.06, 0.01]]      [[0]]        [0] _/
   train  o2_263       {78} [[0.23, 0.08, 0.12, 0.10, 0.01, 0.10, 0.10, 0.11, 0.10, 0.01]]      [[0]]        [2]
   train  o0_417       {69} [[0.23, 0.01, 0.14, 0.13, 0.04, 0.08, 0.11, 0.01, 0.07, 0.14]]      [[0]]        [0] _/
   train  o1_225       {77} [[0.23, 0.20, 0.06, 0.07, 0.05, 0.03, 0.14, 0.11, 0.02, 0.03]]      [[0]]        [1]
   train  o9_409       {63} [[0.14, 0.00, 0.14, 0.03, 0.07, 0.11, 0.09, 0.12, 0.15, 0.11]]      [[8]]        [9]
   train  o3_198       {63} [[0.15, 0.07, 0.09, 0.19, 0.14, 0.11, 0.04, 0.09, 0.03, 0.04]]      [[3]]        [3] _/
   train  o1_348       {69} [[0.23, 0.01, 0.14, 0.13, 0.04, 0.08, 0.11, 0.01, 0.07, 0.14]]      [[0]]        [1]
   train  o1_340       {76} [[0.03, 0.21, 0.05, 0.18, 0.19, 0.09, 0.00, 0.03, 0.11, 0.06]]      [[1]]        [1] _/
   train  o1_343       {85} [[0.03, 0.18, 0.07, 0.03, 0.03, 0.20, 0.14, 0.10, 0.05, 0.12]]      [[5]]        [1]
   train   o3_93       {75} [[0.16, 0.00, 0.09, 0.09, 0.20, 0.09, 0.05, 0.04, 0.18, 0.08]]      [[4]]        [3]
   train  o2_278       {83} [[0.00, 0.10, 0.06, 0.04, 0.15, 0.10, 0.14, 0.15, 0.14, 0.07]]      [[7]]        [2]
   train   o4_60       {70} [[0.04, 0.02, 0.14, 0.05, 0.17, 0.15, 0.10, 0.10, 0.11, 0.08]]      [[4]]        [4] _/
    test  o0_406       {60} [[0.13, 0.11, 0.05, 0.18, 0.16, 0.05, 0.10, 0.11, 0.05, 0.03]]      [[3]]        [0]
   train   o5_39       {65} [[0.07, 0.06, 0.07, 0.13, 0.16, 0.09, 0.13, 0.04, 0.16, 0.03]]      [[8]]        [5]
   train  o3_180       {77} [[0.03, 0.09, 0.12, 0.16, 0.03, 0.10, 0.15, 0.05, 0.11, 0.10]]      [[3]]        [3] _/
   train  o0_401       {60} [[0.13, 0.11, 0.05, 0.18, 0.16, 0.05, 0.10, 0.11, 0.05, 0.03]]      [[3]]        [0]
   train  o1_115       {63} [[0.15, 0.07, 0.09, 0.19, 0.14, 0.11, 0.04, 0.09, 0.03, 0.04]]      [[3]]        [1]
   train  o1_116       {76} [[0.03, 0.21, 0.05, 0.18, 0.19, 0.09, 0.00, 0.03, 0.11, 0.06]]      [[1]]        [1] _/
    test  o2_391       {80} [[0.18, 0.17, 0.03, 0.13, 0.05, 0.06, 0.02, 0.18, 0.07, 0.06]]      [[7]]        [2]
   train  o1_474       {63} [[0.15, 0.07, 0.09, 0.19, 0.14, 0.11, 0.04, 0.09, 0.03, 0.04]]      [[3]]        [1]
   train  o1_233       {77} [[0.03, 0.09, 0.12, 0.16, 0.03, 0.10, 0.15, 0.05, 0.11, 0.10]]      [[3]]        [1]
   train  o1_112       {85} [[0.03, 0.18, 0.07, 0.03, 0.03, 0.20, 0.14, 0.10, 0.05, 0.12]]      [[5]]        [1]
   train  o1_354       {76} [[0.03, 0.21, 0.05, 0.18, 0.19, 0.09, 0.00, 0.03, 0.11, 0.06]]      [[1]]        [1] _/
   train  o1_113       {76} [[0.03, 0.21, 0.05, 0.18, 0.19, 0.09, 0.00, 0.03, 0.11, 0.06]]      [[1]]        [1] _/
    test  o1_477       {87} [[0.06, 0.17, 0.12, 0.09, 0.10, 0.02, 0.06, 0.06, 0.13, 0.13]]      [[1]]        [1] _/
   train  o2_484       {83} [[0.06, 0.03, 0.10, 0.14, 0.10, 0.08, 0.08, 0.13, 0.13, 0.10]]      [[3]]        [2]
   train  o2_243       {80} [[0.05, 0.12, 0.07, 0.08, 0.18, 0.12, 0.10, 0.08, 0.08, 0.07]]      [[4]]        [2]
   train  o2_364       {66} [[0.00, 0.01, 0.07, 0.12, 0.04, 0.15, 0.07, 0.24, 0.15, 0.12]]      [[7]]        [2]
    test  o2_361       {66} [[0.00, 0.01, 0.07, 0.12, 0.04, 0.15, 0.07, 0.24, 0.15, 0.12]]      [[7]]        [2]
   train  o2_483       {66} [[0.10, 0.09, 0.12, 0.06, 0.16, 0.09, 0.21, 0.12, 0.00, 0.03]]      [[6]]        [2]
    test  o3_290       {65} [[0.07, 0.06, 0.07, 0.13, 0.16, 0.09, 0.13, 0.04, 0.16, 0.03]]      [[8]]        [3]
   train   o6_37       {87} [[0.18, 0.08, 0.01, 0.06, 0.03, 0.05, 0.16, 0.17, 0.11, 0.11]]      [[0]]        [6]
   train  o2_127       {60} [[0.10, 0.03, 0.06, 0.08, 0.20, 0.08, 0.08, 0.10, 0.15, 0.10]]      [[4]]        [2]
   train  o0_431       {74} [[0.04, 0.02, 0.02, 0.02, 0.17, 0.18, 0.10, 0.10, 0.18, 0.10]]      [[8]]        [0]
   train  o0_310       {78} [[0.23, 0.08, 0.12, 0.10, 0.01, 0.10, 0.10, 0.11, 0.10, 0.01]]      [[0]]        [0] _/
   train  o2_247       {66} [[0.10, 0.09, 0.12, 0.06, 0.16, 0.09, 0.21, 0.12, 0.00, 0.03]]      [[6]]        [2]
   train  o1_324       {60} [[0.10, 0.03, 0.06, 0.08, 0.20, 0.08, 0.08, 0.10, 0.15, 0.10]]      [[4]]        [1]
   train  o1_204       {66} [[0.10, 0.09, 0.12, 0.06, 0.16, 0.09, 0.21, 0.12, 0.00, 0.03]]      [[6]]        [1]
    test  o3_297       {63} [[0.14, 0.00, 0.14, 0.03, 0.07, 0.11, 0.09, 0.12, 0.15, 0.11]]      [[8]]        [3]
   train  o1_208       {66} [[0.10, 0.09, 0.12, 0.06, 0.16, 0.09, 0.21, 0.12, 0.00, 0.03]]      [[6]]        [1]
   train  o3_294       {72} [[0.04, 0.02, 0.06, 0.02, 0.15, 0.11, 0.08, 0.13, 0.23, 0.11]]      [[8]]        [3]
   train  o2_135       {63} [[0.15, 0.07, 0.09, 0.19, 0.14, 0.11, 0.04, 0.09, 0.03, 0.04]]      [[3]]        [2]
   train  o2_253       {91} [[0.16, 0.14, 0.12, 0.17, 0.12, 0.05, 0.05, 0.07, 0.07, 0.01]]      [[3]]        [2]
   train   o4_84       {60} [[0.13, 0.11, 0.05, 0.18, 0.16, 0.05, 0.10, 0.11, 0.05, 0.03]]      [[3]]        [4]
   train  o0_304       {70} [[0.11, 0.00, 0.12, 0.18, 0.12, 0.08, 0.17, 0.11, 0.01, 0.05]]      [[3]]        [0]
    test  o0_308       {80} [[0.18, 0.17, 0.03, 0.13, 0.05, 0.06, 0.02, 0.18, 0.07, 0.06]]      [[7]]        [0]
   train  o0_429       {69} [[0.23, 0.01, 0.14, 0.13, 0.04, 0.08, 0.11, 0.01, 0.07, 0.14]]      [[0]]        [0] _/
   train   o6_24       {69} [[0.23, 0.01, 0.14, 0.13, 0.04, 0.08, 0.11, 0.01, 0.07, 0.14]]      [[0]]        [6]
   train  o2_258       {63} [[0.14, 0.00, 0.14, 0.03, 0.07, 0.11, 0.09, 0.12, 0.15, 0.11]]      [[8]]        [2]
   train  o2_379       {66} [[0.00, 0.01, 0.07, 0.12, 0.04, 0.15, 0.07, 0.24, 0.15, 0.12]]      [[7]]        [2]
   train  o3_288       {65} [[0.07, 0.06, 0.07, 0.13, 0.16, 0.09, 0.13, 0.04, 0.16, 0.03]]      [[8]]        [3]
   train  o1_339       {78} [[0.23, 0.08, 0.12, 0.10, 0.01, 0.10, 0.10, 0.11, 0.10, 0.01]]      [[0]]        [1]
   train  o3_161       {65} [[0.07, 0.06, 0.07, 0.13, 0.16, 0.09, 0.13, 0.04, 0.16, 0.03]]      [[8]]        [3]
    test  o3_168       {75} [[0.16, 0.00, 0.09, 0.09, 0.20, 0.09, 0.05, 0.04, 0.18, 0.08]]      [[4]]        [3]
   train  o1_332       {77} [[0.03, 0.09, 0.12, 0.16, 0.03, 0.10, 0.15, 0.05, 0.11, 0.10]]      [[3]]        [1]
    test  o1_455       {76} [[0.03, 0.21, 0.05, 0.18, 0.19, 0.09, 0.00, 0.03, 0.11, 0.06]]      [[1]]        [1] _/
   train  o9_174       {60} [[0.10, 0.03, 0.06, 0.08, 0.20, 0.08, 0.08, 0.10, 0.15, 0.10]]      [[4]]        [9]
    test  o0_338       {60} [[0.13, 0.11, 0.05, 0.18, 0.16, 0.05, 0.10, 0.11, 0.05, 0.03]]      [[3]]        [0]
   train  o7_201       {60} [[0.10, 0.03, 0.06, 0.08, 0.20, 0.08, 0.08, 0.10, 0.15, 0.10]]      [[4]]        [7]
   train  o7_322       {66} [[0.00, 0.01, 0.07, 0.12, 0.04, 0.15, 0.07, 0.24, 0.15, 0.12]]      [[7]]        [7] _/
   train   o6_53       {60} [[0.10, 0.03, 0.06, 0.08, 0.20, 0.08, 0.08, 0.10, 0.15, 0.10]]      [[4]]        [6]
   train  o0_215       {60} [[0.10, 0.03, 0.06, 0.08, 0.20, 0.08, 0.08, 0.10, 0.15, 0.10]]      [[4]]        [0]
   train  o2_187       {93} [[0.08, 0.05, 0.04, 0.16, 0.09, 0.07, 0.01, 0.06, 0.33, 0.07]]      [[8]]        [2]
   train  o0_337       {63} [[0.14, 0.00, 0.14, 0.03, 0.07, 0.11, 0.09, 0.12, 0.15, 0.11]]      [[8]]        [0]
   train  o0_219       {60} [[0.13, 0.11, 0.05, 0.18, 0.16, 0.05, 0.10, 0.11, 0.05, 0.03]]      [[3]]        [0]
   train  o7_200       {71} [[0.18, 0.00, 0.09, 0.14, 0.04, 0.09, 0.08, 0.19, 0.02, 0.12]]      [[7]]        [7] _/
   train  o0_453       {87} [[0.14, 0.01, 0.04, 0.06, 0.02, 0.12, 0.03, 0.24, 0.17, 0.12]]      [[7]]        [0]
   train  o8_130       {71} [[0.14, 0.07, 0.04, 0.16, 0.11, 0.14, 0.07, 0.05, 0.05, 0.14]]      [[3]]        [8]
   train  o8_251       {65} [[0.07, 0.06, 0.07, 0.13, 0.16, 0.09, 0.13, 0.04, 0.16, 0.03]]      [[8]]        [8] _/
   train  o8_255       {60} [[0.10, 0.03, 0.06, 0.08, 0.20, 0.08, 0.08, 0.10, 0.15, 0.10]]      [[4]]        [8]
   train  o1_384       {76} [[0.03, 0.21, 0.05, 0.18, 0.19, 0.09, 0.00, 0.03, 0.11, 0.06]]      [[1]]        [1] _/
   train  o1_264       {71} [[0.14, 0.07, 0.04, 0.16, 0.11, 0.14, 0.07, 0.05, 0.05, 0.14]]      [[3]]        [1]
   train  o8_371       {80} [[0.18, 0.17, 0.03, 0.13, 0.05, 0.06, 0.02, 0.18, 0.07, 0.06]]      [[7]]        [8]
   train  o8_370       {60} [[0.10, 0.03, 0.06, 0.08, 0.20, 0.08, 0.08, 0.10, 0.15, 0.10]]      [[4]]        [8]
   train  o7_454       {63} [[0.14, 0.00, 0.14, 0.03, 0.07, 0.11, 0.09, 0.12, 0.15, 0.11]]      [[8]]        [7]
   train  o0_448       {60} [[0.10, 0.03, 0.06, 0.08, 0.20, 0.08, 0.08, 0.10, 0.15, 0.10]]      [[4]]        [0]
   train  o7_213       {71} [[0.14, 0.07, 0.04, 0.16, 0.11, 0.14, 0.07, 0.05, 0.05, 0.14]]      [[3]]        [7]
   train   o7_11       {69} [[0.23, 0.01, 0.14, 0.13, 0.04, 0.08, 0.11, 0.01, 0.07, 0.14]]      [[0]]        [7]
   train   o5_75       {60} [[0.10, 0.03, 0.06, 0.08, 0.20, 0.08, 0.08, 0.10, 0.15, 0.10]]      [[4]]        [5]
    test  o9_285       {63} [[0.14, 0.00, 0.14, 0.03, 0.07, 0.11, 0.09, 0.12, 0.15, 0.11]]      [[8]]        [9]
   train  o7_450       {63} [[0.14, 0.00, 0.14, 0.03, 0.07, 0.11, 0.09, 0.12, 0.15, 0.11]]      [[8]]        [7]
   train  o9_169       {71} [[0.14, 0.07, 0.04, 0.16, 0.11, 0.14, 0.07, 0.05, 0.05, 0.14]]      [[3]]        [9]
   train  o9_289       {66} [[0.00, 0.01, 0.07, 0.12, 0.04, 0.15, 0.07, 0.24, 0.15, 0.12]]      [[7]]        [9]
    test  o1_392       {76} [[0.03, 0.21, 0.05, 0.18, 0.19, 0.09, 0.00, 0.03, 0.11, 0.06]]      [[1]]        [1] _/
   train  o7_211       {80} [[0.18, 0.17, 0.03, 0.13, 0.05, 0.06, 0.02, 0.18, 0.07, 0.06]]      [[7]]        [7] _/
   train  o9_280       {60} [[0.10, 0.03, 0.06, 0.08, 0.20, 0.08, 0.08, 0.10, 0.15, 0.10]]      [[4]]        [9]
   train   o7_14       {60} [[0.13, 0.11, 0.05, 0.18, 0.16, 0.05, 0.10, 0.11, 0.05, 0.03]]      [[3]]        [7]
   train  o6_404       {63} [[0.14, 0.00, 0.14, 0.03, 0.07, 0.11, 0.09, 0.12, 0.15, 0.11]]      [[8]]        [6]
   train  o0_442       {71} [[0.14, 0.07, 0.04, 0.16, 0.11, 0.14, 0.07, 0.05, 0.05, 0.14]]      [[3]]        [0]
   train   o5_79       {70} [[0.11, 0.00, 0.12, 0.18, 0.12, 0.08, 0.17, 0.11, 0.01, 0.05]]      [[3]]        [5]
   train  o0_321       {63} [[0.14, 0.00, 0.14, 0.03, 0.07, 0.11, 0.09, 0.12, 0.15, 0.11]]      [[8]]        [0]
   train  o9_160       {60} [[0.10, 0.03, 0.06, 0.08, 0.20, 0.08, 0.08, 0.10, 0.15, 0.10]]      [[4]]        [9]
   train  o8_125       {60} [[0.13, 0.11, 0.05, 0.18, 0.16, 0.05, 0.10, 0.11, 0.05, 0.03]]      [[3]]        [8]
    test  o8_123       {65} [[0.07, 0.06, 0.07, 0.13, 0.16, 0.09, 0.13, 0.04, 0.16, 0.03]]      [[8]]        [8] _/
   train  o2_192       {63} [[0.14, 0.00, 0.14, 0.03, 0.07, 0.11, 0.09, 0.12, 0.15, 0.11]]      [[8]]        [2]
   train  o7_209       {63} [[0.15, 0.07, 0.09, 0.19, 0.14, 0.11, 0.04, 0.09, 0.03, 0.04]]      [[3]]        [7]
   train  o1_274       {90} [[0.15, 0.17, 0.10, 0.10, 0.06, 0.15, 0.01, 0.05, 0.11, 0.06]]      [[1]]        [1] _/
   train  o1_157       {76} [[0.03, 0.21, 0.05, 0.18, 0.19, 0.09, 0.00, 0.03, 0.11, 0.06]]      [[1]]        [1] _/
   train  o7_329       {83} [[0.00, 0.10, 0.06, 0.04, 0.15, 0.10, 0.14, 0.15, 0.14, 0.07]]      [[7]]        [7] _/
   train  o9_196       {69} [[0.23, 0.01, 0.14, 0.13, 0.04, 0.08, 0.11, 0.01, 0.07, 0.14]]      [[0]]        [9]
   train  o0_118       {72} [[0.04, 0.02, 0.06, 0.02, 0.15, 0.11, 0.08, 0.13, 0.23, 0.11]]      [[8]]        [0]
   train   o7_44       {70} [[0.07, 0.05, 0.12, 0.12, 0.21, 0.02, 0.07, 0.18, 0.07, 0.04]]      [[4]]        [7]
   train  o7_345       {60} [[0.13, 0.11, 0.05, 0.18, 0.16, 0.05, 0.10, 0.11, 0.05, 0.03]]      [[3]]        [7]
   train  o0_237       {75} [[0.16, 0.00, 0.09, 0.09, 0.20, 0.09, 0.05, 0.04, 0.18, 0.08]]      [[4]]        [0]
   train  o2_287       {71} [[0.14, 0.07, 0.04, 0.16, 0.11, 0.14, 0.07, 0.05, 0.05, 0.14]]      [[3]]        [2]
   train  o0_238       {60} [[0.10, 0.03, 0.06, 0.08, 0.20, 0.08, 0.08, 0.10, 0.15, 0.10]]      [[4]]        [0]
    test  o0_117       {78} [[0.23, 0.08, 0.12, 0.10, 0.01, 0.10, 0.10, 0.11, 0.10, 0.01]]      [[0]]        [0] _/
   train  o2_283       {66} [[0.00, 0.01, 0.07, 0.12, 0.04, 0.15, 0.07, 0.24, 0.15, 0.12]]      [[7]]        [2]
   train   o8_19       {60} [[0.10, 0.03, 0.06, 0.08, 0.20, 0.08, 0.08, 0.10, 0.15, 0.10]]      [[4]]        [8]
    test  o0_111       {69} [[0.23, 0.01, 0.14, 0.13, 0.04, 0.08, 0.11, 0.01, 0.07, 0.14]]      [[0]]        [0] _/
   train  o0_471       {60} [[0.13, 0.11, 0.05, 0.18, 0.16, 0.05, 0.10, 0.11, 0.05, 0.03]]      [[3]]        [0]
   train  o8_149       {63} [[0.14, 0.00, 0.14, 0.03, 0.07, 0.11, 0.09, 0.12, 0.15, 0.11]]      [[8]]        [8] _/
   train   o8_15       {60} [[0.10, 0.03, 0.06, 0.08, 0.20, 0.08, 0.08, 0.10, 0.15, 0.10]]      [[4]]        [8]
   train   o8_13       {69} [[0.23, 0.01, 0.14, 0.13, 0.04, 0.08, 0.11, 0.01, 0.07, 0.14]]      [[0]]        [8]
   train  o8_154       {60} [[0.10, 0.03, 0.06, 0.08, 0.20, 0.08, 0.08, 0.10, 0.15, 0.10]]      [[4]]        [8]
   train  o1_489       {60} [[0.13, 0.11, 0.05, 0.18, 0.16, 0.05, 0.10, 0.11, 0.05, 0.03]]      [[3]]        [1]
    test  o8_276       {74} [[0.04, 0.02, 0.02, 0.02, 0.17, 0.18, 0.10, 0.10, 0.18, 0.10]]      [[8]]        [8] _/
   train  o1_248       {84} [[0.02, 0.16, 0.02, 0.11, 0.11, 0.04, 0.13, 0.10, 0.09, 0.16]]      [[9]]        [1]
   train  o6_301       {66} [[0.10, 0.09, 0.12, 0.06, 0.16, 0.09, 0.21, 0.12, 0.00, 0.03]]      [[6]]        [6] _/
   train  o6_423       {76} [[0.06, 0.03, 0.03, 0.17, 0.06, 0.17, 0.02, 0.05, 0.22, 0.14]]      [[8]]        [6]
   train  o8_398       {71} [[0.18, 0.00, 0.09, 0.14, 0.04, 0.09, 0.08, 0.19, 0.02, 0.12]]      [[7]]        [8]
   train  o1_360       {60} [[0.13, 0.11, 0.05, 0.18, 0.16, 0.05, 0.10, 0.11, 0.05, 0.03]]      [[3]]        [1]
    test  o1_241       {80} [[0.18, 0.17, 0.03, 0.13, 0.05, 0.06, 0.02, 0.18, 0.07, 0.06]]      [[7]]        [1]
    test  o1_362       {85} [[0.03, 0.18, 0.07, 0.03, 0.03, 0.20, 0.14, 0.10, 0.05, 0.12]]      [[5]]        [1]
   train  o1_365       {71} [[0.14, 0.07, 0.04, 0.16, 0.11, 0.14, 0.07, 0.05, 0.05, 0.14]]      [[3]]        [1]
   train   o5_95       {60} [[0.10, 0.03, 0.06, 0.08, 0.20, 0.08, 0.08, 0.10, 0.15, 0.10]]      [[4]]        [5]
   train   o6_64       {66} [[0.10, 0.09, 0.12, 0.06, 0.16, 0.09, 0.21, 0.12, 0.00, 0.03]]      [[6]]        [6] _/
   train  o7_355       {66} [[0.00, 0.01, 0.07, 0.12, 0.04, 0.15, 0.07, 0.24, 0.15, 0.12]]      [[7]]        [7] _/
   train  o0_228       {63} [[0.15, 0.07, 0.09, 0.19, 0.14, 0.11, 0.04, 0.09, 0.03, 0.04]]      [[3]]        [0]
    test   o6_65       {71} [[0.14, 0.07, 0.04, 0.16, 0.11, 0.14, 0.07, 0.05, 0.05, 0.14]]      [[3]]        [6]
    test   o5_94       {63} [[0.14, 0.00, 0.14, 0.03, 0.07, 0.11, 0.09, 0.12, 0.15, 0.11]]      [[8]]        [5]
   train   o5_97       {60} [[0.10, 0.03, 0.06, 0.08, 0.20, 0.08, 0.08, 0.10, 0.15, 0.10]]      [[4]]        [5]
   train   o7_31       {66} [[0.00, 0.01, 0.07, 0.12, 0.04, 0.15, 0.07, 0.24, 0.15, 0.12]]      [[7]]        [7] _/
   train  o7_231       {83} [[0.00, 0.10, 0.06, 0.04, 0.15, 0.10, 0.14, 0.15, 0.14, 0.07]]      [[7]]        [7] _/
   train   o5_92       {60} [[0.13, 0.11, 0.05, 0.18, 0.16, 0.05, 0.10, 0.11, 0.05, 0.03]]      [[3]]        [5]
   train  o6_309       {80} [[0.05, 0.12, 0.07, 0.08, 0.18, 0.12, 0.10, 0.08, 0.08, 0.07]]      [[4]]        [6]
   train  o0_103       {75} [[0.16, 0.00, 0.09, 0.09, 0.20, 0.09, 0.05, 0.04, 0.18, 0.08]]      [[4]]        [0]
   train  o0_464       {69} [[0.23, 0.01, 0.14, 0.13, 0.04, 0.08, 0.11, 0.01, 0.07, 0.14]]      [[0]]        [0] _/
   train  o1_259       {76} [[0.03, 0.21, 0.05, 0.18, 0.19, 0.09, 0.00, 0.03, 0.11, 0.06]]      [[1]]        [1] _/
    test  o8_385       {72} [[0.04, 0.02, 0.06, 0.02, 0.15, 0.11, 0.08, 0.13, 0.23, 0.11]]      [[8]]        [8] _/
   train  o8_142       {86} [[0.04, 0.10, 0.11, 0.12, 0.02, 0.11, 0.09, 0.23, 0.12, 0.01]]      [[7]]        [8]
   train  o6_434       {65} [[0.07, 0.06, 0.07, 0.13, 0.16, 0.09, 0.13, 0.04, 0.16, 0.03]]      [[8]]        [6]
   train  o8_383       {60} [[0.10, 0.03, 0.06, 0.08, 0.20, 0.08, 0.08, 0.10, 0.15, 0.10]]      [[4]]        [8]
   train  o8_147       {69} [[0.23, 0.01, 0.14, 0.13, 0.04, 0.08, 0.11, 0.01, 0.07, 0.14]]      [[0]]        [8]
   train  o6_311       {63} [[0.15, 0.07, 0.09, 0.19, 0.14, 0.11, 0.04, 0.09, 0.03, 0.04]]      [[3]]        [6]
   train  o6_432       {70} [[0.04, 0.02, 0.14, 0.05, 0.17, 0.15, 0.10, 0.10, 0.11, 0.08]]      [[4]]        [6]
    test  o7_227       {66} [[0.10, 0.09, 0.12, 0.06, 0.16, 0.09, 0.21, 0.12, 0.00, 0.03]]      [[6]]        [7]
   train  o1_257       {78} [[0.23, 0.08, 0.12, 0.10, 0.01, 0.10, 0.10, 0.11, 0.10, 0.01]]      [[0]]        [1]
   train   o8_33       {75} [[0.16, 0.00, 0.09, 0.09, 0.20, 0.09, 0.05, 0.04, 0.18, 0.08]]      [[4]]        [8]
   train  o7_400       {70} [[0.11, 0.00, 0.12, 0.18, 0.12, 0.08, 0.17, 0.11, 0.01, 0.05]]      [[3]]        [7]
   train  o0_138       {87} [[0.09, 0.01, 0.06, 0.16, 0.11, 0.03, 0.13, 0.09, 0.16, 0.12]]      [[8]]        [0]
    test  o9_374       {65} [[0.07, 0.06, 0.07, 0.13, 0.16, 0.09, 0.13, 0.04, 0.16, 0.03]]      [[8]]        [9]
   train   o8_32       {69} [[0.23, 0.01, 0.14, 0.13, 0.04, 0.08, 0.11, 0.01, 0.07, 0.14]]      [[0]]        [8]
    test  o0_139       {63} [[0.15, 0.07, 0.09, 0.19, 0.14, 0.11, 0.04, 0.09, 0.03, 0.04]]      [[3]]        [0]
    test  o9_254       {63} [[0.14, 0.00, 0.14, 0.03, 0.07, 0.11, 0.09, 0.12, 0.15, 0.11]]      [[8]]        [9]
   train   o7_62       {60} [[0.13, 0.11, 0.05, 0.18, 0.16, 0.05, 0.10, 0.11, 0.05, 0.03]]      [[3]]        [7]
   train  o9_377       {71} [[0.14, 0.07, 0.04, 0.16, 0.11, 0.14, 0.07, 0.05, 0.05, 0.14]]      [[3]]        [9]
   train  o0_375       {80} [[0.05, 0.12, 0.07, 0.08, 0.18, 0.12, 0.10, 0.08, 0.08, 0.07]]      [[4]]        [0]
   train  o8_327       {66} [[0.00, 0.01, 0.07, 0.12, 0.04, 0.15, 0.07, 0.24, 0.15, 0.12]]      [[7]]        [8]
    test  o8_205       {65} [[0.07, 0.06, 0.07, 0.13, 0.16, 0.09, 0.13, 0.04, 0.16, 0.03]]      [[8]]        [8] _/
   train  o0_373       {63} [[0.14, 0.00, 0.14, 0.03, 0.07, 0.11, 0.09, 0.12, 0.15, 0.11]]      [[8]]        [0]
   train   o7_69       {66} [[0.00, 0.01, 0.07, 0.12, 0.04, 0.15, 0.07, 0.24, 0.15, 0.12]]      [[7]]        [7] _/
    test   o8_38       {63} [[0.14, 0.00, 0.14, 0.03, 0.07, 0.11, 0.09, 0.12, 0.15, 0.11]]      [[8]]        [8] _/
   train   o6_99       {65} [[0.07, 0.06, 0.07, 0.13, 0.16, 0.09, 0.13, 0.04, 0.16, 0.03]]      [[8]]        [6]
   train  o0_376       {69} [[0.23, 0.01, 0.14, 0.13, 0.04, 0.08, 0.11, 0.01, 0.07, 0.14]]      [[0]]        [0] _/
    test  o8_330       {72} [[0.04, 0.02, 0.06, 0.02, 0.15, 0.11, 0.08, 0.13, 0.23, 0.11]]      [[8]]        [8] _/
   train  o8_334       {66} [[0.00, 0.01, 0.07, 0.12, 0.04, 0.15, 0.07, 0.24, 0.15, 0.12]]      [[7]]        [8]
   train  o8_212       {60} [[0.10, 0.03, 0.06, 0.08, 0.20, 0.08, 0.08, 0.10, 0.15, 0.10]]      [[4]]        [8]
   train  o0_490       {66} [[0.10, 0.09, 0.12, 0.06, 0.16, 0.09, 0.21, 0.12, 0.00, 0.03]]      [[6]]        [0]
   train  o1_186       {76} [[0.03, 0.21, 0.05, 0.18, 0.19, 0.09, 0.00, 0.03, 0.11, 0.06]]      [[1]]        [1] _/
   train   o7_54       {70} [[0.11, 0.00, 0.12, 0.18, 0.12, 0.08, 0.17, 0.11, 0.01, 0.05]]      [[3]]        [7]
   train   o8_21       {76} [[0.06, 0.03, 0.03, 0.17, 0.06, 0.17, 0.02, 0.05, 0.22, 0.14]]      [[8]]        [8] _/
   train   o8_20       {63} [[0.14, 0.00, 0.14, 0.03, 0.07, 0.11, 0.09, 0.12, 0.15, 0.11]]      [[8]]        [8] _/
   train  o0_488       {69} [[0.23, 0.01, 0.14, 0.13, 0.04, 0.08, 0.11, 0.01, 0.07, 0.14]]      [[0]]        [0] _/
   train  o0_367       {63} [[0.15, 0.07, 0.09, 0.19, 0.14, 0.11, 0.04, 0.09, 0.03, 0.04]]      [[3]]        [0]
    test   o6_88       {78} [[0.23, 0.08, 0.12, 0.10, 0.01, 0.10, 0.10, 0.11, 0.10, 0.01]]      [[0]]        [6]
   train  o0_487       {80} [[0.18, 0.17, 0.03, 0.13, 0.05, 0.06, 0.02, 0.18, 0.07, 0.06]]      [[7]]        [0]
   train  o0_480       {60} [[0.13, 0.11, 0.05, 0.18, 0.16, 0.05, 0.10, 0.11, 0.05, 0.03]]      [[3]]        [0]
    test  o8_445       {75} [[0.16, 0.00, 0.09, 0.09, 0.20, 0.09, 0.05, 0.04, 0.18, 0.08]]      [[4]]        [8]
    test  o1_199       {60} [[0.13, 0.11, 0.05, 0.18, 0.16, 0.05, 0.10, 0.11, 0.05, 0.03]]      [[3]]        [1]
   train   o7_87       {60} [[0.10, 0.03, 0.06, 0.08, 0.20, 0.08, 0.08, 0.10, 0.15, 0.10]]      [[4]]        [7]
   train  o9_273       {84} [[0.02, 0.16, 0.02, 0.11, 0.11, 0.04, 0.13, 0.10, 0.09, 0.16]]      [[9]]        [9] _/
    test   o9_23       {69} [[0.23, 0.01, 0.14, 0.13, 0.04, 0.08, 0.11, 0.01, 0.07, 0.14]]      [[0]]        [9]
   train  o9_396       {83} [[0.00, 0.10, 0.06, 0.04, 0.15, 0.10, 0.14, 0.15, 0.14, 0.07]]      [[7]]        [9]
    test   o7_86       {70} [[0.07, 0.05, 0.12, 0.12, 0.21, 0.02, 0.07, 0.18, 0.07, 0.04]]      [[4]]        [7]
   train  o9_155       {63} [[0.14, 0.00, 0.14, 0.03, 0.07, 0.11, 0.09, 0.12, 0.15, 0.11]]      [[8]]        [9]
   train   o8_50       {75} [[0.16, 0.00, 0.09, 0.09, 0.20, 0.09, 0.05, 0.04, 0.18, 0.08]]      [[4]]        [8]
   train  o1_282       {78} [[0.23, 0.08, 0.12, 0.10, 0.01, 0.10, 0.10, 0.11, 0.10, 0.01]]      [[0]]        [1]
    test  o7_420       {60} [[0.13, 0.11, 0.05, 0.18, 0.16, 0.05, 0.10, 0.11, 0.05, 0.03]]      [[3]]        [7]
   train  o8_107       {60} [[0.10, 0.03, 0.06, 0.08, 0.20, 0.08, 0.08, 0.10, 0.15, 0.10]]      [[4]]        [8]
    test  o8_229       {66} [[0.00, 0.01, 0.07, 0.12, 0.04, 0.15, 0.07, 0.24, 0.15, 0.12]]      [[7]]        [8]
   train  o8_349       {72} [[0.04, 0.02, 0.06, 0.02, 0.15, 0.11, 0.08, 0.13, 0.23, 0.11]]      [[8]]        [8] _/
   train   o9_28       {66} [[0.00, 0.01, 0.07, 0.12, 0.04, 0.15, 0.07, 0.24, 0.15, 0.12]]      [[7]]        [9]
   train  o0_277       {60} [[0.13, 0.11, 0.05, 0.18, 0.16, 0.05, 0.10, 0.11, 0.05, 0.03]]      [[3]]        [0]
   train   o8_58       {74} [[0.04, 0.02, 0.02, 0.02, 0.17, 0.18, 0.10, 0.10, 0.18, 0.10]]      [[8]]        [8] _/
   train  o0_399       {69} [[0.23, 0.01, 0.14, 0.13, 0.04, 0.08, 0.11, 0.01, 0.07, 0.14]]      [[0]]        [0] _/
   train  o0_271       {71} [[0.18, 0.00, 0.09, 0.14, 0.04, 0.09, 0.08, 0.19, 0.02, 0.12]]      [[7]]        [0]
    test  o0_393       {63} [[0.15, 0.07, 0.09, 0.19, 0.14, 0.11, 0.04, 0.09, 0.03, 0.04]]      [[3]]        [0]
    test  o9_269       {76} [[0.06, 0.03, 0.03, 0.17, 0.06, 0.17, 0.02, 0.05, 0.22, 0.14]]      [[8]]        [9]
   train  o9_148       {80} [[0.18, 0.17, 0.03, 0.13, 0.05, 0.06, 0.02, 0.18, 0.07, 0.06]]      [[7]]        [9]
   train  o7_419       {60} [[0.10, 0.03, 0.06, 0.08, 0.20, 0.08, 0.08, 0.10, 0.15, 0.10]]      [[4]]        [7]
   train  o1_165       {76} [[0.03, 0.21, 0.05, 0.18, 0.19, 0.09, 0.00, 0.03, 0.11, 0.06]]      [[1]]        [1] _/
   train  o1_286       {70} [[0.04, 0.02, 0.14, 0.05, 0.17, 0.15, 0.10, 0.10, 0.11, 0.08]]      [[4]]        [1]
   train  o9_382       {66} [[0.00, 0.01, 0.07, 0.12, 0.04, 0.15, 0.07, 0.24, 0.15, 0.12]]      [[7]]        [9]
   train   o7_77       {71} [[0.18, 0.00, 0.09, 0.14, 0.04, 0.09, 0.08, 0.19, 0.02, 0.12]]      [[7]]        [7] _/
   train  o7_314       {60} [[0.13, 0.11, 0.05, 0.18, 0.16, 0.05, 0.10, 0.11, 0.05, 0.03]]      [[3]]        [7]
   train   o8_41       {63} [[0.14, 0.00, 0.14, 0.03, 0.07, 0.11, 0.09, 0.12, 0.15, 0.11]]      [[8]]        [8] _/
   train  o9_266       {63} [[0.14, 0.00, 0.14, 0.03, 0.07, 0.11, 0.09, 0.12, 0.15, 0.11]]      [[8]]        [9]
   train  o1_170       {80} [[0.05, 0.12, 0.07, 0.08, 0.18, 0.12, 0.10, 0.08, 0.08, 0.07]]      [[4]]        [1]
    test  o1_171       {72} [[0.04, 0.02, 0.06, 0.02, 0.15, 0.11, 0.08, 0.13, 0.23, 0.11]]      [[8]]        [1]
   train  o1_292       {77} [[0.23, 0.20, 0.06, 0.07, 0.05, 0.03, 0.14, 0.11, 0.02, 0.03]]      [[0]]        [1]
   train  o1_172       {70} [[0.04, 0.02, 0.14, 0.05, 0.17, 0.15, 0.10, 0.10, 0.11, 0.08]]      [[4]]        [1]
    test  o8_218       {72} [[0.04, 0.02, 0.06, 0.02, 0.15, 0.11, 0.08, 0.13, 0.23, 0.11]]      [[8]]        [8] _/
   train    o9_4       {63} [[0.14, 0.00, 0.14, 0.03, 0.07, 0.11, 0.09, 0.12, 0.15, 0.11]]      [[8]]        [9]
   train   o9_16       {63} [[0.15, 0.07, 0.09, 0.19, 0.14, 0.11, 0.04, 0.09, 0.03, 0.04]]      [[3]]        [9]
    test  o0_387       {63} [[0.15, 0.07, 0.09, 0.19, 0.14, 0.11, 0.04, 0.09, 0.03, 0.04]]      [[3]]        [0]
   train    o9_1       {63} [[0.15, 0.07, 0.09, 0.19, 0.14, 0.11, 0.04, 0.09, 0.03, 0.04]]      [[3]]        [9]
   train  o8_342       {80} [[0.05, 0.12, 0.07, 0.08, 0.18, 0.12, 0.10, 0.08, 0.08, 0.07]]      [[4]]        [8]
   train  o8_463       {63} [[0.14, 0.00, 0.14, 0.03, 0.07, 0.11, 0.09, 0.12, 0.15, 0.11]]      [[8]]        [8] _/
   train  o8_462       {66} [[0.00, 0.01, 0.07, 0.12, 0.04, 0.15, 0.07, 0.24, 0.15, 0.12]]      [[7]]        [8]
   train  o8_460       {76} [[0.06, 0.03, 0.03, 0.17, 0.06, 0.17, 0.02, 0.05, 0.22, 0.14]]      [[8]]        [8] _/
   train  o0_140       {69} [[0.23, 0.01, 0.14, 0.13, 0.04, 0.08, 0.11, 0.01, 0.07, 0.14]]      [[0]]        [0] _/
    test  o8_102       {65} [[0.07, 0.06, 0.07, 0.13, 0.16, 0.09, 0.13, 0.04, 0.16, 0.03]]      [[8]]        [8] _/
   train  o1_296       {60} [[0.10, 0.03, 0.06, 0.08, 0.20, 0.08, 0.08, 0.10, 0.15, 0.10]]      [[4]]        [1]
    test  o1_176       {66} [[0.10, 0.09, 0.12, 0.06, 0.16, 0.09, 0.21, 0.12, 0.00, 0.03]]      [[6]]        [1]
   train  o1_177       {78} [[0.23, 0.08, 0.12, 0.10, 0.01, 0.10, 0.10, 0.11, 0.10, 0.01]]      [[0]]        [1]
   train  o7_426       {66} [[0.00, 0.01, 0.07, 0.12, 0.04, 0.15, 0.07, 0.24, 0.15, 0.12]]      [[7]]        [7] _/
   train  o7_427       {66} [[0.00, 0.01, 0.07, 0.12, 0.04, 0.15, 0.07, 0.24, 0.15, 0.12]]      [[7]]        [7] _/
    test  o7_164       {60} [[0.10, 0.03, 0.06, 0.08, 0.20, 0.08, 0.08, 0.10, 0.15, 0.10]]      [[4]]        [7]
   train   o9_40       {60} [[0.10, 0.03, 0.06, 0.08, 0.20, 0.08, 0.08, 0.10, 0.15, 0.10]]      [[4]]        [9]
   train  o0_175       {71} [[0.14, 0.07, 0.04, 0.16, 0.11, 0.14, 0.07, 0.05, 0.05, 0.14]]      [[3]]        [0]
   train   o9_48       {74} [[0.04, 0.02, 0.02, 0.02, 0.17, 0.18, 0.10, 0.10, 0.18, 0.10]]      [[8]]        [9]
   train  o6_246       {60} [[0.10, 0.03, 0.06, 0.08, 0.20, 0.08, 0.08, 0.10, 0.15, 0.10]]      [[4]]        [6]
   train  o0_293       {63} [[0.14, 0.00, 0.14, 0.03, 0.07, 0.11, 0.09, 0.12, 0.15, 0.11]]      [[8]]        [0]
    test  o6_244       {60} [[0.10, 0.03, 0.06, 0.08, 0.20, 0.08, 0.08, 0.10, 0.15, 0.10]]      [[4]]        [6]
   train  o6_121       {74} [[0.04, 0.02, 0.02, 0.02, 0.17, 0.18, 0.10, 0.10, 0.18, 0.10]]      [[8]]        [6]
   train  o6_240       {63} [[0.15, 0.07, 0.09, 0.19, 0.14, 0.11, 0.04, 0.09, 0.03, 0.04]]      [[3]]        [6]
   train  o5_320       {83} [[0.07, 0.14, 0.09, 0.09, 0.19, 0.06, 0.03, 0.07, 0.18, 0.04]]      [[4]]        [5]
   train  o5_325       {69} [[0.23, 0.01, 0.14, 0.13, 0.04, 0.08, 0.11, 0.01, 0.07, 0.14]]      [[0]]        [5]
    test  o5_447       {63} [[0.15, 0.07, 0.09, 0.19, 0.14, 0.11, 0.04, 0.09, 0.03, 0.04]]      [[3]]        [5]
   train  o5_207       {76} [[0.06, 0.03, 0.03, 0.17, 0.06, 0.17, 0.02, 0.05, 0.22, 0.14]]      [[8]]        [5]
   train   o8_61       {66} [[0.00, 0.01, 0.07, 0.12, 0.04, 0.15, 0.07, 0.24, 0.15, 0.12]]      [[7]]        [8]
   train  o7_178       {63} [[0.14, 0.00, 0.14, 0.03, 0.07, 0.11, 0.09, 0.12, 0.15, 0.11]]      [[8]]        [7]
   train  o0_284       {87} [[0.18, 0.08, 0.01, 0.06, 0.03, 0.05, 0.16, 0.17, 0.11, 0.11]]      [[0]]        [0] _/
   train    o8_5       {63} [[0.14, 0.00, 0.14, 0.03, 0.07, 0.11, 0.09, 0.12, 0.15, 0.11]]      [[8]]        [8] _/
    test  o6_137       {87} [[0.18, 0.08, 0.01, 0.06, 0.03, 0.05, 0.16, 0.17, 0.11, 0.11]]      [[0]]        [6]
   train  o6_498       {66} [[0.10, 0.09, 0.12, 0.06, 0.16, 0.09, 0.21, 0.12, 0.00, 0.03]]      [[6]]        [6] _/
   train   o7_90       {63} [[0.14, 0.00, 0.14, 0.03, 0.07, 0.11, 0.09, 0.12, 0.15, 0.11]]      [[8]]        [7]
   train  o6_493       {60} [[0.13, 0.11, 0.05, 0.18, 0.16, 0.05, 0.10, 0.11, 0.05, 0.03]]      [[3]]        [6]
    test  o5_452       {66} [[0.00, 0.01, 0.07, 0.12, 0.04, 0.15, 0.07, 0.24, 0.15, 0.12]]      [[7]]        [5]
   train  o6_491       {66} [[0.10, 0.09, 0.12, 0.06, 0.16, 0.09, 0.21, 0.12, 0.00, 0.03]]      [[6]]        [6] _/
   train  o5_336       {60} [[0.10, 0.03, 0.06, 0.08, 0.20, 0.08, 0.08, 0.10, 0.15, 0.10]]      [[4]]        [5]
   train  o5_217       {65} [[0.07, 0.06, 0.07, 0.13, 0.16, 0.09, 0.13, 0.04, 0.16, 0.03]]      [[8]]        [5]
   train  o7_182       {60} [[0.13, 0.11, 0.05, 0.18, 0.16, 0.05, 0.10, 0.11, 0.05, 0.03]]      [[3]]        [7]
   train  o6_389       {85} [[0.00, 0.08, 0.04, 0.08, 0.04, 0.18, 0.24, 0.11, 0.10, 0.08]]      [[6]]        [6] _/
   train  o6_145       {63} [[0.14, 0.00, 0.14, 0.03, 0.07, 0.11, 0.09, 0.12, 0.15, 0.11]]      [[8]]        [6]
   train  o6_388       {66} [[0.00, 0.01, 0.07, 0.12, 0.04, 0.15, 0.07, 0.24, 0.15, 0.12]]      [[7]]        [6]
   train  o6_262       {72} [[0.04, 0.02, 0.06, 0.02, 0.15, 0.11, 0.08, 0.13, 0.23, 0.11]]      [[8]]        [6]
   train  o6_260       {60} [[0.10, 0.03, 0.06, 0.08, 0.20, 0.08, 0.08, 0.10, 0.15, 0.10]]      [[4]]        [6]
   train  o5_465       {72} [[0.04, 0.02, 0.06, 0.02, 0.15, 0.11, 0.08, 0.13, 0.23, 0.11]]      [[8]]        [5]
    test  o5_466       {66} [[0.10, 0.09, 0.12, 0.06, 0.16, 0.09, 0.21, 0.12, 0.00, 0.03]]      [[6]]        [5]
   train  o5_104       {70} [[0.04, 0.02, 0.14, 0.05, 0.17, 0.15, 0.10, 0.10, 0.11, 0.08]]      [[4]]        [5]
   train  o5_347       {66} [[0.00, 0.01, 0.07, 0.12, 0.04, 0.15, 0.07, 0.24, 0.15, 0.12]]      [[7]]        [5]
   train  o7_195       {66} [[0.00, 0.01, 0.07, 0.12, 0.04, 0.15, 0.07, 0.24, 0.15, 0.12]]      [[7]]        [7] _/
    test    o7_6       {66} [[0.00, 0.01, 0.07, 0.12, 0.04, 0.15, 0.07, 0.24, 0.15, 0.12]]      [[7]]        [7] _/
   train  o0_184       {74} [[0.04, 0.02, 0.02, 0.02, 0.17, 0.18, 0.10, 0.10, 0.18, 0.10]]      [[8]]        [0]
   train  o0_181       {60} [[0.10, 0.03, 0.06, 0.08, 0.20, 0.08, 0.08, 0.10, 0.15, 0.10]]      [[4]]        [0]
    test  o5_230       {71} [[0.18, 0.00, 0.09, 0.14, 0.04, 0.09, 0.08, 0.19, 0.02, 0.12]]      [[7]]        [5]
   train  o5_472       {63} [[0.14, 0.00, 0.14, 0.03, 0.07, 0.11, 0.09, 0.12, 0.15, 0.11]]      [[8]]        [5]
   train  o6_150       {60} [[0.13, 0.11, 0.05, 0.18, 0.16, 0.05, 0.10, 0.11, 0.05, 0.03]]      [[3]]        [6]
   train  o6_390       {72} [[0.04, 0.02, 0.06, 0.02, 0.15, 0.11, 0.08, 0.13, 0.23, 0.11]]      [[8]]        [6]
   train  o6_270       {85} [[0.03, 0.18, 0.07, 0.03, 0.03, 0.20, 0.14, 0.10, 0.05, 0.12]]      [[5]]        [6]
   train  o7_369       {77} [[0.03, 0.09, 0.12, 0.16, 0.03, 0.10, 0.15, 0.05, 0.11, 0.10]]      [[3]]        [7]
    test  o7_120       {66} [[0.10, 0.09, 0.12, 0.06, 0.16, 0.09, 0.21, 0.12, 0.00, 0.03]]      [[6]]        [7]
   train  o7_242       {80} [[0.05, 0.12, 0.07, 0.08, 0.18, 0.12, 0.10, 0.08, 0.08, 0.07]]      [[4]]        [7]
   train   o9_85       {74} [[0.04, 0.02, 0.02, 0.02, 0.17, 0.18, 0.10, 0.10, 0.18, 0.10]]      [[8]]        [9]
    test  o7_485       {63} [[0.15, 0.07, 0.09, 0.19, 0.14, 0.11, 0.04, 0.09, 0.03, 0.04]]      [[3]]        [7]
    test  o7_486       {60} [[0.10, 0.03, 0.06, 0.08, 0.20, 0.08, 0.08, 0.10, 0.15, 0.10]]      [[4]]        [7]
    test  o7_482       {60} [[0.13, 0.11, 0.05, 0.18, 0.16, 0.05, 0.10, 0.11, 0.05, 0.03]]      [[3]]        [7]
    test  o6_439       {74} [[0.04, 0.02, 0.02, 0.02, 0.17, 0.18, 0.10, 0.10, 0.18, 0.10]]      [[8]]        [6]
   train  o4_317       {71} [[0.14, 0.07, 0.04, 0.16, 0.11, 0.14, 0.07, 0.05, 0.05, 0.14]]      [[3]]        [4]
   train  o8_298       {60} [[0.10, 0.03, 0.06, 0.08, 0.20, 0.08, 0.08, 0.10, 0.15, 0.10]]      [[4]]        [8]
   train  o4_307       {60} [[0.10, 0.03, 0.06, 0.08, 0.20, 0.08, 0.08, 0.10, 0.15, 0.10]]      [[4]]        [4] _/
   train  o6_203       {60} [[0.13, 0.11, 0.05, 0.18, 0.16, 0.05, 0.10, 0.11, 0.05, 0.03]]      [[3]]        [6]
   train   o9_82       {82} [[0.09, 0.07, 0.08, 0.07, 0.13, 0.13, 0.13, 0.09, 0.09, 0.07]]      [[6]]        [9]
   train   o9_81       {81} [[0.07, 0.04, 0.02, 0.04, 0.17, 0.04, 0.13, 0.06, 0.25, 0.12]]      [[8]]        [9]
   train  o7_119       {70} [[0.04, 0.02, 0.14, 0.05, 0.17, 0.15, 0.10, 0.10, 0.11, 0.08]]      [[4]]        [7]
   train  o7_499       {77} [[0.03, 0.09, 0.12, 0.16, 0.03, 0.10, 0.15, 0.05, 0.11, 0.10]]      [[3]]        [7]
   train  o7_495       {80} [[0.18, 0.17, 0.03, 0.13, 0.05, 0.06, 0.02, 0.18, 0.07, 0.06]]      [[7]]        [7] _/
    test  o7_132       {66} [[0.00, 0.01, 0.07, 0.12, 0.04, 0.15, 0.07, 0.24, 0.15, 0.12]]      [[7]]        [7] _/
   train  o7_496       {66} [[0.10, 0.09, 0.12, 0.06, 0.16, 0.09, 0.21, 0.12, 0.00, 0.03]]      [[6]]        [7]
   train  o7_497       {72} [[0.04, 0.02, 0.06, 0.02, 0.15, 0.11, 0.08, 0.13, 0.23, 0.11]]      [[8]]        [7]
    test  o4_302       {80} [[0.05, 0.12, 0.07, 0.08, 0.18, 0.12, 0.10, 0.08, 0.08, 0.07]]      [[4]]        [4] _/
   train  o7_372       {80} [[0.18, 0.17, 0.03, 0.13, 0.05, 0.06, 0.02, 0.18, 0.07, 0.06]]      [[7]]        [7] _/
    test  o4_306       {60} [[0.13, 0.11, 0.05, 0.18, 0.16, 0.05, 0.10, 0.11, 0.05, 0.03]]      [[3]]        [4]
   train  o5_410       {69} [[0.23, 0.01, 0.14, 0.13, 0.04, 0.08, 0.11, 0.01, 0.07, 0.14]]      [[0]]        [5]
   train  o7_267       {83} [[0.00, 0.10, 0.06, 0.04, 0.15, 0.10, 0.14, 0.15, 0.14, 0.07]]      [[7]]        [7] _/
   train  o5_416       {66} [[0.10, 0.09, 0.12, 0.06, 0.16, 0.09, 0.21, 0.12, 0.00, 0.03]]      [[6]]        [5]
    test  o4_412       {65} [[0.07, 0.06, 0.07, 0.13, 0.16, 0.09, 0.13, 0.04, 0.16, 0.03]]      [[8]]        [4]
   train  o6_226       {71} [[0.18, 0.00, 0.09, 0.14, 0.04, 0.09, 0.08, 0.19, 0.02, 0.12]]      [[7]]        [6]
   train   o1_17       {65} [[0.07, 0.06, 0.07, 0.13, 0.16, 0.09, 0.13, 0.04, 0.16, 0.03]]      [[8]]        [1]
   train  o6_461       {69} [[0.23, 0.01, 0.14, 0.13, 0.04, 0.08, 0.11, 0.01, 0.07, 0.14]]      [[0]]        [6]
   train  o8_194       {60} [[0.13, 0.11, 0.05, 0.18, 0.16, 0.05, 0.10, 0.11, 0.05, 0.03]]      [[3]]        [8]
   train  o5_303       {71} [[0.14, 0.07, 0.04, 0.16, 0.11, 0.14, 0.07, 0.05, 0.05, 0.14]]      [[3]]        [5]
    test  o7_156       {63} [[0.15, 0.07, 0.09, 0.19, 0.14, 0.11, 0.04, 0.09, 0.03, 0.04]]      [[3]]        [7]
   train    o5_3       {63} [[0.15, 0.07, 0.09, 0.19, 0.14, 0.11, 0.04, 0.09, 0.03, 0.04]]      [[3]]        [5]
   train  o7_152       {60} [[0.10, 0.03, 0.06, 0.08, 0.20, 0.08, 0.08, 0.10, 0.15, 0.10]]      [[4]]        [7]
   train    o5_8       {82} [[0.09, 0.07, 0.08, 0.07, 0.13, 0.13, 0.13, 0.09, 0.09, 0.07]]      [[6]]        [5]
    test   o1_12       {83} [[0.00, 0.10, 0.06, 0.04, 0.15, 0.10, 0.14, 0.15, 0.14, 0.07]]      [[7]]        [1]
   train   o1_10       {87} [[0.06, 0.17, 0.12, 0.09, 0.10, 0.02, 0.06, 0.06, 0.13, 0.13]]      [[1]]        [1] _/
    test   o0_42       {63} [[0.14, 0.00, 0.14, 0.03, 0.07, 0.11, 0.09, 0.12, 0.15, 0.11]]      [[8]]        [0]
   train  o6_359       {63} [[0.15, 0.07, 0.09, 0.19, 0.14, 0.11, 0.04, 0.09, 0.03, 0.04]]      [[3]]        [6]
    test  o6_235       {69} [[0.23, 0.01, 0.14, 0.13, 0.04, 0.08, 0.11, 0.01, 0.07, 0.14]]      [[0]]        [6]
   train  o6_357       {83} [[0.00, 0.10, 0.06, 0.04, 0.15, 0.10, 0.14, 0.15, 0.14, 0.07]]      [[7]]        [6]
   train  o6_352       {80} [[0.05, 0.12, 0.07, 0.08, 0.18, 0.12, 0.10, 0.08, 0.08, 0.07]]      [[4]]        [6]
    test  o6_350       {66} [[0.00, 0.01, 0.07, 0.12, 0.04, 0.15, 0.07, 0.24, 0.15, 0.12]]      [[7]]        [6]
   train  o5_313       {70} [[0.04, 0.02, 0.14, 0.05, 0.17, 0.15, 0.10, 0.10, 0.11, 0.08]]      [[4]]        [5]
   train  o5_435       {70} [[0.04, 0.02, 0.14, 0.05, 0.17, 0.15, 0.10, 0.10, 0.11, 0.08]]      [[4]]        [5]
   train  o5_315       {70} [[0.04, 0.02, 0.14, 0.05, 0.17, 0.15, 0.10, 0.10, 0.11, 0.08]]      [[4]]        [5]
    test  o5_436       {74} [[0.04, 0.02, 0.02, 0.02, 0.17, 0.18, 0.10, 0.10, 0.18, 0.10]]      [[8]]        [5]
   train  o5_316       {75} [[0.16, 0.00, 0.09, 0.09, 0.20, 0.09, 0.05, 0.04, 0.18, 0.08]]      [[4]]        [5]

Objects classified correctly: 126
Total objects: 500
Accuracy: 25.2%

Training Objects classified correctly: 101/400
Accuracy: 25.25%

Test Objects classified correctly: 25/100
Accuracy: 25.0%
