Reading thesis/data/mnist1/floating_codings_1.fccsv
No of Objects: 500
No of attributes: 64
No of concepts: 2081

-----------------------------------------------------------------------------------------------------------------------
  Train/  Object     Extent                                 Probabilities  Predicted     Actual
   Test                Size [[0.0, 1.0, 2.0, 3.0, 4.0, 5.0, 6.0, 7.0, 8.0, 9.0]]      Class      Class
-----------------------------------------------------------------------------------------------------------------------
   traino0.0_488       {69} [[0.23, 0.01, 0.14, 0.13, 0.04, 0.08, 0.11, 0.01, 0.07, 0.14]]    [[0.0]]      [0.0] _/
   traino0.0_367       {63} [[0.15, 0.07, 0.09, 0.19, 0.14, 0.11, 0.04, 0.09, 0.03, 0.04]]    [[3.0]]      [0.0]
   traino5.0_381       {63} [[0.14, 0.00, 0.14, 0.03, 0.07, 0.11, 0.09, 0.12, 0.15, 0.11]]    [[8.0]]      [5.0]
   traino0.0_487       {80} [[0.18, 0.17, 0.03, 0.13, 0.05, 0.06, 0.02, 0.18, 0.07, 0.06]]    [[7.0]]      [0.0]
    testo0.0_480       {60} [[0.13, 0.11, 0.05, 0.18, 0.16, 0.05, 0.10, 0.11, 0.05, 0.03]]    [[3.0]]      [0.0]
   train o1.0_78       {77} [[0.03, 0.09, 0.12, 0.16, 0.03, 0.10, 0.15, 0.05, 0.11, 0.10]]    [[3.0]]      [1.0]
   traino7.0_329       {83} [[0.00, 0.10, 0.06, 0.04, 0.15, 0.10, 0.14, 0.15, 0.14, 0.07]]    [[7.0]]      [7.0] _/
   traino7.0_209       {63} [[0.15, 0.07, 0.09, 0.19, 0.14, 0.11, 0.04, 0.09, 0.03, 0.04]]    [[3.0]]      [7.0]
   traino7.0_450       {63} [[0.14, 0.00, 0.14, 0.03, 0.07, 0.11, 0.09, 0.12, 0.15, 0.11]]    [[8.0]]      [7.0]
   train o8.0_41       {63} [[0.14, 0.00, 0.14, 0.03, 0.07, 0.11, 0.09, 0.12, 0.15, 0.11]]    [[8.0]]      [8.0] _/
   traino7.0_211       {80} [[0.18, 0.17, 0.03, 0.13, 0.05, 0.06, 0.02, 0.18, 0.07, 0.06]]    [[7.0]]      [7.0] _/
    testo7.0_454       {63} [[0.14, 0.00, 0.14, 0.03, 0.07, 0.11, 0.09, 0.12, 0.15, 0.11]]    [[8.0]]      [7.0]
    testo7.0_213       {71} [[0.14, 0.07, 0.04, 0.16, 0.11, 0.14, 0.07, 0.05, 0.05, 0.14]]    [[3.0]]      [7.0]
   traino5.0_153       {66} [[0.00, 0.01, 0.07, 0.12, 0.04, 0.15, 0.07, 0.24, 0.15, 0.12]]    [[7.0]]      [5.0]
   traino5.0_159       {66} [[0.10, 0.09, 0.12, 0.06, 0.16, 0.09, 0.21, 0.12, 0.00, 0.03]]    [[6.0]]      [5.0]
    testo5.0_397       {60} [[0.13, 0.11, 0.05, 0.18, 0.16, 0.05, 0.10, 0.11, 0.05, 0.03]]    [[3.0]]      [5.0]
   traino0.0_138       {87} [[0.09, 0.01, 0.06, 0.16, 0.11, 0.03, 0.13, 0.09, 0.16, 0.12]]    [[8.0]]      [0.0]
   traino5.0_279       {63} [[0.14, 0.00, 0.14, 0.03, 0.07, 0.11, 0.09, 0.12, 0.15, 0.11]]    [[8.0]]      [5.0]
   traino0.0_139       {63} [[0.15, 0.07, 0.09, 0.19, 0.14, 0.11, 0.04, 0.09, 0.03, 0.04]]    [[3.0]]      [0.0]
   traino7.0_314       {60} [[0.13, 0.11, 0.05, 0.18, 0.16, 0.05, 0.10, 0.11, 0.05, 0.03]]    [[3.0]]      [7.0]
   traino0.0_375       {80} [[0.18, 0.17, 0.03, 0.13, 0.05, 0.06, 0.02, 0.18, 0.07, 0.06]]    [[7.0]]      [0.0]
   traino0.0_376       {69} [[0.23, 0.01, 0.14, 0.13, 0.04, 0.08, 0.11, 0.01, 0.07, 0.14]]    [[0.0]]      [0.0] _/
   traino5.0_394       {70} [[0.04, 0.02, 0.14, 0.05, 0.17, 0.15, 0.10, 0.10, 0.11, 0.08]]    [[4.0]]      [5.0]
   train o8.0_50       {75} [[0.16, 0.00, 0.09, 0.09, 0.20, 0.09, 0.05, 0.04, 0.18, 0.08]]    [[4.0]]      [8.0]
   traino0.0_373       {63} [[0.14, 0.00, 0.14, 0.03, 0.07, 0.11, 0.09, 0.12, 0.15, 0.11]]    [[8.0]]      [0.0]
    test o5.0_97       {60} [[0.10, 0.03, 0.06, 0.08, 0.20, 0.08, 0.08, 0.10, 0.15, 0.10]]    [[4.0]]      [5.0]
   traino0.0_490       {66} [[0.10, 0.09, 0.12, 0.06, 0.16, 0.09, 0.21, 0.12, 0.00, 0.03]]    [[6.0]]      [0.0]
   train o5.0_92       {60} [[0.13, 0.11, 0.05, 0.18, 0.16, 0.05, 0.10, 0.11, 0.05, 0.03]]    [[3.0]]      [5.0]
   train o8.0_58       {74} [[0.04, 0.02, 0.02, 0.02, 0.17, 0.18, 0.10, 0.10, 0.18, 0.10]]    [[8.0]]      [8.0] _/
   traino7.0_200       {71} [[0.18, 0.00, 0.09, 0.14, 0.04, 0.09, 0.08, 0.19, 0.02, 0.12]]    [[7.0]]      [7.0] _/
   traino7.0_201       {60} [[0.10, 0.03, 0.06, 0.08, 0.20, 0.08, 0.08, 0.10, 0.15, 0.10]]    [[4.0]]      [7.0]
   train o5.0_94       {63} [[0.14, 0.00, 0.14, 0.03, 0.07, 0.11, 0.09, 0.12, 0.15, 0.11]]    [[8.0]]      [5.0]
    testo7.0_322       {66} [[0.00, 0.01, 0.07, 0.12, 0.04, 0.15, 0.07, 0.24, 0.15, 0.12]]    [[7.0]]      [7.0] _/
   traino2.0_305       {65} [[0.07, 0.06, 0.07, 0.13, 0.16, 0.09, 0.13, 0.04, 0.16, 0.03]]    [[8.0]]      [2.0]
   train o5.0_95       {60} [[0.10, 0.03, 0.06, 0.08, 0.20, 0.08, 0.08, 0.10, 0.15, 0.10]]    [[4.0]]      [5.0]
   traino5.0_166       {60} [[0.10, 0.03, 0.06, 0.08, 0.20, 0.08, 0.08, 0.10, 0.15, 0.10]]    [[4.0]]      [5.0]
    test o1.0_91       {76} [[0.03, 0.21, 0.05, 0.18, 0.19, 0.09, 0.00, 0.03, 0.11, 0.06]]    [[1.0]]      [1.0] _/
   traino2.0_407       {60} [[0.10, 0.03, 0.06, 0.08, 0.20, 0.08, 0.08, 0.10, 0.15, 0.10]]    [[4.0]]      [2.0]
   train o1.0_96       {60} [[0.13, 0.11, 0.05, 0.18, 0.16, 0.05, 0.10, 0.11, 0.05, 0.03]]    [[3.0]]      [1.0]
   traino0.0_387       {63} [[0.15, 0.07, 0.09, 0.19, 0.14, 0.11, 0.04, 0.09, 0.03, 0.04]]    [[3.0]]      [0.0]
    test o1.0_98       {60} [[0.13, 0.11, 0.05, 0.18, 0.16, 0.05, 0.10, 0.11, 0.05, 0.03]]    [[3.0]]      [1.0]
    testo7.0_426       {66} [[0.10, 0.09, 0.12, 0.06, 0.16, 0.09, 0.21, 0.12, 0.00, 0.03]]    [[6.0]]      [7.0]
    testo7.0_427       {66} [[0.00, 0.01, 0.07, 0.12, 0.04, 0.15, 0.07, 0.24, 0.15, 0.12]]    [[7.0]]      [7.0] _/
   traino5.0_162       {76} [[0.06, 0.03, 0.03, 0.17, 0.06, 0.17, 0.02, 0.05, 0.22, 0.14]]    [[8.0]]      [5.0]
   train o8.0_61       {66} [[0.00, 0.01, 0.07, 0.12, 0.04, 0.15, 0.07, 0.24, 0.15, 0.12]]    [[7.0]]      [8.0]
    testo0.0_140       {69} [[0.23, 0.01, 0.14, 0.13, 0.04, 0.08, 0.11, 0.01, 0.07, 0.14]]    [[0.0]]      [0.0] _/
   traino5.0_281       {63} [[0.14, 0.00, 0.14, 0.03, 0.07, 0.11, 0.09, 0.12, 0.15, 0.11]]    [[8.0]]      [5.0]
    testo2.0_411       {70} [[0.04, 0.02, 0.14, 0.05, 0.17, 0.15, 0.10, 0.10, 0.11, 0.08]]    [[4.0]]      [2.0]
   traino9.0_409       {63} [[0.14, 0.00, 0.14, 0.03, 0.07, 0.11, 0.09, 0.12, 0.15, 0.11]]    [[8.0]]      [9.0]
   traino3.0_180       {77} [[0.03, 0.09, 0.12, 0.16, 0.03, 0.10, 0.15, 0.05, 0.11, 0.10]]    [[3.0]]      [3.0] _/
   traino5.0_291       {70} [[0.04, 0.02, 0.14, 0.05, 0.17, 0.15, 0.10, 0.10, 0.11, 0.08]]    [[4.0]]      [5.0]
   traino0.0_277       {60} [[0.13, 0.11, 0.05, 0.18, 0.16, 0.05, 0.10, 0.11, 0.05, 0.03]]    [[3.0]]      [0.0]
    testo0.0_399       {69} [[0.23, 0.01, 0.14, 0.13, 0.04, 0.08, 0.11, 0.01, 0.07, 0.14]]    [[0.0]]      [0.0] _/
    testo0.0_271       {71} [[0.18, 0.00, 0.09, 0.14, 0.04, 0.09, 0.08, 0.19, 0.02, 0.12]]    [[7.0]]      [0.0]
   traino5.0_173       {66} [[0.00, 0.01, 0.07, 0.12, 0.04, 0.15, 0.07, 0.24, 0.15, 0.12]]    [[7.0]]      [5.0]
   traino0.0_393       {63} [[0.15, 0.07, 0.09, 0.19, 0.14, 0.11, 0.04, 0.09, 0.03, 0.04]]    [[3.0]]      [0.0]
   traino7.0_419       {60} [[0.10, 0.03, 0.06, 0.08, 0.20, 0.08, 0.08, 0.10, 0.15, 0.10]]    [[4.0]]      [7.0]
   train o5.0_75       {60} [[0.10, 0.03, 0.06, 0.08, 0.20, 0.08, 0.08, 0.10, 0.15, 0.10]]    [[4.0]]      [5.0]
   train o4.0_26       {70} [[0.04, 0.02, 0.14, 0.05, 0.17, 0.15, 0.10, 0.10, 0.11, 0.08]]    [[4.0]]      [4.0] _/
   traino7.0_420       {60} [[0.13, 0.11, 0.05, 0.18, 0.16, 0.05, 0.10, 0.11, 0.05, 0.03]]    [[3.0]]      [7.0]
   traino3.0_198       {63} [[0.15, 0.07, 0.09, 0.19, 0.14, 0.11, 0.04, 0.09, 0.03, 0.04]]    [[3.0]]      [3.0] _/
   train o5.0_79       {70} [[0.07, 0.05, 0.12, 0.12, 0.21, 0.02, 0.07, 0.18, 0.07, 0.04]]    [[4.0]]      [5.0]
   train  o4.0_9       {63} [[0.14, 0.00, 0.14, 0.03, 0.07, 0.11, 0.09, 0.12, 0.15, 0.11]]    [[8.0]]      [4.0]
   traino5.0_465       {72} [[0.04, 0.02, 0.06, 0.02, 0.15, 0.11, 0.08, 0.13, 0.23, 0.11]]    [[8.0]]      [5.0]
   traino5.0_466       {66} [[0.10, 0.09, 0.12, 0.06, 0.16, 0.09, 0.21, 0.12, 0.00, 0.03]]    [[6.0]]      [5.0]
    testo5.0_347       {66} [[0.00, 0.01, 0.07, 0.12, 0.04, 0.15, 0.07, 0.24, 0.15, 0.12]]    [[7.0]]      [5.0]
   traino5.0_104       {70} [[0.04, 0.02, 0.14, 0.05, 0.17, 0.15, 0.10, 0.10, 0.11, 0.08]]    [[4.0]]      [5.0]
   train o9.0_85       {74} [[0.04, 0.02, 0.02, 0.02, 0.17, 0.18, 0.10, 0.10, 0.18, 0.10]]    [[8.0]]      [9.0]
   traino7.0_369       {77} [[0.03, 0.09, 0.12, 0.16, 0.03, 0.10, 0.15, 0.05, 0.11, 0.10]]    [[3.0]]      [7.0]
   traino0.0_284       {87} [[0.18, 0.08, 0.01, 0.06, 0.03, 0.05, 0.16, 0.17, 0.11, 0.11]]    [[0.0]]      [0.0] _/
   traino7.0_372       {80} [[0.18, 0.17, 0.03, 0.13, 0.05, 0.06, 0.02, 0.18, 0.07, 0.06]]    [[7.0]]      [7.0] _/
   traino7.0_132       {66} [[0.00, 0.01, 0.07, 0.12, 0.04, 0.15, 0.07, 0.24, 0.15, 0.12]]    [[7.0]]      [7.0] _/
    testo7.0_495       {80} [[0.18, 0.17, 0.03, 0.13, 0.05, 0.06, 0.02, 0.18, 0.07, 0.06]]    [[7.0]]      [7.0] _/
   traino7.0_496       {66} [[0.10, 0.09, 0.12, 0.06, 0.16, 0.09, 0.21, 0.12, 0.00, 0.03]]    [[6.0]]      [7.0]
   traino7.0_497       {72} [[0.04, 0.02, 0.06, 0.02, 0.15, 0.11, 0.08, 0.13, 0.23, 0.11]]    [[8.0]]      [7.0]
   traino3.0_168       {75} [[0.16, 0.00, 0.09, 0.09, 0.20, 0.09, 0.05, 0.04, 0.18, 0.08]]    [[4.0]]      [3.0]
   traino3.0_288       {65} [[0.07, 0.06, 0.07, 0.13, 0.16, 0.09, 0.13, 0.04, 0.16, 0.03]]    [[8.0]]      [3.0]
   train o4.0_56       {75} [[0.16, 0.00, 0.09, 0.09, 0.20, 0.09, 0.05, 0.04, 0.18, 0.08]]    [[4.0]]      [4.0] _/
   traino7.0_499       {77} [[0.03, 0.09, 0.12, 0.16, 0.03, 0.10, 0.15, 0.05, 0.11, 0.10]]    [[3.0]]      [7.0]
   train o9.0_82       {82} [[0.09, 0.07, 0.08, 0.07, 0.13, 0.13, 0.13, 0.09, 0.09, 0.07]]    [[6.0]]      [9.0]
    testo5.0_217       {65} [[0.07, 0.06, 0.07, 0.13, 0.16, 0.09, 0.13, 0.04, 0.16, 0.03]]    [[8.0]]      [5.0]
   train o4.0_51       {60} [[0.10, 0.03, 0.06, 0.08, 0.20, 0.08, 0.08, 0.10, 0.15, 0.10]]    [[4.0]]      [4.0] _/
   train o9.0_81       {81} [[0.07, 0.04, 0.02, 0.04, 0.17, 0.04, 0.13, 0.06, 0.25, 0.12]]    [[8.0]]      [9.0]
   traino3.0_161       {65} [[0.07, 0.06, 0.07, 0.13, 0.16, 0.09, 0.13, 0.04, 0.16, 0.03]]    [[8.0]]      [3.0]
   traino5.0_230       {71} [[0.18, 0.00, 0.09, 0.14, 0.04, 0.09, 0.08, 0.19, 0.02, 0.12]]    [[7.0]]      [5.0]
   traino5.0_472       {63} [[0.14, 0.00, 0.14, 0.03, 0.07, 0.11, 0.09, 0.12, 0.15, 0.11]]    [[8.0]]      [5.0]
   traino7.0_119       {70} [[0.04, 0.02, 0.14, 0.05, 0.17, 0.15, 0.10, 0.10, 0.11, 0.08]]    [[4.0]]      [7.0]
   traino0.0_293       {63} [[0.14, 0.00, 0.14, 0.03, 0.07, 0.11, 0.09, 0.12, 0.15, 0.11]]    [[8.0]]      [0.0]
   traino0.0_175       {71} [[0.14, 0.07, 0.04, 0.16, 0.11, 0.14, 0.07, 0.05, 0.05, 0.14]]    [[3.0]]      [0.0]
    testo7.0_482       {60} [[0.13, 0.11, 0.05, 0.18, 0.16, 0.05, 0.10, 0.11, 0.05, 0.03]]    [[3.0]]      [7.0]
   traino7.0_120       {66} [[0.10, 0.09, 0.12, 0.06, 0.16, 0.09, 0.21, 0.12, 0.00, 0.03]]    [[6.0]]      [7.0]
   traino7.0_242       {80} [[0.05, 0.12, 0.07, 0.08, 0.18, 0.12, 0.10, 0.08, 0.08, 0.07]]    [[4.0]]      [7.0]
   traino7.0_485       {63} [[0.15, 0.07, 0.09, 0.19, 0.14, 0.11, 0.04, 0.09, 0.03, 0.04]]    [[3.0]]      [7.0]
    test o4.0_47       {69} [[0.23, 0.01, 0.14, 0.13, 0.04, 0.08, 0.11, 0.01, 0.07, 0.14]]    [[0.0]]      [4.0]
   traino7.0_486       {60} [[0.10, 0.03, 0.06, 0.08, 0.20, 0.08, 0.08, 0.10, 0.15, 0.10]]    [[4.0]]      [7.0]
    test o4.0_45       {60} [[0.10, 0.03, 0.06, 0.08, 0.20, 0.08, 0.08, 0.10, 0.15, 0.10]]    [[4.0]]      [4.0] _/
   traino3.0_297       {63} [[0.14, 0.00, 0.14, 0.03, 0.07, 0.11, 0.09, 0.12, 0.15, 0.11]]    [[8.0]]      [3.0]
   train o4.0_43       {70} [[0.04, 0.02, 0.14, 0.05, 0.17, 0.15, 0.10, 0.10, 0.11, 0.08]]    [[4.0]]      [4.0] _/
    testo3.0_294       {72} [[0.04, 0.02, 0.06, 0.02, 0.15, 0.11, 0.08, 0.13, 0.23, 0.11]]    [[8.0]]      [3.0]
    testo3.0_290       {65} [[0.07, 0.06, 0.07, 0.13, 0.16, 0.09, 0.13, 0.04, 0.16, 0.03]]    [[8.0]]      [3.0]
   traino5.0_366       {80} [[0.05, 0.12, 0.07, 0.08, 0.18, 0.12, 0.10, 0.08, 0.08, 0.07]]    [[4.0]]      [5.0]
   traino9.0_210       {60} [[0.13, 0.11, 0.05, 0.18, 0.16, 0.05, 0.10, 0.11, 0.05, 0.03]]    [[3.0]]      [9.0]
   traino9.0_331       {60} [[0.10, 0.03, 0.06, 0.08, 0.20, 0.08, 0.08, 0.10, 0.15, 0.10]]    [[4.0]]      [9.0]
   traino7.0_227       {66} [[0.10, 0.09, 0.12, 0.06, 0.16, 0.09, 0.21, 0.12, 0.00, 0.03]]    [[6.0]]      [7.0]
   traino0.0_184       {74} [[0.04, 0.02, 0.02, 0.02, 0.17, 0.18, 0.10, 0.10, 0.18, 0.10]]    [[8.0]]      [0.0]
   traino9.0_326       {69} [[0.23, 0.01, 0.14, 0.13, 0.04, 0.08, 0.11, 0.01, 0.07, 0.14]]    [[0.0]]      [9.0]
    testo0.0_181       {60} [[0.10, 0.03, 0.06, 0.08, 0.20, 0.08, 0.08, 0.10, 0.15, 0.10]]    [[4.0]]      [0.0]
   traino7.0_231       {83} [[0.00, 0.10, 0.06, 0.04, 0.15, 0.10, 0.14, 0.15, 0.14, 0.07]]    [[7.0]]      [7.0] _/
   traino3.0_268       {63} [[0.15, 0.07, 0.09, 0.19, 0.14, 0.11, 0.04, 0.09, 0.03, 0.04]]    [[3.0]]      [3.0] _/
   traino9.0_323       {69} [[0.23, 0.01, 0.14, 0.13, 0.04, 0.08, 0.11, 0.01, 0.07, 0.14]]    [[0.0]]      [9.0]
   traino3.0_146       {66} [[0.00, 0.01, 0.07, 0.12, 0.04, 0.15, 0.07, 0.24, 0.15, 0.12]]    [[7.0]]      [3.0]
    testo7.0_355       {66} [[0.00, 0.01, 0.07, 0.12, 0.04, 0.15, 0.07, 0.24, 0.15, 0.12]]    [[7.0]]      [7.0] _/
   traino9.0_446       {70} [[0.11, 0.00, 0.12, 0.18, 0.12, 0.08, 0.17, 0.11, 0.01, 0.05]]    [[3.0]]      [9.0]
   traino3.0_265       {77} [[0.03, 0.09, 0.12, 0.16, 0.03, 0.10, 0.15, 0.05, 0.11, 0.10]]    [[3.0]]      [3.0] _/
   traino3.0_143       {76} [[0.06, 0.03, 0.03, 0.17, 0.06, 0.17, 0.02, 0.05, 0.22, 0.14]]    [[8.0]]      [3.0]
   train  o3.0_0       {66} [[0.00, 0.01, 0.07, 0.12, 0.04, 0.15, 0.07, 0.24, 0.15, 0.12]]    [[7.0]]      [3.0]
   traino3.0_141       {77} [[0.03, 0.10, 0.07, 0.22, 0.22, 0.03, 0.09, 0.11, 0.05, 0.03]]    [[4.0]]      [3.0]
   traino3.0_261       {60} [[0.13, 0.11, 0.05, 0.18, 0.16, 0.05, 0.10, 0.11, 0.05, 0.03]]    [[3.0]]      [3.0] _/
    test o4.0_71       {63} [[0.14, 0.00, 0.14, 0.03, 0.07, 0.11, 0.09, 0.12, 0.15, 0.11]]    [[8.0]]      [4.0]
   traino5.0_133       {70} [[0.04, 0.02, 0.14, 0.05, 0.17, 0.15, 0.10, 0.10, 0.11, 0.08]]    [[4.0]]      [5.0]
   traino5.0_136       {63} [[0.15, 0.07, 0.09, 0.19, 0.14, 0.11, 0.04, 0.09, 0.03, 0.04]]    [[3.0]]      [5.0]
   traino9.0_318       {69} [[0.23, 0.01, 0.14, 0.13, 0.04, 0.08, 0.11, 0.01, 0.07, 0.14]]    [[0.0]]      [9.0]
   traino7.0_345       {60} [[0.13, 0.11, 0.05, 0.18, 0.16, 0.05, 0.10, 0.11, 0.05, 0.03]]    [[3.0]]      [7.0]
   traino3.0_275       {69} [[0.23, 0.01, 0.14, 0.13, 0.04, 0.08, 0.11, 0.01, 0.07, 0.14]]    [[0.0]]      [3.0]
    test o5.0_39       {65} [[0.07, 0.06, 0.07, 0.13, 0.16, 0.09, 0.13, 0.04, 0.16, 0.03]]    [[8.0]]      [5.0]
    testo5.0_129       {63} [[0.15, 0.07, 0.09, 0.19, 0.14, 0.11, 0.04, 0.09, 0.03, 0.04]]    [[3.0]]      [5.0]
    testo3.0_151       {65} [[0.07, 0.06, 0.07, 0.13, 0.16, 0.09, 0.13, 0.04, 0.16, 0.03]]    [[8.0]]      [3.0]
   traino9.0_319       {60} [[0.10, 0.03, 0.06, 0.08, 0.20, 0.08, 0.08, 0.10, 0.15, 0.10]]    [[4.0]]      [9.0]
    test o4.0_60       {70} [[0.04, 0.02, 0.14, 0.05, 0.17, 0.15, 0.10, 0.10, 0.11, 0.08]]    [[4.0]]      [4.0] _/
   train o9.0_48       {74} [[0.04, 0.02, 0.02, 0.02, 0.17, 0.18, 0.10, 0.10, 0.18, 0.10]]    [[8.0]]      [9.0]
    testo0.0_406       {60} [[0.13, 0.11, 0.05, 0.18, 0.16, 0.05, 0.10, 0.11, 0.05, 0.03]]    [[3.0]]      [0.0]
   train  o9.0_4       {63} [[0.14, 0.00, 0.14, 0.03, 0.07, 0.11, 0.09, 0.12, 0.15, 0.11]]    [[8.0]]      [9.0]
   traino5.0_303       {71} [[0.14, 0.07, 0.04, 0.16, 0.11, 0.14, 0.07, 0.05, 0.05, 0.14]]    [[3.0]]      [5.0]
   traino0.0_401       {60} [[0.13, 0.11, 0.05, 0.18, 0.16, 0.05, 0.10, 0.11, 0.05, 0.03]]    [[3.0]]      [0.0]
   train o0.0_68       {63} [[0.14, 0.00, 0.14, 0.03, 0.07, 0.11, 0.09, 0.12, 0.15, 0.11]]    [[8.0]]      [0.0]
   train o0.0_67       {85} [[0.03, 0.18, 0.07, 0.03, 0.03, 0.20, 0.14, 0.10, 0.05, 0.12]]    [[5.0]]      [0.0]
   traino4.0_335       {66} [[0.10, 0.09, 0.12, 0.06, 0.16, 0.09, 0.21, 0.12, 0.00, 0.03]]    [[6.0]]      [4.0]
   traino4.0_214       {66} [[0.10, 0.09, 0.12, 0.06, 0.16, 0.09, 0.21, 0.12, 0.00, 0.03]]    [[6.0]]      [4.0]
   traino2.0_278       {83} [[0.00, 0.10, 0.06, 0.04, 0.15, 0.10, 0.14, 0.15, 0.14, 0.07]]    [[7.0]]      [2.0]
   traino3.0_128       {60} [[0.13, 0.11, 0.05, 0.18, 0.16, 0.05, 0.10, 0.11, 0.05, 0.03]]    [[3.0]]      [3.0] _/
   traino3.0_368       {60} [[0.13, 0.11, 0.05, 0.18, 0.16, 0.05, 0.10, 0.11, 0.05, 0.03]]    [[3.0]]      [3.0] _/
   traino3.0_126       {71} [[0.14, 0.07, 0.04, 0.16, 0.11, 0.14, 0.07, 0.05, 0.05, 0.14]]    [[3.0]]      [3.0] _/
   traino4.0_328       {63} [[0.15, 0.07, 0.09, 0.19, 0.14, 0.11, 0.04, 0.09, 0.03, 0.04]]    [[3.0]]      [4.0]
   train o2.0_80       {60} [[0.10, 0.03, 0.06, 0.08, 0.20, 0.08, 0.08, 0.10, 0.15, 0.10]]    [[4.0]]      [2.0]
   traino3.0_122       {75} [[0.25, 0.08, 0.08, 0.18, 0.02, 0.05, 0.09, 0.14, 0.06, 0.01]]    [[0.0]]      [3.0]
   train o9.0_40       {60} [[0.10, 0.03, 0.06, 0.08, 0.20, 0.08, 0.08, 0.10, 0.15, 0.10]]    [[4.0]]      [9.0]
   traino2.0_391       {80} [[0.18, 0.17, 0.03, 0.13, 0.05, 0.06, 0.02, 0.18, 0.07, 0.06]]    [[7.0]]      [2.0]
   train o7.0_31       {66} [[0.00, 0.01, 0.07, 0.12, 0.04, 0.15, 0.07, 0.24, 0.15, 0.12]]    [[7.0]]      [7.0] _/
   traino5.0_416       {66} [[0.10, 0.09, 0.12, 0.06, 0.16, 0.09, 0.21, 0.12, 0.00, 0.03]]    [[6.0]]      [5.0]
   train o2.0_89       {65} [[0.07, 0.06, 0.07, 0.13, 0.16, 0.09, 0.13, 0.04, 0.16, 0.03]]    [[8.0]]      [2.0]
   train o0.0_76       {60} [[0.10, 0.03, 0.06, 0.08, 0.20, 0.08, 0.08, 0.10, 0.15, 0.10]]    [[4.0]]      [0.0]
   traino6.0_404       {63} [[0.14, 0.00, 0.14, 0.03, 0.07, 0.11, 0.09, 0.12, 0.15, 0.11]]    [[8.0]]      [6.0]
   traino5.0_313       {70} [[0.04, 0.02, 0.14, 0.05, 0.17, 0.15, 0.10, 0.10, 0.11, 0.08]]    [[4.0]]      [5.0]
   traino0.0_417       {69} [[0.23, 0.01, 0.14, 0.13, 0.04, 0.08, 0.11, 0.01, 0.07, 0.14]]    [[0.0]]      [0.0] _/
   traino5.0_435       {70} [[0.04, 0.02, 0.14, 0.05, 0.17, 0.15, 0.10, 0.10, 0.11, 0.08]]    [[4.0]]      [5.0]
   train o0.0_73       {60} [[0.10, 0.03, 0.06, 0.08, 0.20, 0.08, 0.08, 0.10, 0.15, 0.10]]    [[4.0]]      [0.0]
   traino0.0_414       {75} [[0.25, 0.08, 0.08, 0.18, 0.02, 0.05, 0.09, 0.14, 0.06, 0.01]]    [[0.0]]      [0.0] _/
    testo4.0_444       {60} [[0.10, 0.03, 0.06, 0.08, 0.20, 0.08, 0.08, 0.10, 0.15, 0.10]]    [[4.0]]      [4.0] _/
   traino4.0_440       {71} [[0.14, 0.07, 0.04, 0.16, 0.11, 0.14, 0.07, 0.05, 0.05, 0.14]]    [[3.0]]      [4.0]
   traino4.0_443       {60} [[0.10, 0.03, 0.06, 0.08, 0.20, 0.08, 0.08, 0.10, 0.15, 0.10]]    [[4.0]]      [4.0] _/
   traino4.0_317       {71} [[0.14, 0.07, 0.04, 0.16, 0.11, 0.14, 0.07, 0.05, 0.05, 0.14]]    [[3.0]]      [4.0]
   traino3.0_256       {66} [[0.10, 0.09, 0.12, 0.06, 0.16, 0.09, 0.21, 0.12, 0.00, 0.03]]    [[6.0]]      [3.0]
   traino3.0_134       {70} [[0.11, 0.00, 0.12, 0.18, 0.12, 0.08, 0.17, 0.11, 0.01, 0.05]]    [[3.0]]      [3.0] _/
   train o7.0_44       {70} [[0.07, 0.05, 0.12, 0.12, 0.21, 0.02, 0.07, 0.18, 0.07, 0.04]]    [[4.0]]      [7.0]
   traino3.0_131       {70} [[0.04, 0.02, 0.14, 0.05, 0.17, 0.15, 0.10, 0.10, 0.11, 0.08]]    [[4.0]]      [3.0]
   traino3.0_252       {60} [[0.10, 0.03, 0.06, 0.08, 0.20, 0.08, 0.08, 0.10, 0.15, 0.10]]    [[4.0]]      [3.0]
    test  o9.0_1       {63} [[0.15, 0.07, 0.09, 0.19, 0.14, 0.11, 0.04, 0.09, 0.03, 0.04]]    [[3.0]]      [9.0]
    testo2.0_263       {78} [[0.23, 0.08, 0.12, 0.10, 0.01, 0.10, 0.10, 0.11, 0.10, 0.01]]    [[0.0]]      [2.0]
   traino2.0_144       {70} [[0.07, 0.05, 0.12, 0.12, 0.21, 0.02, 0.07, 0.18, 0.07, 0.04]]    [[4.0]]      [2.0]
   train o0.0_42       {63} [[0.14, 0.00, 0.14, 0.03, 0.07, 0.11, 0.09, 0.12, 0.15, 0.11]]    [[8.0]]      [0.0]
   traino4.0_351       {63} [[0.15, 0.07, 0.09, 0.19, 0.14, 0.11, 0.04, 0.09, 0.03, 0.04]]    [[3.0]]      [4.0]
   traino0.0_429       {69} [[0.23, 0.01, 0.14, 0.13, 0.04, 0.08, 0.11, 0.01, 0.07, 0.14]]    [[0.0]]      [0.0] _/
   traino0.0_308       {80} [[0.18, 0.17, 0.03, 0.13, 0.05, 0.06, 0.02, 0.18, 0.07, 0.06]]    [[7.0]]      [0.0]
   traino5.0_325       {69} [[0.23, 0.01, 0.14, 0.13, 0.04, 0.08, 0.11, 0.01, 0.07, 0.14]]    [[0.0]]      [5.0]
   traino5.0_320       {83} [[0.07, 0.14, 0.09, 0.09, 0.19, 0.06, 0.03, 0.07, 0.18, 0.04]]    [[4.0]]      [5.0]
    testo0.0_304       {70} [[0.11, 0.00, 0.12, 0.18, 0.12, 0.08, 0.17, 0.11, 0.01, 0.05]]    [[3.0]]      [0.0]
   traino4.0_478       {60} [[0.13, 0.11, 0.05, 0.18, 0.16, 0.05, 0.10, 0.11, 0.05, 0.03]]    [[3.0]]      [4.0]
   traino4.0_353       {72} [[0.04, 0.02, 0.06, 0.02, 0.15, 0.11, 0.08, 0.13, 0.23, 0.11]]    [[8.0]]      [4.0]
   traino4.0_232       {74} [[0.04, 0.02, 0.02, 0.02, 0.17, 0.18, 0.10, 0.10, 0.18, 0.10]]    [[8.0]]      [4.0]
   traino4.0_475       {70} [[0.07, 0.05, 0.12, 0.12, 0.21, 0.02, 0.07, 0.18, 0.07, 0.04]]    [[4.0]]      [4.0] _/
   traino2.0_135       {63} [[0.15, 0.07, 0.09, 0.19, 0.14, 0.11, 0.04, 0.09, 0.03, 0.04]]    [[3.0]]      [2.0]
   traino3.0_106       {81} [[0.03, 0.07, 0.04, 0.14, 0.19, 0.07, 0.01, 0.12, 0.17, 0.11]]    [[4.0]]      [3.0]
    testo2.0_379       {66} [[0.00, 0.01, 0.07, 0.12, 0.04, 0.15, 0.07, 0.24, 0.15, 0.12]]    [[7.0]]      [2.0]
   traino3.0_468       {70} [[0.11, 0.00, 0.12, 0.18, 0.12, 0.08, 0.17, 0.11, 0.01, 0.05]]    [[3.0]]      [3.0] _/
    testo2.0_258       {63} [[0.14, 0.00, 0.14, 0.03, 0.07, 0.11, 0.09, 0.12, 0.15, 0.11]]    [[8.0]]      [2.0]
    testo4.0_108       {83} [[0.07, 0.14, 0.09, 0.09, 0.19, 0.06, 0.03, 0.07, 0.18, 0.04]]    [[4.0]]      [4.0] _/
   traino3.0_223       {76} [[0.06, 0.03, 0.03, 0.17, 0.06, 0.17, 0.02, 0.05, 0.22, 0.14]]    [[8.0]]      [3.0]
   train o7.0_14       {60} [[0.13, 0.11, 0.05, 0.18, 0.16, 0.05, 0.10, 0.11, 0.05, 0.03]]    [[3.0]]      [7.0]
   traino4.0_109       {60} [[0.13, 0.11, 0.05, 0.18, 0.16, 0.05, 0.10, 0.11, 0.05, 0.03]]    [[3.0]]      [4.0]
    test o7.0_11       {69} [[0.23, 0.01, 0.14, 0.13, 0.04, 0.08, 0.11, 0.01, 0.07, 0.14]]    [[0.0]]      [7.0]
   traino6.0_301       {66} [[0.10, 0.09, 0.12, 0.06, 0.16, 0.09, 0.21, 0.12, 0.00, 0.03]]    [[6.0]]      [6.0] _/
    testo5.0_436       {74} [[0.04, 0.02, 0.02, 0.02, 0.17, 0.18, 0.10, 0.10, 0.18, 0.10]]    [[8.0]]      [5.0]
   traino5.0_315       {70} [[0.04, 0.02, 0.14, 0.05, 0.17, 0.15, 0.10, 0.10, 0.11, 0.08]]    [[4.0]]      [5.0]
   traino6.0_423       {76} [[0.06, 0.03, 0.03, 0.17, 0.06, 0.17, 0.02, 0.05, 0.22, 0.14]]    [[8.0]]      [6.0]
   traino5.0_316       {75} [[0.16, 0.00, 0.09, 0.09, 0.20, 0.09, 0.05, 0.04, 0.18, 0.08]]    [[4.0]]      [5.0]
   traino1.0_403       {74} [[0.14, 0.12, 0.04, 0.17, 0.14, 0.08, 0.04, 0.12, 0.04, 0.08]]    [[3.0]]      [1.0]
   traino2.0_253       {91} [[0.16, 0.14, 0.12, 0.17, 0.12, 0.05, 0.05, 0.07, 0.07, 0.01]]    [[3.0]]      [2.0]
   traino5.0_336       {60} [[0.10, 0.03, 0.06, 0.08, 0.20, 0.08, 0.08, 0.10, 0.15, 0.10]]    [[4.0]]      [5.0]
    testo6.0_309       {80} [[0.05, 0.12, 0.07, 0.08, 0.18, 0.12, 0.10, 0.08, 0.08, 0.07]]    [[4.0]]      [6.0]
   train o0.0_57       {75} [[0.25, 0.08, 0.08, 0.18, 0.02, 0.05, 0.09, 0.14, 0.06, 0.01]]    [[0.0]]      [0.0] _/
   traino5.0_452       {66} [[0.00, 0.01, 0.07, 0.12, 0.04, 0.15, 0.07, 0.24, 0.15, 0.12]]    [[7.0]]      [5.0]
    testo4.0_224       {65} [[0.07, 0.06, 0.07, 0.13, 0.16, 0.09, 0.13, 0.04, 0.16, 0.03]]    [[8.0]]      [4.0]
    testo0.0_310       {78} [[0.23, 0.08, 0.12, 0.10, 0.01, 0.10, 0.10, 0.11, 0.10, 0.01]]    [[0.0]]      [0.0] _/
    testo0.0_431       {74} [[0.04, 0.02, 0.02, 0.02, 0.17, 0.18, 0.10, 0.10, 0.18, 0.10]]    [[8.0]]      [0.0]
    testo4.0_100       {80} [[0.05, 0.12, 0.07, 0.08, 0.18, 0.12, 0.10, 0.08, 0.08, 0.07]]    [[4.0]]      [4.0] _/
   traino4.0_221       {70} [[0.07, 0.05, 0.12, 0.12, 0.21, 0.02, 0.07, 0.18, 0.07, 0.04]]    [[4.0]]      [4.0] _/
    testo4.0_220       {76} [[0.03, 0.21, 0.05, 0.18, 0.19, 0.09, 0.00, 0.03, 0.11, 0.06]]    [[1.0]]      [4.0]
   train o2.0_72       {63} [[0.14, 0.00, 0.14, 0.03, 0.07, 0.11, 0.09, 0.12, 0.15, 0.11]]    [[8.0]]      [2.0]
   traino3.0_358       {60} [[0.10, 0.03, 0.06, 0.08, 0.20, 0.08, 0.08, 0.10, 0.15, 0.10]]    [[4.0]]      [3.0]
   traino3.0_479       {71} [[0.14, 0.07, 0.04, 0.16, 0.11, 0.14, 0.07, 0.05, 0.05, 0.14]]    [[3.0]]      [3.0] _/
   train o2.0_74       {60} [[0.13, 0.11, 0.05, 0.18, 0.16, 0.05, 0.10, 0.11, 0.05, 0.03]]    [[3.0]]      [2.0]
   traino2.0_247       {66} [[0.10, 0.09, 0.12, 0.06, 0.16, 0.09, 0.21, 0.12, 0.00, 0.03]]    [[6.0]]      [2.0]
   traino3.0_236       {63} [[0.15, 0.07, 0.09, 0.19, 0.14, 0.11, 0.04, 0.09, 0.03, 0.04]]    [[3.0]]      [3.0] _/
    testo3.0_234       {76} [[0.06, 0.03, 0.03, 0.17, 0.06, 0.17, 0.02, 0.05, 0.22, 0.14]]    [[8.0]]      [3.0]
   traino2.0_127       {60} [[0.10, 0.03, 0.06, 0.08, 0.20, 0.08, 0.08, 0.10, 0.15, 0.10]]    [[4.0]]      [2.0]
    testo3.0_110       {66} [[0.00, 0.01, 0.07, 0.12, 0.04, 0.15, 0.07, 0.24, 0.15, 0.12]]    [[7.0]]      [3.0]
   traino3.0_473       {70} [[0.11, 0.00, 0.12, 0.18, 0.12, 0.08, 0.17, 0.11, 0.01, 0.05]]    [[3.0]]      [3.0] _/
   traino5.0_207       {76} [[0.06, 0.03, 0.03, 0.17, 0.06, 0.17, 0.02, 0.05, 0.22, 0.14]]    [[8.0]]      [5.0]
   traino5.0_447       {63} [[0.15, 0.07, 0.09, 0.19, 0.14, 0.11, 0.04, 0.09, 0.03, 0.04]]    [[3.0]]      [5.0]
   traino2.0_483       {66} [[0.10, 0.09, 0.12, 0.06, 0.16, 0.09, 0.21, 0.12, 0.00, 0.03]]    [[6.0]]      [2.0]
    testo6.0_434       {65} [[0.07, 0.06, 0.07, 0.13, 0.16, 0.09, 0.13, 0.04, 0.16, 0.03]]    [[8.0]]      [6.0]
   traino2.0_361       {66} [[0.00, 0.01, 0.07, 0.12, 0.04, 0.15, 0.07, 0.24, 0.15, 0.12]]    [[7.0]]      [2.0]
    testo2.0_243       {80} [[0.05, 0.12, 0.07, 0.08, 0.18, 0.12, 0.10, 0.08, 0.08, 0.07]]    [[4.0]]      [2.0]
   traino2.0_364       {66} [[0.00, 0.01, 0.07, 0.12, 0.04, 0.15, 0.07, 0.24, 0.15, 0.12]]    [[7.0]]      [2.0]
   traino6.0_432       {70} [[0.04, 0.02, 0.14, 0.05, 0.17, 0.15, 0.10, 0.10, 0.11, 0.08]]    [[4.0]]      [6.0]
   traino6.0_311       {63} [[0.15, 0.07, 0.09, 0.19, 0.14, 0.11, 0.04, 0.09, 0.03, 0.04]]    [[3.0]]      [6.0]
   traino2.0_484       {83} [[0.06, 0.03, 0.10, 0.14, 0.10, 0.08, 0.08, 0.13, 0.13, 0.10]]    [[3.0]]      [2.0]
   traino0.0_448       {60} [[0.10, 0.03, 0.06, 0.08, 0.20, 0.08, 0.08, 0.10, 0.15, 0.10]]    [[4.0]]      [0.0]
   traino1.0_418       {77} [[0.03, 0.09, 0.12, 0.16, 0.03, 0.10, 0.15, 0.05, 0.11, 0.10]]    [[3.0]]      [1.0]
   traino4.0_412       {65} [[0.07, 0.06, 0.07, 0.13, 0.16, 0.09, 0.13, 0.04, 0.16, 0.03]]    [[8.0]]      [4.0]
   traino0.0_442       {71} [[0.18, 0.00, 0.09, 0.14, 0.04, 0.09, 0.08, 0.19, 0.02, 0.12]]    [[7.0]]      [0.0]
   traino0.0_321       {63} [[0.14, 0.00, 0.14, 0.03, 0.07, 0.11, 0.09, 0.12, 0.15, 0.11]]    [[8.0]]      [0.0]
   traino3.0_438       {80} [[0.18, 0.17, 0.03, 0.13, 0.05, 0.06, 0.02, 0.18, 0.07, 0.06]]    [[7.0]]      [3.0]
   traino3.0_206       {60} [[0.10, 0.03, 0.06, 0.08, 0.20, 0.08, 0.08, 0.10, 0.15, 0.10]]    [[4.0]]      [3.0]
    testo2.0_356       {70} [[0.11, 0.00, 0.12, 0.18, 0.12, 0.08, 0.17, 0.11, 0.01, 0.05]]    [[3.0]]      [2.0]
   traino3.0_202       {60} [[0.13, 0.11, 0.05, 0.18, 0.16, 0.05, 0.10, 0.11, 0.05, 0.03]]    [[3.0]]      [3.0] _/
   traino3.0_441       {63} [[0.15, 0.07, 0.09, 0.19, 0.14, 0.11, 0.04, 0.09, 0.03, 0.04]]    [[3.0]]      [3.0] _/
   traino2.0_239       {69} [[0.23, 0.01, 0.14, 0.13, 0.04, 0.08, 0.11, 0.01, 0.07, 0.14]]    [[0.0]]      [2.0]
   train o7.0_77       {71} [[0.18, 0.00, 0.09, 0.14, 0.04, 0.09, 0.08, 0.19, 0.02, 0.12]]    [[7.0]]      [7.0] _/
   traino2.0_470       {74} [[0.04, 0.02, 0.02, 0.02, 0.17, 0.18, 0.10, 0.10, 0.18, 0.10]]    [[8.0]]      [2.0]
   traino1.0_425       {60} [[0.13, 0.11, 0.05, 0.18, 0.16, 0.05, 0.10, 0.11, 0.05, 0.03]]    [[3.0]]      [1.0]
    testo0.0_338       {60} [[0.13, 0.11, 0.05, 0.18, 0.16, 0.05, 0.10, 0.11, 0.05, 0.03]]    [[3.0]]      [0.0]
   traino0.0_219       {60} [[0.13, 0.11, 0.05, 0.18, 0.16, 0.05, 0.10, 0.11, 0.05, 0.03]]    [[3.0]]      [0.0]
   traino0.0_215       {60} [[0.10, 0.03, 0.06, 0.08, 0.20, 0.08, 0.08, 0.10, 0.15, 0.10]]    [[4.0]]      [0.0]
    testo0.0_337       {63} [[0.14, 0.00, 0.14, 0.03, 0.07, 0.11, 0.09, 0.12, 0.15, 0.11]]    [[8.0]]      [0.0]
   traino0.0_453       {87} [[0.14, 0.01, 0.04, 0.06, 0.02, 0.12, 0.03, 0.24, 0.17, 0.12]]    [[7.0]]      [0.0]
   traino3.0_449       {76} [[0.03, 0.21, 0.05, 0.18, 0.19, 0.09, 0.00, 0.03, 0.11, 0.06]]    [[1.0]]      [3.0]
    testo2.0_344       {63} [[0.14, 0.00, 0.14, 0.03, 0.07, 0.11, 0.09, 0.12, 0.15, 0.11]]    [[8.0]]      [2.0]
    testo2.0_222       {63} [[0.15, 0.07, 0.09, 0.19, 0.14, 0.11, 0.04, 0.09, 0.03, 0.04]]    [[3.0]]      [2.0]
   traino2.0_101       {63} [[0.14, 0.00, 0.14, 0.03, 0.07, 0.11, 0.09, 0.12, 0.15, 0.11]]    [[8.0]]      [2.0]
   traino3.0_216       {75} [[0.25, 0.08, 0.08, 0.18, 0.02, 0.05, 0.09, 0.14, 0.06, 0.01]]    [[0.0]]      [3.0]
   traino2.0_346       {63} [[0.14, 0.00, 0.14, 0.03, 0.07, 0.11, 0.09, 0.12, 0.15, 0.11]]    [[8.0]]      [2.0]
   traino2.0_469       {69} [[0.23, 0.01, 0.14, 0.13, 0.04, 0.08, 0.11, 0.01, 0.07, 0.14]]    [[0.0]]      [2.0]
   traino3.0_333       {63} [[0.14, 0.00, 0.14, 0.03, 0.07, 0.11, 0.09, 0.12, 0.15, 0.11]]    [[8.0]]      [3.0]
   traino7.0_400       {70} [[0.07, 0.05, 0.12, 0.12, 0.21, 0.02, 0.07, 0.18, 0.07, 0.04]]    [[4.0]]      [7.0]
   traino3.0_451       {60} [[0.13, 0.11, 0.05, 0.18, 0.16, 0.05, 0.10, 0.11, 0.05, 0.03]]    [[3.0]]      [3.0] _/
   train o7.0_87       {60} [[0.10, 0.03, 0.06, 0.08, 0.20, 0.08, 0.08, 0.10, 0.15, 0.10]]    [[4.0]]      [7.0]
   traino1.0_312       {76} [[0.03, 0.21, 0.05, 0.18, 0.19, 0.09, 0.00, 0.03, 0.11, 0.06]]    [[1.0]]      [1.0] _/
   train o2.0_59       {60} [[0.10, 0.03, 0.06, 0.08, 0.20, 0.08, 0.08, 0.10, 0.15, 0.10]]    [[4.0]]      [2.0]
   train o7.0_86       {70} [[0.07, 0.05, 0.12, 0.12, 0.21, 0.02, 0.07, 0.18, 0.07, 0.04]]    [[4.0]]      [7.0]
   traino0.0_228       {63} [[0.15, 0.07, 0.09, 0.19, 0.14, 0.11, 0.04, 0.09, 0.03, 0.04]]    [[3.0]]      [0.0]
   train o9.0_23       {69} [[0.23, 0.01, 0.14, 0.13, 0.04, 0.08, 0.11, 0.01, 0.07, 0.14]]    [[0.0]]      [9.0]
   traino0.0_103       {75} [[0.16, 0.00, 0.09, 0.09, 0.20, 0.09, 0.05, 0.04, 0.18, 0.08]]    [[4.0]]      [0.0]
   train o2.0_18       {87} [[0.06, 0.17, 0.12, 0.09, 0.10, 0.02, 0.06, 0.06, 0.13, 0.13]]    [[1.0]]      [2.0]
   traino0.0_464       {69} [[0.23, 0.01, 0.14, 0.13, 0.04, 0.08, 0.11, 0.01, 0.07, 0.14]]    [[0.0]]      [0.0] _/
   train o9.0_28       {66} [[0.00, 0.01, 0.07, 0.12, 0.04, 0.15, 0.07, 0.24, 0.15, 0.12]]    [[7.0]]      [9.0]
   traino2.0_458       {63} [[0.15, 0.07, 0.09, 0.19, 0.14, 0.11, 0.04, 0.09, 0.03, 0.04]]    [[3.0]]      [2.0]
    testo4.0_306       {60} [[0.13, 0.11, 0.05, 0.18, 0.16, 0.05, 0.10, 0.11, 0.05, 0.03]]    [[3.0]]      [4.0]
   traino4.0_307       {60} [[0.10, 0.03, 0.06, 0.08, 0.20, 0.08, 0.08, 0.10, 0.15, 0.10]]    [[4.0]]      [4.0] _/
   traino1.0_204       {66} [[0.10, 0.09, 0.12, 0.06, 0.16, 0.09, 0.21, 0.12, 0.00, 0.03]]    [[6.0]]      [1.0]
   train o7.0_54       {70} [[0.11, 0.00, 0.12, 0.18, 0.12, 0.08, 0.17, 0.11, 0.01, 0.05]]    [[3.0]]      [7.0]
   traino1.0_324       {60} [[0.10, 0.03, 0.06, 0.08, 0.20, 0.08, 0.08, 0.10, 0.15, 0.10]]    [[4.0]]      [1.0]
   traino1.0_208       {66} [[0.10, 0.09, 0.12, 0.06, 0.16, 0.09, 0.21, 0.12, 0.00, 0.03]]    [[6.0]]      [1.0]
   traino0.0_118       {72} [[0.04, 0.02, 0.06, 0.02, 0.15, 0.11, 0.08, 0.13, 0.23, 0.11]]    [[8.0]]      [0.0]
   traino5.0_410       {69} [[0.23, 0.01, 0.14, 0.13, 0.04, 0.08, 0.11, 0.01, 0.07, 0.14]]    [[0.0]]      [5.0]
    test o2.0_29       {60} [[0.13, 0.11, 0.05, 0.18, 0.16, 0.05, 0.10, 0.11, 0.05, 0.03]]    [[3.0]]      [2.0]
   traino0.0_237       {75} [[0.16, 0.00, 0.09, 0.09, 0.20, 0.09, 0.05, 0.04, 0.18, 0.08]]    [[4.0]]      [0.0]
    testo0.0_238       {60} [[0.10, 0.03, 0.06, 0.08, 0.20, 0.08, 0.08, 0.10, 0.15, 0.10]]    [[4.0]]      [0.0]
   traino0.0_117       {78} [[0.23, 0.08, 0.12, 0.10, 0.01, 0.10, 0.10, 0.11, 0.10, 0.01]]    [[0.0]]      [0.0] _/
   traino4.0_302       {80} [[0.05, 0.12, 0.07, 0.08, 0.18, 0.12, 0.10, 0.08, 0.08, 0.07]]    [[4.0]]      [4.0] _/
    testo0.0_111       {69} [[0.23, 0.01, 0.14, 0.13, 0.04, 0.08, 0.11, 0.01, 0.07, 0.14]]    [[0.0]]      [0.0] _/
   traino0.0_471       {60} [[0.13, 0.11, 0.05, 0.18, 0.16, 0.05, 0.10, 0.11, 0.05, 0.03]]    [[3.0]]      [0.0]
    test o9.0_16       {63} [[0.15, 0.07, 0.09, 0.19, 0.14, 0.11, 0.04, 0.09, 0.03, 0.04]]    [[3.0]]      [9.0]
   traino3.0_437       {60} [[0.13, 0.11, 0.05, 0.18, 0.16, 0.05, 0.10, 0.11, 0.05, 0.03]]    [[3.0]]      [3.0] _/
   traino1.0_332       {77} [[0.03, 0.09, 0.12, 0.16, 0.03, 0.10, 0.15, 0.05, 0.11, 0.10]]    [[3.0]]      [1.0]
   traino3.0_433       {63} [[0.15, 0.07, 0.09, 0.19, 0.14, 0.11, 0.04, 0.09, 0.03, 0.04]]    [[3.0]]      [3.0] _/
   train o7.0_69       {66} [[0.00, 0.01, 0.07, 0.12, 0.04, 0.15, 0.07, 0.24, 0.15, 0.12]]    [[7.0]]      [7.0] _/
   train o2.0_36       {76} [[0.03, 0.21, 0.05, 0.18, 0.19, 0.09, 0.00, 0.03, 0.11, 0.06]]    [[1.0]]      [2.0]
   train o2.0_35       {71} [[0.18, 0.00, 0.09, 0.14, 0.04, 0.09, 0.08, 0.19, 0.02, 0.12]]    [[7.0]]      [2.0]
   traino1.0_455       {76} [[0.03, 0.21, 0.05, 0.18, 0.19, 0.09, 0.00, 0.03, 0.11, 0.06]]    [[1.0]]      [1.0] _/
   train o7.0_62       {60} [[0.13, 0.11, 0.05, 0.18, 0.16, 0.05, 0.10, 0.11, 0.05, 0.03]]    [[3.0]]      [7.0]
   traino1.0_339       {78} [[0.23, 0.08, 0.12, 0.10, 0.01, 0.10, 0.10, 0.11, 0.10, 0.01]]    [[0.0]]      [1.0]
   train o6.0_24       {69} [[0.23, 0.01, 0.14, 0.13, 0.04, 0.08, 0.11, 0.01, 0.07, 0.14]]    [[0.0]]      [6.0]
   traino6.0_359       {63} [[0.15, 0.07, 0.09, 0.19, 0.14, 0.11, 0.04, 0.09, 0.03, 0.04]]    [[3.0]]      [6.0]
   traino8.0_413       {72} [[0.04, 0.02, 0.06, 0.02, 0.15, 0.11, 0.08, 0.13, 0.23, 0.11]]    [[8.0]]      [8.0] _/
    test o3.0_83       {63} [[0.15, 0.07, 0.09, 0.19, 0.14, 0.11, 0.04, 0.09, 0.03, 0.04]]    [[3.0]]      [3.0] _/
   traino9.0_196       {69} [[0.23, 0.01, 0.14, 0.13, 0.04, 0.08, 0.11, 0.01, 0.07, 0.14]]    [[0.0]]      [9.0]
   traino8.0_300       {66} [[0.00, 0.01, 0.07, 0.12, 0.04, 0.15, 0.07, 0.24, 0.15, 0.12]]    [[7.0]]      [8.0]
    testo8.0_421       {81} [[0.03, 0.07, 0.04, 0.14, 0.19, 0.07, 0.01, 0.12, 0.17, 0.11]]    [[4.0]]      [8.0]
   traino3.0_402       {60} [[0.13, 0.11, 0.05, 0.18, 0.16, 0.05, 0.10, 0.11, 0.05, 0.03]]    [[3.0]]      [3.0] _/
   traino1.0_343       {85} [[0.03, 0.18, 0.07, 0.03, 0.03, 0.20, 0.14, 0.10, 0.05, 0.12]]    [[5.0]]      [1.0]
   traino1.0_340       {76} [[0.03, 0.21, 0.05, 0.18, 0.19, 0.09, 0.00, 0.03, 0.11, 0.06]]    [[1.0]]      [1.0] _/
   traino6.0_121       {74} [[0.04, 0.02, 0.02, 0.02, 0.17, 0.18, 0.10, 0.10, 0.18, 0.10]]    [[8.0]]      [6.0]
    testo1.0_225       {77} [[0.03, 0.10, 0.07, 0.22, 0.22, 0.03, 0.09, 0.11, 0.05, 0.03]]    [[4.0]]      [1.0]
   traino6.0_240       {63} [[0.14, 0.00, 0.14, 0.03, 0.07, 0.11, 0.09, 0.12, 0.15, 0.11]]    [[8.0]]      [6.0]
    testo6.0_246       {60} [[0.10, 0.03, 0.06, 0.08, 0.20, 0.08, 0.08, 0.10, 0.15, 0.10]]    [[4.0]]      [6.0]
   traino6.0_244       {60} [[0.10, 0.03, 0.06, 0.08, 0.20, 0.08, 0.08, 0.10, 0.15, 0.10]]    [[4.0]]      [6.0]
   traino1.0_348       {69} [[0.23, 0.01, 0.14, 0.13, 0.04, 0.08, 0.11, 0.01, 0.07, 0.14]]    [[0.0]]      [1.0]
   train o6.0_37       {87} [[0.18, 0.08, 0.01, 0.06, 0.03, 0.05, 0.16, 0.17, 0.11, 0.11]]    [[0.0]]      [6.0]
   train  o7.0_6       {66} [[0.00, 0.01, 0.07, 0.12, 0.04, 0.15, 0.07, 0.24, 0.15, 0.12]]    [[7.0]]      [7.0] _/
    testo8.0_428       {63} [[0.14, 0.00, 0.14, 0.03, 0.07, 0.11, 0.09, 0.12, 0.15, 0.11]]    [[8.0]]      [8.0] _/
   train o3.0_70       {60} [[0.13, 0.11, 0.05, 0.18, 0.16, 0.05, 0.10, 0.11, 0.05, 0.03]]    [[3.0]]      [3.0] _/
   traino3.0_408       {60} [[0.13, 0.11, 0.05, 0.18, 0.16, 0.05, 0.10, 0.11, 0.05, 0.03]]    [[3.0]]      [3.0] _/
   traino8.0_424       {72} [[0.04, 0.02, 0.06, 0.02, 0.15, 0.11, 0.08, 0.13, 0.23, 0.11]]    [[8.0]]      [8.0] _/
   traino8.0_422       {76} [[0.06, 0.03, 0.03, 0.17, 0.06, 0.17, 0.02, 0.05, 0.22, 0.14]]    [[8.0]]      [8.0] _/
   traino4.0_167       {60} [[0.10, 0.03, 0.06, 0.08, 0.20, 0.08, 0.08, 0.10, 0.15, 0.10]]    [[4.0]]      [4.0] _/
    testo3.0_415       {63} [[0.15, 0.07, 0.09, 0.19, 0.14, 0.11, 0.04, 0.09, 0.03, 0.04]]    [[3.0]]      [3.0] _/
   traino8.0_430       {76} [[0.06, 0.03, 0.03, 0.17, 0.06, 0.17, 0.02, 0.05, 0.22, 0.14]]    [[8.0]]      [8.0] _/
   traino1.0_112       {85} [[0.03, 0.18, 0.07, 0.03, 0.03, 0.20, 0.14, 0.10, 0.05, 0.12]]    [[5.0]]      [1.0]
   traino1.0_233       {77} [[0.03, 0.09, 0.12, 0.16, 0.03, 0.10, 0.15, 0.05, 0.11, 0.10]]    [[3.0]]      [1.0]
   traino6.0_491       {66} [[0.10, 0.09, 0.12, 0.06, 0.16, 0.09, 0.21, 0.12, 0.00, 0.03]]    [[6.0]]      [6.0] _/
   traino1.0_354       {76} [[0.03, 0.21, 0.05, 0.18, 0.19, 0.09, 0.00, 0.03, 0.11, 0.06]]    [[1.0]]      [1.0] _/
   train  o0.0_2       {71} [[0.14, 0.07, 0.04, 0.16, 0.11, 0.14, 0.07, 0.05, 0.05, 0.14]]    [[3.0]]      [0.0]
   traino1.0_474       {63} [[0.15, 0.07, 0.09, 0.19, 0.14, 0.11, 0.04, 0.09, 0.03, 0.04]]    [[3.0]]      [1.0]
   train  o0.0_7       {69} [[0.23, 0.01, 0.14, 0.13, 0.04, 0.08, 0.11, 0.01, 0.07, 0.14]]    [[0.0]]      [0.0] _/
   traino1.0_116       {76} [[0.03, 0.21, 0.05, 0.18, 0.19, 0.09, 0.00, 0.03, 0.11, 0.06]]    [[1.0]]      [1.0] _/
   traino1.0_115       {63} [[0.15, 0.07, 0.09, 0.19, 0.14, 0.11, 0.04, 0.09, 0.03, 0.04]]    [[3.0]]      [1.0]
   traino6.0_493       {60} [[0.13, 0.11, 0.05, 0.18, 0.16, 0.05, 0.10, 0.11, 0.05, 0.03]]    [[3.0]]      [6.0]
   traino1.0_477       {87} [[0.06, 0.17, 0.12, 0.09, 0.10, 0.02, 0.06, 0.06, 0.13, 0.13]]    [[1.0]]      [1.0] _/
   traino1.0_113       {76} [[0.03, 0.21, 0.05, 0.18, 0.19, 0.09, 0.00, 0.03, 0.11, 0.06]]    [[1.0]]      [1.0] _/
   traino6.0_137       {87} [[0.18, 0.08, 0.01, 0.06, 0.03, 0.05, 0.16, 0.17, 0.11, 0.11]]    [[0.0]]      [6.0]
   traino6.0_498       {66} [[0.10, 0.09, 0.12, 0.06, 0.16, 0.09, 0.21, 0.12, 0.00, 0.03]]    [[6.0]]      [6.0] _/
    test o7.0_90       {63} [[0.14, 0.00, 0.14, 0.03, 0.07, 0.11, 0.09, 0.12, 0.15, 0.11]]    [[8.0]]      [7.0]
   traino4.0_197       {60} [[0.10, 0.03, 0.06, 0.08, 0.20, 0.08, 0.08, 0.10, 0.15, 0.10]]    [[4.0]]      [4.0] _/
   train o3.0_66       {66} [[0.00, 0.01, 0.07, 0.12, 0.04, 0.15, 0.07, 0.24, 0.15, 0.12]]    [[7.0]]      [3.0]
   traino4.0_190       {60} [[0.10, 0.03, 0.06, 0.08, 0.20, 0.08, 0.08, 0.10, 0.15, 0.10]]    [[4.0]]      [4.0] _/
   traino1.0_360       {60} [[0.13, 0.11, 0.05, 0.18, 0.16, 0.05, 0.10, 0.11, 0.05, 0.03]]    [[3.0]]      [1.0]
    testo6.0_260       {60} [[0.10, 0.03, 0.06, 0.08, 0.20, 0.08, 0.08, 0.10, 0.15, 0.10]]    [[4.0]]      [6.0]
   traino1.0_365       {71} [[0.14, 0.07, 0.04, 0.16, 0.11, 0.14, 0.07, 0.05, 0.05, 0.14]]    [[3.0]]      [1.0]
   traino1.0_241       {80} [[0.18, 0.17, 0.03, 0.13, 0.05, 0.06, 0.02, 0.18, 0.07, 0.06]]    [[7.0]]      [1.0]
    testo1.0_362       {85} [[0.03, 0.18, 0.07, 0.03, 0.03, 0.20, 0.14, 0.10, 0.05, 0.12]]    [[5.0]]      [1.0]
   traino1.0_248       {84} [[0.02, 0.16, 0.02, 0.11, 0.11, 0.04, 0.13, 0.10, 0.09, 0.16]]    [[9.0]]      [1.0]
   traino1.0_489       {60} [[0.13, 0.11, 0.05, 0.18, 0.16, 0.05, 0.10, 0.11, 0.05, 0.03]]    [[3.0]]      [1.0]
   traino6.0_262       {72} [[0.04, 0.02, 0.06, 0.02, 0.15, 0.11, 0.08, 0.13, 0.23, 0.11]]    [[8.0]]      [6.0]
   traino6.0_389       {85} [[0.00, 0.08, 0.04, 0.08, 0.04, 0.18, 0.24, 0.11, 0.10, 0.08]]    [[6.0]]      [6.0] _/
   traino6.0_145       {63} [[0.14, 0.00, 0.14, 0.03, 0.07, 0.11, 0.09, 0.12, 0.15, 0.11]]    [[8.0]]      [6.0]
   traino6.0_388       {66} [[0.00, 0.01, 0.07, 0.12, 0.04, 0.15, 0.07, 0.24, 0.15, 0.12]]    [[7.0]]      [6.0]
    testo4.0_183       {65} [[0.07, 0.06, 0.07, 0.13, 0.16, 0.09, 0.13, 0.04, 0.16, 0.03]]    [[8.0]]      [4.0]
   traino4.0_185       {60} [[0.10, 0.03, 0.06, 0.08, 0.20, 0.08, 0.08, 0.10, 0.15, 0.10]]    [[4.0]]      [4.0] _/
   traino8.0_405       {72} [[0.04, 0.02, 0.06, 0.02, 0.15, 0.11, 0.08, 0.13, 0.23, 0.11]]    [[8.0]]      [8.0] _/
   train o3.0_52       {63} [[0.15, 0.07, 0.09, 0.19, 0.14, 0.11, 0.04, 0.09, 0.03, 0.04]]    [[3.0]]      [3.0] _/
   train o6.0_53       {60} [[0.10, 0.03, 0.06, 0.08, 0.20, 0.08, 0.08, 0.10, 0.15, 0.10]]    [[4.0]]      [6.0]
   traino6.0_150       {60} [[0.13, 0.11, 0.05, 0.18, 0.16, 0.05, 0.10, 0.11, 0.05, 0.03]]    [[3.0]]      [6.0]
   traino6.0_390       {72} [[0.04, 0.02, 0.06, 0.02, 0.15, 0.11, 0.08, 0.13, 0.23, 0.11]]    [[8.0]]      [6.0]
    testo6.0_270       {85} [[0.03, 0.18, 0.07, 0.03, 0.03, 0.20, 0.14, 0.10, 0.05, 0.12]]    [[5.0]]      [6.0]
   traino1.0_259       {76} [[0.06, 0.03, 0.03, 0.17, 0.06, 0.17, 0.02, 0.05, 0.22, 0.14]]    [[8.0]]      [1.0]
    testo1.0_257       {78} [[0.23, 0.08, 0.12, 0.10, 0.01, 0.10, 0.10, 0.11, 0.10, 0.01]]    [[0.0]]      [1.0]
   traino4.0_492       {70} [[0.11, 0.00, 0.12, 0.18, 0.12, 0.08, 0.17, 0.11, 0.01, 0.05]]    [[3.0]]      [4.0]
    testo4.0_250       {63} [[0.14, 0.00, 0.14, 0.03, 0.07, 0.11, 0.09, 0.12, 0.15, 0.11]]    [[8.0]]      [4.0]
    testo4.0_494       {60} [[0.13, 0.11, 0.05, 0.18, 0.16, 0.05, 0.10, 0.11, 0.05, 0.03]]    [[3.0]]      [4.0]
   traino6.0_439       {74} [[0.04, 0.02, 0.02, 0.02, 0.17, 0.18, 0.10, 0.10, 0.18, 0.10]]    [[8.0]]      [6.0]
   traino4.0_378       {76} [[0.06, 0.03, 0.03, 0.17, 0.06, 0.17, 0.02, 0.05, 0.22, 0.14]]    [[8.0]]      [4.0]
   traino8.0_218       {72} [[0.04, 0.02, 0.06, 0.02, 0.15, 0.11, 0.08, 0.13, 0.23, 0.11]]    [[8.0]]      [8.0] _/
    testo8.0_334       {66} [[0.00, 0.01, 0.07, 0.12, 0.04, 0.15, 0.07, 0.24, 0.15, 0.12]]    [[7.0]]      [8.0]
   traino8.0_102       {65} [[0.07, 0.06, 0.07, 0.13, 0.16, 0.09, 0.13, 0.04, 0.16, 0.03]]    [[8.0]]      [8.0] _/
    testo8.0_462       {66} [[0.00, 0.01, 0.07, 0.12, 0.04, 0.15, 0.07, 0.24, 0.15, 0.12]]    [[7.0]]      [8.0]
    testo8.0_342       {80} [[0.05, 0.12, 0.07, 0.08, 0.18, 0.12, 0.10, 0.08, 0.08, 0.07]]    [[4.0]]      [8.0]
   traino8.0_463       {63} [[0.14, 0.00, 0.14, 0.03, 0.07, 0.11, 0.09, 0.12, 0.15, 0.11]]    [[8.0]]      [8.0] _/
   traino8.0_460       {76} [[0.06, 0.03, 0.03, 0.17, 0.06, 0.17, 0.02, 0.05, 0.22, 0.14]]    [[8.0]]      [8.0] _/
   traino1.0_264       {71} [[0.14, 0.07, 0.04, 0.16, 0.11, 0.14, 0.07, 0.05, 0.05, 0.14]]    [[3.0]]      [1.0]
    testo1.0_384       {76} [[0.03, 0.21, 0.05, 0.18, 0.19, 0.09, 0.00, 0.03, 0.11, 0.06]]    [[1.0]]      [1.0] _/
   traino2.0_192       {63} [[0.14, 0.00, 0.14, 0.03, 0.07, 0.11, 0.09, 0.12, 0.15, 0.11]]    [[8.0]]      [2.0]
   traino6.0_203       {60} [[0.13, 0.11, 0.05, 0.18, 0.16, 0.05, 0.10, 0.11, 0.05, 0.03]]    [[3.0]]      [6.0]
   traino4.0_481       {66} [[0.00, 0.01, 0.07, 0.12, 0.04, 0.15, 0.07, 0.24, 0.15, 0.12]]    [[7.0]]      [4.0]
   traino8.0_349       {72} [[0.04, 0.02, 0.06, 0.02, 0.15, 0.11, 0.08, 0.13, 0.23, 0.11]]    [[8.0]]      [8.0] _/
   traino8.0_107       {60} [[0.10, 0.03, 0.06, 0.08, 0.20, 0.08, 0.08, 0.10, 0.15, 0.10]]    [[4.0]]      [8.0]
    testo4.0_249       {60} [[0.13, 0.11, 0.05, 0.18, 0.16, 0.05, 0.10, 0.11, 0.05, 0.03]]    [[3.0]]      [4.0]
   traino8.0_229       {66} [[0.00, 0.01, 0.07, 0.12, 0.04, 0.15, 0.07, 0.24, 0.15, 0.12]]    [[7.0]]      [8.0]
   traino4.0_363       {65} [[0.07, 0.06, 0.07, 0.13, 0.16, 0.09, 0.13, 0.04, 0.16, 0.03]]    [[8.0]]      [4.0]
   traino4.0_245       {63} [[0.15, 0.07, 0.09, 0.19, 0.14, 0.11, 0.04, 0.09, 0.03, 0.04]]    [[3.0]]      [4.0]
   traino4.0_124       {60} [[0.10, 0.03, 0.06, 0.08, 0.20, 0.08, 0.08, 0.10, 0.15, 0.10]]    [[4.0]]      [4.0] _/
   traino1.0_392       {76} [[0.03, 0.21, 0.05, 0.18, 0.19, 0.09, 0.00, 0.03, 0.11, 0.06]]    [[1.0]]      [1.0] _/
    test  o8.0_5       {63} [[0.14, 0.00, 0.14, 0.03, 0.07, 0.11, 0.09, 0.12, 0.15, 0.11]]    [[8.0]]      [8.0] _/
   traino1.0_274       {90} [[0.15, 0.17, 0.10, 0.10, 0.06, 0.15, 0.01, 0.05, 0.11, 0.06]]    [[1.0]]      [1.0] _/
   traino1.0_157       {76} [[0.03, 0.21, 0.05, 0.18, 0.19, 0.09, 0.00, 0.03, 0.11, 0.06]]    [[1.0]]      [1.0] _/
   traino2.0_187       {93} [[0.08, 0.05, 0.04, 0.16, 0.09, 0.07, 0.01, 0.06, 0.33, 0.07]]    [[8.0]]      [2.0]
   traino4.0_272       {60} [[0.13, 0.11, 0.05, 0.18, 0.16, 0.05, 0.10, 0.11, 0.05, 0.03]]    [[3.0]]      [4.0]
   traino4.0_395       {60} [[0.10, 0.03, 0.06, 0.08, 0.20, 0.08, 0.08, 0.10, 0.15, 0.10]]    [[4.0]]      [4.0] _/
   traino4.0_158       {74} [[0.04, 0.02, 0.02, 0.02, 0.17, 0.18, 0.10, 0.10, 0.18, 0.10]]    [[8.0]]      [4.0]
   traino1.0_282       {78} [[0.23, 0.08, 0.12, 0.10, 0.01, 0.10, 0.10, 0.11, 0.10, 0.01]]    [[0.0]]      [1.0]
   traino1.0_165       {76} [[0.03, 0.21, 0.05, 0.18, 0.19, 0.09, 0.00, 0.03, 0.11, 0.06]]    [[1.0]]      [1.0] _/
   traino1.0_286       {70} [[0.04, 0.02, 0.14, 0.05, 0.17, 0.15, 0.10, 0.10, 0.11, 0.08]]    [[4.0]]      [1.0]
   traino6.0_461       {69} [[0.23, 0.01, 0.14, 0.13, 0.04, 0.08, 0.11, 0.01, 0.07, 0.14]]    [[0.0]]      [6.0]
   traino6.0_226       {71} [[0.18, 0.00, 0.09, 0.14, 0.04, 0.09, 0.08, 0.19, 0.02, 0.12]]    [[7.0]]      [6.0]
   traino4.0_380       {72} [[0.04, 0.02, 0.06, 0.02, 0.15, 0.11, 0.08, 0.13, 0.23, 0.11]]    [[8.0]]      [4.0]
   train o3.0_93       {75} [[0.16, 0.00, 0.09, 0.09, 0.20, 0.09, 0.05, 0.04, 0.18, 0.08]]    [[4.0]]      [3.0]
   traino8.0_327       {66} [[0.00, 0.01, 0.07, 0.12, 0.04, 0.15, 0.07, 0.24, 0.15, 0.12]]    [[7.0]]      [8.0]
   traino1.0_170       {80} [[0.05, 0.12, 0.07, 0.08, 0.18, 0.12, 0.10, 0.08, 0.08, 0.07]]    [[4.0]]      [1.0]
   traino4.0_386       {60} [[0.10, 0.03, 0.06, 0.08, 0.20, 0.08, 0.08, 0.10, 0.15, 0.10]]    [[4.0]]      [4.0] _/
   traino8.0_205       {65} [[0.07, 0.06, 0.07, 0.13, 0.16, 0.09, 0.13, 0.04, 0.16, 0.03]]    [[8.0]]      [8.0] _/
   traino8.0_445       {75} [[0.16, 0.00, 0.09, 0.09, 0.20, 0.09, 0.05, 0.04, 0.18, 0.08]]    [[4.0]]      [8.0]
    testo8.0_212       {60} [[0.10, 0.03, 0.06, 0.08, 0.20, 0.08, 0.08, 0.10, 0.15, 0.10]]    [[4.0]]      [8.0]
    testo8.0_330       {72} [[0.04, 0.02, 0.06, 0.02, 0.15, 0.11, 0.08, 0.13, 0.23, 0.11]]    [[8.0]]      [8.0] _/
   traino1.0_172       {70} [[0.04, 0.02, 0.14, 0.05, 0.17, 0.15, 0.10, 0.10, 0.11, 0.08]]    [[4.0]]      [1.0]
    testo1.0_292       {77} [[0.03, 0.10, 0.07, 0.22, 0.22, 0.03, 0.09, 0.11, 0.05, 0.03]]    [[4.0]]      [1.0]
   traino1.0_171       {72} [[0.04, 0.02, 0.06, 0.02, 0.15, 0.11, 0.08, 0.13, 0.23, 0.11]]    [[8.0]]      [1.0]
   traino1.0_177       {78} [[0.23, 0.08, 0.12, 0.10, 0.01, 0.10, 0.10, 0.11, 0.10, 0.01]]    [[0.0]]      [1.0]
   traino1.0_176       {66} [[0.10, 0.09, 0.12, 0.06, 0.16, 0.09, 0.21, 0.12, 0.00, 0.03]]    [[6.0]]      [1.0]
   traino1.0_296       {60} [[0.10, 0.03, 0.06, 0.08, 0.20, 0.08, 0.08, 0.10, 0.15, 0.10]]    [[4.0]]      [1.0]
    testo6.0_352       {80} [[0.05, 0.12, 0.07, 0.08, 0.18, 0.12, 0.10, 0.08, 0.08, 0.07]]    [[4.0]]      [6.0]
   traino2.0_283       {66} [[0.00, 0.01, 0.07, 0.12, 0.04, 0.15, 0.07, 0.24, 0.15, 0.12]]    [[7.0]]      [2.0]
   traino6.0_350       {66} [[0.10, 0.09, 0.12, 0.06, 0.16, 0.09, 0.21, 0.12, 0.00, 0.03]]    [[6.0]]      [6.0] _/
   traino6.0_235       {69} [[0.23, 0.01, 0.14, 0.13, 0.04, 0.08, 0.11, 0.01, 0.07, 0.14]]    [[0.0]]      [6.0]
   traino6.0_357       {83} [[0.00, 0.10, 0.06, 0.04, 0.15, 0.10, 0.14, 0.15, 0.14, 0.07]]    [[7.0]]      [6.0]
   traino2.0_287       {71} [[0.14, 0.07, 0.04, 0.16, 0.11, 0.14, 0.07, 0.05, 0.05, 0.14]]    [[3.0]]      [2.0]
   traino8.0_385       {72} [[0.04, 0.02, 0.06, 0.02, 0.15, 0.11, 0.08, 0.13, 0.23, 0.11]]    [[8.0]]      [8.0] _/
    testo8.0_383       {60} [[0.10, 0.03, 0.06, 0.08, 0.20, 0.08, 0.08, 0.10, 0.15, 0.10]]    [[4.0]]      [8.0]
   traino8.0_142       {86} [[0.04, 0.10, 0.11, 0.12, 0.02, 0.11, 0.09, 0.23, 0.12, 0.01]]    [[7.0]]      [8.0]
   traino7.0_178       {63} [[0.14, 0.00, 0.14, 0.03, 0.07, 0.11, 0.09, 0.12, 0.15, 0.11]]    [[8.0]]      [7.0]
   traino9.0_467       {71} [[0.18, 0.00, 0.09, 0.14, 0.04, 0.09, 0.08, 0.19, 0.02, 0.12]]    [[7.0]]      [9.0]
   traino9.0_105       {75} [[0.16, 0.00, 0.09, 0.09, 0.20, 0.09, 0.05, 0.04, 0.18, 0.08]]    [[4.0]]      [9.0]
   traino1.0_186       {76} [[0.06, 0.03, 0.03, 0.17, 0.06, 0.17, 0.02, 0.05, 0.22, 0.14]]    [[8.0]]      [1.0]
    testo9.0_341       {66} [[0.00, 0.01, 0.07, 0.12, 0.04, 0.15, 0.07, 0.24, 0.15, 0.12]]    [[7.0]]      [9.0]
   traino8.0_149       {63} [[0.14, 0.00, 0.14, 0.03, 0.07, 0.11, 0.09, 0.12, 0.15, 0.11]]    [[8.0]]      [8.0] _/
    testo8.0_147       {69} [[0.23, 0.01, 0.14, 0.13, 0.04, 0.08, 0.11, 0.01, 0.07, 0.14]]    [[0.0]]      [8.0]
   traino8.0_398       {71} [[0.18, 0.00, 0.09, 0.14, 0.04, 0.09, 0.08, 0.19, 0.02, 0.12]]    [[7.0]]      [8.0]
    testo9.0_459       {71} [[0.18, 0.00, 0.09, 0.14, 0.04, 0.09, 0.08, 0.19, 0.02, 0.12]]    [[7.0]]      [9.0]
   traino8.0_154       {60} [[0.10, 0.03, 0.06, 0.08, 0.20, 0.08, 0.08, 0.10, 0.15, 0.10]]    [[4.0]]      [8.0]
   traino7.0_164       {60} [[0.10, 0.03, 0.06, 0.08, 0.20, 0.08, 0.08, 0.10, 0.15, 0.10]]    [[4.0]]      [7.0]
   traino8.0_276       {74} [[0.04, 0.02, 0.02, 0.02, 0.17, 0.18, 0.10, 0.10, 0.18, 0.10]]    [[8.0]]      [8.0] _/
   traino1.0_199       {60} [[0.13, 0.11, 0.05, 0.18, 0.16, 0.05, 0.10, 0.11, 0.05, 0.03]]    [[3.0]]      [1.0]
   traino9.0_456       {85} [[0.03, 0.07, 0.04, 0.11, 0.11, 0.07, 0.04, 0.16, 0.16, 0.16]]    [[9.0]]      [9.0] _/
   traino9.0_457       {69} [[0.23, 0.01, 0.14, 0.13, 0.04, 0.08, 0.11, 0.01, 0.07, 0.14]]    [[0.0]]      [9.0]
    test o4.0_84       {60} [[0.13, 0.11, 0.05, 0.18, 0.16, 0.05, 0.10, 0.11, 0.05, 0.03]]    [[3.0]]      [4.0]
   traino9.0_374       {65} [[0.07, 0.06, 0.07, 0.13, 0.16, 0.09, 0.13, 0.04, 0.16, 0.03]]    [[8.0]]      [9.0]
   traino9.0_254       {63} [[0.14, 0.00, 0.14, 0.03, 0.07, 0.11, 0.09, 0.12, 0.15, 0.11]]    [[8.0]]      [9.0]
   train o1.0_10       {87} [[0.06, 0.17, 0.12, 0.09, 0.10, 0.02, 0.06, 0.06, 0.13, 0.13]]    [[1.0]]      [1.0] _/
   train o1.0_12       {83} [[0.00, 0.10, 0.06, 0.04, 0.15, 0.10, 0.14, 0.15, 0.14, 0.07]]    [[7.0]]      [1.0]
   traino8.0_123       {65} [[0.07, 0.06, 0.07, 0.13, 0.16, 0.09, 0.13, 0.04, 0.16, 0.03]]    [[8.0]]      [8.0] _/
   traino7.0_152       {60} [[0.10, 0.03, 0.06, 0.08, 0.20, 0.08, 0.08, 0.10, 0.15, 0.10]]    [[4.0]]      [7.0]
   traino7.0_156       {63} [[0.15, 0.07, 0.09, 0.19, 0.14, 0.11, 0.04, 0.09, 0.03, 0.04]]    [[3.0]]      [7.0]
   traino8.0_125       {60} [[0.13, 0.11, 0.05, 0.18, 0.16, 0.05, 0.10, 0.11, 0.05, 0.03]]    [[3.0]]      [8.0]
   traino8.0_255       {60} [[0.10, 0.03, 0.06, 0.08, 0.20, 0.08, 0.08, 0.10, 0.15, 0.10]]    [[4.0]]      [8.0]
   train o1.0_17       {65} [[0.07, 0.06, 0.07, 0.13, 0.16, 0.09, 0.13, 0.04, 0.16, 0.03]]    [[8.0]]      [1.0]
    testo8.0_130       {71} [[0.14, 0.07, 0.04, 0.16, 0.11, 0.14, 0.07, 0.05, 0.05, 0.14]]    [[3.0]]      [8.0]
   traino9.0_476       {60} [[0.13, 0.11, 0.05, 0.18, 0.16, 0.05, 0.10, 0.11, 0.05, 0.03]]    [[3.0]]      [9.0]
   traino8.0_251       {65} [[0.07, 0.06, 0.07, 0.13, 0.16, 0.09, 0.13, 0.04, 0.16, 0.03]]    [[8.0]]      [8.0] _/
    testo9.0_114       {66} [[0.00, 0.01, 0.07, 0.12, 0.04, 0.15, 0.07, 0.24, 0.15, 0.12]]    [[7.0]]      [9.0]
   traino7.0_267       {83} [[0.00, 0.10, 0.06, 0.04, 0.15, 0.10, 0.14, 0.15, 0.14, 0.07]]    [[7.0]]      [7.0] _/
   traino8.0_370       {60} [[0.10, 0.03, 0.06, 0.08, 0.20, 0.08, 0.08, 0.10, 0.15, 0.10]]    [[4.0]]      [8.0]
   traino8.0_371       {80} [[0.18, 0.17, 0.03, 0.13, 0.05, 0.06, 0.02, 0.18, 0.07, 0.06]]    [[7.0]]      [8.0]
    test o3.0_46       {63} [[0.15, 0.07, 0.09, 0.19, 0.14, 0.11, 0.04, 0.09, 0.03, 0.04]]    [[3.0]]      [3.0] _/
   train o1.0_30       {60} [[0.13, 0.11, 0.05, 0.18, 0.16, 0.05, 0.10, 0.11, 0.05, 0.03]]    [[3.0]]      [1.0]
   traino9.0_396       {83} [[0.00, 0.10, 0.06, 0.04, 0.15, 0.10, 0.14, 0.15, 0.14, 0.07]]    [[7.0]]      [9.0]
   traino9.0_155       {63} [[0.14, 0.00, 0.14, 0.03, 0.07, 0.11, 0.09, 0.12, 0.15, 0.11]]    [[8.0]]      [9.0]
   train o6.0_64       {66} [[0.10, 0.09, 0.12, 0.06, 0.16, 0.09, 0.21, 0.12, 0.00, 0.03]]    [[6.0]]      [6.0] _/
   train o1.0_34       {72} [[0.04, 0.02, 0.06, 0.02, 0.15, 0.11, 0.08, 0.13, 0.23, 0.11]]    [[8.0]]      [1.0]
   train o6.0_65       {71} [[0.14, 0.07, 0.04, 0.16, 0.11, 0.14, 0.07, 0.05, 0.05, 0.14]]    [[3.0]]      [6.0]
    testo9.0_273       {84} [[0.02, 0.16, 0.02, 0.11, 0.11, 0.04, 0.13, 0.10, 0.09, 0.16]]    [[9.0]]      [9.0] _/
   traino9.0_148       {80} [[0.18, 0.17, 0.03, 0.13, 0.05, 0.06, 0.02, 0.18, 0.07, 0.06]]    [[7.0]]      [9.0]
   traino9.0_269       {76} [[0.06, 0.03, 0.03, 0.17, 0.06, 0.17, 0.02, 0.05, 0.22, 0.14]]    [[8.0]]      [9.0]
    testo6.0_163       {86} [[0.04, 0.10, 0.11, 0.12, 0.02, 0.11, 0.09, 0.23, 0.12, 0.01]]    [[7.0]]      [6.0]
   traino9.0_266       {63} [[0.14, 0.00, 0.14, 0.03, 0.07, 0.11, 0.09, 0.12, 0.15, 0.11]]    [[8.0]]      [9.0]
   traino9.0_382       {66} [[0.00, 0.01, 0.07, 0.12, 0.04, 0.15, 0.07, 0.24, 0.15, 0.12]]    [[7.0]]      [9.0]
   traino5.0_193       {63} [[0.15, 0.07, 0.09, 0.19, 0.14, 0.11, 0.04, 0.09, 0.03, 0.04]]    [[3.0]]      [5.0]
   train o8.0_13       {69} [[0.23, 0.01, 0.14, 0.13, 0.04, 0.08, 0.11, 0.01, 0.07, 0.14]]    [[0.0]]      [8.0]
   traino9.0_377       {71} [[0.14, 0.07, 0.04, 0.16, 0.11, 0.14, 0.07, 0.05, 0.05, 0.14]]    [[3.0]]      [9.0]
   traino8.0_194       {60} [[0.13, 0.11, 0.05, 0.18, 0.16, 0.05, 0.10, 0.11, 0.05, 0.03]]    [[3.0]]      [8.0]
   train o8.0_15       {60} [[0.10, 0.03, 0.06, 0.08, 0.20, 0.08, 0.08, 0.10, 0.15, 0.10]]    [[4.0]]      [8.0]
    testo6.0_295       {63} [[0.14, 0.00, 0.14, 0.03, 0.07, 0.11, 0.09, 0.12, 0.15, 0.11]]    [[8.0]]      [6.0]
   traino6.0_299       {74} [[0.04, 0.02, 0.02, 0.02, 0.17, 0.18, 0.10, 0.10, 0.18, 0.10]]    [[8.0]]      [6.0]
    test o8.0_19       {60} [[0.10, 0.03, 0.06, 0.08, 0.20, 0.08, 0.08, 0.10, 0.15, 0.10]]    [[4.0]]      [8.0]
   traino6.0_179       {66} [[0.10, 0.09, 0.12, 0.06, 0.16, 0.09, 0.21, 0.12, 0.00, 0.03]]    [[6.0]]      [6.0] _/
   train o3.0_22       {71} [[0.14, 0.07, 0.04, 0.16, 0.11, 0.14, 0.07, 0.05, 0.05, 0.14]]    [[3.0]]      [3.0] _/
   train o3.0_27       {60} [[0.10, 0.03, 0.06, 0.08, 0.20, 0.08, 0.08, 0.10, 0.15, 0.10]]    [[4.0]]      [3.0]
   train o3.0_25       {60} [[0.10, 0.03, 0.06, 0.08, 0.20, 0.08, 0.08, 0.10, 0.15, 0.10]]    [[4.0]]      [3.0]
    test  o5.0_8       {82} [[0.09, 0.07, 0.08, 0.07, 0.13, 0.13, 0.13, 0.09, 0.09, 0.07]]    [[6.0]]      [5.0]
   train o1.0_55       {63} [[0.15, 0.07, 0.09, 0.19, 0.14, 0.11, 0.04, 0.09, 0.03, 0.04]]    [[3.0]]      [1.0]
   train o6.0_88       {78} [[0.23, 0.08, 0.12, 0.10, 0.01, 0.10, 0.10, 0.11, 0.10, 0.01]]    [[0.0]]      [6.0]
   traino9.0_174       {60} [[0.10, 0.03, 0.06, 0.08, 0.20, 0.08, 0.08, 0.10, 0.15, 0.10]]    [[4.0]]      [9.0]
   train o8.0_20       {63} [[0.14, 0.00, 0.14, 0.03, 0.07, 0.11, 0.09, 0.12, 0.15, 0.11]]    [[8.0]]      [8.0] _/
   traino7.0_195       {66} [[0.00, 0.01, 0.07, 0.12, 0.04, 0.15, 0.07, 0.24, 0.15, 0.12]]    [[7.0]]      [7.0] _/
   train o1.0_49       {76} [[0.03, 0.21, 0.05, 0.18, 0.19, 0.09, 0.00, 0.03, 0.11, 0.06]]    [[1.0]]      [1.0] _/
   train o8.0_21       {76} [[0.06, 0.03, 0.03, 0.17, 0.06, 0.17, 0.02, 0.05, 0.22, 0.14]]    [[8.0]]      [8.0] _/
   traino9.0_289       {66} [[0.00, 0.01, 0.07, 0.12, 0.04, 0.15, 0.07, 0.24, 0.15, 0.12]]    [[7.0]]      [9.0]
   traino9.0_169       {71} [[0.14, 0.07, 0.04, 0.16, 0.11, 0.14, 0.07, 0.05, 0.05, 0.14]]    [[3.0]]      [9.0]
   traino6.0_188       {78} [[0.23, 0.08, 0.12, 0.10, 0.01, 0.10, 0.10, 0.11, 0.10, 0.01]]    [[0.0]]      [6.0]
   traino6.0_189       {60} [[0.10, 0.03, 0.06, 0.08, 0.20, 0.08, 0.08, 0.10, 0.15, 0.10]]    [[4.0]]      [6.0]
   traino9.0_280       {60} [[0.10, 0.03, 0.06, 0.08, 0.20, 0.08, 0.08, 0.10, 0.15, 0.10]]    [[4.0]]      [9.0]
   traino9.0_285       {63} [[0.14, 0.00, 0.14, 0.03, 0.07, 0.11, 0.09, 0.12, 0.15, 0.11]]    [[8.0]]      [9.0]
    test o1.0_63       {77} [[0.23, 0.20, 0.06, 0.07, 0.05, 0.03, 0.14, 0.11, 0.02, 0.03]]    [[0.0]]      [1.0]
   traino9.0_160       {60} [[0.10, 0.03, 0.06, 0.08, 0.20, 0.08, 0.08, 0.10, 0.15, 0.10]]    [[4.0]]      [9.0]
   train o6.0_99       {65} [[0.07, 0.06, 0.07, 0.13, 0.16, 0.09, 0.13, 0.04, 0.16, 0.03]]    [[8.0]]      [6.0]
    test o8.0_32       {69} [[0.23, 0.01, 0.14, 0.13, 0.04, 0.08, 0.11, 0.01, 0.07, 0.14]]    [[0.0]]      [8.0]
   traino6.0_191       {60} [[0.13, 0.11, 0.05, 0.18, 0.16, 0.05, 0.10, 0.11, 0.05, 0.03]]    [[3.0]]      [6.0]
   traino8.0_298       {60} [[0.10, 0.03, 0.06, 0.08, 0.20, 0.08, 0.08, 0.10, 0.15, 0.10]]    [[4.0]]      [8.0]
   train o8.0_33       {75} [[0.16, 0.00, 0.09, 0.09, 0.20, 0.09, 0.05, 0.04, 0.18, 0.08]]    [[4.0]]      [8.0]
    test  o5.0_3       {63} [[0.15, 0.07, 0.09, 0.19, 0.14, 0.11, 0.04, 0.09, 0.03, 0.04]]    [[3.0]]      [5.0]
    test o8.0_38       {63} [[0.14, 0.00, 0.14, 0.03, 0.07, 0.11, 0.09, 0.12, 0.15, 0.11]]    [[8.0]]      [8.0] _/
   traino7.0_182       {60} [[0.13, 0.11, 0.05, 0.18, 0.16, 0.05, 0.10, 0.11, 0.05, 0.03]]    [[3.0]]      [7.0]

Objects classified correctly: 125
Total objects: 500
Accuracy: 25.0%

Training Objects classified correctly: 102/400
Accuracy: 25.5%

Test Objects classified correctly: 23/100
Accuracy: 23.0%
