Reading thesis/data/mnist1/floating_codings_4.fccsv
No of Objects: 500
No of attributes: 256
No of concepts: 7996

-----------------------------------------------------------------------------------------------------------------------
  Train/  Object     Extent                                 Probabilities  Predicted     Actual
   Test                Size [[0.0, 1.0, 2.0, 3.0, 4.0, 5.0, 6.0, 7.0, 8.0, 9.0]]      Class      Class
-----------------------------------------------------------------------------------------------------------------------
   traino0.0_488        {3} [[0.33, 0.00, 0.33, 0.00, 0.00, 0.00, 0.33, 0.00, 0.00, 0.00]]    [[6.0]]      [0.0]
    testo0.0_367        {6} [[0.33, 0.00, 0.00, 0.16, 0.16, 0.00, 0.00, 0.00, 0.16, 0.16]]    [[0.0]]      [0.0] _/
    testo5.0_381        {7} [[0.00, 0.14, 0.00, 0.00, 0.00, 0.57, 0.14, 0.00, 0.14, 0.00]]    [[5.0]]      [5.0] _/
   traino0.0_487        {8} [[0.12, 0.37, 0.12, 0.25, 0.00, 0.00, 0.12, 0.00, 0.00, 0.00]]    [[1.0]]      [0.0]
    test o1.0_78        {9} [[0.11, 0.11, 0.11, 0.22, 0.11, 0.11, 0.00, 0.11, 0.11, 0.00]]    [[3.0]]      [1.0]
   traino0.0_480        {5} [[0.20, 0.00, 0.20, 0.20, 0.00, 0.20, 0.00, 0.00, 0.00, 0.20]]    [[9.0]]      [0.0]
   traino7.0_329        {7} [[0.00, 0.00, 0.00, 0.00, 0.14, 0.00, 0.14, 0.14, 0.42, 0.14]]    [[8.0]]      [7.0]
   traino7.0_209        {8} [[0.00, 0.00, 0.00, 0.25, 0.37, 0.00, 0.00, 0.12, 0.25, 0.00]]    [[4.0]]      [7.0]
   traino7.0_450       {10} [[0.10, 0.00, 0.00, 0.00, 0.20, 0.10, 0.10, 0.20, 0.20, 0.10]]    [[8.0]]      [7.0]
   train o8.0_41        {3} [[0.00, 0.00, 0.33, 0.00, 0.00, 0.33, 0.00, 0.00, 0.33, 0.00]]    [[8.0]]      [8.0] _/
   traino7.0_211        {7} [[0.00, 0.14, 0.14, 0.14, 0.14, 0.00, 0.14, 0.28, 0.00, 0.00]]    [[7.0]]      [7.0] _/
   traino7.0_454       {11} [[0.00, 0.00, 0.00, 0.09, 0.09, 0.00, 0.36, 0.18, 0.09, 0.18]]    [[6.0]]      [7.0]
   traino7.0_213       {10} [[0.00, 0.20, 0.10, 0.10, 0.00, 0.10, 0.20, 0.20, 0.10, 0.00]]    [[7.0]]      [7.0] _/
   traino5.0_153        {7} [[0.00, 0.00, 0.14, 0.14, 0.00, 0.42, 0.00, 0.14, 0.14, 0.00]]    [[5.0]]      [5.0] _/
   traino5.0_159        {5} [[0.00, 0.00, 0.00, 0.20, 0.20, 0.20, 0.00, 0.00, 0.40, 0.00]]    [[8.0]]      [5.0]
   traino5.0_397        {6} [[0.16, 0.00, 0.00, 0.00, 0.00, 0.16, 0.33, 0.16, 0.16, 0.00]]    [[6.0]]      [5.0]
    testo5.0_279        {7} [[0.00, 0.00, 0.00, 0.00, 0.14, 0.42, 0.00, 0.14, 0.14, 0.14]]    [[5.0]]      [5.0] _/
   traino0.0_138        {8} [[0.25, 0.12, 0.12, 0.00, 0.12, 0.00, 0.12, 0.00, 0.12, 0.12]]    [[0.0]]      [0.0] _/
   traino0.0_139        {1} [[1.00, 0.00, 0.00, 0.00, 0.00, 0.00, 0.00, 0.00, 0.00, 0.00]]    [[0.0]]      [0.0] _/
   traino0.0_375        {7} [[0.14, 0.00, 0.00, 0.28, 0.14, 0.00, 0.00, 0.42, 0.00, 0.00]]    [[7.0]]      [0.0]
   traino7.0_314        {8} [[0.12, 0.00, 0.00, 0.12, 0.37, 0.00, 0.12, 0.25, 0.00, 0.00]]    [[4.0]]      [7.0]
   traino0.0_376        {6} [[0.33, 0.00, 0.00, 0.00, 0.33, 0.16, 0.00, 0.00, 0.00, 0.16]]    [[4.0]]      [0.0]
    testo5.0_394        {8} [[0.00, 0.00, 0.00, 0.12, 0.00, 0.37, 0.25, 0.00, 0.12, 0.12]]    [[5.0]]      [5.0] _/
   train o8.0_50        {3} [[0.00, 0.33, 0.00, 0.00, 0.00, 0.33, 0.00, 0.00, 0.33, 0.00]]    [[8.0]]      [8.0] _/
   traino0.0_373        {1} [[1.00, 0.00, 0.00, 0.00, 0.00, 0.00, 0.00, 0.00, 0.00, 0.00]]    [[0.0]]      [0.0] _/
    test o5.0_97        {6} [[0.33, 0.16, 0.00, 0.00, 0.00, 0.33, 0.00, 0.16, 0.00, 0.00]]    [[5.0]]      [5.0] _/
   traino0.0_490        {5} [[0.20, 0.60, 0.00, 0.00, 0.00, 0.20, 0.00, 0.00, 0.00, 0.00]]    [[1.0]]      [0.0]
   train o5.0_92        {2} [[0.50, 0.00, 0.00, 0.00, 0.00, 0.50, 0.00, 0.00, 0.00, 0.00]]    [[5.0]]      [5.0] _/
   traino7.0_200        {7} [[0.14, 0.00, 0.00, 0.28, 0.14, 0.00, 0.00, 0.42, 0.00, 0.00]]    [[7.0]]      [7.0] _/
   train o8.0_58        {9} [[0.00, 0.11, 0.11, 0.00, 0.00, 0.22, 0.11, 0.00, 0.33, 0.11]]    [[8.0]]      [8.0] _/
   traino7.0_322        {7} [[0.28, 0.14, 0.14, 0.00, 0.14, 0.14, 0.00, 0.14, 0.00, 0.00]]    [[0.0]]      [7.0]
    test o5.0_94        {5} [[0.20, 0.60, 0.00, 0.00, 0.00, 0.20, 0.00, 0.00, 0.00, 0.00]]    [[1.0]]      [5.0]
   traino7.0_201        {6} [[0.00, 0.16, 0.00, 0.00, 0.33, 0.00, 0.16, 0.33, 0.00, 0.00]]    [[7.0]]      [7.0] _/
   traino2.0_305        {9} [[0.00, 0.00, 0.22, 0.00, 0.11, 0.00, 0.11, 0.44, 0.00, 0.11]]    [[7.0]]      [2.0]
   train o5.0_95        {7} [[0.00, 0.42, 0.00, 0.14, 0.00, 0.28, 0.00, 0.00, 0.14, 0.00]]    [[1.0]]      [5.0]
   traino5.0_166        {4} [[0.50, 0.00, 0.00, 0.00, 0.00, 0.25, 0.00, 0.00, 0.00, 0.25]]    [[0.0]]      [5.0]
    test o1.0_91        {4} [[0.00, 0.75, 0.00, 0.00, 0.25, 0.00, 0.00, 0.00, 0.00, 0.00]]    [[1.0]]      [1.0] _/
   train o1.0_96        {7} [[0.00, 0.85, 0.00, 0.00, 0.00, 0.14, 0.00, 0.00, 0.00, 0.00]]    [[1.0]]      [1.0] _/
    testo2.0_407        {9} [[0.11, 0.00, 0.22, 0.00, 0.00, 0.22, 0.11, 0.33, 0.00, 0.00]]    [[7.0]]      [2.0]
   train o1.0_98        {6} [[0.33, 0.16, 0.00, 0.16, 0.00, 0.16, 0.00, 0.16, 0.00, 0.00]]    [[0.0]]      [1.0]
    testo0.0_387        {5} [[0.60, 0.00, 0.00, 0.20, 0.00, 0.00, 0.00, 0.20, 0.00, 0.00]]    [[0.0]]      [0.0] _/
   traino7.0_426        {6} [[0.33, 0.16, 0.00, 0.00, 0.00, 0.33, 0.00, 0.16, 0.00, 0.00]]    [[5.0]]      [7.0]
    testo7.0_427        {1} [[0.00, 0.00, 0.00, 0.00, 0.00, 0.00, 0.00, 1.00, 0.00, 0.00]]    [[7.0]]      [7.0] _/
   traino5.0_162        {9} [[0.11, 0.11, 0.11, 0.22, 0.11, 0.11, 0.00, 0.11, 0.11, 0.00]]    [[3.0]]      [5.0]
   traino0.0_140        {4} [[0.50, 0.00, 0.00, 0.00, 0.00, 0.25, 0.00, 0.00, 0.00, 0.25]]    [[0.0]]      [0.0] _/
    test o8.0_61        {8} [[0.25, 0.12, 0.12, 0.00, 0.12, 0.00, 0.12, 0.00, 0.12, 0.12]]    [[0.0]]      [8.0]
   traino5.0_281        {5} [[0.20, 0.00, 0.00, 0.20, 0.00, 0.20, 0.00, 0.20, 0.20, 0.00]]    [[8.0]]      [5.0]
   traino2.0_411        {7} [[0.28, 0.00, 0.28, 0.28, 0.00, 0.14, 0.00, 0.00, 0.00, 0.00]]    [[3.0]]      [2.0]
    testo9.0_409        {7} [[0.14, 0.00, 0.14, 0.14, 0.00, 0.14, 0.00, 0.00, 0.14, 0.28]]    [[9.0]]      [9.0] _/
   traino3.0_180       {11} [[0.00, 0.00, 0.18, 0.09, 0.09, 0.36, 0.09, 0.09, 0.00, 0.09]]    [[5.0]]      [3.0]
   traino5.0_291        {7} [[0.00, 0.00, 0.00, 0.00, 0.14, 0.42, 0.00, 0.14, 0.14, 0.14]]    [[5.0]]      [5.0] _/
   traino0.0_277        {7} [[0.14, 0.00, 0.00, 0.14, 0.28, 0.00, 0.00, 0.28, 0.14, 0.00]]    [[7.0]]      [0.0]
   traino0.0_399        {7} [[0.14, 0.00, 0.00, 0.00, 0.00, 0.14, 0.42, 0.14, 0.14, 0.00]]    [[6.0]]      [0.0]
    testo0.0_271        {3} [[0.33, 0.00, 0.00, 0.00, 0.00, 0.33, 0.00, 0.00, 0.00, 0.33]]    [[9.0]]      [0.0]
   traino5.0_173        {8} [[0.12, 0.00, 0.12, 0.25, 0.00, 0.12, 0.00, 0.25, 0.12, 0.00]]    [[7.0]]      [5.0]
   traino0.0_393        {5} [[0.40, 0.40, 0.00, 0.00, 0.00, 0.00, 0.00, 0.00, 0.00, 0.20]]    [[1.0]]      [0.0]
   traino7.0_419        {4} [[0.00, 0.00, 0.25, 0.25, 0.00, 0.00, 0.00, 0.25, 0.25, 0.00]]    [[8.0]]      [7.0]
   train o5.0_75        {6} [[0.33, 0.16, 0.00, 0.00, 0.00, 0.33, 0.00, 0.16, 0.00, 0.00]]    [[5.0]]      [5.0] _/
   train o4.0_26        {6} [[0.00, 0.00, 0.16, 0.00, 0.33, 0.33, 0.16, 0.00, 0.00, 0.00]]    [[5.0]]      [4.0]
   traino7.0_420        {6} [[0.33, 0.00, 0.00, 0.16, 0.00, 0.00, 0.16, 0.16, 0.16, 0.00]]    [[0.0]]      [7.0]
   traino3.0_198       {10} [[0.10, 0.10, 0.10, 0.30, 0.10, 0.00, 0.10, 0.00, 0.10, 0.10]]    [[3.0]]      [3.0] _/
   train  o4.0_9        {6} [[0.00, 0.00, 0.00, 0.33, 0.50, 0.00, 0.00, 0.00, 0.00, 0.16]]    [[4.0]]      [4.0] _/
   train o5.0_79        {7} [[0.28, 0.00, 0.28, 0.28, 0.00, 0.14, 0.00, 0.00, 0.00, 0.00]]    [[3.0]]      [5.0]
   traino5.0_465        {7} [[0.00, 0.42, 0.00, 0.14, 0.00, 0.28, 0.00, 0.00, 0.14, 0.00]]    [[1.0]]      [5.0]
   traino5.0_466        {5} [[0.20, 0.00, 0.20, 0.20, 0.00, 0.20, 0.00, 0.00, 0.00, 0.20]]    [[9.0]]      [5.0]
   traino5.0_347        {4} [[0.00, 0.00, 0.00, 0.25, 0.50, 0.25, 0.00, 0.00, 0.00, 0.00]]    [[4.0]]      [5.0]
   traino5.0_104        {8} [[0.00, 0.00, 0.25, 0.00, 0.00, 0.25, 0.12, 0.25, 0.12, 0.00]]    [[7.0]]      [5.0]
   train o9.0_85        {5} [[0.00, 0.20, 0.00, 0.00, 0.20, 0.40, 0.00, 0.00, 0.00, 0.20]]    [[5.0]]      [9.0]
   traino7.0_369        {1} [[0.00, 0.00, 0.00, 0.00, 0.00, 0.00, 0.00, 1.00, 0.00, 0.00]]    [[7.0]]      [7.0] _/
    testo0.0_284        {6} [[0.16, 0.00, 0.16, 0.16, 0.00, 0.16, 0.16, 0.00, 0.16, 0.00]]    [[8.0]]      [0.0]
   traino7.0_372       {10} [[0.00, 0.20, 0.10, 0.10, 0.00, 0.00, 0.20, 0.20, 0.00, 0.20]]    [[9.0]]      [7.0]
   traino7.0_132        {8} [[0.00, 0.25, 0.00, 0.12, 0.12, 0.12, 0.12, 0.12, 0.12, 0.00]]    [[1.0]]      [7.0]
    testo7.0_495        {3} [[0.00, 0.00, 0.33, 0.33, 0.00, 0.00, 0.00, 0.33, 0.00, 0.00]]    [[7.0]]      [7.0] _/
   traino7.0_496        {6} [[0.33, 0.16, 0.00, 0.16, 0.00, 0.16, 0.00, 0.16, 0.00, 0.00]]    [[0.0]]      [7.0]
   traino3.0_168        {9} [[0.11, 0.00, 0.00, 0.11, 0.11, 0.00, 0.11, 0.22, 0.22, 0.11]]    [[8.0]]      [3.0]
   traino7.0_497        {5} [[0.20, 0.00, 0.00, 0.20, 0.00, 0.20, 0.00, 0.20, 0.20, 0.00]]    [[8.0]]      [7.0]
   train o4.0_56        {5} [[0.20, 0.00, 0.00, 0.20, 0.40, 0.00, 0.00, 0.20, 0.00, 0.00]]    [[4.0]]      [4.0] _/
    testo3.0_288        {8} [[0.25, 0.00, 0.00, 0.25, 0.00, 0.12, 0.00, 0.00, 0.12, 0.25]]    [[9.0]]      [3.0]
   traino7.0_499        {5} [[0.00, 0.00, 0.00, 0.20, 0.20, 0.00, 0.20, 0.20, 0.20, 0.00]]    [[8.0]]      [7.0]
   traino5.0_217        {6} [[0.00, 0.00, 0.00, 0.00, 0.16, 0.33, 0.00, 0.16, 0.16, 0.16]]    [[5.0]]      [5.0] _/
   train o9.0_82        {9} [[0.22, 0.00, 0.22, 0.11, 0.00, 0.11, 0.00, 0.22, 0.00, 0.11]]    [[7.0]]      [9.0]
   train o9.0_81        {7} [[0.00, 0.28, 0.00, 0.14, 0.00, 0.00, 0.14, 0.00, 0.00, 0.42]]    [[9.0]]      [9.0] _/
   train o4.0_51        {1} [[0.00, 0.00, 0.00, 0.00, 1.00, 0.00, 0.00, 0.00, 0.00, 0.00]]    [[4.0]]      [4.0] _/
    testo3.0_161        {6} [[0.00, 0.00, 0.00, 0.33, 0.00, 0.16, 0.00, 0.33, 0.16, 0.00]]    [[7.0]]      [3.0]
   traino5.0_230        {3} [[0.33, 0.00, 0.00, 0.00, 0.00, 0.33, 0.00, 0.00, 0.00, 0.33]]    [[9.0]]      [5.0]
    testo5.0_472        {3} [[0.00, 0.00, 0.33, 0.00, 0.00, 0.33, 0.00, 0.00, 0.33, 0.00]]    [[8.0]]      [5.0]
    testo7.0_119        {6} [[0.00, 0.33, 0.00, 0.00, 0.00, 0.00, 0.00, 0.50, 0.00, 0.16]]    [[7.0]]      [7.0] _/
   traino0.0_293        {7} [[0.28, 0.00, 0.28, 0.14, 0.00, 0.00, 0.00, 0.14, 0.14, 0.00]]    [[2.0]]      [0.0]
   traino0.0_175        {6} [[0.33, 0.00, 0.00, 0.16, 0.16, 0.00, 0.00, 0.00, 0.16, 0.16]]    [[0.0]]      [0.0] _/
   traino7.0_482        {6} [[0.00, 0.00, 0.00, 0.33, 0.00, 0.16, 0.00, 0.33, 0.16, 0.00]]    [[7.0]]      [7.0] _/
   traino7.0_120        {6} [[0.16, 0.16, 0.00, 0.16, 0.16, 0.00, 0.00, 0.16, 0.16, 0.00]]    [[8.0]]      [7.0]
   traino7.0_242        {7} [[0.00, 0.14, 0.00, 0.14, 0.28, 0.14, 0.00, 0.14, 0.14, 0.00]]    [[4.0]]      [7.0]
   traino7.0_485        {9} [[0.00, 0.00, 0.22, 0.00, 0.11, 0.00, 0.11, 0.44, 0.00, 0.11]]    [[7.0]]      [7.0] _/
    test o4.0_47        {8} [[0.00, 0.00, 0.00, 0.00, 0.25, 0.37, 0.00, 0.12, 0.25, 0.00]]    [[5.0]]      [4.0]
    testo7.0_486        {5} [[0.20, 0.00, 0.00, 0.20, 0.40, 0.00, 0.00, 0.20, 0.00, 0.00]]    [[4.0]]      [7.0]
    test o4.0_45        {5} [[0.00, 0.20, 0.20, 0.00, 0.20, 0.00, 0.00, 0.20, 0.00, 0.20]]    [[9.0]]      [4.0]
   traino3.0_297        {8} [[0.37, 0.00, 0.00, 0.25, 0.00, 0.00, 0.00, 0.00, 0.37, 0.00]]    [[8.0]]      [3.0]
   train o4.0_43        {6} [[0.00, 0.00, 0.00, 0.00, 0.33, 0.33, 0.00, 0.00, 0.33, 0.00]]    [[8.0]]      [4.0]
    testo3.0_294       {12} [[0.33, 0.08, 0.16, 0.08, 0.16, 0.00, 0.08, 0.00, 0.08, 0.00]]    [[0.0]]      [3.0]
   traino3.0_290        {8} [[0.00, 0.00, 0.12, 0.12, 0.00, 0.00, 0.25, 0.12, 0.12, 0.25]]    [[9.0]]      [3.0]
   traino5.0_366        {6} [[0.00, 0.00, 0.00, 0.16, 0.16, 0.33, 0.00, 0.16, 0.00, 0.16]]    [[5.0]]      [5.0] _/
   traino9.0_331        {4} [[0.00, 0.00, 0.00, 0.00, 0.00, 0.25, 0.00, 0.00, 0.00, 0.75]]    [[9.0]]      [9.0] _/
   traino7.0_227        {6} [[0.16, 0.16, 0.00, 0.16, 0.16, 0.16, 0.00, 0.16, 0.00, 0.00]]    [[7.0]]      [7.0] _/
   traino9.0_210        {8} [[0.00, 0.12, 0.00, 0.00, 0.25, 0.25, 0.12, 0.00, 0.12, 0.12]]    [[5.0]]      [9.0]
   traino0.0_184        {8} [[0.12, 0.00, 0.12, 0.00, 0.25, 0.25, 0.00, 0.00, 0.25, 0.00]]    [[8.0]]      [0.0]
   traino9.0_326        {4} [[0.50, 0.00, 0.00, 0.00, 0.00, 0.25, 0.00, 0.00, 0.00, 0.25]]    [[0.0]]      [9.0]
   traino0.0_181        {8} [[0.12, 0.12, 0.25, 0.00, 0.12, 0.00, 0.12, 0.00, 0.12, 0.12]]    [[2.0]]      [0.0]
   traino7.0_231        {5} [[0.00, 0.20, 0.20, 0.00, 0.20, 0.00, 0.00, 0.20, 0.00, 0.20]]    [[9.0]]      [7.0]
   traino3.0_268       {12} [[0.25, 0.00, 0.08, 0.25, 0.00, 0.00, 0.25, 0.16, 0.00, 0.00]]    [[6.0]]      [3.0]
   traino3.0_146        {8} [[0.12, 0.00, 0.12, 0.12, 0.00, 0.12, 0.00, 0.00, 0.37, 0.12]]    [[8.0]]      [3.0]
   traino9.0_323        {4} [[0.00, 0.00, 0.00, 0.00, 0.00, 0.25, 0.00, 0.00, 0.00, 0.75]]    [[9.0]]      [9.0] _/
   traino7.0_355        {5} [[0.00, 0.20, 0.00, 0.00, 0.20, 0.00, 0.20, 0.20, 0.20, 0.00]]    [[8.0]]      [7.0]
   traino9.0_446        {9} [[0.11, 0.00, 0.11, 0.00, 0.33, 0.11, 0.11, 0.00, 0.11, 0.11]]    [[4.0]]      [9.0]
   traino3.0_265        {6} [[0.16, 0.00, 0.00, 0.33, 0.16, 0.16, 0.00, 0.00, 0.16, 0.00]]    [[3.0]]      [3.0] _/
   traino3.0_143        {6} [[0.00, 0.00, 0.00, 0.16, 0.16, 0.33, 0.00, 0.16, 0.00, 0.16]]    [[5.0]]      [3.0]
   train  o3.0_0        {7} [[0.00, 0.14, 0.14, 0.14, 0.14, 0.00, 0.14, 0.28, 0.00, 0.00]]    [[7.0]]      [3.0]
    testo3.0_141        {6} [[0.00, 0.00, 0.16, 0.16, 0.16, 0.16, 0.00, 0.16, 0.00, 0.16]]    [[9.0]]      [3.0]
   traino3.0_261        {5} [[0.20, 0.00, 0.00, 0.20, 0.40, 0.00, 0.00, 0.20, 0.00, 0.00]]    [[4.0]]      [3.0]
   train o4.0_71        {6} [[0.33, 0.00, 0.00, 0.16, 0.16, 0.00, 0.00, 0.00, 0.16, 0.16]]    [[0.0]]      [4.0]
   traino5.0_133        {8} [[0.12, 0.00, 0.00, 0.00, 0.25, 0.25, 0.12, 0.25, 0.00, 0.00]]    [[7.0]]      [5.0]
   traino5.0_136        {2} [[0.50, 0.00, 0.00, 0.00, 0.00, 0.50, 0.00, 0.00, 0.00, 0.00]]    [[5.0]]      [5.0] _/
   traino9.0_318        {8} [[0.00, 0.12, 0.00, 0.12, 0.25, 0.12, 0.00, 0.00, 0.12, 0.25]]    [[9.0]]      [9.0] _/
   traino7.0_345        {6} [[0.33, 0.00, 0.00, 0.16, 0.00, 0.00, 0.00, 0.16, 0.33, 0.00]]    [[8.0]]      [7.0]
   traino3.0_275        {7} [[0.28, 0.14, 0.00, 0.14, 0.28, 0.00, 0.14, 0.00, 0.00, 0.00]]    [[4.0]]      [3.0]
    test o5.0_39        {4} [[0.00, 0.25, 0.00, 0.25, 0.00, 0.50, 0.00, 0.00, 0.00, 0.00]]    [[5.0]]      [5.0] _/
   traino5.0_129        {4} [[0.00, 0.25, 0.00, 0.25, 0.00, 0.50, 0.00, 0.00, 0.00, 0.00]]    [[5.0]]      [5.0] _/
   traino3.0_151        {7} [[0.28, 0.14, 0.14, 0.14, 0.00, 0.14, 0.00, 0.14, 0.00, 0.00]]    [[0.0]]      [3.0]
   traino9.0_319        {7} [[0.14, 0.00, 0.14, 0.00, 0.00, 0.00, 0.00, 0.14, 0.28, 0.28]]    [[9.0]]      [9.0] _/
   train o4.0_60        {1} [[0.00, 0.00, 0.00, 0.00, 1.00, 0.00, 0.00, 0.00, 0.00, 0.00]]    [[4.0]]      [4.0] _/
   train o9.0_48        {8} [[0.25, 0.00, 0.00, 0.00, 0.12, 0.12, 0.00, 0.00, 0.37, 0.12]]    [[8.0]]      [9.0]
    testo0.0_406        {2} [[0.50, 0.00, 0.00, 0.00, 0.00, 0.00, 0.00, 0.50, 0.00, 0.00]]    [[7.0]]      [0.0]
   train  o9.0_4        {6} [[0.33, 0.00, 0.00, 0.16, 0.16, 0.00, 0.00, 0.00, 0.16, 0.16]]    [[0.0]]      [9.0]
    testo5.0_303        {6} [[0.00, 0.16, 0.16, 0.16, 0.00, 0.16, 0.00, 0.00, 0.00, 0.33]]    [[9.0]]      [5.0]
   traino0.0_401        {9} [[0.22, 0.00, 0.11, 0.11, 0.00, 0.11, 0.00, 0.11, 0.33, 0.00]]    [[8.0]]      [0.0]
   train o0.0_68        {7} [[0.57, 0.00, 0.00, 0.14, 0.00, 0.28, 0.00, 0.00, 0.00, 0.00]]    [[0.0]]      [0.0] _/
   train o0.0_67        {9} [[0.22, 0.00, 0.11, 0.00, 0.11, 0.00, 0.11, 0.11, 0.33, 0.00]]    [[8.0]]      [0.0]
   traino4.0_335        {8} [[0.00, 0.00, 0.00, 0.25, 0.37, 0.00, 0.00, 0.12, 0.25, 0.00]]    [[4.0]]      [4.0] _/
   traino4.0_214        {6} [[0.00, 0.16, 0.00, 0.00, 0.16, 0.16, 0.16, 0.00, 0.16, 0.16]]    [[9.0]]      [4.0]
    testo2.0_278        {6} [[0.00, 0.00, 0.16, 0.00, 0.33, 0.33, 0.16, 0.00, 0.00, 0.00]]    [[5.0]]      [2.0]
    testo3.0_128        {5} [[0.20, 0.00, 0.40, 0.20, 0.00, 0.00, 0.00, 0.00, 0.20, 0.00]]    [[2.0]]      [3.0]
   traino3.0_126        {8} [[0.00, 0.00, 0.00, 0.25, 0.12, 0.00, 0.12, 0.25, 0.12, 0.12]]    [[7.0]]      [3.0]
   traino3.0_368        {6} [[0.16, 0.00, 0.00, 0.33, 0.16, 0.16, 0.00, 0.00, 0.16, 0.00]]    [[3.0]]      [3.0] _/
   traino4.0_328        {4} [[0.00, 0.00, 0.00, 0.25, 0.50, 0.25, 0.00, 0.00, 0.00, 0.00]]    [[4.0]]      [4.0] _/
   train o2.0_80        {3} [[0.00, 0.00, 0.33, 0.33, 0.00, 0.00, 0.00, 0.33, 0.00, 0.00]]    [[7.0]]      [2.0]
   traino3.0_122        {7} [[0.00, 0.00, 0.14, 0.14, 0.14, 0.14, 0.00, 0.00, 0.00, 0.42]]    [[9.0]]      [3.0]
   traino2.0_391        {7} [[0.14, 0.42, 0.14, 0.14, 0.00, 0.00, 0.00, 0.14, 0.00, 0.00]]    [[1.0]]      [2.0]
    test o9.0_40        {5} [[0.00, 0.20, 0.20, 0.00, 0.00, 0.00, 0.40, 0.00, 0.00, 0.20]]    [[6.0]]      [9.0]
   train o2.0_89       {12} [[0.16, 0.08, 0.08, 0.08, 0.08, 0.33, 0.00, 0.00, 0.16, 0.00]]    [[5.0]]      [2.0]
    testo5.0_416        {7} [[0.00, 0.00, 0.14, 0.14, 0.00, 0.42, 0.00, 0.14, 0.14, 0.00]]    [[5.0]]      [5.0] _/
   train o7.0_31        {1} [[0.00, 0.00, 0.00, 0.00, 0.00, 0.00, 0.00, 1.00, 0.00, 0.00]]    [[7.0]]      [7.0] _/
   traino6.0_404        {8} [[0.12, 0.00, 0.00, 0.00, 0.25, 0.25, 0.12, 0.25, 0.00, 0.00]]    [[7.0]]      [6.0]
   train o0.0_76        {6} [[0.33, 0.00, 0.00, 0.16, 0.00, 0.00, 0.16, 0.16, 0.16, 0.00]]    [[0.0]]      [0.0] _/
   traino0.0_417        {2} [[0.50, 0.00, 0.00, 0.00, 0.00, 0.50, 0.00, 0.00, 0.00, 0.00]]    [[5.0]]      [0.0]
    testo5.0_313        {5} [[0.60, 0.00, 0.00, 0.00, 0.00, 0.20, 0.00, 0.00, 0.00, 0.20]]    [[0.0]]      [5.0]
   traino5.0_435        {9} [[0.00, 0.11, 0.00, 0.44, 0.00, 0.11, 0.00, 0.22, 0.11, 0.00]]    [[3.0]]      [5.0]
    test o0.0_73        {9} [[0.22, 0.00, 0.00, 0.00, 0.11, 0.22, 0.22, 0.11, 0.00, 0.11]]    [[6.0]]      [0.0]
    testo0.0_414        {4} [[0.25, 0.50, 0.00, 0.00, 0.00, 0.00, 0.00, 0.00, 0.00, 0.25]]    [[1.0]]      [0.0]
   traino4.0_444        {6} [[0.16, 0.00, 0.00, 0.33, 0.16, 0.16, 0.00, 0.00, 0.16, 0.00]]    [[3.0]]      [4.0]
   traino4.0_440       {18} [[0.05, 0.11, 0.11, 0.16, 0.05, 0.05, 0.11, 0.00, 0.16, 0.16]]    [[9.0]]      [4.0]
   traino4.0_443        {1} [[0.00, 0.00, 0.00, 0.00, 1.00, 0.00, 0.00, 0.00, 0.00, 0.00]]    [[4.0]]      [4.0] _/
   traino4.0_317        {6} [[0.16, 0.00, 0.00, 0.16, 0.16, 0.00, 0.00, 0.16, 0.16, 0.16]]    [[9.0]]      [4.0]
   traino3.0_256        {6} [[0.00, 0.00, 0.16, 0.16, 0.00, 0.00, 0.16, 0.33, 0.16, 0.00]]    [[7.0]]      [3.0]
   traino3.0_134        {7} [[0.00, 0.57, 0.00, 0.28, 0.00, 0.00, 0.00, 0.00, 0.00, 0.14]]    [[1.0]]      [3.0]
   train o7.0_44        {1} [[0.00, 0.00, 0.00, 0.00, 0.00, 0.00, 0.00, 1.00, 0.00, 0.00]]    [[7.0]]      [7.0] _/
    testo3.0_131        {6} [[0.00, 0.00, 0.00, 0.33, 0.50, 0.00, 0.00, 0.00, 0.00, 0.16]]    [[4.0]]      [3.0]
   traino3.0_252        {3} [[0.00, 0.00, 0.33, 0.33, 0.00, 0.00, 0.00, 0.33, 0.00, 0.00]]    [[7.0]]      [3.0]
   train  o9.0_1       {10} [[0.00, 0.20, 0.00, 0.10, 0.20, 0.30, 0.00, 0.00, 0.00, 0.20]]    [[5.0]]      [9.0]
   traino2.0_263        {8} [[0.00, 0.12, 0.12, 0.00, 0.25, 0.25, 0.00, 0.12, 0.12, 0.00]]    [[5.0]]      [2.0]
   traino2.0_144        {7} [[0.14, 0.00, 0.14, 0.14, 0.00, 0.14, 0.00, 0.00, 0.14, 0.28]]    [[9.0]]      [2.0]
   train o0.0_42        {6} [[0.16, 0.16, 0.00, 0.16, 0.16, 0.16, 0.00, 0.16, 0.00, 0.00]]    [[7.0]]      [0.0]
   traino4.0_351        {8} [[0.00, 0.12, 0.00, 0.12, 0.25, 0.12, 0.00, 0.00, 0.12, 0.25]]    [[9.0]]      [4.0]
    testo0.0_308        {1} [[1.00, 0.00, 0.00, 0.00, 0.00, 0.00, 0.00, 0.00, 0.00, 0.00]]    [[0.0]]      [0.0] _/
   traino0.0_429        {1} [[1.00, 0.00, 0.00, 0.00, 0.00, 0.00, 0.00, 0.00, 0.00, 0.00]]    [[0.0]]      [0.0] _/
    testo5.0_325        {6} [[0.16, 0.00, 0.00, 0.33, 0.16, 0.16, 0.00, 0.00, 0.16, 0.00]]    [[3.0]]      [5.0]
    testo5.0_320        {6} [[0.33, 0.00, 0.00, 0.00, 0.33, 0.16, 0.00, 0.00, 0.00, 0.16]]    [[4.0]]      [5.0]
    testo0.0_304        {9} [[0.44, 0.11, 0.00, 0.00, 0.00, 0.11, 0.00, 0.11, 0.11, 0.11]]    [[0.0]]      [0.0] _/
   traino4.0_478        {6} [[0.00, 0.00, 0.16, 0.00, 0.33, 0.33, 0.16, 0.00, 0.00, 0.00]]    [[5.0]]      [4.0]
   traino4.0_232        {8} [[0.12, 0.12, 0.00, 0.00, 0.12, 0.12, 0.12, 0.12, 0.12, 0.12]]    [[9.0]]      [4.0]
   traino4.0_353        {8} [[0.00, 0.12, 0.12, 0.00, 0.25, 0.25, 0.00, 0.12, 0.12, 0.00]]    [[5.0]]      [4.0]
   traino4.0_475        {8} [[0.12, 0.00, 0.37, 0.00, 0.12, 0.00, 0.37, 0.00, 0.00, 0.00]]    [[6.0]]      [4.0]
   traino2.0_135        {8} [[0.12, 0.12, 0.25, 0.00, 0.12, 0.00, 0.12, 0.00, 0.12, 0.12]]    [[2.0]]      [2.0] _/
   traino3.0_106       {13} [[0.07, 0.15, 0.15, 0.30, 0.00, 0.15, 0.07, 0.07, 0.00, 0.00]]    [[3.0]]      [3.0] _/
   traino2.0_258       {11} [[0.09, 0.18, 0.18, 0.18, 0.00, 0.18, 0.00, 0.09, 0.00, 0.09]]    [[5.0]]      [2.0]
   traino2.0_379        {8} [[0.25, 0.25, 0.12, 0.00, 0.00, 0.25, 0.00, 0.12, 0.00, 0.00]]    [[5.0]]      [2.0]
   traino3.0_468        {5} [[0.00, 0.00, 0.00, 0.20, 0.20, 0.00, 0.20, 0.20, 0.20, 0.00]]    [[8.0]]      [3.0]
   traino4.0_108        {9} [[0.11, 0.00, 0.11, 0.11, 0.33, 0.00, 0.00, 0.11, 0.22, 0.00]]    [[4.0]]      [4.0] _/
    test o7.0_14        {7} [[0.00, 0.00, 0.14, 0.00, 0.14, 0.28, 0.00, 0.14, 0.14, 0.14]]    [[5.0]]      [7.0]
   traino3.0_223        {6} [[0.00, 0.00, 0.16, 0.33, 0.00, 0.33, 0.00, 0.00, 0.16, 0.00]]    [[5.0]]      [3.0]
   traino4.0_109        {7} [[0.00, 0.00, 0.00, 0.42, 0.28, 0.14, 0.00, 0.00, 0.14, 0.00]]    [[3.0]]      [4.0]
   train o7.0_11        {9} [[0.11, 0.11, 0.00, 0.11, 0.11, 0.11, 0.00, 0.22, 0.22, 0.00]]    [[8.0]]      [7.0]
   traino5.0_315        {5} [[0.00, 0.20, 0.00, 0.00, 0.20, 0.40, 0.00, 0.00, 0.00, 0.20]]    [[5.0]]      [5.0] _/
   traino5.0_436        {7} [[0.14, 0.14, 0.00, 0.00, 0.28, 0.42, 0.00, 0.00, 0.00, 0.00]]    [[5.0]]      [5.0] _/
   traino6.0_301        {6} [[0.33, 0.00, 0.00, 0.16, 0.00, 0.00, 0.16, 0.16, 0.16, 0.00]]    [[0.0]]      [6.0]
    testo5.0_316        {1} [[0.00, 0.00, 0.00, 0.00, 0.00, 1.00, 0.00, 0.00, 0.00, 0.00]]    [[5.0]]      [5.0] _/
   traino6.0_423        {5} [[0.20, 0.20, 0.00, 0.20, 0.00, 0.00, 0.20, 0.00, 0.00, 0.20]]    [[9.0]]      [6.0]
   traino2.0_253        {4} [[0.00, 0.00, 0.25, 0.00, 0.00, 0.50, 0.25, 0.00, 0.00, 0.00]]    [[5.0]]      [2.0]
   traino1.0_403        {1} [[0.00, 1.00, 0.00, 0.00, 0.00, 0.00, 0.00, 0.00, 0.00, 0.00]]    [[1.0]]      [1.0] _/
   traino5.0_336        {7} [[0.14, 0.28, 0.00, 0.14, 0.00, 0.28, 0.14, 0.00, 0.00, 0.00]]    [[5.0]]      [5.0] _/
   traino6.0_309       {10} [[0.00, 0.10, 0.10, 0.30, 0.00, 0.00, 0.30, 0.00, 0.20, 0.00]]    [[6.0]]      [6.0] _/
   train o0.0_57       {13} [[0.38, 0.00, 0.00, 0.30, 0.00, 0.15, 0.07, 0.07, 0.00, 0.00]]    [[0.0]]      [0.0] _/
   traino5.0_452        {7} [[0.00, 0.28, 0.14, 0.14, 0.00, 0.42, 0.00, 0.00, 0.00, 0.00]]    [[5.0]]      [5.0] _/
   traino4.0_224        {8} [[0.00, 0.00, 0.12, 0.00, 0.62, 0.12, 0.00, 0.00, 0.12, 0.00]]    [[4.0]]      [4.0] _/
   traino0.0_431        {9} [[0.33, 0.11, 0.11, 0.22, 0.22, 0.00, 0.00, 0.00, 0.00, 0.00]]    [[0.0]]      [0.0] _/
   traino0.0_310        {7} [[0.28, 0.14, 0.14, 0.00, 0.14, 0.14, 0.00, 0.14, 0.00, 0.00]]    [[0.0]]      [0.0] _/
   traino4.0_221        {4} [[0.00, 0.00, 0.00, 0.25, 0.50, 0.25, 0.00, 0.00, 0.00, 0.00]]    [[4.0]]      [4.0] _/
    testo4.0_100        {6} [[0.00, 0.00, 0.16, 0.00, 0.33, 0.00, 0.16, 0.16, 0.16, 0.00]]    [[4.0]]      [4.0] _/
   traino4.0_220        {6} [[0.33, 0.00, 0.00, 0.00, 0.33, 0.16, 0.00, 0.00, 0.00, 0.16]]    [[4.0]]      [4.0] _/
    test o2.0_72        {5} [[0.20, 0.00, 0.40, 0.40, 0.00, 0.00, 0.00, 0.00, 0.00, 0.00]]    [[3.0]]      [2.0]
   train o2.0_74        {7} [[0.28, 0.00, 0.28, 0.28, 0.00, 0.14, 0.00, 0.00, 0.00, 0.00]]    [[3.0]]      [2.0]
   traino3.0_479        {9} [[0.11, 0.00, 0.11, 0.11, 0.33, 0.11, 0.00, 0.11, 0.00, 0.11]]    [[4.0]]      [3.0]
   traino2.0_247        {8} [[0.12, 0.12, 0.12, 0.12, 0.12, 0.12, 0.00, 0.25, 0.00, 0.00]]    [[7.0]]      [2.0]
   traino3.0_358        {8} [[0.25, 0.00, 0.25, 0.12, 0.12, 0.00, 0.12, 0.00, 0.12, 0.00]]    [[2.0]]      [3.0]
   traino3.0_236        {1} [[0.00, 0.00, 0.00, 1.00, 0.00, 0.00, 0.00, 0.00, 0.00, 0.00]]    [[3.0]]      [3.0] _/
   traino2.0_127        {7} [[0.14, 0.00, 0.14, 0.42, 0.00, 0.00, 0.00, 0.00, 0.28, 0.00]]    [[3.0]]      [2.0]
    testo3.0_234        {8} [[0.12, 0.12, 0.00, 0.25, 0.00, 0.00, 0.00, 0.12, 0.25, 0.12]]    [[8.0]]      [3.0]
   traino3.0_110        {9} [[0.11, 0.11, 0.11, 0.11, 0.11, 0.22, 0.11, 0.00, 0.11, 0.00]]    [[5.0]]      [3.0]
    testo3.0_473        {7} [[0.14, 0.00, 0.00, 0.42, 0.14, 0.00, 0.00, 0.14, 0.00, 0.14]]    [[3.0]]      [3.0] _/
   traino5.0_207        {5} [[0.00, 0.20, 0.00, 0.00, 0.20, 0.40, 0.00, 0.00, 0.00, 0.20]]    [[5.0]]      [5.0] _/
    testo5.0_447        {6} [[0.00, 0.00, 0.16, 0.00, 0.33, 0.33, 0.16, 0.00, 0.00, 0.00]]    [[5.0]]      [5.0] _/
    testo2.0_483        {9} [[0.33, 0.00, 0.11, 0.00, 0.00, 0.11, 0.11, 0.11, 0.11, 0.11]]    [[0.0]]      [2.0]
   traino6.0_434        {8} [[0.00, 0.00, 0.00, 0.37, 0.12, 0.25, 0.25, 0.00, 0.00, 0.00]]    [[3.0]]      [6.0]
   traino2.0_361        {5} [[0.20, 0.00, 0.20, 0.20, 0.00, 0.20, 0.00, 0.00, 0.00, 0.20]]    [[9.0]]      [2.0]
   traino2.0_243        {6} [[0.00, 0.00, 0.16, 0.00, 0.33, 0.00, 0.16, 0.16, 0.16, 0.00]]    [[4.0]]      [2.0]
   traino2.0_364        {5} [[0.00, 0.20, 0.20, 0.00, 0.00, 0.00, 0.40, 0.00, 0.00, 0.20]]    [[6.0]]      [2.0]
   traino6.0_311        {8} [[0.00, 0.00, 0.25, 0.12, 0.12, 0.00, 0.25, 0.00, 0.25, 0.00]]    [[8.0]]      [6.0]
   traino6.0_432       {11} [[0.00, 0.27, 0.00, 0.09, 0.09, 0.00, 0.18, 0.18, 0.18, 0.00]]    [[1.0]]      [6.0]
   traino2.0_484       {10} [[0.20, 0.20, 0.10, 0.20, 0.00, 0.30, 0.00, 0.00, 0.00, 0.00]]    [[5.0]]      [2.0]
   traino0.0_448        {5} [[0.20, 0.00, 0.00, 0.20, 0.40, 0.00, 0.00, 0.20, 0.00, 0.00]]    [[4.0]]      [0.0]
   traino1.0_418        {9} [[0.11, 0.22, 0.00, 0.00, 0.11, 0.11, 0.11, 0.11, 0.11, 0.11]]    [[1.0]]      [1.0] _/
   traino4.0_412        {6} [[0.00, 0.00, 0.16, 0.00, 0.33, 0.00, 0.16, 0.16, 0.16, 0.00]]    [[4.0]]      [4.0] _/
   traino0.0_442        {6} [[0.33, 0.16, 0.00, 0.00, 0.00, 0.33, 0.00, 0.16, 0.00, 0.00]]    [[5.0]]      [0.0]
   traino0.0_321        {5} [[0.20, 0.20, 0.00, 0.00, 0.20, 0.00, 0.00, 0.20, 0.20, 0.00]]    [[8.0]]      [0.0]
   traino3.0_438        {3} [[0.00, 0.33, 0.33, 0.33, 0.00, 0.00, 0.00, 0.00, 0.00, 0.00]]    [[3.0]]      [3.0] _/
   traino3.0_206        {6} [[0.33, 0.00, 0.00, 0.16, 0.00, 0.00, 0.16, 0.16, 0.16, 0.00]]    [[0.0]]      [3.0]
   traino2.0_356        {8} [[0.00, 0.00, 0.12, 0.00, 0.00, 0.12, 0.50, 0.12, 0.12, 0.00]]    [[6.0]]      [2.0]
   traino3.0_202        {5} [[0.20, 0.00, 0.40, 0.40, 0.00, 0.00, 0.00, 0.00, 0.00, 0.00]]    [[3.0]]      [3.0] _/
   traino3.0_441        {9} [[0.00, 0.00, 0.11, 0.33, 0.00, 0.33, 0.00, 0.11, 0.00, 0.11]]    [[5.0]]      [3.0]
   traino2.0_239        {3} [[0.00, 0.33, 0.33, 0.33, 0.00, 0.00, 0.00, 0.00, 0.00, 0.00]]    [[3.0]]      [2.0]
   train o7.0_77       {10} [[0.10, 0.00, 0.00, 0.10, 0.00, 0.00, 0.10, 0.50, 0.20, 0.00]]    [[7.0]]      [7.0] _/
   traino2.0_470        {7} [[0.14, 0.14, 0.14, 0.14, 0.00, 0.14, 0.14, 0.14, 0.00, 0.00]]    [[7.0]]      [2.0]
   traino1.0_425        {6} [[0.16, 0.16, 0.00, 0.16, 0.16, 0.00, 0.00, 0.16, 0.16, 0.00]]    [[8.0]]      [1.0]
   traino0.0_338        {6} [[0.33, 0.00, 0.00, 0.16, 0.00, 0.00, 0.00, 0.16, 0.33, 0.00]]    [[8.0]]      [0.0]
   traino0.0_219        {6} [[0.33, 0.16, 0.00, 0.16, 0.00, 0.16, 0.00, 0.16, 0.00, 0.00]]    [[0.0]]      [0.0] _/
   traino0.0_215        {7} [[0.57, 0.00, 0.00, 0.14, 0.00, 0.28, 0.00, 0.00, 0.00, 0.00]]    [[0.0]]      [0.0] _/
    testo0.0_337        {7} [[0.28, 0.00, 0.14, 0.28, 0.00, 0.14, 0.00, 0.00, 0.14, 0.00]]    [[3.0]]      [0.0]
    testo0.0_453        {2} [[0.50, 0.00, 0.00, 0.00, 0.00, 0.00, 0.50, 0.00, 0.00, 0.00]]    [[6.0]]      [0.0]
   traino3.0_449        {5} [[0.20, 0.20, 0.00, 0.20, 0.00, 0.00, 0.20, 0.00, 0.00, 0.20]]    [[9.0]]      [3.0]
    testo2.0_344        {9} [[0.22, 0.11, 0.22, 0.11, 0.11, 0.00, 0.11, 0.11, 0.00, 0.00]]    [[2.0]]      [2.0] _/
   traino3.0_216        {6} [[0.33, 0.16, 0.00, 0.16, 0.00, 0.16, 0.00, 0.16, 0.00, 0.00]]    [[0.0]]      [3.0]
   traino2.0_222        {3} [[0.00, 0.00, 0.33, 0.00, 0.00, 0.33, 0.00, 0.00, 0.33, 0.00]]    [[8.0]]      [2.0]
   traino2.0_101        {1} [[0.00, 0.00, 1.00, 0.00, 0.00, 0.00, 0.00, 0.00, 0.00, 0.00]]    [[2.0]]      [2.0] _/
   traino2.0_346       {11} [[0.18, 0.00, 0.09, 0.00, 0.09, 0.27, 0.18, 0.09, 0.09, 0.00]]    [[5.0]]      [2.0]
    testo2.0_469        {6} [[0.00, 0.16, 0.16, 0.16, 0.00, 0.16, 0.00, 0.00, 0.00, 0.33]]    [[9.0]]      [2.0]
   traino3.0_333        {5} [[0.20, 0.00, 0.40, 0.40, 0.00, 0.00, 0.00, 0.00, 0.00, 0.00]]    [[3.0]]      [3.0] _/
   traino7.0_400        {6} [[0.00, 0.16, 0.00, 0.00, 0.33, 0.00, 0.16, 0.33, 0.00, 0.00]]    [[7.0]]      [7.0] _/
   traino3.0_451       {10} [[0.20, 0.20, 0.10, 0.10, 0.20, 0.00, 0.10, 0.00, 0.00, 0.10]]    [[4.0]]      [3.0]
   train o7.0_87        {8} [[0.00, 0.00, 0.00, 0.25, 0.12, 0.00, 0.12, 0.25, 0.12, 0.12]]    [[7.0]]      [7.0] _/
   traino1.0_312        {7} [[0.00, 0.85, 0.00, 0.00, 0.00, 0.14, 0.00, 0.00, 0.00, 0.00]]    [[1.0]]      [1.0] _/
   train o2.0_59        {4} [[0.00, 0.00, 0.25, 0.25, 0.00, 0.00, 0.00, 0.25, 0.25, 0.00]]    [[8.0]]      [2.0]
   train o7.0_86        {8} [[0.00, 0.12, 0.00, 0.25, 0.12, 0.00, 0.25, 0.12, 0.00, 0.12]]    [[6.0]]      [7.0]
    testo0.0_228       {13} [[0.23, 0.07, 0.00, 0.30, 0.00, 0.07, 0.07, 0.07, 0.07, 0.07]]    [[3.0]]      [0.0]
   train o9.0_23        {5} [[0.00, 0.40, 0.00, 0.20, 0.20, 0.00, 0.00, 0.00, 0.00, 0.20]]    [[1.0]]      [9.0]
    test o2.0_18       {14} [[0.00, 0.21, 0.14, 0.21, 0.21, 0.00, 0.07, 0.07, 0.07, 0.00]]    [[4.0]]      [2.0]
   traino0.0_103        {8} [[0.12, 0.00, 0.12, 0.12, 0.00, 0.12, 0.00, 0.00, 0.37, 0.12]]    [[8.0]]      [0.0]
   traino0.0_464        {1} [[1.00, 0.00, 0.00, 0.00, 0.00, 0.00, 0.00, 0.00, 0.00, 0.00]]    [[0.0]]      [0.0] _/
   train o9.0_28        {6} [[0.00, 0.00, 0.16, 0.16, 0.16, 0.16, 0.00, 0.16, 0.00, 0.16]]    [[9.0]]      [9.0] _/
    testo4.0_306        {6} [[0.33, 0.33, 0.00, 0.00, 0.16, 0.00, 0.00, 0.16, 0.00, 0.00]]    [[1.0]]      [4.0]
   traino2.0_458        {2} [[0.00, 0.50, 0.50, 0.00, 0.00, 0.00, 0.00, 0.00, 0.00, 0.00]]    [[2.0]]      [2.0] _/
   traino4.0_307       {10} [[0.00, 0.00, 0.10, 0.20, 0.20, 0.00, 0.20, 0.00, 0.20, 0.10]]    [[8.0]]      [4.0]
   traino1.0_204        {9} [[0.00, 0.11, 0.00, 0.44, 0.00, 0.11, 0.00, 0.22, 0.11, 0.00]]    [[3.0]]      [1.0]
   train o7.0_54        {7} [[0.28, 0.00, 0.00, 0.14, 0.00, 0.14, 0.00, 0.14, 0.14, 0.14]]    [[0.0]]      [7.0]
    testo1.0_324        {9} [[0.11, 0.11, 0.22, 0.00, 0.22, 0.00, 0.00, 0.00, 0.00, 0.33]]    [[9.0]]      [1.0]
   traino1.0_208        {6} [[0.00, 0.33, 0.00, 0.00, 0.00, 0.00, 0.00, 0.50, 0.00, 0.16]]    [[7.0]]      [1.0]
   traino0.0_118        {7} [[0.28, 0.00, 0.14, 0.00, 0.14, 0.28, 0.00, 0.14, 0.00, 0.00]]    [[5.0]]      [0.0]
   traino5.0_410        {3} [[0.00, 0.33, 0.33, 0.00, 0.00, 0.33, 0.00, 0.00, 0.00, 0.00]]    [[5.0]]      [5.0] _/
   train o2.0_29        {5} [[0.20, 0.00, 0.40, 0.20, 0.00, 0.00, 0.00, 0.00, 0.20, 0.00]]    [[2.0]]      [2.0] _/
   traino0.0_237        {5} [[0.60, 0.00, 0.00, 0.00, 0.00, 0.20, 0.00, 0.00, 0.00, 0.20]]    [[0.0]]      [0.0] _/
    testo0.0_117        {8} [[0.12, 0.12, 0.12, 0.12, 0.12, 0.12, 0.00, 0.25, 0.00, 0.00]]    [[7.0]]      [0.0]
    testo0.0_238        {7} [[0.14, 0.00, 0.00, 0.00, 0.14, 0.28, 0.28, 0.00, 0.14, 0.00]]    [[6.0]]      [0.0]
   traino4.0_302       {10} [[0.00, 0.00, 0.00, 0.00, 0.20, 0.00, 0.10, 0.10, 0.20, 0.40]]    [[9.0]]      [4.0]
   traino0.0_111        {1} [[1.00, 0.00, 0.00, 0.00, 0.00, 0.00, 0.00, 0.00, 0.00, 0.00]]    [[0.0]]      [0.0] _/
    testo0.0_471        {3} [[0.33, 0.00, 0.00, 0.00, 0.33, 0.00, 0.33, 0.00, 0.00, 0.00]]    [[6.0]]      [0.0]
   train o9.0_16        {9} [[0.00, 0.00, 0.11, 0.22, 0.00, 0.00, 0.00, 0.22, 0.11, 0.33]]    [[9.0]]      [9.0] _/
   traino3.0_437        {5} [[0.00, 0.00, 0.00, 0.20, 0.20, 0.20, 0.00, 0.00, 0.40, 0.00]]    [[8.0]]      [3.0]
   traino1.0_332        {9} [[0.11, 0.11, 0.22, 0.11, 0.22, 0.00, 0.11, 0.00, 0.11, 0.00]]    [[4.0]]      [1.0]
   traino3.0_433        {9} [[0.00, 0.22, 0.00, 0.33, 0.11, 0.33, 0.00, 0.00, 0.00, 0.00]]    [[5.0]]      [3.0]
   train o7.0_69        {7} [[0.14, 0.28, 0.14, 0.00, 0.14, 0.14, 0.00, 0.14, 0.00, 0.00]]    [[1.0]]      [7.0]
   train o2.0_36        {6} [[0.00, 0.00, 0.16, 0.16, 0.50, 0.00, 0.00, 0.00, 0.16, 0.00]]    [[4.0]]      [2.0]
   train o2.0_35       {10} [[0.00, 0.20, 0.20, 0.10, 0.10, 0.10, 0.00, 0.10, 0.20, 0.00]]    [[8.0]]      [2.0]
   traino1.0_455        {5} [[0.00, 0.20, 0.00, 0.00, 0.20, 0.40, 0.00, 0.00, 0.00, 0.20]]    [[5.0]]      [1.0]
   train o7.0_62        {6} [[0.00, 0.00, 0.16, 0.00, 0.33, 0.00, 0.16, 0.16, 0.16, 0.00]]    [[4.0]]      [7.0]
   traino1.0_339        {1} [[0.00, 1.00, 0.00, 0.00, 0.00, 0.00, 0.00, 0.00, 0.00, 0.00]]    [[1.0]]      [1.0] _/
   train o6.0_24        {7} [[0.00, 0.42, 0.14, 0.00, 0.00, 0.00, 0.42, 0.00, 0.00, 0.00]]    [[6.0]]      [6.0] _/
   traino6.0_359        {6} [[0.16, 0.00, 0.00, 0.00, 0.00, 0.16, 0.33, 0.16, 0.16, 0.00]]    [[6.0]]      [6.0] _/
   traino8.0_413        {8} [[0.12, 0.00, 0.12, 0.00, 0.25, 0.25, 0.00, 0.00, 0.25, 0.00]]    [[8.0]]      [8.0] _/
   train o3.0_83        {5} [[0.00, 0.40, 0.00, 0.20, 0.20, 0.00, 0.00, 0.00, 0.00, 0.20]]    [[1.0]]      [3.0]
    testo9.0_196        {3} [[0.33, 0.00, 0.00, 0.00, 0.00, 0.33, 0.00, 0.00, 0.00, 0.33]]    [[9.0]]      [9.0] _/
   traino8.0_421       {11} [[0.18, 0.00, 0.09, 0.18, 0.09, 0.09, 0.00, 0.18, 0.18, 0.00]]    [[8.0]]      [8.0] _/
    testo8.0_300        {9} [[0.00, 0.00, 0.00, 0.11, 0.11, 0.00, 0.33, 0.00, 0.22, 0.22]]    [[6.0]]      [8.0]
   traino3.0_402        {6} [[0.00, 0.00, 0.00, 0.33, 0.00, 0.16, 0.00, 0.33, 0.16, 0.00]]    [[7.0]]      [3.0]
    testo1.0_343        {5} [[0.00, 0.20, 0.00, 0.00, 0.20, 0.00, 0.20, 0.20, 0.20, 0.00]]    [[8.0]]      [1.0]
   traino1.0_340        {7} [[0.00, 0.85, 0.00, 0.00, 0.00, 0.14, 0.00, 0.00, 0.00, 0.00]]    [[1.0]]      [1.0] _/
   traino6.0_121        {7} [[0.00, 0.00, 0.00, 0.00, 0.42, 0.14, 0.14, 0.28, 0.00, 0.00]]    [[4.0]]      [6.0]
   traino1.0_225        {4} [[0.25, 0.75, 0.00, 0.00, 0.00, 0.00, 0.00, 0.00, 0.00, 0.00]]    [[1.0]]      [1.0] _/
   traino6.0_240        {8} [[0.00, 0.00, 0.00, 0.00, 0.12, 0.00, 0.12, 0.00, 0.75, 0.00]]    [[8.0]]      [6.0]
   traino6.0_246        {4} [[0.00, 0.00, 0.00, 0.00, 0.50, 0.00, 0.25, 0.00, 0.25, 0.00]]    [[4.0]]      [6.0]
    testo6.0_244        {2} [[0.50, 0.00, 0.00, 0.00, 0.00, 0.00, 0.50, 0.00, 0.00, 0.00]]    [[6.0]]      [6.0] _/
   traino1.0_348        {9} [[0.33, 0.11, 0.11, 0.11, 0.00, 0.11, 0.11, 0.00, 0.11, 0.00]]    [[0.0]]      [1.0]
   train o6.0_37        {7} [[0.00, 0.42, 0.00, 0.14, 0.00, 0.14, 0.28, 0.00, 0.00, 0.00]]    [[1.0]]      [6.0]
   train  o7.0_6        {9} [[0.00, 0.11, 0.11, 0.11, 0.00, 0.00, 0.00, 0.22, 0.11, 0.33]]    [[9.0]]      [7.0]
    testo8.0_428        {7} [[0.00, 0.00, 0.00, 0.00, 0.14, 0.00, 0.14, 0.14, 0.42, 0.14]]    [[8.0]]      [8.0] _/
   train o3.0_70        {5} [[0.20, 0.00, 0.20, 0.20, 0.00, 0.20, 0.00, 0.00, 0.00, 0.20]]    [[9.0]]      [3.0]
    testo3.0_408        {8} [[0.12, 0.12, 0.12, 0.12, 0.12, 0.12, 0.00, 0.25, 0.00, 0.00]]    [[7.0]]      [3.0]
   traino8.0_424        {5} [[0.00, 0.00, 0.00, 0.20, 0.20, 0.20, 0.00, 0.00, 0.40, 0.00]]    [[8.0]]      [8.0] _/
   traino8.0_422        {7} [[0.00, 0.42, 0.00, 0.14, 0.00, 0.28, 0.00, 0.00, 0.14, 0.00]]    [[1.0]]      [8.0]
   traino4.0_167        {1} [[0.00, 0.00, 0.00, 0.00, 1.00, 0.00, 0.00, 0.00, 0.00, 0.00]]    [[4.0]]      [4.0] _/
   traino3.0_415        {4} [[0.00, 0.50, 0.00, 0.25, 0.00, 0.00, 0.00, 0.00, 0.00, 0.25]]    [[1.0]]      [3.0]
   traino8.0_430        {7} [[0.00, 0.00, 0.00, 0.00, 0.14, 0.00, 0.14, 0.14, 0.42, 0.14]]    [[8.0]]      [8.0] _/
   traino1.0_233        {4} [[0.00, 0.25, 0.00, 0.25, 0.00, 0.50, 0.00, 0.00, 0.00, 0.00]]    [[5.0]]      [1.0]
   traino1.0_112        {7} [[0.14, 0.14, 0.00, 0.00, 0.00, 0.42, 0.28, 0.00, 0.00, 0.00]]    [[5.0]]      [1.0]
   traino6.0_491        {6} [[0.00, 0.16, 0.00, 0.00, 0.16, 0.16, 0.16, 0.00, 0.16, 0.16]]    [[9.0]]      [6.0]
   traino1.0_354        {9} [[0.22, 0.11, 0.00, 0.00, 0.00, 0.00, 0.11, 0.33, 0.11, 0.11]]    [[7.0]]      [1.0]
   traino1.0_474        {7} [[0.00, 0.85, 0.00, 0.00, 0.00, 0.14, 0.00, 0.00, 0.00, 0.00]]    [[1.0]]      [1.0] _/
   train  o0.0_2        {6} [[0.16, 0.16, 0.00, 0.00, 0.50, 0.00, 0.00, 0.00, 0.16, 0.00]]    [[4.0]]      [0.0]
   traino1.0_116        {3} [[0.00, 0.33, 0.33, 0.00, 0.00, 0.33, 0.00, 0.00, 0.00, 0.00]]    [[5.0]]      [1.0]
   train  o0.0_7        {5} [[0.60, 0.00, 0.00, 0.00, 0.00, 0.20, 0.00, 0.00, 0.00, 0.20]]    [[0.0]]      [0.0] _/
   traino1.0_115        {7} [[0.00, 0.14, 0.00, 0.00, 0.00, 0.28, 0.28, 0.14, 0.14, 0.00]]    [[6.0]]      [1.0]
    testo1.0_477        {2} [[0.00, 1.00, 0.00, 0.00, 0.00, 0.00, 0.00, 0.00, 0.00, 0.00]]    [[1.0]]      [1.0] _/
   traino6.0_493        {5} [[0.00, 0.20, 0.00, 0.00, 0.00, 0.00, 0.60, 0.00, 0.20, 0.00]]    [[6.0]]      [6.0] _/
   traino1.0_113        {3} [[0.00, 0.33, 0.00, 0.00, 0.00, 0.33, 0.00, 0.00, 0.00, 0.33]]    [[9.0]]      [1.0]
   traino6.0_137        {8} [[0.00, 0.00, 0.12, 0.00, 0.25, 0.00, 0.25, 0.12, 0.12, 0.12]]    [[6.0]]      [6.0] _/
   traino6.0_498        {6} [[0.16, 0.00, 0.16, 0.16, 0.00, 0.16, 0.16, 0.00, 0.16, 0.00]]    [[8.0]]      [6.0]
   train o7.0_90        {7} [[0.00, 0.00, 0.00, 0.42, 0.14, 0.14, 0.00, 0.14, 0.14, 0.00]]    [[3.0]]      [7.0]
   traino4.0_197        {8} [[0.12, 0.00, 0.12, 0.00, 0.25, 0.25, 0.00, 0.00, 0.25, 0.00]]    [[8.0]]      [4.0]
   train o3.0_66       {15} [[0.00, 0.00, 0.13, 0.26, 0.06, 0.00, 0.33, 0.06, 0.06, 0.06]]    [[6.0]]      [3.0]
    testo4.0_190        {7} [[0.00, 0.14, 0.14, 0.00, 0.14, 0.14, 0.00, 0.14, 0.00, 0.28]]    [[9.0]]      [4.0]
   traino1.0_360        {6} [[0.00, 0.16, 0.00, 0.00, 0.33, 0.00, 0.16, 0.33, 0.00, 0.00]]    [[7.0]]      [1.0]
   traino6.0_260        {5} [[0.00, 0.00, 0.00, 0.00, 0.20, 0.00, 0.20, 0.40, 0.20, 0.00]]    [[7.0]]      [6.0]
   traino1.0_365        {8} [[0.00, 0.25, 0.00, 0.25, 0.12, 0.00, 0.12, 0.00, 0.12, 0.12]]    [[3.0]]      [1.0]
   traino1.0_241        {3} [[0.00, 0.33, 0.33, 0.33, 0.00, 0.00, 0.00, 0.00, 0.00, 0.00]]    [[3.0]]      [1.0]
   traino1.0_362        {4} [[0.75, 0.25, 0.00, 0.00, 0.00, 0.00, 0.00, 0.00, 0.00, 0.00]]    [[0.0]]      [1.0]
   traino1.0_248        {5} [[0.20, 0.20, 0.00, 0.20, 0.00, 0.00, 0.20, 0.00, 0.00, 0.20]]    [[9.0]]      [1.0]
   traino1.0_489        {8} [[0.12, 0.25, 0.12, 0.00, 0.00, 0.37, 0.00, 0.00, 0.12, 0.00]]    [[5.0]]      [1.0]
   traino6.0_262        {8} [[0.00, 0.00, 0.12, 0.12, 0.00, 0.00, 0.25, 0.12, 0.12, 0.25]]    [[9.0]]      [6.0]
    testo6.0_389        {7} [[0.00, 0.42, 0.00, 0.14, 0.00, 0.14, 0.28, 0.00, 0.00, 0.00]]    [[1.0]]      [6.0]
   traino6.0_145        {5} [[0.00, 0.00, 0.00, 0.20, 0.20, 0.00, 0.20, 0.20, 0.20, 0.00]]    [[8.0]]      [6.0]
   traino6.0_388        {9} [[0.11, 0.00, 0.11, 0.11, 0.00, 0.22, 0.11, 0.11, 0.22, 0.00]]    [[8.0]]      [6.0]
   traino4.0_183        {1} [[0.00, 0.00, 0.00, 0.00, 1.00, 0.00, 0.00, 0.00, 0.00, 0.00]]    [[4.0]]      [4.0] _/
   traino4.0_185        {9} [[0.22, 0.11, 0.00, 0.22, 0.11, 0.22, 0.11, 0.00, 0.00, 0.00]]    [[5.0]]      [4.0]
    testo8.0_405        {6} [[0.33, 0.00, 0.00, 0.16, 0.00, 0.00, 0.00, 0.16, 0.33, 0.00]]    [[8.0]]      [8.0] _/
   train o3.0_52        {9} [[0.33, 0.00, 0.00, 0.11, 0.11, 0.00, 0.33, 0.00, 0.00, 0.11]]    [[6.0]]      [3.0]
   train o6.0_53        {9} [[0.00, 0.00, 0.22, 0.11, 0.11, 0.11, 0.22, 0.11, 0.00, 0.11]]    [[6.0]]      [6.0] _/
   traino6.0_150        {3} [[0.33, 0.00, 0.00, 0.00, 0.33, 0.00, 0.33, 0.00, 0.00, 0.00]]    [[6.0]]      [6.0] _/
   traino6.0_390       {11} [[0.00, 0.27, 0.00, 0.09, 0.09, 0.00, 0.18, 0.18, 0.18, 0.00]]    [[1.0]]      [6.0]
   traino6.0_270        {8} [[0.00, 0.12, 0.00, 0.00, 0.25, 0.25, 0.25, 0.12, 0.00, 0.00]]    [[6.0]]      [6.0] _/
    testo1.0_259        {7} [[0.00, 0.85, 0.00, 0.00, 0.00, 0.14, 0.00, 0.00, 0.00, 0.00]]    [[1.0]]      [1.0] _/
   traino1.0_257       {13} [[0.00, 0.23, 0.00, 0.07, 0.00, 0.00, 0.46, 0.15, 0.07, 0.00]]    [[6.0]]      [1.0]
   traino4.0_250        {4} [[0.00, 0.00, 0.00, 0.00, 0.50, 0.00, 0.25, 0.00, 0.25, 0.00]]    [[4.0]]      [4.0] _/
   traino4.0_492        {9} [[0.11, 0.00, 0.11, 0.11, 0.11, 0.00, 0.33, 0.00, 0.22, 0.00]]    [[6.0]]      [4.0]
   traino4.0_494        {4} [[0.00, 0.00, 0.00, 0.00, 0.50, 0.00, 0.25, 0.00, 0.25, 0.00]]    [[4.0]]      [4.0] _/
   traino6.0_439        {3} [[0.33, 0.00, 0.33, 0.00, 0.00, 0.00, 0.33, 0.00, 0.00, 0.00]]    [[6.0]]      [6.0] _/
   traino4.0_378        {5} [[0.00, 0.20, 0.00, 0.00, 0.20, 0.00, 0.20, 0.20, 0.20, 0.00]]    [[8.0]]      [4.0]
   traino8.0_218        {8} [[0.12, 0.12, 0.00, 0.00, 0.12, 0.12, 0.12, 0.12, 0.12, 0.12]]    [[9.0]]      [8.0]
   traino8.0_334       {10} [[0.00, 0.20, 0.30, 0.00, 0.10, 0.30, 0.00, 0.00, 0.10, 0.00]]    [[5.0]]      [8.0]
    testo8.0_102        {4} [[0.00, 0.00, 0.25, 0.25, 0.00, 0.00, 0.00, 0.25, 0.25, 0.00]]    [[8.0]]      [8.0] _/
   traino8.0_462        {4} [[0.00, 0.00, 0.00, 0.00, 0.50, 0.00, 0.25, 0.00, 0.25, 0.00]]    [[4.0]]      [8.0]
   traino8.0_463        {9} [[0.11, 0.11, 0.11, 0.22, 0.11, 0.11, 0.00, 0.11, 0.11, 0.00]]    [[3.0]]      [8.0]
   traino8.0_342        {7} [[0.00, 0.14, 0.00, 0.00, 0.14, 0.00, 0.28, 0.14, 0.14, 0.14]]    [[6.0]]      [8.0]
   traino8.0_460        {5} [[0.20, 0.20, 0.00, 0.00, 0.20, 0.00, 0.00, 0.20, 0.20, 0.00]]    [[8.0]]      [8.0] _/
   traino1.0_264        {7} [[0.00, 0.14, 0.14, 0.14, 0.14, 0.00, 0.14, 0.28, 0.00, 0.00]]    [[7.0]]      [1.0]
    testo1.0_384        {9} [[0.11, 0.22, 0.00, 0.00, 0.11, 0.11, 0.11, 0.11, 0.11, 0.11]]    [[1.0]]      [1.0] _/
   traino2.0_192        {8} [[0.00, 0.12, 0.12, 0.12, 0.12, 0.12, 0.12, 0.00, 0.25, 0.00]]    [[8.0]]      [2.0]
   traino6.0_203        {6} [[0.00, 0.00, 0.16, 0.00, 0.33, 0.00, 0.16, 0.16, 0.16, 0.00]]    [[4.0]]      [6.0]
   traino4.0_481        {1} [[0.00, 0.00, 0.00, 0.00, 1.00, 0.00, 0.00, 0.00, 0.00, 0.00]]    [[4.0]]      [4.0] _/
   traino8.0_107        {7} [[0.14, 0.00, 0.14, 0.00, 0.00, 0.00, 0.14, 0.14, 0.42, 0.00]]    [[8.0]]      [8.0] _/
    testo8.0_349       {10} [[0.00, 0.00, 0.00, 0.00, 0.10, 0.50, 0.20, 0.10, 0.10, 0.00]]    [[5.0]]      [8.0]
   traino4.0_249        {5} [[0.00, 0.20, 0.00, 0.00, 0.20, 0.40, 0.00, 0.00, 0.00, 0.20]]    [[5.0]]      [4.0]
   traino8.0_229        {7} [[0.00, 0.14, 0.00, 0.00, 0.00, 0.57, 0.14, 0.00, 0.14, 0.00]]    [[5.0]]      [8.0]
   traino4.0_363        {6} [[0.00, 0.00, 0.00, 0.33, 0.50, 0.00, 0.00, 0.00, 0.00, 0.16]]    [[4.0]]      [4.0] _/
    testo4.0_124        {6} [[0.16, 0.16, 0.00, 0.00, 0.50, 0.00, 0.00, 0.00, 0.16, 0.00]]    [[4.0]]      [4.0] _/
   traino4.0_245        {5} [[0.00, 0.40, 0.00, 0.20, 0.20, 0.00, 0.00, 0.00, 0.00, 0.20]]    [[1.0]]      [4.0]
    testo1.0_392       {10} [[0.20, 0.30, 0.00, 0.00, 0.20, 0.10, 0.00, 0.00, 0.10, 0.10]]    [[1.0]]      [1.0] _/
   train  o8.0_5       {11} [[0.09, 0.09, 0.00, 0.09, 0.00, 0.09, 0.09, 0.27, 0.18, 0.09]]    [[7.0]]      [8.0]
   traino1.0_274        {3} [[0.00, 0.66, 0.00, 0.00, 0.33, 0.00, 0.00, 0.00, 0.00, 0.00]]    [[1.0]]      [1.0] _/
    testo1.0_157        {3} [[0.00, 0.33, 0.00, 0.00, 0.00, 0.33, 0.00, 0.00, 0.33, 0.00]]    [[8.0]]      [1.0]
    testo2.0_187        {8} [[0.25, 0.12, 0.12, 0.00, 0.00, 0.00, 0.12, 0.00, 0.25, 0.12]]    [[8.0]]      [2.0]
   traino4.0_272        {7} [[0.14, 0.14, 0.00, 0.00, 0.28, 0.42, 0.00, 0.00, 0.00, 0.00]]    [[5.0]]      [4.0]
   traino4.0_395        {1} [[0.00, 0.00, 0.00, 0.00, 1.00, 0.00, 0.00, 0.00, 0.00, 0.00]]    [[4.0]]      [4.0] _/
   traino4.0_158        {6} [[0.00, 0.00, 0.00, 0.00, 0.16, 0.33, 0.00, 0.16, 0.16, 0.16]]    [[5.0]]      [4.0]
   traino1.0_282       {10} [[0.00, 0.10, 0.00, 0.10, 0.30, 0.00, 0.10, 0.30, 0.10, 0.00]]    [[7.0]]      [1.0]
    testo1.0_165        {5} [[0.20, 0.60, 0.00, 0.00, 0.00, 0.20, 0.00, 0.00, 0.00, 0.00]]    [[1.0]]      [1.0] _/
    testo1.0_286        {8} [[0.12, 0.12, 0.12, 0.00, 0.12, 0.12, 0.12, 0.12, 0.12, 0.00]]    [[8.0]]      [1.0]
   traino6.0_461        {4} [[0.00, 0.00, 0.25, 0.00, 0.00, 0.50, 0.25, 0.00, 0.00, 0.00]]    [[5.0]]      [6.0]
   traino6.0_226        {9} [[0.11, 0.11, 0.00, 0.22, 0.00, 0.22, 0.22, 0.11, 0.00, 0.00]]    [[6.0]]      [6.0] _/
    testo4.0_380        {8} [[0.37, 0.12, 0.00, 0.00, 0.12, 0.12, 0.00, 0.00, 0.12, 0.12]]    [[0.0]]      [4.0]
   train o3.0_93        {7} [[0.14, 0.00, 0.14, 0.42, 0.00, 0.00, 0.00, 0.00, 0.28, 0.00]]    [[3.0]]      [3.0] _/
   traino8.0_327        {5} [[0.00, 0.00, 0.00, 0.00, 0.20, 0.00, 0.20, 0.40, 0.20, 0.00]]    [[7.0]]      [8.0]
   traino1.0_170       {10} [[0.00, 0.10, 0.10, 0.20, 0.00, 0.00, 0.30, 0.10, 0.10, 0.10]]    [[6.0]]      [1.0]
    testo4.0_386        {6} [[0.33, 0.00, 0.00, 0.16, 0.16, 0.33, 0.00, 0.00, 0.00, 0.00]]    [[5.0]]      [4.0]
   traino8.0_205        {7} [[0.00, 0.00, 0.00, 0.42, 0.28, 0.14, 0.00, 0.00, 0.14, 0.00]]    [[3.0]]      [8.0]
   traino8.0_445        {7} [[0.00, 0.00, 0.14, 0.00, 0.14, 0.28, 0.00, 0.14, 0.14, 0.14]]    [[5.0]]      [8.0]
   traino8.0_212        {8} [[0.00, 0.00, 0.00, 0.00, 0.12, 0.00, 0.12, 0.00, 0.75, 0.00]]    [[8.0]]      [8.0] _/
   traino1.0_172        {6} [[0.16, 0.16, 0.00, 0.16, 0.16, 0.16, 0.00, 0.16, 0.00, 0.00]]    [[7.0]]      [1.0]
   traino8.0_330        {6} [[0.33, 0.00, 0.00, 0.16, 0.00, 0.00, 0.16, 0.16, 0.16, 0.00]]    [[0.0]]      [8.0]
   traino1.0_171        {5} [[0.00, 0.40, 0.00, 0.20, 0.20, 0.00, 0.00, 0.00, 0.00, 0.20]]    [[1.0]]      [1.0] _/
   traino1.0_292       {11} [[0.27, 0.09, 0.09, 0.00, 0.00, 0.09, 0.27, 0.09, 0.09, 0.00]]    [[6.0]]      [1.0]
   traino1.0_177       {10} [[0.00, 0.20, 0.10, 0.00, 0.10, 0.10, 0.00, 0.10, 0.20, 0.20]]    [[9.0]]      [1.0]
    testo1.0_176        {5} [[0.00, 0.20, 0.20, 0.00, 0.00, 0.00, 0.40, 0.00, 0.00, 0.20]]    [[6.0]]      [1.0]
   traino1.0_296        {8} [[0.12, 0.12, 0.00, 0.00, 0.25, 0.25, 0.00, 0.25, 0.00, 0.00]]    [[7.0]]      [1.0]
   traino6.0_352        {6} [[0.00, 0.00, 0.33, 0.00, 0.16, 0.00, 0.33, 0.00, 0.00, 0.16]]    [[6.0]]      [6.0] _/
   traino6.0_350        {7} [[0.14, 0.14, 0.00, 0.14, 0.00, 0.42, 0.14, 0.00, 0.00, 0.00]]    [[5.0]]      [6.0]
   traino2.0_283        {8} [[0.12, 0.25, 0.12, 0.00, 0.00, 0.37, 0.00, 0.00, 0.12, 0.00]]    [[5.0]]      [2.0]
   traino6.0_235        {9} [[0.22, 0.00, 0.00, 0.11, 0.00, 0.00, 0.22, 0.11, 0.22, 0.11]]    [[8.0]]      [6.0]
   traino6.0_357        {8} [[0.12, 0.12, 0.12, 0.00, 0.12, 0.12, 0.12, 0.12, 0.12, 0.00]]    [[8.0]]      [6.0]
    testo2.0_287        {7} [[0.00, 0.14, 0.14, 0.14, 0.14, 0.00, 0.14, 0.28, 0.00, 0.00]]    [[7.0]]      [2.0]
   traino8.0_385        {6} [[0.00, 0.00, 0.16, 0.16, 0.00, 0.00, 0.16, 0.33, 0.16, 0.00]]    [[7.0]]      [8.0]
   traino8.0_383        {5} [[0.00, 0.00, 0.00, 0.20, 0.20, 0.00, 0.20, 0.20, 0.20, 0.00]]    [[8.0]]      [8.0] _/
   traino7.0_178        {5} [[0.20, 0.20, 0.00, 0.00, 0.20, 0.00, 0.00, 0.20, 0.20, 0.00]]    [[8.0]]      [7.0]
   traino8.0_142        {6} [[0.16, 0.00, 0.00, 0.00, 0.00, 0.16, 0.33, 0.16, 0.16, 0.00]]    [[6.0]]      [8.0]
   traino9.0_467        {9} [[0.00, 0.00, 0.00, 0.11, 0.00, 0.22, 0.00, 0.11, 0.33, 0.22]]    [[8.0]]      [9.0]
   traino9.0_105        {9} [[0.00, 0.00, 0.00, 0.11, 0.11, 0.22, 0.11, 0.00, 0.22, 0.22]]    [[9.0]]      [9.0] _/
   traino1.0_186        {9} [[0.11, 0.11, 0.22, 0.00, 0.22, 0.00, 0.11, 0.00, 0.22, 0.00]]    [[8.0]]      [1.0]
   traino9.0_341        {3} [[0.33, 0.00, 0.00, 0.00, 0.00, 0.33, 0.00, 0.00, 0.00, 0.33]]    [[9.0]]      [9.0] _/
   traino8.0_149        {5} [[0.20, 0.00, 0.40, 0.20, 0.00, 0.00, 0.00, 0.00, 0.20, 0.00]]    [[2.0]]      [8.0]
   traino8.0_147       {12} [[0.00, 0.33, 0.00, 0.00, 0.16, 0.16, 0.00, 0.00, 0.33, 0.00]]    [[8.0]]      [8.0] _/
   traino8.0_398       {11} [[0.18, 0.27, 0.09, 0.00, 0.00, 0.18, 0.00, 0.00, 0.27, 0.00]]    [[8.0]]      [8.0] _/
   traino9.0_459        {8} [[0.25, 0.12, 0.12, 0.00, 0.12, 0.00, 0.12, 0.00, 0.12, 0.12]]    [[0.0]]      [9.0]
    testo8.0_154        {6} [[0.16, 0.00, 0.16, 0.00, 0.00, 0.00, 0.00, 0.16, 0.33, 0.16]]    [[8.0]]      [8.0] _/
   traino7.0_164        {5} [[0.00, 0.00, 0.00, 0.00, 0.20, 0.00, 0.20, 0.40, 0.20, 0.00]]    [[7.0]]      [7.0] _/
   traino8.0_276       {12} [[0.00, 0.08, 0.08, 0.08, 0.08, 0.00, 0.25, 0.08, 0.16, 0.16]]    [[6.0]]      [8.0]
   traino1.0_199        {2} [[0.00, 1.00, 0.00, 0.00, 0.00, 0.00, 0.00, 0.00, 0.00, 0.00]]    [[1.0]]      [1.0] _/
   traino9.0_456        {2} [[0.00, 0.00, 0.00, 0.00, 0.50, 0.00, 0.00, 0.00, 0.00, 0.50]]    [[9.0]]      [9.0] _/
   traino9.0_457        {9} [[0.22, 0.00, 0.22, 0.00, 0.22, 0.00, 0.00, 0.11, 0.00, 0.22]]    [[9.0]]      [9.0] _/
   train o4.0_84        {5} [[0.20, 0.00, 0.00, 0.20, 0.40, 0.00, 0.00, 0.20, 0.00, 0.00]]    [[4.0]]      [4.0] _/
   traino9.0_374        {6} [[0.00, 0.00, 0.00, 0.33, 0.50, 0.00, 0.00, 0.00, 0.00, 0.16]]    [[4.0]]      [9.0]
   train o1.0_10        {9} [[0.22, 0.33, 0.11, 0.00, 0.11, 0.11, 0.00, 0.00, 0.00, 0.11]]    [[1.0]]      [1.0] _/
    testo9.0_254        {6} [[0.00, 0.00, 0.16, 0.33, 0.00, 0.00, 0.16, 0.00, 0.16, 0.16]]    [[3.0]]      [9.0]
   train o1.0_12        {7} [[0.28, 0.14, 0.14, 0.14, 0.00, 0.14, 0.00, 0.14, 0.00, 0.00]]    [[0.0]]      [1.0]
   traino8.0_123        {7} [[0.28, 0.00, 0.28, 0.14, 0.00, 0.00, 0.00, 0.14, 0.14, 0.00]]    [[2.0]]      [8.0]
    testo7.0_152        {8} [[0.12, 0.12, 0.00, 0.00, 0.25, 0.25, 0.00, 0.25, 0.00, 0.00]]    [[7.0]]      [7.0] _/
   traino7.0_156        {7} [[0.14, 0.00, 0.00, 0.14, 0.28, 0.00, 0.00, 0.28, 0.14, 0.00]]    [[7.0]]      [7.0] _/
   traino8.0_125        {9} [[0.00, 0.00, 0.00, 0.22, 0.11, 0.22, 0.11, 0.00, 0.33, 0.00]]    [[8.0]]      [8.0] _/
    testo8.0_255        {2} [[0.00, 0.00, 0.00, 0.00, 0.50, 0.00, 0.00, 0.00, 0.50, 0.00]]    [[8.0]]      [8.0] _/
   train o1.0_17        {8} [[0.00, 0.25, 0.00, 0.25, 0.00, 0.00, 0.12, 0.25, 0.00, 0.12]]    [[7.0]]      [1.0]
    testo9.0_476        {8} [[0.00, 0.00, 0.12, 0.37, 0.12, 0.12, 0.12, 0.00, 0.00, 0.12]]    [[3.0]]      [9.0]
   traino8.0_251        {9} [[0.11, 0.11, 0.22, 0.00, 0.22, 0.00, 0.11, 0.00, 0.22, 0.00]]    [[8.0]]      [8.0] _/
   traino8.0_130        {6} [[0.00, 0.00, 0.00, 0.33, 0.00, 0.16, 0.00, 0.33, 0.16, 0.00]]    [[7.0]]      [8.0]
   traino9.0_114        {9} [[0.00, 0.00, 0.22, 0.11, 0.11, 0.11, 0.22, 0.11, 0.00, 0.11]]    [[6.0]]      [9.0]
    testo8.0_370        {5} [[0.00, 0.00, 0.00, 0.20, 0.20, 0.20, 0.00, 0.00, 0.40, 0.00]]    [[8.0]]      [8.0] _/
   traino7.0_267        {7} [[0.00, 0.14, 0.14, 0.14, 0.14, 0.00, 0.14, 0.28, 0.00, 0.00]]    [[7.0]]      [7.0] _/
   traino8.0_371        {6} [[0.00, 0.16, 0.00, 0.00, 0.16, 0.16, 0.16, 0.00, 0.16, 0.16]]    [[9.0]]      [8.0]
   train o3.0_46        {7} [[0.28, 0.00, 0.28, 0.28, 0.00, 0.14, 0.00, 0.00, 0.00, 0.00]]    [[3.0]]      [3.0] _/
   train o1.0_30        {7} [[0.14, 0.42, 0.14, 0.14, 0.00, 0.00, 0.00, 0.14, 0.00, 0.00]]    [[1.0]]      [1.0] _/
   traino9.0_396        {1} [[0.00, 0.00, 0.00, 0.00, 0.00, 0.00, 0.00, 0.00, 0.00, 1.00]]    [[9.0]]      [9.0] _/
   traino9.0_155        {7} [[0.00, 0.00, 0.00, 0.00, 0.14, 0.28, 0.00, 0.42, 0.00, 0.14]]    [[7.0]]      [9.0]
    test o1.0_34        {2} [[0.00, 0.50, 0.50, 0.00, 0.00, 0.00, 0.00, 0.00, 0.00, 0.00]]    [[2.0]]      [1.0]
   train o6.0_64        {8} [[0.00, 0.00, 0.12, 0.12, 0.37, 0.12, 0.12, 0.00, 0.12, 0.00]]    [[4.0]]      [6.0]
   train o6.0_65        {7} [[0.14, 0.00, 0.00, 0.00, 0.14, 0.28, 0.28, 0.00, 0.14, 0.00]]    [[6.0]]      [6.0] _/
    testo9.0_273        {4} [[0.00, 0.00, 0.00, 0.00, 0.00, 0.25, 0.00, 0.00, 0.00, 0.75]]    [[9.0]]      [9.0] _/
   traino9.0_148       {11} [[0.27, 0.09, 0.00, 0.00, 0.00, 0.18, 0.18, 0.09, 0.09, 0.09]]    [[0.0]]      [9.0]
   traino9.0_269       {10} [[0.10, 0.00, 0.00, 0.00, 0.20, 0.10, 0.10, 0.20, 0.20, 0.10]]    [[8.0]]      [9.0]
   traino6.0_163        {8} [[0.25, 0.12, 0.12, 0.00, 0.00, 0.00, 0.12, 0.00, 0.25, 0.12]]    [[8.0]]      [6.0]
   traino9.0_266        {8} [[0.00, 0.12, 0.12, 0.12, 0.00, 0.12, 0.12, 0.25, 0.00, 0.12]]    [[7.0]]      [9.0]
   traino9.0_382        {6} [[0.16, 0.16, 0.00, 0.00, 0.16, 0.16, 0.00, 0.00, 0.00, 0.33]]    [[9.0]]      [9.0] _/
   traino5.0_193        {9} [[0.11, 0.11, 0.00, 0.11, 0.11, 0.55, 0.00, 0.00, 0.00, 0.00]]    [[5.0]]      [5.0] _/
   train o8.0_13        {5} [[0.00, 0.00, 0.20, 0.00, 0.40, 0.20, 0.00, 0.00, 0.20, 0.00]]    [[4.0]]      [8.0]
    testo9.0_377        {8} [[0.00, 0.00, 0.12, 0.12, 0.00, 0.00, 0.25, 0.12, 0.12, 0.25]]    [[9.0]]      [9.0] _/
   traino8.0_194        {8} [[0.00, 0.00, 0.00, 0.12, 0.00, 0.37, 0.25, 0.00, 0.12, 0.12]]    [[5.0]]      [8.0]
   train o8.0_15        {7} [[0.00, 0.00, 0.00, 0.42, 0.14, 0.14, 0.00, 0.14, 0.14, 0.00]]    [[3.0]]      [8.0]
   traino6.0_295        {7} [[0.14, 0.14, 0.00, 0.00, 0.00, 0.42, 0.28, 0.00, 0.00, 0.00]]    [[5.0]]      [6.0]
    test o8.0_19        {8} [[0.00, 0.00, 0.12, 0.00, 0.00, 0.12, 0.50, 0.12, 0.12, 0.00]]    [[6.0]]      [8.0]
   traino6.0_299        {6} [[0.16, 0.00, 0.00, 0.00, 0.00, 0.16, 0.33, 0.16, 0.16, 0.00]]    [[6.0]]      [6.0] _/
   traino6.0_179        {5} [[0.00, 0.20, 0.20, 0.00, 0.00, 0.00, 0.40, 0.00, 0.00, 0.20]]    [[6.0]]      [6.0] _/
   train o3.0_22       {10} [[0.00, 0.20, 0.00, 0.10, 0.00, 0.10, 0.20, 0.00, 0.20, 0.20]]    [[9.0]]      [3.0]
   train o3.0_27        {7} [[0.28, 0.00, 0.14, 0.28, 0.00, 0.14, 0.00, 0.00, 0.14, 0.00]]    [[3.0]]      [3.0] _/
    test o3.0_25        {4} [[0.00, 0.00, 0.00, 0.25, 0.50, 0.25, 0.00, 0.00, 0.00, 0.00]]    [[4.0]]      [3.0]
   train  o5.0_8        {8} [[0.37, 0.00, 0.12, 0.12, 0.00, 0.12, 0.00, 0.12, 0.12, 0.00]]    [[0.0]]      [5.0]
    test o1.0_55        {6} [[0.00, 0.16, 0.00, 0.00, 0.16, 0.16, 0.16, 0.00, 0.16, 0.16]]    [[9.0]]      [1.0]
   train o6.0_88       {11} [[0.00, 0.00, 0.09, 0.00, 0.00, 0.27, 0.45, 0.00, 0.09, 0.09]]    [[6.0]]      [6.0] _/
   traino9.0_174        {5} [[0.00, 0.20, 0.20, 0.00, 0.20, 0.00, 0.00, 0.20, 0.00, 0.20]]    [[9.0]]      [9.0] _/
   train o8.0_20        {1} [[0.00, 0.00, 0.00, 0.00, 0.00, 0.00, 0.00, 0.00, 1.00, 0.00]]    [[8.0]]      [8.0] _/
   train o1.0_49        {4} [[0.25, 0.25, 0.00, 0.00, 0.25, 0.00, 0.00, 0.00, 0.00, 0.25]]    [[9.0]]      [1.0]
   traino7.0_195        {5} [[0.60, 0.00, 0.00, 0.20, 0.00, 0.00, 0.00, 0.20, 0.00, 0.00]]    [[0.0]]      [7.0]
   train o8.0_21        {9} [[0.33, 0.00, 0.00, 0.00, 0.00, 0.22, 0.00, 0.00, 0.44, 0.00]]    [[8.0]]      [8.0] _/
   traino9.0_289        {5} [[0.60, 0.00, 0.00, 0.00, 0.00, 0.20, 0.00, 0.00, 0.00, 0.20]]    [[0.0]]      [9.0]
   traino9.0_169       {12} [[0.00, 0.00, 0.08, 0.08, 0.00, 0.08, 0.16, 0.33, 0.08, 0.16]]    [[7.0]]      [9.0]
   traino6.0_188        {7} [[0.14, 0.14, 0.14, 0.14, 0.00, 0.14, 0.14, 0.14, 0.00, 0.00]]    [[7.0]]      [6.0]
    testo6.0_189        {8} [[0.00, 0.00, 0.00, 0.12, 0.25, 0.12, 0.37, 0.00, 0.12, 0.00]]    [[6.0]]      [6.0] _/
   traino9.0_280        {7} [[0.00, 0.00, 0.00, 0.28, 0.00, 0.00, 0.14, 0.14, 0.00, 0.42]]    [[9.0]]      [9.0] _/
   traino9.0_285        {7} [[0.00, 0.14, 0.14, 0.00, 0.14, 0.14, 0.00, 0.14, 0.00, 0.28]]    [[9.0]]      [9.0] _/
   train o1.0_63        {8} [[0.12, 0.12, 0.00, 0.00, 0.37, 0.00, 0.12, 0.12, 0.12, 0.00]]    [[4.0]]      [1.0]
    testo9.0_160        {5} [[0.20, 0.00, 0.20, 0.20, 0.00, 0.20, 0.00, 0.00, 0.00, 0.20]]    [[9.0]]      [9.0] _/
    test o6.0_99        {7} [[0.14, 0.00, 0.00, 0.00, 0.00, 0.14, 0.42, 0.14, 0.14, 0.00]]    [[6.0]]      [6.0] _/
   traino6.0_191        {5} [[0.00, 0.20, 0.20, 0.00, 0.00, 0.00, 0.40, 0.00, 0.00, 0.20]]    [[6.0]]      [6.0] _/
   train o8.0_32        {5} [[0.00, 0.20, 0.00, 0.00, 0.20, 0.00, 0.20, 0.20, 0.20, 0.00]]    [[8.0]]      [8.0] _/
   traino8.0_298       {11} [[0.09, 0.09, 0.09, 0.09, 0.18, 0.00, 0.00, 0.18, 0.09, 0.18]]    [[9.0]]      [8.0]
    test  o5.0_3        {7} [[0.28, 0.14, 0.14, 0.00, 0.14, 0.14, 0.00, 0.14, 0.00, 0.00]]    [[0.0]]      [5.0]
    test o8.0_33        {5} [[0.20, 0.00, 0.00, 0.20, 0.00, 0.20, 0.00, 0.20, 0.20, 0.00]]    [[8.0]]      [8.0] _/
   train o8.0_38        {7} [[0.00, 0.00, 0.14, 0.14, 0.00, 0.42, 0.00, 0.14, 0.14, 0.00]]    [[5.0]]      [8.0]
   traino7.0_182        {8} [[0.00, 0.00, 0.00, 0.12, 0.25, 0.25, 0.12, 0.25, 0.00, 0.00]]    [[7.0]]      [7.0] _/

Objects classified correctly: 188
Total objects: 500
Accuracy: 37.6%

Training Objects classified correctly: 147/400
Accuracy: 36.75%

Test Objects classified correctly: 41/100
Accuracy: 41.0%
