Reading thesis/data/mnist1/floating_codings_8.fccsv
No of Objects: 500
No of attributes: 512
No of concepts: 26019

-----------------------------------------------------------------------------------------------------------------------
  Train/  Object     Extent                                 Probabilities  Predicted     Actual
   Test                Size [[0.0, 1.0, 2.0, 3.0, 4.0, 5.0, 6.0, 7.0, 8.0, 9.0]]      Class      Class
-----------------------------------------------------------------------------------------------------------------------
   traino0.0_367        {1} [[1.00, 0.00, 0.00, 0.00, 0.00, 0.00, 0.00, 0.00, 0.00, 0.00]]    [[0.0]]      [0.0] _/
   traino0.0_488        {1} [[1.00, 0.00, 0.00, 0.00, 0.00, 0.00, 0.00, 0.00, 0.00, 0.00]]    [[0.0]]      [0.0] _/
   traino5.0_381        {1} [[0.00, 0.00, 0.00, 0.00, 0.00, 1.00, 0.00, 0.00, 0.00, 0.00]]    [[5.0]]      [5.0] _/
   traino0.0_487        {1} [[1.00, 0.00, 0.00, 0.00, 0.00, 0.00, 0.00, 0.00, 0.00, 0.00]]    [[0.0]]      [0.0] _/
   train o1.0_78        {1} [[0.00, 1.00, 0.00, 0.00, 0.00, 0.00, 0.00, 0.00, 0.00, 0.00]]    [[1.0]]      [1.0] _/
   traino0.0_480        {1} [[1.00, 0.00, 0.00, 0.00, 0.00, 0.00, 0.00, 0.00, 0.00, 0.00]]    [[0.0]]      [0.0] _/
    testo7.0_329        {2} [[0.00, 0.00, 0.00, 0.00, 0.00, 0.00, 0.50, 0.50, 0.00, 0.00]]    [[7.0]]      [7.0] _/
   traino7.0_209        {1} [[0.00, 0.00, 0.00, 0.00, 0.00, 0.00, 0.00, 1.00, 0.00, 0.00]]    [[7.0]]      [7.0] _/
   traino7.0_450        {1} [[0.00, 0.00, 0.00, 0.00, 0.00, 0.00, 0.00, 1.00, 0.00, 0.00]]    [[7.0]]      [7.0] _/
   train o8.0_41        {1} [[0.00, 0.00, 0.00, 0.00, 0.00, 0.00, 0.00, 0.00, 1.00, 0.00]]    [[8.0]]      [8.0] _/
   traino7.0_211        {1} [[0.00, 0.00, 0.00, 0.00, 0.00, 0.00, 0.00, 1.00, 0.00, 0.00]]    [[7.0]]      [7.0] _/
   traino7.0_454        {1} [[0.00, 0.00, 0.00, 0.00, 0.00, 0.00, 0.00, 1.00, 0.00, 0.00]]    [[7.0]]      [7.0] _/
   traino7.0_213        {1} [[0.00, 0.00, 0.00, 0.00, 0.00, 0.00, 0.00, 1.00, 0.00, 0.00]]    [[7.0]]      [7.0] _/
   traino5.0_153        {1} [[0.00, 0.00, 0.00, 0.00, 0.00, 1.00, 0.00, 0.00, 0.00, 0.00]]    [[5.0]]      [5.0] _/
   traino5.0_159        {1} [[0.00, 0.00, 0.00, 0.00, 0.00, 1.00, 0.00, 0.00, 0.00, 0.00]]    [[5.0]]      [5.0] _/
   traino5.0_397        {1} [[0.00, 0.00, 0.00, 0.00, 0.00, 1.00, 0.00, 0.00, 0.00, 0.00]]    [[5.0]]      [5.0] _/
   traino0.0_138        {1} [[1.00, 0.00, 0.00, 0.00, 0.00, 0.00, 0.00, 0.00, 0.00, 0.00]]    [[0.0]]      [0.0] _/
   traino5.0_279        {1} [[0.00, 0.00, 0.00, 0.00, 0.00, 1.00, 0.00, 0.00, 0.00, 0.00]]    [[5.0]]      [5.0] _/
   traino0.0_139        {1} [[1.00, 0.00, 0.00, 0.00, 0.00, 0.00, 0.00, 0.00, 0.00, 0.00]]    [[0.0]]      [0.0] _/
   traino7.0_314        {1} [[0.00, 0.00, 0.00, 0.00, 0.00, 0.00, 0.00, 1.00, 0.00, 0.00]]    [[7.0]]      [7.0] _/
   traino0.0_375        {1} [[1.00, 0.00, 0.00, 0.00, 0.00, 0.00, 0.00, 0.00, 0.00, 0.00]]    [[0.0]]      [0.0] _/
    testo0.0_376        {1} [[1.00, 0.00, 0.00, 0.00, 0.00, 0.00, 0.00, 0.00, 0.00, 0.00]]    [[0.0]]      [0.0] _/
   traino5.0_394        {1} [[0.00, 0.00, 0.00, 0.00, 0.00, 1.00, 0.00, 0.00, 0.00, 0.00]]    [[5.0]]      [5.0] _/
   train o8.0_50        {1} [[0.00, 0.00, 0.00, 0.00, 0.00, 0.00, 0.00, 0.00, 1.00, 0.00]]    [[8.0]]      [8.0] _/
   traino0.0_373        {1} [[1.00, 0.00, 0.00, 0.00, 0.00, 0.00, 0.00, 0.00, 0.00, 0.00]]    [[0.0]]      [0.0] _/
   train o5.0_97        {1} [[0.00, 0.00, 0.00, 0.00, 0.00, 1.00, 0.00, 0.00, 0.00, 0.00]]    [[5.0]]      [5.0] _/
   traino0.0_490        {1} [[1.00, 0.00, 0.00, 0.00, 0.00, 0.00, 0.00, 0.00, 0.00, 0.00]]    [[0.0]]      [0.0] _/
   train o5.0_92        {1} [[0.00, 0.00, 0.00, 0.00, 0.00, 1.00, 0.00, 0.00, 0.00, 0.00]]    [[5.0]]      [5.0] _/
   traino7.0_200        {1} [[0.00, 0.00, 0.00, 0.00, 0.00, 0.00, 0.00, 1.00, 0.00, 0.00]]    [[7.0]]      [7.0] _/
   train o8.0_58        {1} [[0.00, 0.00, 0.00, 0.00, 0.00, 0.00, 0.00, 0.00, 1.00, 0.00]]    [[8.0]]      [8.0] _/
    testo7.0_201        {1} [[0.00, 0.00, 0.00, 0.00, 0.00, 0.00, 0.00, 1.00, 0.00, 0.00]]    [[7.0]]      [7.0] _/
   train o5.0_94        {1} [[0.00, 0.00, 0.00, 0.00, 0.00, 1.00, 0.00, 0.00, 0.00, 0.00]]    [[5.0]]      [5.0] _/
   traino7.0_322        {1} [[0.00, 0.00, 0.00, 0.00, 0.00, 0.00, 0.00, 1.00, 0.00, 0.00]]    [[7.0]]      [7.0] _/
    test o5.0_95        {1} [[0.00, 0.00, 0.00, 0.00, 0.00, 1.00, 0.00, 0.00, 0.00, 0.00]]    [[5.0]]      [5.0] _/
    testo2.0_305        {1} [[0.00, 0.00, 1.00, 0.00, 0.00, 0.00, 0.00, 0.00, 0.00, 0.00]]    [[2.0]]      [2.0] _/
   traino5.0_166        {1} [[0.00, 0.00, 0.00, 0.00, 0.00, 1.00, 0.00, 0.00, 0.00, 0.00]]    [[5.0]]      [5.0] _/
   train o1.0_91        {1} [[0.00, 1.00, 0.00, 0.00, 0.00, 0.00, 0.00, 0.00, 0.00, 0.00]]    [[1.0]]      [1.0] _/
   train o1.0_96        {2} [[0.00, 0.50, 0.00, 0.00, 0.50, 0.00, 0.00, 0.00, 0.00, 0.00]]    [[4.0]]      [1.0]
   traino2.0_407        {1} [[0.00, 0.00, 1.00, 0.00, 0.00, 0.00, 0.00, 0.00, 0.00, 0.00]]    [[2.0]]      [2.0] _/
   train o1.0_98        {1} [[0.00, 1.00, 0.00, 0.00, 0.00, 0.00, 0.00, 0.00, 0.00, 0.00]]    [[1.0]]      [1.0] _/
   traino0.0_387        {1} [[1.00, 0.00, 0.00, 0.00, 0.00, 0.00, 0.00, 0.00, 0.00, 0.00]]    [[0.0]]      [0.0] _/
   traino7.0_426        {1} [[0.00, 0.00, 0.00, 0.00, 0.00, 0.00, 0.00, 1.00, 0.00, 0.00]]    [[7.0]]      [7.0] _/
    testo7.0_427        {1} [[0.00, 0.00, 0.00, 0.00, 0.00, 0.00, 0.00, 1.00, 0.00, 0.00]]    [[7.0]]      [7.0] _/
   train o8.0_61        {1} [[0.00, 0.00, 0.00, 0.00, 0.00, 0.00, 0.00, 0.00, 1.00, 0.00]]    [[8.0]]      [8.0] _/
   traino5.0_162        {1} [[0.00, 0.00, 0.00, 0.00, 0.00, 1.00, 0.00, 0.00, 0.00, 0.00]]    [[5.0]]      [5.0] _/
   traino0.0_140        {1} [[1.00, 0.00, 0.00, 0.00, 0.00, 0.00, 0.00, 0.00, 0.00, 0.00]]    [[0.0]]      [0.0] _/
    testo5.0_281        {1} [[0.00, 0.00, 0.00, 0.00, 0.00, 1.00, 0.00, 0.00, 0.00, 0.00]]    [[5.0]]      [5.0] _/
   traino2.0_411        {1} [[0.00, 0.00, 1.00, 0.00, 0.00, 0.00, 0.00, 0.00, 0.00, 0.00]]    [[2.0]]      [2.0] _/
    testo9.0_409        {1} [[0.00, 0.00, 0.00, 0.00, 0.00, 0.00, 0.00, 0.00, 0.00, 1.00]]    [[9.0]]      [9.0] _/
   traino3.0_180        {1} [[0.00, 0.00, 0.00, 1.00, 0.00, 0.00, 0.00, 0.00, 0.00, 0.00]]    [[3.0]]      [3.0] _/
    testo5.0_291        {1} [[0.00, 0.00, 0.00, 0.00, 0.00, 1.00, 0.00, 0.00, 0.00, 0.00]]    [[5.0]]      [5.0] _/
   traino0.0_277        {1} [[1.00, 0.00, 0.00, 0.00, 0.00, 0.00, 0.00, 0.00, 0.00, 0.00]]    [[0.0]]      [0.0] _/
   traino0.0_399        {1} [[1.00, 0.00, 0.00, 0.00, 0.00, 0.00, 0.00, 0.00, 0.00, 0.00]]    [[0.0]]      [0.0] _/
   traino0.0_271        {1} [[1.00, 0.00, 0.00, 0.00, 0.00, 0.00, 0.00, 0.00, 0.00, 0.00]]    [[0.0]]      [0.0] _/
   traino5.0_173        {1} [[0.00, 0.00, 0.00, 0.00, 0.00, 1.00, 0.00, 0.00, 0.00, 0.00]]    [[5.0]]      [5.0] _/
   traino0.0_393        {1} [[1.00, 0.00, 0.00, 0.00, 0.00, 0.00, 0.00, 0.00, 0.00, 0.00]]    [[0.0]]      [0.0] _/
   traino7.0_419        {1} [[0.00, 0.00, 0.00, 0.00, 0.00, 0.00, 0.00, 1.00, 0.00, 0.00]]    [[7.0]]      [7.0] _/
   train o5.0_75        {1} [[0.00, 0.00, 0.00, 0.00, 0.00, 1.00, 0.00, 0.00, 0.00, 0.00]]    [[5.0]]      [5.0] _/
   train o4.0_26        {1} [[0.00, 0.00, 0.00, 0.00, 1.00, 0.00, 0.00, 0.00, 0.00, 0.00]]    [[4.0]]      [4.0] _/
    testo7.0_420        {1} [[0.00, 0.00, 0.00, 0.00, 0.00, 0.00, 0.00, 1.00, 0.00, 0.00]]    [[7.0]]      [7.0] _/
   traino3.0_198        {1} [[0.00, 0.00, 0.00, 1.00, 0.00, 0.00, 0.00, 0.00, 0.00, 0.00]]    [[3.0]]      [3.0] _/
   train o5.0_79        {2} [[0.00, 0.00, 0.00, 0.00, 0.00, 0.50, 0.00, 0.00, 0.00, 0.50]]    [[9.0]]      [5.0]
   train  o4.0_9        {1} [[0.00, 0.00, 0.00, 0.00, 1.00, 0.00, 0.00, 0.00, 0.00, 0.00]]    [[4.0]]      [4.0] _/
   traino5.0_465        {1} [[0.00, 0.00, 0.00, 0.00, 0.00, 1.00, 0.00, 0.00, 0.00, 0.00]]    [[5.0]]      [5.0] _/
    testo5.0_466        {1} [[0.00, 0.00, 0.00, 0.00, 0.00, 1.00, 0.00, 0.00, 0.00, 0.00]]    [[5.0]]      [5.0] _/
   traino5.0_347        {1} [[0.00, 0.00, 0.00, 0.00, 0.00, 1.00, 0.00, 0.00, 0.00, 0.00]]    [[5.0]]      [5.0] _/
   traino5.0_104        {1} [[0.00, 0.00, 0.00, 0.00, 0.00, 1.00, 0.00, 0.00, 0.00, 0.00]]    [[5.0]]      [5.0] _/
   train o9.0_85        {1} [[0.00, 0.00, 0.00, 0.00, 0.00, 0.00, 0.00, 0.00, 0.00, 1.00]]    [[9.0]]      [9.0] _/
   traino7.0_369        {1} [[0.00, 0.00, 0.00, 0.00, 0.00, 0.00, 0.00, 1.00, 0.00, 0.00]]    [[7.0]]      [7.0] _/
    testo0.0_284        {1} [[1.00, 0.00, 0.00, 0.00, 0.00, 0.00, 0.00, 0.00, 0.00, 0.00]]    [[0.0]]      [0.0] _/
   traino7.0_372        {1} [[0.00, 0.00, 0.00, 0.00, 0.00, 0.00, 0.00, 1.00, 0.00, 0.00]]    [[7.0]]      [7.0] _/
   traino7.0_132        {1} [[0.00, 0.00, 0.00, 0.00, 0.00, 0.00, 0.00, 1.00, 0.00, 0.00]]    [[7.0]]      [7.0] _/
    testo7.0_495        {1} [[0.00, 0.00, 0.00, 0.00, 0.00, 0.00, 0.00, 1.00, 0.00, 0.00]]    [[7.0]]      [7.0] _/
   traino7.0_496        {1} [[0.00, 0.00, 0.00, 0.00, 0.00, 0.00, 0.00, 1.00, 0.00, 0.00]]    [[7.0]]      [7.0] _/
   traino3.0_168        {1} [[0.00, 0.00, 0.00, 1.00, 0.00, 0.00, 0.00, 0.00, 0.00, 0.00]]    [[3.0]]      [3.0] _/
   traino7.0_497        {1} [[0.00, 0.00, 0.00, 0.00, 0.00, 0.00, 0.00, 1.00, 0.00, 0.00]]    [[7.0]]      [7.0] _/
   traino3.0_288        {1} [[0.00, 0.00, 0.00, 1.00, 0.00, 0.00, 0.00, 0.00, 0.00, 0.00]]    [[3.0]]      [3.0] _/
   train o4.0_56        {1} [[0.00, 0.00, 0.00, 0.00, 1.00, 0.00, 0.00, 0.00, 0.00, 0.00]]    [[4.0]]      [4.0] _/
    testo7.0_499        {1} [[0.00, 0.00, 0.00, 0.00, 0.00, 0.00, 0.00, 1.00, 0.00, 0.00]]    [[7.0]]      [7.0] _/
   train o9.0_82        {1} [[0.00, 0.00, 0.00, 0.00, 0.00, 0.00, 0.00, 0.00, 0.00, 1.00]]    [[9.0]]      [9.0] _/
   traino5.0_217        {1} [[0.00, 0.00, 0.00, 0.00, 0.00, 1.00, 0.00, 0.00, 0.00, 0.00]]    [[5.0]]      [5.0] _/
   train o4.0_51        {1} [[0.00, 0.00, 0.00, 0.00, 1.00, 0.00, 0.00, 0.00, 0.00, 0.00]]    [[4.0]]      [4.0] _/
   train o9.0_81        {1} [[0.00, 0.00, 0.00, 0.00, 0.00, 0.00, 0.00, 0.00, 0.00, 1.00]]    [[9.0]]      [9.0] _/
    testo3.0_161        {1} [[0.00, 0.00, 0.00, 1.00, 0.00, 0.00, 0.00, 0.00, 0.00, 0.00]]    [[3.0]]      [3.0] _/
   traino5.0_230        {1} [[0.00, 0.00, 0.00, 0.00, 0.00, 1.00, 0.00, 0.00, 0.00, 0.00]]    [[5.0]]      [5.0] _/
   traino5.0_472        {1} [[0.00, 0.00, 0.00, 0.00, 0.00, 1.00, 0.00, 0.00, 0.00, 0.00]]    [[5.0]]      [5.0] _/
   traino7.0_119        {1} [[0.00, 0.00, 0.00, 0.00, 0.00, 0.00, 0.00, 1.00, 0.00, 0.00]]    [[7.0]]      [7.0] _/
   traino0.0_293        {1} [[1.00, 0.00, 0.00, 0.00, 0.00, 0.00, 0.00, 0.00, 0.00, 0.00]]    [[0.0]]      [0.0] _/
    testo0.0_175        {1} [[1.00, 0.00, 0.00, 0.00, 0.00, 0.00, 0.00, 0.00, 0.00, 0.00]]    [[0.0]]      [0.0] _/
    testo7.0_482        {1} [[0.00, 0.00, 0.00, 0.00, 0.00, 0.00, 0.00, 1.00, 0.00, 0.00]]    [[7.0]]      [7.0] _/
    testo7.0_120        {1} [[0.00, 0.00, 0.00, 0.00, 0.00, 0.00, 0.00, 1.00, 0.00, 0.00]]    [[7.0]]      [7.0] _/
   traino7.0_242        {2} [[0.00, 0.00, 0.00, 0.00, 0.00, 0.00, 0.00, 0.50, 0.50, 0.00]]    [[8.0]]      [7.0]
   traino7.0_485        {1} [[0.00, 0.00, 0.00, 0.00, 0.00, 0.00, 0.00, 1.00, 0.00, 0.00]]    [[7.0]]      [7.0] _/
   train o4.0_47        {1} [[0.00, 0.00, 0.00, 0.00, 1.00, 0.00, 0.00, 0.00, 0.00, 0.00]]    [[4.0]]      [4.0] _/
   traino7.0_486        {2} [[0.50, 0.00, 0.00, 0.00, 0.00, 0.00, 0.00, 0.50, 0.00, 0.00]]    [[7.0]]      [7.0] _/
   train o4.0_45        {1} [[0.00, 0.00, 0.00, 0.00, 1.00, 0.00, 0.00, 0.00, 0.00, 0.00]]    [[4.0]]      [4.0] _/
   train o4.0_43        {1} [[0.00, 0.00, 0.00, 0.00, 1.00, 0.00, 0.00, 0.00, 0.00, 0.00]]    [[4.0]]      [4.0] _/
   traino3.0_297        {1} [[0.00, 0.00, 0.00, 1.00, 0.00, 0.00, 0.00, 0.00, 0.00, 0.00]]    [[3.0]]      [3.0] _/
   traino3.0_294        {2} [[0.00, 0.00, 0.00, 0.50, 0.00, 0.00, 0.00, 0.00, 0.50, 0.00]]    [[8.0]]      [3.0]
   traino3.0_290        {1} [[0.00, 0.00, 0.00, 1.00, 0.00, 0.00, 0.00, 0.00, 0.00, 0.00]]    [[3.0]]      [3.0] _/
   traino5.0_366        {2} [[0.50, 0.00, 0.00, 0.00, 0.00, 0.50, 0.00, 0.00, 0.00, 0.00]]    [[5.0]]      [5.0] _/
    testo7.0_227        {1} [[0.00, 0.00, 0.00, 0.00, 0.00, 0.00, 0.00, 1.00, 0.00, 0.00]]    [[7.0]]      [7.0] _/
    testo9.0_331        {1} [[0.00, 0.00, 0.00, 0.00, 0.00, 0.00, 0.00, 0.00, 0.00, 1.00]]    [[9.0]]      [9.0] _/
   traino9.0_210        {2} [[0.00, 0.00, 0.00, 0.50, 0.00, 0.00, 0.00, 0.00, 0.00, 0.50]]    [[9.0]]      [9.0] _/
   traino0.0_184        {1} [[1.00, 0.00, 0.00, 0.00, 0.00, 0.00, 0.00, 0.00, 0.00, 0.00]]    [[0.0]]      [0.0] _/
   traino9.0_326        {1} [[0.00, 0.00, 0.00, 0.00, 0.00, 0.00, 0.00, 0.00, 0.00, 1.00]]    [[9.0]]      [9.0] _/
   traino0.0_181        {1} [[1.00, 0.00, 0.00, 0.00, 0.00, 0.00, 0.00, 0.00, 0.00, 0.00]]    [[0.0]]      [0.0] _/
   traino7.0_231        {1} [[0.00, 0.00, 0.00, 0.00, 0.00, 0.00, 0.00, 1.00, 0.00, 0.00]]    [[7.0]]      [7.0] _/
   traino3.0_268        {2} [[0.50, 0.00, 0.00, 0.50, 0.00, 0.00, 0.00, 0.00, 0.00, 0.00]]    [[3.0]]      [3.0] _/
   traino3.0_146        {1} [[0.00, 0.00, 0.00, 1.00, 0.00, 0.00, 0.00, 0.00, 0.00, 0.00]]    [[3.0]]      [3.0] _/
   traino9.0_323        {1} [[0.00, 0.00, 0.00, 0.00, 0.00, 0.00, 0.00, 0.00, 0.00, 1.00]]    [[9.0]]      [9.0] _/
   traino7.0_355        {1} [[0.00, 0.00, 0.00, 0.00, 0.00, 0.00, 0.00, 1.00, 0.00, 0.00]]    [[7.0]]      [7.0] _/
   traino3.0_265        {1} [[0.00, 0.00, 0.00, 1.00, 0.00, 0.00, 0.00, 0.00, 0.00, 0.00]]    [[3.0]]      [3.0] _/
   traino9.0_446        {1} [[0.00, 0.00, 0.00, 0.00, 0.00, 0.00, 0.00, 0.00, 0.00, 1.00]]    [[9.0]]      [9.0] _/
   traino3.0_143        {1} [[0.00, 0.00, 0.00, 1.00, 0.00, 0.00, 0.00, 0.00, 0.00, 0.00]]    [[3.0]]      [3.0] _/
   train  o3.0_0        {1} [[0.00, 0.00, 0.00, 1.00, 0.00, 0.00, 0.00, 0.00, 0.00, 0.00]]    [[3.0]]      [3.0] _/
   traino3.0_141        {2} [[0.00, 0.00, 0.00, 0.50, 0.00, 0.00, 0.00, 0.00, 0.50, 0.00]]    [[8.0]]      [3.0]
   traino3.0_261        {1} [[0.00, 0.00, 0.00, 1.00, 0.00, 0.00, 0.00, 0.00, 0.00, 0.00]]    [[3.0]]      [3.0] _/
   train o4.0_71        {1} [[0.00, 0.00, 0.00, 0.00, 1.00, 0.00, 0.00, 0.00, 0.00, 0.00]]    [[4.0]]      [4.0] _/
   traino5.0_133        {1} [[0.00, 0.00, 0.00, 0.00, 0.00, 1.00, 0.00, 0.00, 0.00, 0.00]]    [[5.0]]      [5.0] _/
   traino5.0_136        {1} [[0.00, 0.00, 0.00, 0.00, 0.00, 1.00, 0.00, 0.00, 0.00, 0.00]]    [[5.0]]      [5.0] _/
   traino9.0_318        {1} [[0.00, 0.00, 0.00, 0.00, 0.00, 0.00, 0.00, 0.00, 0.00, 1.00]]    [[9.0]]      [9.0] _/
   traino7.0_345        {1} [[0.00, 0.00, 0.00, 0.00, 0.00, 0.00, 0.00, 1.00, 0.00, 0.00]]    [[7.0]]      [7.0] _/
   traino3.0_275        {1} [[0.00, 0.00, 0.00, 1.00, 0.00, 0.00, 0.00, 0.00, 0.00, 0.00]]    [[3.0]]      [3.0] _/
    test o5.0_39        {1} [[0.00, 0.00, 0.00, 0.00, 0.00, 1.00, 0.00, 0.00, 0.00, 0.00]]    [[5.0]]      [5.0] _/
   traino5.0_129        {1} [[0.00, 0.00, 0.00, 0.00, 0.00, 1.00, 0.00, 0.00, 0.00, 0.00]]    [[5.0]]      [5.0] _/
   traino3.0_151        {1} [[0.00, 0.00, 0.00, 1.00, 0.00, 0.00, 0.00, 0.00, 0.00, 0.00]]    [[3.0]]      [3.0] _/
   traino9.0_319        {1} [[0.00, 0.00, 0.00, 0.00, 0.00, 0.00, 0.00, 0.00, 0.00, 1.00]]    [[9.0]]      [9.0] _/
   train o4.0_60        {1} [[0.00, 0.00, 0.00, 0.00, 1.00, 0.00, 0.00, 0.00, 0.00, 0.00]]    [[4.0]]      [4.0] _/
   train o9.0_48        {1} [[0.00, 0.00, 0.00, 0.00, 0.00, 0.00, 0.00, 0.00, 0.00, 1.00]]    [[9.0]]      [9.0] _/
   traino0.0_406        {1} [[1.00, 0.00, 0.00, 0.00, 0.00, 0.00, 0.00, 0.00, 0.00, 0.00]]    [[0.0]]      [0.0] _/
   train  o9.0_4        {1} [[0.00, 0.00, 0.00, 0.00, 0.00, 0.00, 0.00, 0.00, 0.00, 1.00]]    [[9.0]]      [9.0] _/
   traino5.0_303        {1} [[0.00, 0.00, 0.00, 0.00, 0.00, 1.00, 0.00, 0.00, 0.00, 0.00]]    [[5.0]]      [5.0] _/
   traino0.0_401        {1} [[1.00, 0.00, 0.00, 0.00, 0.00, 0.00, 0.00, 0.00, 0.00, 0.00]]    [[0.0]]      [0.0] _/
    test o0.0_68        {1} [[1.00, 0.00, 0.00, 0.00, 0.00, 0.00, 0.00, 0.00, 0.00, 0.00]]    [[0.0]]      [0.0] _/
   train o0.0_67        {1} [[1.00, 0.00, 0.00, 0.00, 0.00, 0.00, 0.00, 0.00, 0.00, 0.00]]    [[0.0]]      [0.0] _/
   traino4.0_214        {1} [[0.00, 0.00, 0.00, 0.00, 1.00, 0.00, 0.00, 0.00, 0.00, 0.00]]    [[4.0]]      [4.0] _/
   traino4.0_335        {1} [[0.00, 0.00, 0.00, 0.00, 1.00, 0.00, 0.00, 0.00, 0.00, 0.00]]    [[4.0]]      [4.0] _/
   traino2.0_278        {1} [[0.00, 0.00, 1.00, 0.00, 0.00, 0.00, 0.00, 0.00, 0.00, 0.00]]    [[2.0]]      [2.0] _/
   traino3.0_128        {2} [[0.00, 0.50, 0.00, 0.50, 0.00, 0.00, 0.00, 0.00, 0.00, 0.00]]    [[3.0]]      [3.0] _/
   traino3.0_368        {1} [[0.00, 0.00, 0.00, 1.00, 0.00, 0.00, 0.00, 0.00, 0.00, 0.00]]    [[3.0]]      [3.0] _/
   traino3.0_126        {1} [[0.00, 0.00, 0.00, 1.00, 0.00, 0.00, 0.00, 0.00, 0.00, 0.00]]    [[3.0]]      [3.0] _/
   traino4.0_328        {1} [[0.00, 0.00, 0.00, 0.00, 1.00, 0.00, 0.00, 0.00, 0.00, 0.00]]    [[4.0]]      [4.0] _/
   traino3.0_122        {1} [[0.00, 0.00, 0.00, 1.00, 0.00, 0.00, 0.00, 0.00, 0.00, 0.00]]    [[3.0]]      [3.0] _/
   train o2.0_80        {1} [[0.00, 0.00, 1.00, 0.00, 0.00, 0.00, 0.00, 0.00, 0.00, 0.00]]    [[2.0]]      [2.0] _/
   train o9.0_40        {1} [[0.00, 0.00, 0.00, 0.00, 0.00, 0.00, 0.00, 0.00, 0.00, 1.00]]    [[9.0]]      [9.0] _/
   traino2.0_391        {1} [[0.00, 0.00, 1.00, 0.00, 0.00, 0.00, 0.00, 0.00, 0.00, 0.00]]    [[2.0]]      [2.0] _/
   traino5.0_416        {1} [[0.00, 0.00, 0.00, 0.00, 0.00, 1.00, 0.00, 0.00, 0.00, 0.00]]    [[5.0]]      [5.0] _/
   train o2.0_89        {2} [[0.00, 0.50, 0.50, 0.00, 0.00, 0.00, 0.00, 0.00, 0.00, 0.00]]    [[2.0]]      [2.0] _/
   train o7.0_31        {1} [[0.00, 0.00, 0.00, 0.00, 0.00, 0.00, 0.00, 1.00, 0.00, 0.00]]    [[7.0]]      [7.0] _/
   traino6.0_404        {1} [[0.00, 0.00, 0.00, 0.00, 0.00, 0.00, 1.00, 0.00, 0.00, 0.00]]    [[6.0]]      [6.0] _/
   train o0.0_76        {1} [[1.00, 0.00, 0.00, 0.00, 0.00, 0.00, 0.00, 0.00, 0.00, 0.00]]    [[0.0]]      [0.0] _/
   traino5.0_313        {1} [[0.00, 0.00, 0.00, 0.00, 0.00, 1.00, 0.00, 0.00, 0.00, 0.00]]    [[5.0]]      [5.0] _/
    testo0.0_417        {1} [[1.00, 0.00, 0.00, 0.00, 0.00, 0.00, 0.00, 0.00, 0.00, 0.00]]    [[0.0]]      [0.0] _/
    test o0.0_73        {1} [[1.00, 0.00, 0.00, 0.00, 0.00, 0.00, 0.00, 0.00, 0.00, 0.00]]    [[0.0]]      [0.0] _/
    testo5.0_435        {1} [[0.00, 0.00, 0.00, 0.00, 0.00, 1.00, 0.00, 0.00, 0.00, 0.00]]    [[5.0]]      [5.0] _/
   traino0.0_414        {1} [[1.00, 0.00, 0.00, 0.00, 0.00, 0.00, 0.00, 0.00, 0.00, 0.00]]    [[0.0]]      [0.0] _/
    testo4.0_444        {1} [[0.00, 0.00, 0.00, 0.00, 1.00, 0.00, 0.00, 0.00, 0.00, 0.00]]    [[4.0]]      [4.0] _/
   traino4.0_440        {3} [[0.33, 0.00, 0.00, 0.00, 0.33, 0.00, 0.00, 0.00, 0.33, 0.00]]    [[8.0]]      [4.0]
   traino4.0_443        {1} [[0.00, 0.00, 0.00, 0.00, 1.00, 0.00, 0.00, 0.00, 0.00, 0.00]]    [[4.0]]      [4.0] _/
   traino4.0_317        {1} [[0.00, 0.00, 0.00, 0.00, 1.00, 0.00, 0.00, 0.00, 0.00, 0.00]]    [[4.0]]      [4.0] _/
   traino3.0_256        {1} [[0.00, 0.00, 0.00, 1.00, 0.00, 0.00, 0.00, 0.00, 0.00, 0.00]]    [[3.0]]      [3.0] _/
   traino3.0_134        {1} [[0.00, 0.00, 0.00, 1.00, 0.00, 0.00, 0.00, 0.00, 0.00, 0.00]]    [[3.0]]      [3.0] _/
   train o7.0_44        {1} [[0.00, 0.00, 0.00, 0.00, 0.00, 0.00, 0.00, 1.00, 0.00, 0.00]]    [[7.0]]      [7.0] _/
   traino3.0_252        {1} [[0.00, 0.00, 0.00, 1.00, 0.00, 0.00, 0.00, 0.00, 0.00, 0.00]]    [[3.0]]      [3.0] _/
   traino3.0_131        {1} [[0.00, 0.00, 0.00, 1.00, 0.00, 0.00, 0.00, 0.00, 0.00, 0.00]]    [[3.0]]      [3.0] _/
   train  o9.0_1        {1} [[0.00, 0.00, 0.00, 0.00, 0.00, 0.00, 0.00, 0.00, 0.00, 1.00]]    [[9.0]]      [9.0] _/
   traino2.0_263        {1} [[0.00, 0.00, 1.00, 0.00, 0.00, 0.00, 0.00, 0.00, 0.00, 0.00]]    [[2.0]]      [2.0] _/
   traino2.0_144        {1} [[0.00, 0.00, 1.00, 0.00, 0.00, 0.00, 0.00, 0.00, 0.00, 0.00]]    [[2.0]]      [2.0] _/
   train o0.0_42        {1} [[1.00, 0.00, 0.00, 0.00, 0.00, 0.00, 0.00, 0.00, 0.00, 0.00]]    [[0.0]]      [0.0] _/
   traino4.0_351        {1} [[0.00, 0.00, 0.00, 0.00, 1.00, 0.00, 0.00, 0.00, 0.00, 0.00]]    [[4.0]]      [4.0] _/
   traino0.0_429        {1} [[1.00, 0.00, 0.00, 0.00, 0.00, 0.00, 0.00, 0.00, 0.00, 0.00]]    [[0.0]]      [0.0] _/
   traino0.0_308        {1} [[1.00, 0.00, 0.00, 0.00, 0.00, 0.00, 0.00, 0.00, 0.00, 0.00]]    [[0.0]]      [0.0] _/
   traino5.0_325        {1} [[0.00, 0.00, 0.00, 0.00, 0.00, 1.00, 0.00, 0.00, 0.00, 0.00]]    [[5.0]]      [5.0] _/
   traino5.0_320        {1} [[0.00, 0.00, 0.00, 0.00, 0.00, 1.00, 0.00, 0.00, 0.00, 0.00]]    [[5.0]]      [5.0] _/
   traino0.0_304        {1} [[1.00, 0.00, 0.00, 0.00, 0.00, 0.00, 0.00, 0.00, 0.00, 0.00]]    [[0.0]]      [0.0] _/
    testo4.0_478        {1} [[0.00, 0.00, 0.00, 0.00, 1.00, 0.00, 0.00, 0.00, 0.00, 0.00]]    [[4.0]]      [4.0] _/
   traino4.0_353        {2} [[0.00, 0.00, 0.00, 0.50, 0.50, 0.00, 0.00, 0.00, 0.00, 0.00]]    [[4.0]]      [4.0] _/
    testo4.0_232        {1} [[0.00, 0.00, 0.00, 0.00, 1.00, 0.00, 0.00, 0.00, 0.00, 0.00]]    [[4.0]]      [4.0] _/
   traino4.0_475        {1} [[0.00, 0.00, 0.00, 0.00, 1.00, 0.00, 0.00, 0.00, 0.00, 0.00]]    [[4.0]]      [4.0] _/
    testo2.0_135        {1} [[0.00, 0.00, 1.00, 0.00, 0.00, 0.00, 0.00, 0.00, 0.00, 0.00]]    [[2.0]]      [2.0] _/
   traino3.0_106        {1} [[0.00, 0.00, 0.00, 1.00, 0.00, 0.00, 0.00, 0.00, 0.00, 0.00]]    [[3.0]]      [3.0] _/
   traino2.0_379        {1} [[0.00, 0.00, 1.00, 0.00, 0.00, 0.00, 0.00, 0.00, 0.00, 0.00]]    [[2.0]]      [2.0] _/
   traino3.0_468        {1} [[0.00, 0.00, 0.00, 1.00, 0.00, 0.00, 0.00, 0.00, 0.00, 0.00]]    [[3.0]]      [3.0] _/
   traino2.0_258        {1} [[0.00, 0.00, 1.00, 0.00, 0.00, 0.00, 0.00, 0.00, 0.00, 0.00]]    [[2.0]]      [2.0] _/
   traino4.0_108        {2} [[0.00, 0.00, 0.00, 0.00, 0.50, 0.00, 0.00, 0.00, 0.50, 0.00]]    [[8.0]]      [4.0]
   train o7.0_14        {1} [[0.00, 0.00, 0.00, 0.00, 0.00, 0.00, 0.00, 1.00, 0.00, 0.00]]    [[7.0]]      [7.0] _/
   traino3.0_223        {1} [[0.00, 0.00, 0.00, 1.00, 0.00, 0.00, 0.00, 0.00, 0.00, 0.00]]    [[3.0]]      [3.0] _/
    testo4.0_109        {1} [[0.00, 0.00, 0.00, 0.00, 1.00, 0.00, 0.00, 0.00, 0.00, 0.00]]    [[4.0]]      [4.0] _/
   train o7.0_11        {1} [[0.00, 0.00, 0.00, 0.00, 0.00, 0.00, 0.00, 1.00, 0.00, 0.00]]    [[7.0]]      [7.0] _/
   traino6.0_301        {1} [[0.00, 0.00, 0.00, 0.00, 0.00, 0.00, 1.00, 0.00, 0.00, 0.00]]    [[6.0]]      [6.0] _/
   traino5.0_315        {1} [[0.00, 0.00, 0.00, 0.00, 0.00, 1.00, 0.00, 0.00, 0.00, 0.00]]    [[5.0]]      [5.0] _/
   traino5.0_436        {1} [[0.00, 0.00, 0.00, 0.00, 0.00, 1.00, 0.00, 0.00, 0.00, 0.00]]    [[5.0]]      [5.0] _/
    testo6.0_423        {1} [[0.00, 0.00, 0.00, 0.00, 0.00, 0.00, 1.00, 0.00, 0.00, 0.00]]    [[6.0]]      [6.0] _/
   traino5.0_316        {1} [[0.00, 0.00, 0.00, 0.00, 0.00, 1.00, 0.00, 0.00, 0.00, 0.00]]    [[5.0]]      [5.0] _/
    testo1.0_403        {1} [[0.00, 1.00, 0.00, 0.00, 0.00, 0.00, 0.00, 0.00, 0.00, 0.00]]    [[1.0]]      [1.0] _/
   traino2.0_253        {1} [[0.00, 0.00, 1.00, 0.00, 0.00, 0.00, 0.00, 0.00, 0.00, 0.00]]    [[2.0]]      [2.0] _/
   traino5.0_336        {1} [[0.00, 0.00, 0.00, 0.00, 0.00, 1.00, 0.00, 0.00, 0.00, 0.00]]    [[5.0]]      [5.0] _/
    testo6.0_309        {2} [[0.00, 0.00, 0.00, 0.00, 0.00, 0.00, 0.50, 0.50, 0.00, 0.00]]    [[7.0]]      [6.0]
   train o0.0_57        {3} [[0.66, 0.33, 0.00, 0.00, 0.00, 0.00, 0.00, 0.00, 0.00, 0.00]]    [[0.0]]      [0.0] _/
   traino5.0_452        {1} [[0.00, 0.00, 0.00, 0.00, 0.00, 1.00, 0.00, 0.00, 0.00, 0.00]]    [[5.0]]      [5.0] _/
   traino4.0_224        {1} [[0.00, 0.00, 0.00, 0.00, 1.00, 0.00, 0.00, 0.00, 0.00, 0.00]]    [[4.0]]      [4.0] _/
   traino0.0_310        {1} [[1.00, 0.00, 0.00, 0.00, 0.00, 0.00, 0.00, 0.00, 0.00, 0.00]]    [[0.0]]      [0.0] _/
    testo0.0_431        {1} [[1.00, 0.00, 0.00, 0.00, 0.00, 0.00, 0.00, 0.00, 0.00, 0.00]]    [[0.0]]      [0.0] _/
    testo4.0_100        {1} [[0.00, 0.00, 0.00, 0.00, 1.00, 0.00, 0.00, 0.00, 0.00, 0.00]]    [[4.0]]      [4.0] _/
   traino4.0_221        {2} [[0.00, 0.00, 0.00, 0.00, 1.00, 0.00, 0.00, 0.00, 0.00, 0.00]]    [[4.0]]      [4.0] _/
   traino4.0_220        {1} [[0.00, 0.00, 0.00, 0.00, 1.00, 0.00, 0.00, 0.00, 0.00, 0.00]]    [[4.0]]      [4.0] _/
    test o2.0_72        {1} [[0.00, 0.00, 1.00, 0.00, 0.00, 0.00, 0.00, 0.00, 0.00, 0.00]]    [[2.0]]      [2.0] _/
   train o2.0_74        {1} [[0.00, 0.00, 1.00, 0.00, 0.00, 0.00, 0.00, 0.00, 0.00, 0.00]]    [[2.0]]      [2.0] _/
   traino2.0_247        {1} [[0.00, 0.00, 1.00, 0.00, 0.00, 0.00, 0.00, 0.00, 0.00, 0.00]]    [[2.0]]      [2.0] _/
   traino3.0_358        {1} [[0.00, 0.00, 0.00, 1.00, 0.00, 0.00, 0.00, 0.00, 0.00, 0.00]]    [[3.0]]      [3.0] _/
    testo3.0_479        {1} [[0.00, 0.00, 0.00, 1.00, 0.00, 0.00, 0.00, 0.00, 0.00, 0.00]]    [[3.0]]      [3.0] _/
   traino3.0_236        {1} [[0.00, 0.00, 0.00, 1.00, 0.00, 0.00, 0.00, 0.00, 0.00, 0.00]]    [[3.0]]      [3.0] _/
   traino3.0_234        {1} [[0.00, 0.00, 0.00, 1.00, 0.00, 0.00, 0.00, 0.00, 0.00, 0.00]]    [[3.0]]      [3.0] _/
   traino2.0_127        {1} [[0.00, 0.00, 1.00, 0.00, 0.00, 0.00, 0.00, 0.00, 0.00, 0.00]]    [[2.0]]      [2.0] _/
   traino3.0_110        {2} [[0.50, 0.00, 0.00, 0.50, 0.00, 0.00, 0.00, 0.00, 0.00, 0.00]]    [[3.0]]      [3.0] _/
    testo3.0_473        {1} [[0.00, 0.00, 0.00, 1.00, 0.00, 0.00, 0.00, 0.00, 0.00, 0.00]]    [[3.0]]      [3.0] _/
    testo5.0_207        {1} [[0.00, 0.00, 0.00, 0.00, 0.00, 1.00, 0.00, 0.00, 0.00, 0.00]]    [[5.0]]      [5.0] _/
   traino2.0_483        {1} [[0.00, 0.00, 1.00, 0.00, 0.00, 0.00, 0.00, 0.00, 0.00, 0.00]]    [[2.0]]      [2.0] _/
   traino5.0_447        {1} [[0.00, 0.00, 0.00, 0.00, 0.00, 1.00, 0.00, 0.00, 0.00, 0.00]]    [[5.0]]      [5.0] _/
   traino6.0_434        {1} [[0.00, 0.00, 0.00, 0.00, 0.00, 0.00, 1.00, 0.00, 0.00, 0.00]]    [[6.0]]      [6.0] _/
   traino2.0_361        {1} [[0.00, 0.00, 1.00, 0.00, 0.00, 0.00, 0.00, 0.00, 0.00, 0.00]]    [[2.0]]      [2.0] _/
   traino2.0_364        {1} [[0.00, 0.00, 1.00, 0.00, 0.00, 0.00, 0.00, 0.00, 0.00, 0.00]]    [[2.0]]      [2.0] _/
   traino2.0_243        {1} [[0.00, 0.00, 1.00, 0.00, 0.00, 0.00, 0.00, 0.00, 0.00, 0.00]]    [[2.0]]      [2.0] _/
    testo6.0_311        {1} [[0.00, 0.00, 0.00, 0.00, 0.00, 0.00, 1.00, 0.00, 0.00, 0.00]]    [[6.0]]      [6.0] _/
   traino2.0_484        {1} [[0.00, 0.00, 1.00, 0.00, 0.00, 0.00, 0.00, 0.00, 0.00, 0.00]]    [[2.0]]      [2.0] _/
   traino6.0_432        {1} [[0.00, 0.00, 0.00, 0.00, 0.00, 0.00, 1.00, 0.00, 0.00, 0.00]]    [[6.0]]      [6.0] _/
   traino0.0_448        {1} [[1.00, 0.00, 0.00, 0.00, 0.00, 0.00, 0.00, 0.00, 0.00, 0.00]]    [[0.0]]      [0.0] _/
   traino1.0_418        {1} [[0.00, 1.00, 0.00, 0.00, 0.00, 0.00, 0.00, 0.00, 0.00, 0.00]]    [[1.0]]      [1.0] _/
   traino4.0_412        {1} [[0.00, 0.00, 0.00, 0.00, 1.00, 0.00, 0.00, 0.00, 0.00, 0.00]]    [[4.0]]      [4.0] _/
    testo0.0_321        {1} [[1.00, 0.00, 0.00, 0.00, 0.00, 0.00, 0.00, 0.00, 0.00, 0.00]]    [[0.0]]      [0.0] _/
    testo0.0_442        {1} [[1.00, 0.00, 0.00, 0.00, 0.00, 0.00, 0.00, 0.00, 0.00, 0.00]]    [[0.0]]      [0.0] _/
   traino3.0_438        {1} [[0.00, 0.00, 0.00, 1.00, 0.00, 0.00, 0.00, 0.00, 0.00, 0.00]]    [[3.0]]      [3.0] _/
   traino3.0_206        {1} [[0.00, 0.00, 0.00, 1.00, 0.00, 0.00, 0.00, 0.00, 0.00, 0.00]]    [[3.0]]      [3.0] _/
   traino2.0_356        {1} [[0.00, 0.00, 1.00, 0.00, 0.00, 0.00, 0.00, 0.00, 0.00, 0.00]]    [[2.0]]      [2.0] _/
    testo3.0_202        {1} [[0.00, 0.00, 0.00, 1.00, 0.00, 0.00, 0.00, 0.00, 0.00, 0.00]]    [[3.0]]      [3.0] _/
   traino2.0_239        {1} [[0.00, 0.00, 1.00, 0.00, 0.00, 0.00, 0.00, 0.00, 0.00, 0.00]]    [[2.0]]      [2.0] _/
   traino3.0_441        {1} [[0.00, 0.00, 0.00, 1.00, 0.00, 0.00, 0.00, 0.00, 0.00, 0.00]]    [[3.0]]      [3.0] _/
   train o7.0_77        {1} [[0.00, 0.00, 0.00, 0.00, 0.00, 0.00, 0.00, 1.00, 0.00, 0.00]]    [[7.0]]      [7.0] _/
   traino2.0_470        {1} [[0.00, 0.00, 1.00, 0.00, 0.00, 0.00, 0.00, 0.00, 0.00, 0.00]]    [[2.0]]      [2.0] _/
   traino1.0_425        {1} [[0.00, 1.00, 0.00, 0.00, 0.00, 0.00, 0.00, 0.00, 0.00, 0.00]]    [[1.0]]      [1.0] _/
   traino0.0_338        {1} [[1.00, 0.00, 0.00, 0.00, 0.00, 0.00, 0.00, 0.00, 0.00, 0.00]]    [[0.0]]      [0.0] _/
   traino0.0_219        {1} [[1.00, 0.00, 0.00, 0.00, 0.00, 0.00, 0.00, 0.00, 0.00, 0.00]]    [[0.0]]      [0.0] _/
   traino0.0_215        {1} [[1.00, 0.00, 0.00, 0.00, 0.00, 0.00, 0.00, 0.00, 0.00, 0.00]]    [[0.0]]      [0.0] _/
   traino0.0_337        {1} [[1.00, 0.00, 0.00, 0.00, 0.00, 0.00, 0.00, 0.00, 0.00, 0.00]]    [[0.0]]      [0.0] _/
   traino0.0_453        {1} [[1.00, 0.00, 0.00, 0.00, 0.00, 0.00, 0.00, 0.00, 0.00, 0.00]]    [[0.0]]      [0.0] _/
   traino3.0_449        {1} [[0.00, 0.00, 0.00, 1.00, 0.00, 0.00, 0.00, 0.00, 0.00, 0.00]]    [[3.0]]      [3.0] _/
    testo2.0_344        {1} [[0.00, 0.00, 1.00, 0.00, 0.00, 0.00, 0.00, 0.00, 0.00, 0.00]]    [[2.0]]      [2.0] _/
   traino2.0_222        {1} [[0.00, 0.00, 1.00, 0.00, 0.00, 0.00, 0.00, 0.00, 0.00, 0.00]]    [[2.0]]      [2.0] _/
   traino3.0_216        {1} [[0.00, 0.00, 0.00, 1.00, 0.00, 0.00, 0.00, 0.00, 0.00, 0.00]]    [[3.0]]      [3.0] _/
   traino2.0_101        {1} [[0.00, 0.00, 1.00, 0.00, 0.00, 0.00, 0.00, 0.00, 0.00, 0.00]]    [[2.0]]      [2.0] _/
   traino2.0_346        {1} [[0.00, 0.00, 1.00, 0.00, 0.00, 0.00, 0.00, 0.00, 0.00, 0.00]]    [[2.0]]      [2.0] _/
   traino2.0_469        {2} [[0.00, 0.00, 1.00, 0.00, 0.00, 0.00, 0.00, 0.00, 0.00, 0.00]]    [[2.0]]      [2.0] _/
   traino3.0_333        {1} [[0.00, 0.00, 0.00, 1.00, 0.00, 0.00, 0.00, 0.00, 0.00, 0.00]]    [[3.0]]      [3.0] _/
   traino7.0_400        {1} [[0.00, 0.00, 0.00, 0.00, 0.00, 0.00, 0.00, 1.00, 0.00, 0.00]]    [[7.0]]      [7.0] _/
   traino3.0_451        {1} [[0.00, 0.00, 0.00, 1.00, 0.00, 0.00, 0.00, 0.00, 0.00, 0.00]]    [[3.0]]      [3.0] _/
   train o7.0_87        {1} [[0.00, 0.00, 0.00, 0.00, 0.00, 0.00, 0.00, 1.00, 0.00, 0.00]]    [[7.0]]      [7.0] _/
   traino1.0_312        {1} [[0.00, 1.00, 0.00, 0.00, 0.00, 0.00, 0.00, 0.00, 0.00, 0.00]]    [[1.0]]      [1.0] _/
   train o2.0_59        {2} [[0.00, 0.00, 0.50, 0.00, 0.00, 0.00, 0.00, 0.00, 0.50, 0.00]]    [[8.0]]      [2.0]
   train o7.0_86        {2} [[0.00, 0.00, 0.00, 0.50, 0.00, 0.00, 0.00, 0.50, 0.00, 0.00]]    [[7.0]]      [7.0] _/
   traino0.0_228        {3} [[0.33, 0.00, 0.00, 0.00, 0.33, 0.33, 0.00, 0.00, 0.00, 0.00]]    [[5.0]]      [0.0]
   train o9.0_23        {1} [[0.00, 0.00, 0.00, 0.00, 0.00, 0.00, 0.00, 0.00, 0.00, 1.00]]    [[9.0]]      [9.0] _/
   traino0.0_103        {1} [[1.00, 0.00, 0.00, 0.00, 0.00, 0.00, 0.00, 0.00, 0.00, 0.00]]    [[0.0]]      [0.0] _/
   train o2.0_18        {1} [[0.00, 0.00, 1.00, 0.00, 0.00, 0.00, 0.00, 0.00, 0.00, 0.00]]    [[2.0]]      [2.0] _/
   traino0.0_464        {1} [[1.00, 0.00, 0.00, 0.00, 0.00, 0.00, 0.00, 0.00, 0.00, 0.00]]    [[0.0]]      [0.0] _/
   train o9.0_28        {1} [[0.00, 0.00, 0.00, 0.00, 0.00, 0.00, 0.00, 0.00, 0.00, 1.00]]    [[9.0]]      [9.0] _/
   traino2.0_458        {1} [[0.00, 0.00, 1.00, 0.00, 0.00, 0.00, 0.00, 0.00, 0.00, 0.00]]    [[2.0]]      [2.0] _/
   traino4.0_306        {1} [[0.00, 0.00, 0.00, 0.00, 1.00, 0.00, 0.00, 0.00, 0.00, 0.00]]    [[4.0]]      [4.0] _/
   traino4.0_307        {1} [[0.00, 0.00, 0.00, 0.00, 1.00, 0.00, 0.00, 0.00, 0.00, 0.00]]    [[4.0]]      [4.0] _/
   traino1.0_204        {1} [[0.00, 1.00, 0.00, 0.00, 0.00, 0.00, 0.00, 0.00, 0.00, 0.00]]    [[1.0]]      [1.0] _/
   traino1.0_324        {1} [[0.00, 1.00, 0.00, 0.00, 0.00, 0.00, 0.00, 0.00, 0.00, 0.00]]    [[1.0]]      [1.0] _/
   train o7.0_54        {1} [[0.00, 0.00, 0.00, 0.00, 0.00, 0.00, 0.00, 1.00, 0.00, 0.00]]    [[7.0]]      [7.0] _/
   traino1.0_208        {1} [[0.00, 1.00, 0.00, 0.00, 0.00, 0.00, 0.00, 0.00, 0.00, 0.00]]    [[1.0]]      [1.0] _/
   traino0.0_118        {1} [[1.00, 0.00, 0.00, 0.00, 0.00, 0.00, 0.00, 0.00, 0.00, 0.00]]    [[0.0]]      [0.0] _/
   traino5.0_410        {1} [[0.00, 0.00, 0.00, 0.00, 0.00, 1.00, 0.00, 0.00, 0.00, 0.00]]    [[5.0]]      [5.0] _/
   train o2.0_29        {1} [[0.00, 0.00, 1.00, 0.00, 0.00, 0.00, 0.00, 0.00, 0.00, 0.00]]    [[2.0]]      [2.0] _/
   traino0.0_237        {1} [[1.00, 0.00, 0.00, 0.00, 0.00, 0.00, 0.00, 0.00, 0.00, 0.00]]    [[0.0]]      [0.0] _/
    testo0.0_238        {1} [[1.00, 0.00, 0.00, 0.00, 0.00, 0.00, 0.00, 0.00, 0.00, 0.00]]    [[0.0]]      [0.0] _/
   traino0.0_117        {1} [[1.00, 0.00, 0.00, 0.00, 0.00, 0.00, 0.00, 0.00, 0.00, 0.00]]    [[0.0]]      [0.0] _/
   traino4.0_302        {2} [[0.00, 0.00, 0.00, 0.00, 0.50, 0.00, 0.00, 0.00, 0.00, 0.50]]    [[9.0]]      [4.0]
   traino0.0_111        {1} [[1.00, 0.00, 0.00, 0.00, 0.00, 0.00, 0.00, 0.00, 0.00, 0.00]]    [[0.0]]      [0.0] _/
   traino0.0_471        {1} [[1.00, 0.00, 0.00, 0.00, 0.00, 0.00, 0.00, 0.00, 0.00, 0.00]]    [[0.0]]      [0.0] _/
   train o9.0_16        {1} [[0.00, 0.00, 0.00, 0.00, 0.00, 0.00, 0.00, 0.00, 0.00, 1.00]]    [[9.0]]      [9.0] _/
   traino3.0_437        {1} [[0.00, 0.00, 0.00, 1.00, 0.00, 0.00, 0.00, 0.00, 0.00, 0.00]]    [[3.0]]      [3.0] _/
   traino1.0_332        {2} [[0.00, 0.50, 0.00, 0.00, 0.00, 0.00, 0.00, 0.00, 0.50, 0.00]]    [[8.0]]      [1.0]
    testo3.0_433        {1} [[0.00, 0.00, 0.00, 1.00, 0.00, 0.00, 0.00, 0.00, 0.00, 0.00]]    [[3.0]]      [3.0] _/
   train o7.0_69        {1} [[0.00, 0.00, 0.00, 0.00, 0.00, 0.00, 0.00, 1.00, 0.00, 0.00]]    [[7.0]]      [7.0] _/
   train o2.0_36        {1} [[0.00, 0.00, 1.00, 0.00, 0.00, 0.00, 0.00, 0.00, 0.00, 0.00]]    [[2.0]]      [2.0] _/
   train o2.0_35        {1} [[0.00, 0.00, 1.00, 0.00, 0.00, 0.00, 0.00, 0.00, 0.00, 0.00]]    [[2.0]]      [2.0] _/
   traino1.0_455        {1} [[0.00, 1.00, 0.00, 0.00, 0.00, 0.00, 0.00, 0.00, 0.00, 0.00]]    [[1.0]]      [1.0] _/
   train o7.0_62        {2} [[0.00, 0.00, 0.00, 0.00, 0.50, 0.00, 0.00, 0.50, 0.00, 0.00]]    [[7.0]]      [7.0] _/
   traino1.0_339        {1} [[0.00, 1.00, 0.00, 0.00, 0.00, 0.00, 0.00, 0.00, 0.00, 0.00]]    [[1.0]]      [1.0] _/
   train o6.0_24        {1} [[0.00, 0.00, 0.00, 0.00, 0.00, 0.00, 1.00, 0.00, 0.00, 0.00]]    [[6.0]]      [6.0] _/
   traino6.0_359        {1} [[0.00, 0.00, 0.00, 0.00, 0.00, 0.00, 1.00, 0.00, 0.00, 0.00]]    [[6.0]]      [6.0] _/
   traino8.0_413        {1} [[0.00, 0.00, 0.00, 0.00, 0.00, 0.00, 0.00, 0.00, 1.00, 0.00]]    [[8.0]]      [8.0] _/
   train o3.0_83        {2} [[0.00, 0.00, 0.00, 0.50, 0.00, 0.00, 0.50, 0.00, 0.00, 0.00]]    [[6.0]]      [3.0]
   traino9.0_196        {1} [[0.00, 0.00, 0.00, 0.00, 0.00, 0.00, 0.00, 0.00, 0.00, 1.00]]    [[9.0]]      [9.0] _/
   traino8.0_421        {1} [[0.00, 0.00, 0.00, 0.00, 0.00, 0.00, 0.00, 0.00, 1.00, 0.00]]    [[8.0]]      [8.0] _/
    testo8.0_300        {1} [[0.00, 0.00, 0.00, 0.00, 0.00, 0.00, 0.00, 0.00, 1.00, 0.00]]    [[8.0]]      [8.0] _/
    testo3.0_402        {1} [[0.00, 0.00, 0.00, 1.00, 0.00, 0.00, 0.00, 0.00, 0.00, 0.00]]    [[3.0]]      [3.0] _/
   traino1.0_343        {1} [[0.00, 1.00, 0.00, 0.00, 0.00, 0.00, 0.00, 0.00, 0.00, 0.00]]    [[1.0]]      [1.0] _/
   traino1.0_340        {1} [[0.00, 1.00, 0.00, 0.00, 0.00, 0.00, 0.00, 0.00, 0.00, 0.00]]    [[1.0]]      [1.0] _/
    testo6.0_121        {1} [[0.00, 0.00, 0.00, 0.00, 0.00, 0.00, 1.00, 0.00, 0.00, 0.00]]    [[6.0]]      [6.0] _/
   traino1.0_225        {1} [[0.00, 1.00, 0.00, 0.00, 0.00, 0.00, 0.00, 0.00, 0.00, 0.00]]    [[1.0]]      [1.0] _/
   traino6.0_240        {1} [[0.00, 0.00, 0.00, 0.00, 0.00, 0.00, 1.00, 0.00, 0.00, 0.00]]    [[6.0]]      [6.0] _/
   traino6.0_246        {1} [[0.00, 0.00, 0.00, 0.00, 0.00, 0.00, 1.00, 0.00, 0.00, 0.00]]    [[6.0]]      [6.0] _/
   traino6.0_244        {1} [[0.00, 0.00, 0.00, 0.00, 0.00, 0.00, 1.00, 0.00, 0.00, 0.00]]    [[6.0]]      [6.0] _/
   traino1.0_348        {1} [[0.00, 1.00, 0.00, 0.00, 0.00, 0.00, 0.00, 0.00, 0.00, 0.00]]    [[1.0]]      [1.0] _/
   train o6.0_37        {1} [[0.00, 0.00, 0.00, 0.00, 0.00, 0.00, 1.00, 0.00, 0.00, 0.00]]    [[6.0]]      [6.0] _/
    test  o7.0_6        {1} [[0.00, 0.00, 0.00, 0.00, 0.00, 0.00, 0.00, 1.00, 0.00, 0.00]]    [[7.0]]      [7.0] _/
   train o3.0_70        {1} [[0.00, 0.00, 0.00, 1.00, 0.00, 0.00, 0.00, 0.00, 0.00, 0.00]]    [[3.0]]      [3.0] _/
    testo8.0_428        {1} [[0.00, 0.00, 0.00, 0.00, 0.00, 0.00, 0.00, 0.00, 1.00, 0.00]]    [[8.0]]      [8.0] _/
   traino8.0_424        {1} [[0.00, 0.00, 0.00, 0.00, 0.00, 0.00, 0.00, 0.00, 1.00, 0.00]]    [[8.0]]      [8.0] _/
   traino3.0_408        {1} [[0.00, 0.00, 0.00, 1.00, 0.00, 0.00, 0.00, 0.00, 0.00, 0.00]]    [[3.0]]      [3.0] _/
   traino8.0_422        {1} [[0.00, 0.00, 0.00, 0.00, 0.00, 0.00, 0.00, 0.00, 1.00, 0.00]]    [[8.0]]      [8.0] _/
   traino4.0_167        {1} [[0.00, 0.00, 0.00, 0.00, 1.00, 0.00, 0.00, 0.00, 0.00, 0.00]]    [[4.0]]      [4.0] _/
   traino3.0_415        {1} [[0.00, 0.00, 0.00, 1.00, 0.00, 0.00, 0.00, 0.00, 0.00, 0.00]]    [[3.0]]      [3.0] _/
   traino8.0_430        {2} [[0.00, 0.50, 0.00, 0.00, 0.00, 0.00, 0.00, 0.00, 0.50, 0.00]]    [[8.0]]      [8.0] _/
   traino1.0_233        {1} [[0.00, 1.00, 0.00, 0.00, 0.00, 0.00, 0.00, 0.00, 0.00, 0.00]]    [[1.0]]      [1.0] _/
   traino6.0_491        {1} [[0.00, 0.00, 0.00, 0.00, 0.00, 0.00, 1.00, 0.00, 0.00, 0.00]]    [[6.0]]      [6.0] _/
   traino1.0_354        {1} [[0.00, 1.00, 0.00, 0.00, 0.00, 0.00, 0.00, 0.00, 0.00, 0.00]]    [[1.0]]      [1.0] _/
   traino1.0_112        {1} [[0.00, 1.00, 0.00, 0.00, 0.00, 0.00, 0.00, 0.00, 0.00, 0.00]]    [[1.0]]      [1.0] _/
   train  o0.0_2        {1} [[1.00, 0.00, 0.00, 0.00, 0.00, 0.00, 0.00, 0.00, 0.00, 0.00]]    [[0.0]]      [0.0] _/
   traino1.0_474        {1} [[0.00, 1.00, 0.00, 0.00, 0.00, 0.00, 0.00, 0.00, 0.00, 0.00]]    [[1.0]]      [1.0] _/
   train  o0.0_7        {1} [[1.00, 0.00, 0.00, 0.00, 0.00, 0.00, 0.00, 0.00, 0.00, 0.00]]    [[0.0]]      [0.0] _/
   traino1.0_116        {1} [[0.00, 1.00, 0.00, 0.00, 0.00, 0.00, 0.00, 0.00, 0.00, 0.00]]    [[1.0]]      [1.0] _/
    testo1.0_115        {1} [[0.00, 1.00, 0.00, 0.00, 0.00, 0.00, 0.00, 0.00, 0.00, 0.00]]    [[1.0]]      [1.0] _/
   traino6.0_493        {1} [[0.00, 0.00, 0.00, 0.00, 0.00, 0.00, 1.00, 0.00, 0.00, 0.00]]    [[6.0]]      [6.0] _/
   traino1.0_477        {1} [[0.00, 1.00, 0.00, 0.00, 0.00, 0.00, 0.00, 0.00, 0.00, 0.00]]    [[1.0]]      [1.0] _/
    testo1.0_113        {1} [[0.00, 1.00, 0.00, 0.00, 0.00, 0.00, 0.00, 0.00, 0.00, 0.00]]    [[1.0]]      [1.0] _/
    testo6.0_137        {1} [[0.00, 0.00, 0.00, 0.00, 0.00, 0.00, 1.00, 0.00, 0.00, 0.00]]    [[6.0]]      [6.0] _/
   traino6.0_498        {1} [[0.00, 0.00, 0.00, 0.00, 0.00, 0.00, 1.00, 0.00, 0.00, 0.00]]    [[6.0]]      [6.0] _/
    test o7.0_90        {1} [[0.00, 0.00, 0.00, 0.00, 0.00, 0.00, 0.00, 1.00, 0.00, 0.00]]    [[7.0]]      [7.0] _/
    testo4.0_197        {1} [[0.00, 0.00, 0.00, 0.00, 1.00, 0.00, 0.00, 0.00, 0.00, 0.00]]    [[4.0]]      [4.0] _/
   train o3.0_66        {1} [[0.00, 0.00, 0.00, 1.00, 0.00, 0.00, 0.00, 0.00, 0.00, 0.00]]    [[3.0]]      [3.0] _/
    testo4.0_190        {2} [[0.00, 0.00, 0.00, 0.50, 0.50, 0.00, 0.00, 0.00, 0.00, 0.00]]    [[4.0]]      [4.0] _/
    testo1.0_360        {1} [[0.00, 1.00, 0.00, 0.00, 0.00, 0.00, 0.00, 0.00, 0.00, 0.00]]    [[1.0]]      [1.0] _/
   traino1.0_365        {1} [[0.00, 1.00, 0.00, 0.00, 0.00, 0.00, 0.00, 0.00, 0.00, 0.00]]    [[1.0]]      [1.0] _/
   traino6.0_260        {1} [[0.00, 0.00, 0.00, 0.00, 0.00, 0.00, 1.00, 0.00, 0.00, 0.00]]    [[6.0]]      [6.0] _/
    testo1.0_362        {1} [[0.00, 1.00, 0.00, 0.00, 0.00, 0.00, 0.00, 0.00, 0.00, 0.00]]    [[1.0]]      [1.0] _/
   traino1.0_241        {1} [[0.00, 1.00, 0.00, 0.00, 0.00, 0.00, 0.00, 0.00, 0.00, 0.00]]    [[1.0]]      [1.0] _/
   traino1.0_248        {1} [[0.00, 1.00, 0.00, 0.00, 0.00, 0.00, 0.00, 0.00, 0.00, 0.00]]    [[1.0]]      [1.0] _/
    testo1.0_489        {1} [[0.00, 1.00, 0.00, 0.00, 0.00, 0.00, 0.00, 0.00, 0.00, 0.00]]    [[1.0]]      [1.0] _/
    testo6.0_262        {1} [[0.00, 0.00, 0.00, 0.00, 0.00, 0.00, 1.00, 0.00, 0.00, 0.00]]    [[6.0]]      [6.0] _/
    testo6.0_389        {1} [[0.00, 0.00, 0.00, 0.00, 0.00, 0.00, 1.00, 0.00, 0.00, 0.00]]    [[6.0]]      [6.0] _/
   traino6.0_145        {1} [[0.00, 0.00, 0.00, 0.00, 0.00, 0.00, 1.00, 0.00, 0.00, 0.00]]    [[6.0]]      [6.0] _/
    testo6.0_388        {1} [[0.00, 0.00, 0.00, 0.00, 0.00, 0.00, 1.00, 0.00, 0.00, 0.00]]    [[6.0]]      [6.0] _/
   traino4.0_183        {1} [[0.00, 0.00, 0.00, 0.00, 1.00, 0.00, 0.00, 0.00, 0.00, 0.00]]    [[4.0]]      [4.0] _/
   traino4.0_185        {1} [[0.00, 0.00, 0.00, 0.00, 1.00, 0.00, 0.00, 0.00, 0.00, 0.00]]    [[4.0]]      [4.0] _/
   traino8.0_405        {1} [[0.00, 0.00, 0.00, 0.00, 0.00, 0.00, 0.00, 0.00, 1.00, 0.00]]    [[8.0]]      [8.0] _/
    test o3.0_52        {2} [[0.00, 0.00, 0.00, 0.50, 0.00, 0.00, 0.50, 0.00, 0.00, 0.00]]    [[6.0]]      [3.0]
   train o6.0_53        {1} [[0.00, 0.00, 0.00, 0.00, 0.00, 0.00, 1.00, 0.00, 0.00, 0.00]]    [[6.0]]      [6.0] _/
   traino6.0_150        {1} [[0.00, 0.00, 0.00, 0.00, 0.00, 0.00, 1.00, 0.00, 0.00, 0.00]]    [[6.0]]      [6.0] _/
   traino6.0_390        {1} [[0.00, 0.00, 0.00, 0.00, 0.00, 0.00, 1.00, 0.00, 0.00, 0.00]]    [[6.0]]      [6.0] _/
   traino6.0_270        {1} [[0.00, 0.00, 0.00, 0.00, 0.00, 0.00, 1.00, 0.00, 0.00, 0.00]]    [[6.0]]      [6.0] _/
   traino1.0_259        {1} [[0.00, 1.00, 0.00, 0.00, 0.00, 0.00, 0.00, 0.00, 0.00, 0.00]]    [[1.0]]      [1.0] _/
   traino1.0_257        {1} [[0.00, 1.00, 0.00, 0.00, 0.00, 0.00, 0.00, 0.00, 0.00, 0.00]]    [[1.0]]      [1.0] _/
   traino4.0_250        {1} [[0.00, 0.00, 0.00, 0.00, 1.00, 0.00, 0.00, 0.00, 0.00, 0.00]]    [[4.0]]      [4.0] _/
   traino4.0_492        {1} [[0.00, 0.00, 0.00, 0.00, 1.00, 0.00, 0.00, 0.00, 0.00, 0.00]]    [[4.0]]      [4.0] _/
   traino4.0_494        {1} [[0.00, 0.00, 0.00, 0.00, 1.00, 0.00, 0.00, 0.00, 0.00, 0.00]]    [[4.0]]      [4.0] _/
   traino6.0_439        {1} [[0.00, 0.00, 0.00, 0.00, 0.00, 0.00, 1.00, 0.00, 0.00, 0.00]]    [[6.0]]      [6.0] _/
    testo4.0_378        {1} [[0.00, 0.00, 0.00, 0.00, 1.00, 0.00, 0.00, 0.00, 0.00, 0.00]]    [[4.0]]      [4.0] _/
    testo8.0_218        {1} [[0.00, 0.00, 0.00, 0.00, 0.00, 0.00, 0.00, 0.00, 1.00, 0.00]]    [[8.0]]      [8.0] _/
    testo8.0_334        {1} [[0.00, 0.00, 0.00, 0.00, 0.00, 0.00, 0.00, 0.00, 1.00, 0.00]]    [[8.0]]      [8.0] _/
    testo8.0_102        {1} [[0.00, 0.00, 0.00, 0.00, 0.00, 0.00, 0.00, 0.00, 1.00, 0.00]]    [[8.0]]      [8.0] _/
   traino8.0_462        {1} [[0.00, 0.00, 0.00, 0.00, 0.00, 0.00, 0.00, 0.00, 1.00, 0.00]]    [[8.0]]      [8.0] _/
   traino8.0_463        {1} [[0.00, 0.00, 0.00, 0.00, 0.00, 0.00, 0.00, 0.00, 1.00, 0.00]]    [[8.0]]      [8.0] _/
   traino8.0_342        {1} [[0.00, 0.00, 0.00, 0.00, 0.00, 0.00, 0.00, 0.00, 1.00, 0.00]]    [[8.0]]      [8.0] _/
    testo8.0_460        {1} [[0.00, 0.00, 0.00, 0.00, 0.00, 0.00, 0.00, 0.00, 1.00, 0.00]]    [[8.0]]      [8.0] _/
   traino1.0_264        {1} [[0.00, 1.00, 0.00, 0.00, 0.00, 0.00, 0.00, 0.00, 0.00, 0.00]]    [[1.0]]      [1.0] _/
   traino1.0_384        {1} [[0.00, 1.00, 0.00, 0.00, 0.00, 0.00, 0.00, 0.00, 0.00, 0.00]]    [[1.0]]      [1.0] _/
    testo2.0_192        {1} [[0.00, 0.00, 1.00, 0.00, 0.00, 0.00, 0.00, 0.00, 0.00, 0.00]]    [[2.0]]      [2.0] _/
   traino6.0_203        {1} [[0.00, 0.00, 0.00, 0.00, 0.00, 0.00, 1.00, 0.00, 0.00, 0.00]]    [[6.0]]      [6.0] _/
   traino4.0_481        {1} [[0.00, 0.00, 0.00, 0.00, 1.00, 0.00, 0.00, 0.00, 0.00, 0.00]]    [[4.0]]      [4.0] _/
    testo8.0_107        {1} [[0.00, 0.00, 0.00, 0.00, 0.00, 0.00, 0.00, 0.00, 1.00, 0.00]]    [[8.0]]      [8.0] _/
   traino4.0_249        {1} [[0.00, 0.00, 0.00, 0.00, 1.00, 0.00, 0.00, 0.00, 0.00, 0.00]]    [[4.0]]      [4.0] _/
   traino8.0_349        {2} [[0.00, 0.00, 0.00, 0.00, 0.00, 0.00, 0.00, 0.00, 1.00, 0.00]]    [[8.0]]      [8.0] _/
    testo8.0_229        {2} [[0.00, 0.00, 0.00, 0.00, 0.00, 0.00, 0.00, 0.50, 0.50, 0.00]]    [[8.0]]      [8.0] _/
   traino4.0_363        {1} [[0.00, 0.00, 0.00, 0.00, 1.00, 0.00, 0.00, 0.00, 0.00, 0.00]]    [[4.0]]      [4.0] _/
   traino4.0_245        {1} [[0.00, 0.00, 0.00, 0.00, 1.00, 0.00, 0.00, 0.00, 0.00, 0.00]]    [[4.0]]      [4.0] _/
   traino4.0_124        {1} [[0.00, 0.00, 0.00, 0.00, 1.00, 0.00, 0.00, 0.00, 0.00, 0.00]]    [[4.0]]      [4.0] _/
    testo1.0_392        {1} [[0.00, 1.00, 0.00, 0.00, 0.00, 0.00, 0.00, 0.00, 0.00, 0.00]]    [[1.0]]      [1.0] _/
    test  o8.0_5        {1} [[0.00, 0.00, 0.00, 0.00, 0.00, 0.00, 0.00, 0.00, 1.00, 0.00]]    [[8.0]]      [8.0] _/
    testo1.0_274        {1} [[0.00, 1.00, 0.00, 0.00, 0.00, 0.00, 0.00, 0.00, 0.00, 0.00]]    [[1.0]]      [1.0] _/
   traino1.0_157        {1} [[0.00, 1.00, 0.00, 0.00, 0.00, 0.00, 0.00, 0.00, 0.00, 0.00]]    [[1.0]]      [1.0] _/
    testo2.0_187        {1} [[0.00, 0.00, 1.00, 0.00, 0.00, 0.00, 0.00, 0.00, 0.00, 0.00]]    [[2.0]]      [2.0] _/
   traino4.0_272        {1} [[0.00, 0.00, 0.00, 0.00, 1.00, 0.00, 0.00, 0.00, 0.00, 0.00]]    [[4.0]]      [4.0] _/
   traino4.0_395        {1} [[0.00, 0.00, 0.00, 0.00, 1.00, 0.00, 0.00, 0.00, 0.00, 0.00]]    [[4.0]]      [4.0] _/
    testo4.0_158        {1} [[0.00, 0.00, 0.00, 0.00, 1.00, 0.00, 0.00, 0.00, 0.00, 0.00]]    [[4.0]]      [4.0] _/
   traino1.0_282        {1} [[0.00, 1.00, 0.00, 0.00, 0.00, 0.00, 0.00, 0.00, 0.00, 0.00]]    [[1.0]]      [1.0] _/
   traino1.0_165        {1} [[0.00, 1.00, 0.00, 0.00, 0.00, 0.00, 0.00, 0.00, 0.00, 0.00]]    [[1.0]]      [1.0] _/
   traino1.0_286        {1} [[0.00, 1.00, 0.00, 0.00, 0.00, 0.00, 0.00, 0.00, 0.00, 0.00]]    [[1.0]]      [1.0] _/
   traino6.0_461        {1} [[0.00, 0.00, 0.00, 0.00, 0.00, 0.00, 1.00, 0.00, 0.00, 0.00]]    [[6.0]]      [6.0] _/
   traino6.0_226        {2} [[0.00, 0.50, 0.00, 0.00, 0.00, 0.00, 0.50, 0.00, 0.00, 0.00]]    [[6.0]]      [6.0] _/
   traino4.0_380        {1} [[0.00, 0.00, 0.00, 0.00, 1.00, 0.00, 0.00, 0.00, 0.00, 0.00]]    [[4.0]]      [4.0] _/
    test o3.0_93        {1} [[0.00, 0.00, 0.00, 1.00, 0.00, 0.00, 0.00, 0.00, 0.00, 0.00]]    [[3.0]]      [3.0] _/
   traino8.0_327        {1} [[0.00, 0.00, 0.00, 0.00, 0.00, 0.00, 0.00, 0.00, 1.00, 0.00]]    [[8.0]]      [8.0] _/
   traino4.0_386        {1} [[0.00, 0.00, 0.00, 0.00, 1.00, 0.00, 0.00, 0.00, 0.00, 0.00]]    [[4.0]]      [4.0] _/
   traino1.0_170        {1} [[0.00, 1.00, 0.00, 0.00, 0.00, 0.00, 0.00, 0.00, 0.00, 0.00]]    [[1.0]]      [1.0] _/
   traino8.0_205        {1} [[0.00, 0.00, 0.00, 0.00, 0.00, 0.00, 0.00, 0.00, 1.00, 0.00]]    [[8.0]]      [8.0] _/
   traino8.0_445        {1} [[0.00, 0.00, 0.00, 0.00, 0.00, 0.00, 0.00, 0.00, 1.00, 0.00]]    [[8.0]]      [8.0] _/
   traino8.0_212        {1} [[0.00, 0.00, 0.00, 0.00, 0.00, 0.00, 0.00, 0.00, 1.00, 0.00]]    [[8.0]]      [8.0] _/
    testo8.0_330        {1} [[0.00, 0.00, 0.00, 0.00, 0.00, 0.00, 0.00, 0.00, 1.00, 0.00]]    [[8.0]]      [8.0] _/
   traino1.0_172        {1} [[0.00, 1.00, 0.00, 0.00, 0.00, 0.00, 0.00, 0.00, 0.00, 0.00]]    [[1.0]]      [1.0] _/
   traino1.0_292        {1} [[0.00, 1.00, 0.00, 0.00, 0.00, 0.00, 0.00, 0.00, 0.00, 0.00]]    [[1.0]]      [1.0] _/
   traino1.0_171        {1} [[0.00, 1.00, 0.00, 0.00, 0.00, 0.00, 0.00, 0.00, 0.00, 0.00]]    [[1.0]]      [1.0] _/
    testo1.0_177        {1} [[0.00, 1.00, 0.00, 0.00, 0.00, 0.00, 0.00, 0.00, 0.00, 0.00]]    [[1.0]]      [1.0] _/
   traino1.0_176        {2} [[0.00, 0.50, 0.00, 0.00, 0.00, 0.00, 0.00, 0.00, 0.50, 0.00]]    [[8.0]]      [1.0]
   traino1.0_296        {1} [[0.00, 1.00, 0.00, 0.00, 0.00, 0.00, 0.00, 0.00, 0.00, 0.00]]    [[1.0]]      [1.0] _/
   traino6.0_352        {1} [[0.00, 0.00, 0.00, 0.00, 0.00, 0.00, 1.00, 0.00, 0.00, 0.00]]    [[6.0]]      [6.0] _/
   traino2.0_283        {2} [[0.00, 0.00, 0.50, 0.50, 0.00, 0.00, 0.00, 0.00, 0.00, 0.00]]    [[3.0]]      [2.0]
    testo6.0_350        {2} [[0.00, 0.00, 0.00, 0.00, 0.50, 0.00, 0.50, 0.00, 0.00, 0.00]]    [[6.0]]      [6.0] _/
   traino6.0_235        {1} [[0.00, 0.00, 0.00, 0.00, 0.00, 0.00, 1.00, 0.00, 0.00, 0.00]]    [[6.0]]      [6.0] _/
   traino6.0_357        {1} [[0.00, 0.00, 0.00, 0.00, 0.00, 0.00, 1.00, 0.00, 0.00, 0.00]]    [[6.0]]      [6.0] _/
   traino2.0_287        {1} [[0.00, 0.00, 1.00, 0.00, 0.00, 0.00, 0.00, 0.00, 0.00, 0.00]]    [[2.0]]      [2.0] _/
    testo8.0_385        {2} [[0.50, 0.00, 0.00, 0.00, 0.00, 0.00, 0.00, 0.00, 0.50, 0.00]]    [[8.0]]      [8.0] _/
    testo8.0_383        {1} [[0.00, 0.00, 0.00, 0.00, 0.00, 0.00, 0.00, 0.00, 1.00, 0.00]]    [[8.0]]      [8.0] _/
   traino7.0_178        {1} [[0.00, 0.00, 0.00, 0.00, 0.00, 0.00, 0.00, 1.00, 0.00, 0.00]]    [[7.0]]      [7.0] _/
   traino8.0_142        {1} [[0.00, 0.00, 0.00, 0.00, 0.00, 0.00, 0.00, 0.00, 1.00, 0.00]]    [[8.0]]      [8.0] _/
   traino9.0_467        {2} [[0.50, 0.00, 0.00, 0.00, 0.00, 0.00, 0.00, 0.00, 0.00, 0.50]]    [[9.0]]      [9.0] _/
   traino1.0_186        {1} [[0.00, 1.00, 0.00, 0.00, 0.00, 0.00, 0.00, 0.00, 0.00, 0.00]]    [[1.0]]      [1.0] _/
   traino9.0_105        {1} [[0.00, 0.00, 0.00, 0.00, 0.00, 0.00, 0.00, 0.00, 0.00, 1.00]]    [[9.0]]      [9.0] _/
    testo9.0_341        {1} [[0.00, 0.00, 0.00, 0.00, 0.00, 0.00, 0.00, 0.00, 0.00, 1.00]]    [[9.0]]      [9.0] _/
    testo8.0_149        {1} [[0.00, 0.00, 0.00, 0.00, 0.00, 0.00, 0.00, 0.00, 1.00, 0.00]]    [[8.0]]      [8.0] _/
    testo8.0_147        {1} [[0.00, 0.00, 0.00, 0.00, 0.00, 0.00, 0.00, 0.00, 1.00, 0.00]]    [[8.0]]      [8.0] _/
   traino8.0_398        {1} [[0.00, 0.00, 0.00, 0.00, 0.00, 0.00, 0.00, 0.00, 1.00, 0.00]]    [[8.0]]      [8.0] _/
   traino9.0_459        {1} [[0.00, 0.00, 0.00, 0.00, 0.00, 0.00, 0.00, 0.00, 0.00, 1.00]]    [[9.0]]      [9.0] _/
   traino7.0_164        {1} [[0.00, 0.00, 0.00, 0.00, 0.00, 0.00, 0.00, 1.00, 0.00, 0.00]]    [[7.0]]      [7.0] _/
   traino8.0_154        {1} [[0.00, 0.00, 0.00, 0.00, 0.00, 0.00, 0.00, 0.00, 1.00, 0.00]]    [[8.0]]      [8.0] _/
   traino8.0_276        {1} [[0.00, 0.00, 0.00, 0.00, 0.00, 0.00, 0.00, 0.00, 1.00, 0.00]]    [[8.0]]      [8.0] _/
   traino1.0_199        {1} [[0.00, 1.00, 0.00, 0.00, 0.00, 0.00, 0.00, 0.00, 0.00, 0.00]]    [[1.0]]      [1.0] _/
   traino9.0_456        {1} [[0.00, 0.00, 0.00, 0.00, 0.00, 0.00, 0.00, 0.00, 0.00, 1.00]]    [[9.0]]      [9.0] _/
   traino9.0_457        {1} [[0.00, 0.00, 0.00, 0.00, 0.00, 0.00, 0.00, 0.00, 0.00, 1.00]]    [[9.0]]      [9.0] _/
   train o4.0_84        {1} [[0.00, 0.00, 0.00, 0.00, 1.00, 0.00, 0.00, 0.00, 0.00, 0.00]]    [[4.0]]      [4.0] _/
    testo9.0_374        {1} [[0.00, 0.00, 0.00, 0.00, 0.00, 0.00, 0.00, 0.00, 0.00, 1.00]]    [[9.0]]      [9.0] _/
   traino9.0_254        {1} [[0.00, 0.00, 0.00, 0.00, 0.00, 0.00, 0.00, 0.00, 0.00, 1.00]]    [[9.0]]      [9.0] _/
   train o1.0_10        {1} [[0.00, 1.00, 0.00, 0.00, 0.00, 0.00, 0.00, 0.00, 0.00, 0.00]]    [[1.0]]      [1.0] _/
   train o1.0_12        {1} [[0.00, 1.00, 0.00, 0.00, 0.00, 0.00, 0.00, 0.00, 0.00, 0.00]]    [[1.0]]      [1.0] _/
   traino8.0_123        {2} [[0.50, 0.00, 0.00, 0.00, 0.00, 0.00, 0.00, 0.00, 0.50, 0.00]]    [[8.0]]      [8.0] _/
   traino7.0_152        {1} [[0.00, 0.00, 0.00, 0.00, 0.00, 0.00, 0.00, 1.00, 0.00, 0.00]]    [[7.0]]      [7.0] _/
    testo7.0_156        {1} [[0.00, 0.00, 0.00, 0.00, 0.00, 0.00, 0.00, 1.00, 0.00, 0.00]]    [[7.0]]      [7.0] _/
   traino8.0_125        {1} [[0.00, 0.00, 0.00, 0.00, 0.00, 0.00, 0.00, 0.00, 1.00, 0.00]]    [[8.0]]      [8.0] _/
    testo8.0_255        {1} [[0.00, 0.00, 0.00, 0.00, 0.00, 0.00, 0.00, 0.00, 1.00, 0.00]]    [[8.0]]      [8.0] _/
   train o1.0_17        {1} [[0.00, 1.00, 0.00, 0.00, 0.00, 0.00, 0.00, 0.00, 0.00, 0.00]]    [[1.0]]      [1.0] _/
   traino8.0_130        {1} [[0.00, 0.00, 0.00, 0.00, 0.00, 0.00, 0.00, 0.00, 1.00, 0.00]]    [[8.0]]      [8.0] _/
   traino8.0_251        {1} [[0.00, 0.00, 0.00, 0.00, 0.00, 0.00, 0.00, 0.00, 1.00, 0.00]]    [[8.0]]      [8.0] _/
   traino9.0_476        {2} [[0.00, 0.00, 0.00, 0.50, 0.00, 0.00, 0.00, 0.00, 0.00, 0.50]]    [[9.0]]      [9.0] _/
    testo9.0_114        {1} [[0.00, 0.00, 0.00, 0.00, 0.00, 0.00, 0.00, 0.00, 0.00, 1.00]]    [[9.0]]      [9.0] _/
   traino7.0_267        {1} [[0.00, 0.00, 0.00, 0.00, 0.00, 0.00, 0.00, 1.00, 0.00, 0.00]]    [[7.0]]      [7.0] _/
   traino8.0_370        {1} [[0.00, 0.00, 0.00, 0.00, 0.00, 0.00, 0.00, 0.00, 1.00, 0.00]]    [[8.0]]      [8.0] _/
    testo8.0_371        {1} [[0.00, 0.00, 0.00, 0.00, 0.00, 0.00, 0.00, 0.00, 1.00, 0.00]]    [[8.0]]      [8.0] _/
    test o3.0_46        {1} [[0.00, 0.00, 0.00, 1.00, 0.00, 0.00, 0.00, 0.00, 0.00, 0.00]]    [[3.0]]      [3.0] _/
   train o1.0_30        {1} [[0.00, 1.00, 0.00, 0.00, 0.00, 0.00, 0.00, 0.00, 0.00, 0.00]]    [[1.0]]      [1.0] _/
   traino9.0_396        {1} [[0.00, 0.00, 0.00, 0.00, 0.00, 0.00, 0.00, 0.00, 0.00, 1.00]]    [[9.0]]      [9.0] _/
   traino9.0_155        {1} [[0.00, 0.00, 0.00, 0.00, 0.00, 0.00, 0.00, 0.00, 0.00, 1.00]]    [[9.0]]      [9.0] _/
   train o1.0_34        {1} [[0.00, 1.00, 0.00, 0.00, 0.00, 0.00, 0.00, 0.00, 0.00, 0.00]]    [[1.0]]      [1.0] _/
    test o6.0_64        {1} [[0.00, 0.00, 0.00, 0.00, 0.00, 0.00, 1.00, 0.00, 0.00, 0.00]]    [[6.0]]      [6.0] _/
   train o6.0_65        {1} [[0.00, 0.00, 0.00, 0.00, 0.00, 0.00, 1.00, 0.00, 0.00, 0.00]]    [[6.0]]      [6.0] _/
   traino9.0_273        {1} [[0.00, 0.00, 0.00, 0.00, 0.00, 0.00, 0.00, 0.00, 0.00, 1.00]]    [[9.0]]      [9.0] _/
   traino9.0_148        {1} [[0.00, 0.00, 0.00, 0.00, 0.00, 0.00, 0.00, 0.00, 0.00, 1.00]]    [[9.0]]      [9.0] _/
   traino9.0_269        {1} [[0.00, 0.00, 0.00, 0.00, 0.00, 0.00, 0.00, 0.00, 0.00, 1.00]]    [[9.0]]      [9.0] _/
   traino6.0_163        {1} [[0.00, 0.00, 0.00, 0.00, 0.00, 0.00, 1.00, 0.00, 0.00, 0.00]]    [[6.0]]      [6.0] _/
   traino9.0_266        {1} [[0.00, 0.00, 0.00, 0.00, 0.00, 0.00, 0.00, 0.00, 0.00, 1.00]]    [[9.0]]      [9.0] _/
   traino9.0_382        {1} [[0.00, 0.00, 0.00, 0.00, 0.00, 0.00, 0.00, 0.00, 0.00, 1.00]]    [[9.0]]      [9.0] _/
   traino5.0_193        {1} [[0.00, 0.00, 0.00, 0.00, 0.00, 1.00, 0.00, 0.00, 0.00, 0.00]]    [[5.0]]      [5.0] _/
   traino9.0_377        {2} [[0.00, 0.00, 0.00, 0.00, 0.50, 0.00, 0.00, 0.00, 0.00, 0.50]]    [[9.0]]      [9.0] _/
   train o8.0_13        {1} [[0.00, 0.00, 0.00, 0.00, 0.00, 0.00, 0.00, 0.00, 1.00, 0.00]]    [[8.0]]      [8.0] _/
   traino8.0_194        {1} [[0.00, 0.00, 0.00, 0.00, 0.00, 0.00, 0.00, 0.00, 1.00, 0.00]]    [[8.0]]      [8.0] _/
    testo6.0_295        {1} [[0.00, 0.00, 0.00, 0.00, 0.00, 0.00, 1.00, 0.00, 0.00, 0.00]]    [[6.0]]      [6.0] _/
    test o8.0_15        {1} [[0.00, 0.00, 0.00, 0.00, 0.00, 0.00, 0.00, 0.00, 1.00, 0.00]]    [[8.0]]      [8.0] _/
   train o8.0_19        {1} [[0.00, 0.00, 0.00, 0.00, 0.00, 0.00, 0.00, 0.00, 1.00, 0.00]]    [[8.0]]      [8.0] _/
   traino6.0_299        {1} [[0.00, 0.00, 0.00, 0.00, 0.00, 0.00, 1.00, 0.00, 0.00, 0.00]]    [[6.0]]      [6.0] _/
    testo6.0_179        {2} [[0.00, 0.50, 0.00, 0.00, 0.00, 0.00, 0.50, 0.00, 0.00, 0.00]]    [[6.0]]      [6.0] _/
   train o3.0_22        {2} [[0.00, 0.00, 0.00, 0.50, 0.00, 0.00, 0.00, 0.00, 0.50, 0.00]]    [[8.0]]      [3.0]
   train o3.0_27        {1} [[0.00, 0.00, 0.00, 1.00, 0.00, 0.00, 0.00, 0.00, 0.00, 0.00]]    [[3.0]]      [3.0] _/
   train o3.0_25        {1} [[0.00, 0.00, 0.00, 1.00, 0.00, 0.00, 0.00, 0.00, 0.00, 0.00]]    [[3.0]]      [3.0] _/
   train o1.0_55        {1} [[0.00, 1.00, 0.00, 0.00, 0.00, 0.00, 0.00, 0.00, 0.00, 0.00]]    [[1.0]]      [1.0] _/
   train  o5.0_8        {1} [[0.00, 0.00, 0.00, 0.00, 0.00, 1.00, 0.00, 0.00, 0.00, 0.00]]    [[5.0]]      [5.0] _/
   train o6.0_88        {1} [[0.00, 0.00, 0.00, 0.00, 0.00, 0.00, 1.00, 0.00, 0.00, 0.00]]    [[6.0]]      [6.0] _/
    testo9.0_174        {1} [[0.00, 0.00, 0.00, 0.00, 0.00, 0.00, 0.00, 0.00, 0.00, 1.00]]    [[9.0]]      [9.0] _/
   train o8.0_20        {1} [[0.00, 0.00, 0.00, 0.00, 0.00, 0.00, 0.00, 0.00, 1.00, 0.00]]    [[8.0]]      [8.0] _/
   traino7.0_195        {1} [[0.00, 0.00, 0.00, 0.00, 0.00, 0.00, 0.00, 1.00, 0.00, 0.00]]    [[7.0]]      [7.0] _/
   train o1.0_49        {1} [[0.00, 1.00, 0.00, 0.00, 0.00, 0.00, 0.00, 0.00, 0.00, 0.00]]    [[1.0]]      [1.0] _/
    test o8.0_21        {1} [[0.00, 0.00, 0.00, 0.00, 0.00, 0.00, 0.00, 0.00, 1.00, 0.00]]    [[8.0]]      [8.0] _/
   traino9.0_289        {1} [[0.00, 0.00, 0.00, 0.00, 0.00, 0.00, 0.00, 0.00, 0.00, 1.00]]    [[9.0]]      [9.0] _/
    testo9.0_169        {1} [[0.00, 0.00, 0.00, 0.00, 0.00, 0.00, 0.00, 0.00, 0.00, 1.00]]    [[9.0]]      [9.0] _/
   traino6.0_188        {1} [[0.00, 0.00, 0.00, 0.00, 0.00, 0.00, 1.00, 0.00, 0.00, 0.00]]    [[6.0]]      [6.0] _/
   traino6.0_189        {1} [[0.00, 0.00, 0.00, 0.00, 0.00, 0.00, 1.00, 0.00, 0.00, 0.00]]    [[6.0]]      [6.0] _/
   traino9.0_280        {1} [[0.00, 0.00, 0.00, 0.00, 0.00, 0.00, 0.00, 0.00, 0.00, 1.00]]    [[9.0]]      [9.0] _/
   train o1.0_63        {1} [[0.00, 1.00, 0.00, 0.00, 0.00, 0.00, 0.00, 0.00, 0.00, 0.00]]    [[1.0]]      [1.0] _/
   traino9.0_285        {1} [[0.00, 0.00, 0.00, 0.00, 0.00, 0.00, 0.00, 0.00, 0.00, 1.00]]    [[9.0]]      [9.0] _/
   traino9.0_160        {1} [[0.00, 0.00, 0.00, 0.00, 0.00, 0.00, 0.00, 0.00, 0.00, 1.00]]    [[9.0]]      [9.0] _/
   train o6.0_99        {1} [[0.00, 0.00, 0.00, 0.00, 0.00, 0.00, 1.00, 0.00, 0.00, 0.00]]    [[6.0]]      [6.0] _/
   traino6.0_191        {1} [[0.00, 0.00, 0.00, 0.00, 0.00, 0.00, 1.00, 0.00, 0.00, 0.00]]    [[6.0]]      [6.0] _/
   train o8.0_32        {1} [[0.00, 0.00, 0.00, 0.00, 0.00, 0.00, 0.00, 0.00, 1.00, 0.00]]    [[8.0]]      [8.0] _/
   traino8.0_298        {1} [[0.00, 0.00, 0.00, 0.00, 0.00, 0.00, 0.00, 0.00, 1.00, 0.00]]    [[8.0]]      [8.0] _/
    test o8.0_33        {1} [[0.00, 0.00, 0.00, 0.00, 0.00, 0.00, 0.00, 0.00, 1.00, 0.00]]    [[8.0]]      [8.0] _/
   train  o5.0_3        {2} [[0.00, 0.00, 0.00, 0.00, 0.00, 0.50, 0.00, 0.50, 0.00, 0.00]]    [[7.0]]      [5.0]
   train o8.0_38        {1} [[0.00, 0.00, 0.00, 0.00, 0.00, 0.00, 0.00, 0.00, 1.00, 0.00]]    [[8.0]]      [8.0] _/
   traino7.0_182        {1} [[0.00, 0.00, 0.00, 0.00, 0.00, 0.00, 0.00, 1.00, 0.00, 0.00]]    [[7.0]]      [7.0] _/

Objects classified correctly: 482
Total objects: 500
Accuracy: 96.4%

Training Objects classified correctly: 384/400
Accuracy: 96.0%

Test Objects classified correctly: 98/100
Accuracy: 98.0%
