Reading data/exp108_coding_1.fccsv
No of Objects: 200
No of attributes: 32
No of concepts: 433

-----------------------------------------------------------------------------------------------------------------------
  Object     Extent                                 Probabilities                                          Predicted    Actual
                Size                                                          [[0, 1]]                          Class      Class
-----------------------------------------------------------------------------------------------------------------------
   o1_42        {5}                                                    [[0.40, 0.60]]      [[1]]        [1] _/
   o0_74        {2}                                                    [[1.00, 0.00]]      [[0]]        [0] _/
  o0_176        {9}                                                    [[1.00, 0.00]]      [[0]]        [0] _/
   o1_41       {53}                                                    [[0.86, 0.11]]      [[0]]        [1]
  o0_174       {13}                                                    [[0.92, 0.00]]      [[0]]        [0] _/
   o0_72       {12}                                                    [[0.91, 0.00]]      [[0]]        [0] _/
   o0_71        {2}                                                    [[1.00, 0.00]]      [[0]]        [0] _/
  o0_175        {6}                                                    [[1.00, 0.00]]      [[0]]        [0] _/
   o0_78       {28}                                                    [[0.78, 0.21]]      [[0]]        [0] _/
   o1_46        {8}                                                    [[0.62, 0.25]]      [[0]]        [1]
   o0_76        {9}                                                    [[0.66, 0.33]]      [[0]]        [0] _/
  o0_178       {14}                                                    [[0.92, 0.00]]      [[0]]        [0] _/
  o1_149       {16}                                                    [[0.43, 0.56]]      [[1]]        [1] _/
   o0_69        {5}                                                    [[1.00, 0.00]]      [[0]]        [0] _/
   o0_68       {13}                                                    [[0.92, 0.00]]      [[0]]        [0] _/
  o0_172       {10}                                                    [[1.00, 0.00]]      [[0]]        [0] _/
  o0_173       {73}                                                    [[0.79, 0.19]]      [[0]]        [0] _/
  o0_170        {7}                                                    [[0.71, 0.28]]      [[0]]        [0] _/
  o0_171       {22}                                                    [[0.86, 0.13]]      [[0]]        [0] _/
  o1_146        {7}                                                    [[0.71, 0.28]]      [[0]]        [1]
    o0_0        {9}                                                    [[0.66, 0.33]]      [[0]]        [0] _/
 oun_195        {9}                                                    [[0.88, 0.00]]      [[0]]         []
 oun_196        {8}                                                    [[0.87, 0.00]]      [[0]]         []
    o0_5        {9}                                                    [[1.00, 0.00]]      [[0]]        [0] _/
    o0_3       {21}                                                    [[0.76, 0.19]]      [[0]]        [0] _/
    o0_2       {28}                                                    [[0.78, 0.21]]      [[0]]        [0] _/
  o0_165        {8}                                                    [[1.00, 0.00]]      [[0]]        [0] _/
   o1_31       {23}                                                    [[0.78, 0.21]]      [[0]]        [1]
    o0_8       {14}                                                    [[0.92, 0.00]]      [[0]]        [0] _/
   o0_62        {7}                                                    [[1.00, 0.00]]      [[0]]        [0] _/
    o0_7        {6}                                                    [[1.00, 0.00]]      [[0]]        [0] _/
  o0_163       {10}                                                    [[1.00, 0.00]]      [[0]]        [0] _/
  o0_164        {3}                                                    [[1.00, 0.00]]      [[0]]        [0] _/
    o0_6        {3}                                                    [[1.00, 0.00]]      [[0]]        [0] _/
   o0_60        {2}                                                    [[1.00, 0.00]]      [[0]]        [0] _/
   o1_35        {6}                                                    [[0.50, 0.50]]      [[0]]        [1]
   o0_66       {19}                                                    [[0.78, 0.15]]      [[0]]        [0] _/
 oun_198        {8}                                                    [[0.62, 0.25]]      [[0]]         []
   o0_65       {12}                                                    [[1.00, 0.00]]      [[0]]        [0] _/
  o0_167       {36}                                                    [[0.94, 0.00]]      [[0]]        [0] _/
 oun_199       {49}                                                    [[0.93, 0.00]]      [[0]]         []
   o0_64        {8}                                                    [[1.00, 0.00]]      [[0]]        [0] _/
   o0_59       {56}                                                    [[0.89, 0.07]]      [[0]]        [0] _/
   o0_58        {8}                                                    [[1.00, 0.00]]      [[0]]        [0] _/
   o0_57        {5}                                                    [[1.00, 0.00]]      [[0]]        [0] _/
  o0_160       {14}                                                    [[0.92, 0.00]]      [[0]]        [0] _/
  o1_151       {23}                                                    [[0.65, 0.30]]      [[0]]        [1]
  o0_119        {9}                                                    [[0.88, 0.00]]      [[0]]        [0] _/
   o0_91       {36}                                                    [[0.94, 0.00]]      [[0]]        [0] _/
  o0_110       {47}                                                    [[0.72, 0.23]]      [[0]]        [0] _/
   o0_96       {10}                                                    [[1.00, 0.00]]      [[0]]        [0] _/
   o0_95       {22}                                                    [[0.86, 0.13]]      [[0]]        [0] _/
   o0_94        {7}                                                    [[0.71, 0.28]]      [[0]]        [0] _/
   o0_12        {3}                                                    [[1.00, 0.00]]      [[0]]        [0] _/
  o0_114        {5}                                                    [[1.00, 0.00]]      [[0]]        [0] _/
   o0_99        {6}                                                    [[1.00, 0.00]]      [[0]]        [0] _/
   o0_11       {10}                                                    [[1.00, 0.00]]      [[0]]        [0] _/
   o0_98       {13}                                                    [[0.92, 0.00]]      [[0]]        [0] _/
  o0_112        {3}                                                    [[1.00, 0.00]]      [[0]]        [0] _/
  o0_113        {8}                                                    [[1.00, 0.00]]      [[0]]        [0] _/
   o0_97       {73}                                                    [[0.79, 0.19]]      [[0]]        [0] _/
  o0_190        {5}                                                    [[1.00, 0.00]]      [[0]]        [0] _/
  o1_129       {15}                                                    [[0.86, 0.13]]      [[0]]        [1]
  o1_122        {8}                                                    [[0.62, 0.25]]      [[0]]        [1]
  o1_124        {6}                                                    [[0.66, 0.33]]      [[0]]        [1]
  o0_106       {19}                                                    [[0.84, 0.10]]      [[0]]        [0] _/
   o0_81        {9}                                                    [[1.00, 0.00]]      [[0]]        [0] _/
  o0_109        {3}                                                    [[1.00, 0.00]]      [[0]]        [0] _/
   o1_53       {15}                                                    [[0.86, 0.13]]      [[0]]        [1]
  o0_188        {3}                                                    [[1.00, 0.00]]      [[0]]        [0] _/
   o0_84       {14}                                                    [[0.92, 0.00]]      [[0]]        [0] _/
  o0_100        {9}                                                    [[1.00, 0.00]]      [[0]]        [0] _/
  o0_185        {3}                                                    [[1.00, 0.00]]      [[0]]        [0] _/
   o0_83        {6}                                                    [[1.00, 0.00]]      [[0]]        [0] _/
   o0_82        {3}                                                    [[1.00, 0.00]]      [[0]]        [0] _/
  o0_186       {47}                                                    [[0.72, 0.23]]      [[0]]        [0] _/
   o0_89        {8}                                                    [[1.00, 0.00]]      [[0]]        [0] _/
   o0_88        {3}                                                    [[1.00, 0.00]]      [[0]]        [0] _/
  o0_104       {17}                                                    [[1.00, 0.00]]      [[0]]        [0] _/
  o0_189        {8}                                                    [[1.00, 0.00]]      [[0]]        [0] _/
   o0_87       {10}                                                    [[1.00, 0.00]]      [[0]]        [0] _/
  o0_102       {14}                                                    [[0.92, 0.00]]      [[0]]        [0] _/
  o0_180       {17}                                                    [[1.00, 0.00]]      [[0]]        [0] _/
   o1_48        {6}                                                    [[0.66, 0.33]]      [[0]]        [1]
   o0_79       {21}                                                    [[0.76, 0.19]]      [[0]]        [0] _/
  o0_182       {19}                                                    [[0.84, 0.10]]      [[0]]        [0] _/
  o0_138        {7}                                                    [[1.00, 0.00]]      [[0]]        [0] _/
  o1_183       {23}                                                    [[0.78, 0.21]]      [[0]]        [1]
  o0_132       {14}                                                    [[0.92, 0.00]]      [[0]]        [0] _/
   o0_30       {19}                                                    [[0.84, 0.10]]      [[0]]        [0] _/
  o0_133        {5}                                                    [[1.00, 0.00]]      [[0]]        [0] _/
  o0_131       {13}                                                    [[1.00, 0.00]]      [[0]]        [0] _/
  o0_136        {2}                                                    [[1.00, 0.00]]      [[0]]        [0] _/
   o0_34       {47}                                                    [[0.72, 0.23]]      [[0]]        [0] _/
   o0_33        {3}                                                    [[1.00, 0.00]]      [[0]]        [0] _/
  o0_134        {8}                                                    [[1.00, 0.00]]      [[0]]        [0] _/
  o0_135       {56}                                                    [[0.89, 0.07]]      [[0]]        [0] _/
   o0_26       {14}                                                    [[0.92, 0.00]]      [[0]]        [0] _/
  o1_107       {23}                                                    [[0.78, 0.21]]      [[0]]        [1]
   o0_24        {9}                                                    [[1.00, 0.00]]      [[0]]        [0] _/
   o0_28       {17}                                                    [[1.00, 0.00]]      [[0]]        [0] _/
  o1_187        {6}                                                    [[0.50, 0.50]]      [[0]]        [1]
   o1_70        {7}                                                    [[0.71, 0.28]]      [[0]]        [1]
  o1_193       {53}                                                    [[0.86, 0.11]]      [[0]]        [1]
  o1_194        {5}                                                    [[0.40, 0.60]]      [[1]]        [1] _/
   o1_75       {23}                                                    [[0.65, 0.30]]      [[0]]        [1]
   o1_73       {16}                                                    [[0.43, 0.56]]      [[1]]        [1] _/
  o0_120        {8}                                                    [[0.87, 0.00]]      [[0]]        [0] _/
   o0_23        {6}                                                    [[1.00, 0.00]]      [[0]]        [0] _/
  o0_125        {2}                                                    [[1.00, 0.00]]      [[0]]        [0] _/
   o0_22       {13}                                                    [[0.92, 0.00]]      [[0]]        [0] _/
  o0_126        {8}                                                    [[1.00, 0.00]]      [[0]]        [0] _/
   o0_21       {73}                                                    [[0.79, 0.19]]      [[0]]        [0] _/
  o0_123       {49}                                                    [[0.93, 0.00]]      [[0]]        [0] _/
   o0_20       {10}                                                    [[1.00, 0.00]]      [[0]]        [0] _/
   o0_15       {36}                                                    [[0.94, 0.00]]      [[0]]        [0] _/
  o1_117       {53}                                                    [[0.86, 0.11]]      [[0]]        [1]
   o0_13        {8}                                                    [[1.00, 0.00]]      [[0]]        [0] _/
  o1_118        {5}                                                    [[0.40, 0.60]]      [[1]]        [1] _/
   o0_19       {22}                                                    [[0.86, 0.13]]      [[0]]        [0] _/
   o0_18        {7}                                                    [[0.71, 0.28]]      [[0]]        [0] _/
  o1_111        {6}                                                    [[0.50, 0.50]]      [[0]]        [1]
  o0_154       {28}                                                    [[0.78, 0.21]]      [[0]]        [0] _/
  o0_155       {21}                                                    [[0.76, 0.19]]      [[0]]        [0] _/
   o0_50        {8}                                                    [[1.00, 0.00]]      [[0]]        [0] _/
  o0_152        {9}                                                    [[0.66, 0.33]]      [[0]]        [0] _/
  o0_158        {3}                                                    [[1.00, 0.00]]      [[0]]        [0] _/
   o0_56       {14}                                                    [[0.92, 0.00]]      [[0]]        [0] _/
  o0_159        {6}                                                    [[1.00, 0.00]]      [[0]]        [0] _/
   o0_55       {13}                                                    [[1.00, 0.00]]      [[0]]        [0] _/
  o0_157        {9}                                                    [[1.00, 0.00]]      [[0]]        [0] _/
   o0_49        {2}                                                    [[1.00, 0.00]]      [[0]]        [0] _/
   o0_47       {49}                                                    [[0.93, 0.00]]      [[0]]        [0] _/
  o0_150        {2}                                                    [[1.00, 0.00]]      [[0]]        [0] _/
  o0_144       {13}                                                    [[0.92, 0.00]]      [[0]]        [0] _/
  o0_141       {12}                                                    [[1.00, 0.00]]      [[0]]        [0] _/
  o0_142       {19}                                                    [[0.78, 0.15]]      [[0]]        [0] _/
  o0_147        {2}                                                    [[1.00, 0.00]]      [[0]]        [0] _/
   o0_44        {8}                                                    [[0.87, 0.00]]      [[0]]        [0] _/
  o0_148       {12}                                                    [[0.91, 0.00]]      [[0]]        [0] _/
   o0_43        {9}                                                    [[0.88, 0.00]]      [[0]]        [0] _/
  o0_145        {5}                                                    [[1.00, 0.00]]      [[0]]        [0] _/
   o0_38        {5}                                                    [[1.00, 0.00]]      [[0]]        [0] _/
   o0_37        {8}                                                    [[1.00, 0.00]]      [[0]]        [0] _/
   o0_36        {3}                                                    [[1.00, 0.00]]      [[0]]        [0] _/
  o0_140        {8}                                                    [[1.00, 0.00]]      [[0]]        [0] _/

Objects classified correctly: 123
Total objects: 146
Success: 84.24657534246575%
