Reading training data from data/exp77_coding_1.fccsv
No of Objects: 100
No of attributes: 64
No of concepts: 27

-----------------------------------------------------------------------------------------------------------------------
  Train/  Object     Extent                                 Probabilities  Predicted     Actual
   Test                Size                                  [[0.0, 1.0]]      Class      Class
-----------------------------------------------------------------------------------------------------------------------
   train o0.0_65       {48}                                [[0.77, 0.22]]    [[0.0]]      [0.0] _/
   train o0.0_64      {100}                                [[0.84, 0.16]]    [[0.0]]      [0.0] _/
   train o0.0_63       {38}                                [[0.71, 0.28]]    [[0.0]]      [0.0] _/
   train o0.0_62       {38}                                [[0.81, 0.18]]    [[0.0]]      [0.0] _/
   train o0.0_69       {38}                                [[0.71, 0.28]]    [[0.0]]      [0.0] _/
   train o0.0_68       {74}                                [[0.85, 0.14]]    [[0.0]]      [0.0] _/
   train o0.0_67      {100}                                [[0.84, 0.16]]    [[0.0]]      [0.0] _/
   train o1.0_77       {36}                                [[0.69, 0.30]]    [[0.0]]      [1.0]
   train o1.0_78       {23}                                [[0.69, 0.30]]    [[0.0]]      [1.0]
   train o0.0_61       {48}                                [[0.77, 0.22]]    [[0.0]]      [0.0] _/
   train o0.0_60       {23}                                [[0.69, 0.30]]    [[0.0]]      [0.0] _/
   train o0.0_59       {74}                                [[0.85, 0.14]]    [[0.0]]      [0.0] _/
   train o0.0_76       {38}                                [[0.81, 0.18]]    [[0.0]]      [0.0] _/
   train o0.0_75       {48}                                [[0.77, 0.22]]    [[0.0]]      [0.0] _/
   train o0.0_74       {38}                                [[0.81, 0.18]]    [[0.0]]      [0.0] _/
   train o1.0_80       {23}                                [[0.69, 0.30]]    [[0.0]]      [1.0]
   train o0.0_73      {100}                                [[0.84, 0.16]]    [[0.0]]      [0.0] _/
   train o0.0_79       {38}                                [[0.81, 0.18]]    [[0.0]]      [0.0] _/
   train o1.0_85       {26}                                [[0.61, 0.38]]    [[0.0]]      [1.0]
   train o0.0_72       {38}                                [[0.81, 0.18]]    [[0.0]]      [0.0] _/
   train o0.0_71       {38}                                [[0.81, 0.18]]    [[0.0]]      [0.0] _/
   train o0.0_70       {48}                                [[0.77, 0.22]]    [[0.0]]      [0.0] _/
   train  o0.0_3       {28}                                [[0.75, 0.25]]    [[0.0]]      [0.0] _/
   train  o0.0_2       {38}                                [[0.81, 0.18]]    [[0.0]]      [0.0] _/
   train  o0.0_1       {28}                                [[0.75, 0.25]]    [[0.0]]      [0.0] _/
   train  o0.0_0       {28}                                [[0.75, 0.25]]    [[0.0]]      [0.0] _/
   train  o0.0_6       {30}                                [[0.66, 0.33]]    [[0.0]]      [0.0] _/
   train  o0.0_5       {38}                                [[0.81, 0.18]]    [[0.0]]      [0.0] _/
   train  o0.0_4       {30}                                [[0.66, 0.33]]    [[0.0]]      [0.0] _/
   train  o0.0_9       {23}                                [[0.69, 0.30]]    [[0.0]]      [0.0] _/
   train o0.0_43       {23}                                [[0.69, 0.30]]    [[0.0]]      [0.0] _/
   train o0.0_42       {23}                                [[0.69, 0.30]]    [[0.0]]      [0.0] _/
   train o0.0_41       {48}                                [[0.77, 0.22]]    [[0.0]]      [0.0] _/
   train o0.0_40       {95}                                [[0.83, 0.16]]    [[0.0]]      [0.0] _/
   train o1.0_91       {51}                                [[0.76, 0.23]]    [[0.0]]      [1.0]
   train o0.0_47      {100}                                [[0.84, 0.16]]    [[0.0]]      [0.0] _/
   train o0.0_46       {48}                                [[0.77, 0.22]]    [[0.0]]      [0.0] _/
   train o1.0_93       {51}                                [[0.76, 0.23]]    [[0.0]]      [1.0]
   train o0.0_45       {48}                                [[0.79, 0.20]]    [[0.0]]      [0.0] _/
   train o0.0_44       {38}                                [[0.81, 0.18]]    [[0.0]]      [0.0] _/
   train o1.0_96       {26}                                [[0.61, 0.38]]    [[0.0]]      [1.0]
   train o1.0_15       {23}                                [[0.69, 0.30]]    [[0.0]]      [1.0]
   train o0.0_39        {4}                                [[1.00, 0.00]]    [[0.0]]      [0.0] _/
   train o0.0_38       {74}                                [[0.85, 0.14]]    [[0.0]]      [0.0] _/
   train o0.0_37        {4}                                [[1.00, 0.00]]    [[0.0]]      [0.0] _/
   train o0.0_54        {4}                                [[1.00, 0.00]]    [[0.0]]      [0.0] _/
   train o0.0_51       {38}                                [[0.81, 0.18]]    [[0.0]]      [0.0] _/
   train o0.0_58       {74}                                [[0.85, 0.14]]    [[0.0]]      [0.0] _/
   train o0.0_56        {4}                                [[1.00, 0.00]]    [[0.0]]      [0.0] _/
   train o0.0_55       {30}                                [[0.66, 0.33]]    [[0.0]]      [0.0] _/
   train o0.0_50       {74}                                [[0.85, 0.14]]    [[0.0]]      [0.0] _/
   train o0.0_48       {95}                                [[0.83, 0.16]]    [[0.0]]      [0.0] _/
   train o0.0_21       {74}                                [[0.85, 0.14]]    [[0.0]]      [0.0] _/
   train o0.0_20       {30}                                [[0.66, 0.33]]    [[0.0]]      [0.0] _/
   train o0.0_25       {51}                                [[0.76, 0.23]]    [[0.0]]      [0.0] _/
   train o0.0_24       {48}                                [[0.79, 0.20]]    [[0.0]]      [0.0] _/
   train o0.0_23       {95}                                [[0.83, 0.16]]    [[0.0]]      [0.0] _/
   train o0.0_22       {23}                                [[0.69, 0.30]]    [[0.0]]      [0.0] _/
   train o1.0_34       {26}                                [[0.61, 0.38]]    [[0.0]]      [1.0]
   train o0.0_18       {23}                                [[0.69, 0.30]]    [[0.0]]      [0.0] _/
   train o0.0_17       {23}                                [[0.69, 0.30]]    [[0.0]]      [0.0] _/
   train o0.0_16       {95}                                [[0.83, 0.16]]    [[0.0]]      [0.0] _/
   train o0.0_19       {48}                                [[0.77, 0.22]]    [[0.0]]      [0.0] _/
   train o0.0_32       {25}                                [[0.72, 0.28]]    [[0.0]]      [0.0] _/
   train o0.0_31       {48}                                [[0.77, 0.22]]    [[0.0]]      [0.0] _/
   train o0.0_30       {95}                                [[0.83, 0.16]]    [[0.0]]      [0.0] _/
   train o0.0_36       {95}                                [[0.83, 0.16]]    [[0.0]]      [0.0] _/
   train o0.0_35       {74}                                [[0.85, 0.14]]    [[0.0]]      [0.0] _/
   train o0.0_33       {74}                                [[0.85, 0.14]]    [[0.0]]      [0.0] _/
   train  o1.0_7       {23}                                [[0.69, 0.30]]    [[0.0]]      [1.0]
   train  o1.0_8       {23}                                [[0.69, 0.30]]    [[0.0]]      [1.0]
   train o0.0_29       {48}                                [[0.79, 0.20]]    [[0.0]]      [0.0] _/
   train o0.0_28       {48}                                [[0.77, 0.22]]    [[0.0]]      [0.0] _/
   train o0.0_27       {23}                                [[0.69, 0.30]]    [[0.0]]      [0.0] _/
   train o0.0_26       {38}                                [[0.81, 0.18]]    [[0.0]]      [0.0] _/
   train o0.0_87       {95}                                [[0.83, 0.16]]    [[0.0]]      [0.0] _/
   train o0.0_86       {74}                                [[0.85, 0.14]]    [[0.0]]      [0.0] _/
   train o0.0_84       {38}                                [[0.81, 0.18]]    [[0.0]]      [0.0] _/
   train o0.0_89       {38}                                [[0.81, 0.18]]    [[0.0]]      [0.0] _/
   train o0.0_88      {100}                                [[0.84, 0.16]]    [[0.0]]      [0.0] _/
   train o1.0_52       {36}                                [[0.69, 0.30]]    [[0.0]]      [1.0]
   train o1.0_53       {36}                                [[0.69, 0.30]]    [[0.0]]      [1.0]
   train o0.0_83       {36}                                [[0.69, 0.30]]    [[0.0]]      [0.0] _/
   train o1.0_57       {23}                                [[0.69, 0.30]]    [[0.0]]      [1.0]
   train o0.0_82       {74}                                [[0.85, 0.14]]    [[0.0]]      [0.0] _/
   train o0.0_81       {36}                                [[0.69, 0.30]]    [[0.0]]      [0.0] _/
   train o1.0_49       {23}                                [[0.69, 0.30]]    [[0.0]]      [1.0]
   train o0.0_10       {23}                                [[0.69, 0.30]]    [[0.0]]      [0.0] _/
   train o0.0_98       {36}                                [[0.69, 0.30]]    [[0.0]]      [0.0] _/
   train o0.0_97       {36}                                [[0.69, 0.30]]    [[0.0]]      [0.0] _/
   train o0.0_95       {95}                                [[0.83, 0.16]]    [[0.0]]      [0.0] _/
   train o0.0_14       {23}                                [[0.69, 0.30]]    [[0.0]]      [0.0] _/
   train o0.0_13       {23}                                [[0.69, 0.30]]    [[0.0]]      [0.0] _/
   train o0.0_12       {23}                                [[0.69, 0.30]]    [[0.0]]      [0.0] _/
   train o0.0_11       {38}                                [[0.81, 0.18]]    [[0.0]]      [0.0] _/
   train o0.0_99       {48}                                [[0.77, 0.22]]    [[0.0]]      [0.0] _/
   train o0.0_90       {38}                                [[0.81, 0.18]]    [[0.0]]      [0.0] _/
   train o1.0_66       {36}                                [[0.69, 0.30]]    [[0.0]]      [1.0]
   train o0.0_94       {74}                                [[0.85, 0.14]]    [[0.0]]      [0.0] _/
   train o0.0_92        {5}                                [[1.00, 0.00]]    [[0.0]]      [0.0] _/

Objects classified correctly: 84
Total objects: 100
Accuracy: 84.0%

Training Objects classified correctly: 84/100
Accuracy: 84.0%

-----------------------------------------------------------------------------------------------------------------------
  Train/  Object     Extent                                 Probabilities  Predicted     Actual
   Test                Size                                  [[0.0, 1.0]]      Class      Class
-----------------------------------------------------------------------------------------------------------------------
Reading data/exp69_coding_1.fccsv
Starting to classify test data
    testo0.0_100        {1}                                [[1.00, 0.00]]    [[0.0]]      [0.0] _/
    testo0.0_101        {1}                                [[1.00, 0.00]]    [[0.0]]      [0.0] _/
    testo0.0_102        {2}                                [[1.00, 0.00]]    [[0.0]]      [0.0] _/
    testo0.0_103        {3}                                [[1.00, 0.00]]    [[0.0]]      [0.0] _/
    testo0.0_104        {4}                                [[1.00, 0.00]]    [[0.0]]      [0.0] _/
    testo0.0_105        {5}                                [[1.00, 0.00]]    [[0.0]]      [0.0] _/
    testo1.0_106        {6}                                [[0.83, 0.16]]    [[0.0]]      [1.0]
    testo0.0_107        {7}                                [[0.85, 0.14]]    [[0.0]]      [0.0] _/
    testo0.0_108        {8}                                [[0.87, 0.12]]    [[0.0]]      [0.0] _/
    testo0.0_109        {9}                                [[0.88, 0.11]]    [[0.0]]      [0.0] _/
    testo0.0_110       {10}                                [[0.90, 0.10]]    [[0.0]]      [0.0] _/
    testo0.0_111       {11}                                [[0.90, 0.09]]    [[0.0]]      [0.0] _/
    testo0.0_112       {12}                                [[0.91, 0.08]]    [[0.0]]      [0.0] _/
    testo0.0_113        {1}                                [[1.00, 0.00]]    [[0.0]]      [0.0] _/
    testo1.0_114       {14}                                [[0.85, 0.14]]    [[0.0]]      [1.0]
    testo0.0_115       {15}                                [[0.86, 0.13]]    [[0.0]]      [0.0] _/
    testo0.0_116       {16}                                [[0.87, 0.12]]    [[0.0]]      [0.0] _/
    testo0.0_117       {17}                                [[0.88, 0.11]]    [[0.0]]      [0.0] _/
    testo0.0_118       {18}                                [[0.88, 0.11]]    [[0.0]]      [0.0] _/
    testo0.0_119       {19}                                [[0.89, 0.10]]    [[0.0]]      [0.0] _/
    testo0.0_120       {20}                                [[0.90, 0.10]]    [[0.0]]      [0.0] _/
    testo0.0_121       {21}                                [[0.90, 0.09]]    [[0.0]]      [0.0] _/
    testo0.0_122       {22}                                [[0.90, 0.09]]    [[0.0]]      [0.0] _/
    testo0.0_123       {23}                                [[0.91, 0.08]]    [[0.0]]      [0.0] _/
    testo1.0_124       {24}                                [[0.87, 0.12]]    [[0.0]]      [1.0]
    testo0.0_125       {25}                                [[0.88, 0.12]]    [[0.0]]      [0.0] _/
    testo0.0_126       {26}                                [[0.88, 0.11]]    [[0.0]]      [0.0] _/
    testo0.0_127       {27}                                [[0.88, 0.11]]    [[0.0]]      [0.0] _/
    testo0.0_128        {1}                                [[1.00, 0.00]]    [[0.0]]      [0.0] _/
    testo0.0_129       {29}                                [[0.89, 0.10]]    [[0.0]]      [0.0] _/
    testo0.0_130       {30}                                [[0.90, 0.10]]    [[0.0]]      [0.0] _/
    testo0.0_131       {31}                                [[0.90, 0.09]]    [[0.0]]      [0.0] _/
    testo0.0_132       {32}                                [[0.90, 0.09]]    [[0.0]]      [0.0] _/
    testo0.0_133       {33}                                [[0.90, 0.09]]    [[0.0]]      [0.0] _/
    testo0.0_134       {34}                                [[0.91, 0.08]]    [[0.0]]      [0.0] _/
    testo0.0_135       {35}                                [[0.91, 0.08]]    [[0.0]]      [0.0] _/
    testo0.0_136        {1}                                [[1.00, 0.00]]    [[0.0]]      [0.0] _/
    testo1.0_137       {37}                                [[0.89, 0.10]]    [[0.0]]      [1.0]
    testo0.0_138       {38}                                [[0.89, 0.10]]    [[0.0]]      [0.0] _/
    testo0.0_139       {39}                                [[0.89, 0.10]]    [[0.0]]      [0.0] _/
    testo0.0_140       {40}                                [[0.90, 0.10]]    [[0.0]]      [0.0] _/
    testo0.0_141       {41}                                [[0.90, 0.09]]    [[0.0]]      [0.0] _/
    testo0.0_142       {42}                                [[0.90, 0.09]]    [[0.0]]      [0.0] _/
    testo0.0_143       {43}                                [[0.90, 0.09]]    [[0.0]]      [0.0] _/
    testo0.0_144       {44}                                [[0.90, 0.09]]    [[0.0]]      [0.0] _/
    testo0.0_145       {45}                                [[0.91, 0.08]]    [[0.0]]      [0.0] _/
    testo0.0_146        {1}                                [[1.00, 0.00]]    [[0.0]]      [0.0] _/
    testo0.0_147       {47}                                [[0.91, 0.08]]    [[0.0]]      [0.0] _/
    testo1.0_148       {48}                                [[0.89, 0.10]]    [[0.0]]      [1.0]
    testo0.0_149       {49}                                [[0.89, 0.10]]    [[0.0]]      [0.0] _/
    testo0.0_150       {50}                                [[0.90, 0.10]]    [[0.0]]      [0.0] _/
    testo0.0_151       {51}                                [[0.90, 0.09]]    [[0.0]]      [0.0] _/
    testo0.0_152       {52}                                [[0.90, 0.09]]    [[0.0]]      [0.0] _/
    testo0.0_153       {53}                                [[0.90, 0.09]]    [[0.0]]      [0.0] _/
    testo0.0_154       {54}                                [[0.90, 0.09]]    [[0.0]]      [0.0] _/
    testo0.0_155       {55}                                [[0.90, 0.09]]    [[0.0]]      [0.0] _/
    testo0.0_156       {56}                                [[0.91, 0.08]]    [[0.0]]      [0.0] _/
    testo0.0_157        {1}                                [[1.00, 0.00]]    [[0.0]]      [0.0] _/
    testo1.0_158       {58}                                [[0.89, 0.10]]    [[0.0]]      [1.0]
    testo0.0_159       {59}                                [[0.89, 0.10]]    [[0.0]]      [0.0] _/
    testo0.0_160       {60}                                [[0.90, 0.10]]    [[0.0]]      [0.0] _/
    testo0.0_161       {61}                                [[0.90, 0.09]]    [[0.0]]      [0.0] _/
    testo0.0_162       {62}                                [[0.90, 0.09]]    [[0.0]]      [0.0] _/
    testo0.0_163       {63}                                [[0.90, 0.09]]    [[0.0]]      [0.0] _/
    testo0.0_164       {64}                                [[0.90, 0.09]]    [[0.0]]      [0.0] _/
    testo0.0_165       {65}                                [[0.90, 0.09]]    [[0.0]]      [0.0] _/
    testo0.0_166       {66}                                [[0.90, 0.09]]    [[0.0]]      [0.0] _/
    testo0.0_167       {67}                                [[0.91, 0.08]]    [[0.0]]      [0.0] _/
    testo0.0_168        {1}                                [[1.00, 0.00]]    [[0.0]]      [0.0] _/
    testo0.0_169       {69}                                [[0.91, 0.08]]    [[0.0]]      [0.0] _/
    testo0.0_170       {70}                                [[0.91, 0.08]]    [[0.0]]      [0.0] _/
    testo0.0_171       {71}                                [[0.91, 0.08]]    [[0.0]]      [0.0] _/
    testo0.0_172       {72}                                [[0.91, 0.08]]    [[0.0]]      [0.0] _/
    testo0.0_173       {73}                                [[0.91, 0.08]]    [[0.0]]      [0.0] _/
    testo1.0_174       {74}                                [[0.90, 0.09]]    [[0.0]]      [1.0]
    testo0.0_175       {75}                                [[0.90, 0.09]]    [[0.0]]      [0.0] _/
    testo0.0_176       {76}                                [[0.90, 0.09]]    [[0.0]]      [0.0] _/
    testo0.0_177       {77}                                [[0.90, 0.09]]    [[0.0]]      [0.0] _/
    testo0.0_178        {1}                                [[1.00, 0.00]]    [[0.0]]      [0.0] _/
    testo1.0_179       {79}                                [[0.89, 0.10]]    [[0.0]]      [1.0]
    testo0.0_180       {80}                                [[0.90, 0.10]]    [[0.0]]      [0.0] _/
    testo0.0_181       {81}                                [[0.90, 0.09]]    [[0.0]]      [0.0] _/
    testo0.0_182       {82}                                [[0.90, 0.09]]    [[0.0]]      [0.0] _/
    testo0.0_183       {83}                                [[0.90, 0.09]]    [[0.0]]      [0.0] _/
    testo0.0_184       {84}                                [[0.90, 0.09]]    [[0.0]]      [0.0] _/
    testo0.0_185       {85}                                [[0.90, 0.09]]    [[0.0]]      [0.0] _/
    testo0.0_186       {86}                                [[0.90, 0.09]]    [[0.0]]      [0.0] _/
    testo0.0_187       {87}                                [[0.90, 0.09]]    [[0.0]]      [0.0] _/
    testo0.0_188       {88}                                [[0.90, 0.09]]    [[0.0]]      [0.0] _/
    testo0.0_189        {1}                                [[1.00, 0.00]]    [[0.0]]      [0.0] _/
    testo0.0_190       {90}                                [[0.91, 0.08]]    [[0.0]]      [0.0] _/
    testo0.0_191       {91}                                [[0.91, 0.08]]    [[0.0]]      [0.0] _/
    testo0.0_192       {92}                                [[0.91, 0.08]]    [[0.0]]      [0.0] _/
    testo0.0_193       {93}                                [[0.91, 0.08]]    [[0.0]]      [0.0] _/
    testo1.0_194       {94}                                [[0.90, 0.09]]    [[0.0]]      [1.0]
    testo0.0_195       {95}                                [[0.90, 0.09]]    [[0.0]]      [0.0] _/
    testo0.0_196       {96}                                [[0.90, 0.09]]    [[0.0]]      [0.0] _/
    testo0.0_197       {97}                                [[0.90, 0.09]]    [[0.0]]      [0.0] _/
    testo0.0_198       {98}                                [[0.90, 0.09]]    [[0.0]]      [0.0] _/
    testo0.0_199       {99}                                [[0.90, 0.09]]    [[0.0]]      [0.0] _/
    testo0.0_200      {100}                                [[0.91, 0.09]]    [[0.0]]      [0.0] _/
    testo1.0_201      {101}                                [[0.83, 0.16]]    [[0.0]]      [1.0]
    testo0.0_202      {101}                                [[0.84, 0.15]]    [[0.0]]      [0.0] _/
    testo0.0_203      {101}                                [[0.84, 0.15]]    [[0.0]]      [0.0] _/
    testo0.0_204      {101}                                [[0.84, 0.15]]    [[0.0]]      [0.0] _/
    testo0.0_205      {101}                                [[0.84, 0.15]]    [[0.0]]      [0.0] _/
    testo0.0_206        {1}                                [[1.00, 0.00]]    [[0.0]]      [0.0] _/
    testo0.0_207      {101}                                [[0.84, 0.15]]    [[0.0]]      [0.0] _/
    testo0.0_208      {101}                                [[0.84, 0.15]]    [[0.0]]      [0.0] _/
    testo0.0_209      {101}                                [[0.84, 0.15]]    [[0.0]]      [0.0] _/
    testo0.0_210      {101}                                [[0.84, 0.15]]    [[0.0]]      [0.0] _/
    testo0.0_211      {101}                                [[0.84, 0.15]]    [[0.0]]      [0.0] _/
    testo1.0_212      {101}                                [[0.83, 0.16]]    [[0.0]]      [1.0]
    testo0.0_213      {101}                                [[0.84, 0.15]]    [[0.0]]      [0.0] _/
    testo0.0_214      {101}                                [[0.84, 0.15]]    [[0.0]]      [0.0] _/
    testo0.0_215      {101}                                [[0.84, 0.15]]    [[0.0]]      [0.0] _/
    testo0.0_216      {101}                                [[0.84, 0.15]]    [[0.0]]      [0.0] _/
    testo0.0_217      {101}                                [[0.84, 0.15]]    [[0.0]]      [0.0] _/
    testo0.0_218      {101}                                [[0.84, 0.15]]    [[0.0]]      [0.0] _/
    testo0.0_219      {101}                                [[0.84, 0.15]]    [[0.0]]      [0.0] _/
    testo0.0_220        {1}                                [[1.00, 0.00]]    [[0.0]]      [0.0] _/
    testo0.0_221        {1}                                [[1.00, 0.00]]    [[0.0]]      [0.0] _/
    testo0.0_222      {101}                                [[0.84, 0.15]]    [[0.0]]      [0.0] _/
    testo1.0_223      {101}                                [[0.83, 0.16]]    [[0.0]]      [1.0]
    testo0.0_224      {101}                                [[0.84, 0.15]]    [[0.0]]      [0.0] _/
    testo0.0_225      {101}                                [[0.84, 0.15]]    [[0.0]]      [0.0] _/
    testo0.0_226      {101}                                [[0.84, 0.15]]    [[0.0]]      [0.0] _/
    testo0.0_227      {101}                                [[0.84, 0.15]]    [[0.0]]      [0.0] _/
    testo0.0_228      {101}                                [[0.84, 0.15]]    [[0.0]]      [0.0] _/
    testo0.0_229      {101}                                [[0.84, 0.15]]    [[0.0]]      [0.0] _/
    testo0.0_230      {101}                                [[0.84, 0.15]]    [[0.0]]      [0.0] _/
    testo0.0_231      {101}                                [[0.84, 0.15]]    [[0.0]]      [0.0] _/
    testo0.0_232      {101}                                [[0.84, 0.15]]    [[0.0]]      [0.0] _/
    testo0.0_233      {101}                                [[0.84, 0.15]]    [[0.0]]      [0.0] _/
    testo0.0_234      {101}                                [[0.84, 0.15]]    [[0.0]]      [0.0] _/
    testo0.0_235      {101}                                [[0.84, 0.15]]    [[0.0]]      [0.0] _/
    testo0.0_236      {101}                                [[0.84, 0.15]]    [[0.0]]      [0.0] _/
    testo0.0_237      {101}                                [[0.84, 0.15]]    [[0.0]]      [0.0] _/
    testo0.0_238      {101}                                [[0.84, 0.15]]    [[0.0]]      [0.0] _/
    testo1.0_239      {101}                                [[0.83, 0.16]]    [[0.0]]      [1.0]
    testo0.0_240        {1}                                [[1.00, 0.00]]    [[0.0]]      [0.0] _/
    testo0.0_241      {101}                                [[0.84, 0.15]]    [[0.0]]      [0.0] _/
    testo0.0_242      {101}                                [[0.84, 0.15]]    [[0.0]]      [0.0] _/
    testo0.0_243        {1}                                [[1.00, 0.00]]    [[0.0]]      [0.0] _/
    testo0.0_244      {101}                                [[0.84, 0.15]]    [[0.0]]      [0.0] _/
    testo0.0_245      {101}                                [[0.84, 0.15]]    [[0.0]]      [0.0] _/
    testo0.0_246      {101}                                [[0.84, 0.15]]    [[0.0]]      [0.0] _/
    testo1.0_247      {101}                                [[0.83, 0.16]]    [[0.0]]      [1.0]
    testo0.0_248      {101}                                [[0.84, 0.15]]    [[0.0]]      [0.0] _/
    testo0.0_249      {101}                                [[0.84, 0.15]]    [[0.0]]      [0.0] _/
    testo0.0_250      {101}                                [[0.84, 0.15]]    [[0.0]]      [0.0] _/
    testo0.0_251      {101}                                [[0.84, 0.15]]    [[0.0]]      [0.0] _/
    testo0.0_252      {101}                                [[0.84, 0.15]]    [[0.0]]      [0.0] _/
    testo0.0_253      {101}                                [[0.84, 0.15]]    [[0.0]]      [0.0] _/
    testo0.0_254      {101}                                [[0.84, 0.15]]    [[0.0]]      [0.0] _/
    testo0.0_255        {1}                                [[1.00, 0.00]]    [[0.0]]      [0.0] _/
    testo0.0_256      {101}                                [[0.84, 0.15]]    [[0.0]]      [0.0] _/
    testo0.0_257      {101}                                [[0.84, 0.15]]    [[0.0]]      [0.0] _/
    testo1.0_258      {101}                                [[0.83, 0.16]]    [[0.0]]      [1.0]
    testo0.0_259      {101}                                [[0.84, 0.15]]    [[0.0]]      [0.0] _/
    testo0.0_260      {101}                                [[0.84, 0.15]]    [[0.0]]      [0.0] _/
    testo0.0_261      {101}                                [[0.84, 0.15]]    [[0.0]]      [0.0] _/
    testo0.0_262      {101}                                [[0.84, 0.15]]    [[0.0]]      [0.0] _/
    testo0.0_263      {101}                                [[0.84, 0.15]]    [[0.0]]      [0.0] _/
    testo0.0_264      {101}                                [[0.84, 0.15]]    [[0.0]]      [0.0] _/
    testo0.0_265      {101}                                [[0.84, 0.15]]    [[0.0]]      [0.0] _/
    testo0.0_266      {101}                                [[0.84, 0.15]]    [[0.0]]      [0.0] _/
    testo0.0_267      {101}                                [[0.84, 0.15]]    [[0.0]]      [0.0] _/
    testo0.0_268        {1}                                [[1.00, 0.00]]    [[0.0]]      [0.0] _/
    testo0.0_269      {101}                                [[0.84, 0.15]]    [[0.0]]      [0.0] _/
    testo0.0_270      {101}                                [[0.84, 0.15]]    [[0.0]]      [0.0] _/
    testo0.0_271      {101}                                [[0.84, 0.15]]    [[0.0]]      [0.0] _/
    testo0.0_272      {101}                                [[0.84, 0.15]]    [[0.0]]      [0.0] _/
    testo0.0_273      {101}                                [[0.84, 0.15]]    [[0.0]]      [0.0] _/
    testo0.0_274      {101}                                [[0.84, 0.15]]    [[0.0]]      [0.0] _/
    testo1.0_275      {101}                                [[0.83, 0.16]]    [[0.0]]      [1.0]
    testo0.0_276      {101}                                [[0.84, 0.15]]    [[0.0]]      [0.0] _/
    testo0.0_277      {101}                                [[0.84, 0.15]]    [[0.0]]      [0.0] _/
    testo1.0_278      {101}                                [[0.83, 0.16]]    [[0.0]]      [1.0]
    testo0.0_279      {101}                                [[0.84, 0.15]]    [[0.0]]      [0.0] _/
    testo0.0_280      {101}                                [[0.84, 0.15]]    [[0.0]]      [0.0] _/
    testo0.0_281      {101}                                [[0.84, 0.15]]    [[0.0]]      [0.0] _/
    testo0.0_282      {101}                                [[0.84, 0.15]]    [[0.0]]      [0.0] _/
    testo0.0_283      {101}                                [[0.84, 0.15]]    [[0.0]]      [0.0] _/
    testo0.0_284        {1}                                [[1.00, 0.00]]    [[0.0]]      [0.0] _/
    testo0.0_285      {101}                                [[0.84, 0.15]]    [[0.0]]      [0.0] _/
    testo0.0_286      {101}                                [[0.84, 0.15]]    [[0.0]]      [0.0] _/
    testo0.0_287      {101}                                [[0.84, 0.15]]    [[0.0]]      [0.0] _/
    testo0.0_288      {101}                                [[0.84, 0.15]]    [[0.0]]      [0.0] _/
    testo1.0_289      {101}                                [[0.83, 0.16]]    [[0.0]]      [1.0]
    testo0.0_290      {101}                                [[0.84, 0.15]]    [[0.0]]      [0.0] _/
    testo0.0_291      {101}                                [[0.84, 0.15]]    [[0.0]]      [0.0] _/
    testo0.0_292      {101}                                [[0.84, 0.15]]    [[0.0]]      [0.0] _/
    testo0.0_293      {101}                                [[0.84, 0.15]]    [[0.0]]      [0.0] _/
    testo0.0_294      {101}                                [[0.84, 0.15]]    [[0.0]]      [0.0] _/
    testo0.0_295      {101}                                [[0.84, 0.15]]    [[0.0]]      [0.0] _/
    testo0.0_296        {1}                                [[1.00, 0.00]]    [[0.0]]      [0.0] _/
    testo0.0_297      {101}                                [[0.84, 0.15]]    [[0.0]]      [0.0] _/
    testo0.0_298        {1}                                [[1.00, 0.00]]    [[0.0]]      [0.0] _/
    testo0.0_299      {101}                                [[0.84, 0.15]]    [[0.0]]      [0.0] _/
    testo1.0_300      {101}                                [[0.83, 0.16]]    [[0.0]]      [1.0]
    testo0.0_301      {101}                                [[0.84, 0.15]]    [[0.0]]      [0.0] _/
    testo0.0_302      {101}                                [[0.84, 0.15]]    [[0.0]]      [0.0] _/
    testo0.0_303      {101}                                [[0.84, 0.15]]    [[0.0]]      [0.0] _/
    testo0.0_304      {101}                                [[0.84, 0.15]]    [[0.0]]      [0.0] _/
    testo0.0_305      {101}                                [[0.84, 0.15]]    [[0.0]]      [0.0] _/
    testo0.0_306      {101}                                [[0.84, 0.15]]    [[0.0]]      [0.0] _/
    testo0.0_307      {101}                                [[0.84, 0.15]]    [[0.0]]      [0.0] _/
    testo0.0_308      {101}                                [[0.84, 0.15]]    [[0.0]]      [0.0] _/
    testo0.0_309        {1}                                [[1.00, 0.00]]    [[0.0]]      [0.0] _/
    testo0.0_310      {101}                                [[0.84, 0.15]]    [[0.0]]      [0.0] _/
    testo0.0_311      {101}                                [[0.84, 0.15]]    [[0.0]]      [0.0] _/
    testo1.0_312      {101}                                [[0.83, 0.16]]    [[0.0]]      [1.0]
    testo0.0_313      {101}                                [[0.84, 0.15]]    [[0.0]]      [0.0] _/
    testo0.0_314      {101}                                [[0.84, 0.15]]    [[0.0]]      [0.0] _/
    testo0.0_315      {101}                                [[0.84, 0.15]]    [[0.0]]      [0.0] _/
    testo0.0_316      {101}                                [[0.84, 0.15]]    [[0.0]]      [0.0] _/
    testo0.0_317      {101}                                [[0.84, 0.15]]    [[0.0]]      [0.0] _/
    testo0.0_318      {101}                                [[0.84, 0.15]]    [[0.0]]      [0.0] _/
    testo0.0_319      {101}                                [[0.84, 0.15]]    [[0.0]]      [0.0] _/
    testo0.0_320      {101}                                [[0.84, 0.15]]    [[0.0]]      [0.0] _/
    testo0.0_321      {101}                                [[0.84, 0.15]]    [[0.0]]      [0.0] _/
    testo1.0_322      {101}                                [[0.83, 0.16]]    [[0.0]]      [1.0]
    testo0.0_323      {101}                                [[0.84, 0.15]]    [[0.0]]      [0.0] _/
    testo0.0_324        {1}                                [[1.00, 0.00]]    [[0.0]]      [0.0] _/
    testo0.0_325      {101}                                [[0.84, 0.15]]    [[0.0]]      [0.0] _/
    testo0.0_326      {101}                                [[0.84, 0.15]]    [[0.0]]      [0.0] _/
    testo0.0_327      {101}                                [[0.84, 0.15]]    [[0.0]]      [0.0] _/
    testo0.0_328      {101}                                [[0.84, 0.15]]    [[0.0]]      [0.0] _/
    testo0.0_329      {101}                                [[0.84, 0.15]]    [[0.0]]      [0.0] _/
    testo0.0_330      {101}                                [[0.84, 0.15]]    [[0.0]]      [0.0] _/
    testo0.0_331      {101}                                [[0.84, 0.15]]    [[0.0]]      [0.0] _/
    testo0.0_332      {101}                                [[0.84, 0.15]]    [[0.0]]      [0.0] _/
    testo0.0_333      {101}                                [[0.84, 0.15]]    [[0.0]]      [0.0] _/
    testo0.0_334      {101}                                [[0.84, 0.15]]    [[0.0]]      [0.0] _/
    testo0.0_335      {101}                                [[0.84, 0.15]]    [[0.0]]      [0.0] _/
    testo0.0_336      {101}                                [[0.84, 0.15]]    [[0.0]]      [0.0] _/
    testo1.0_337      {101}                                [[0.83, 0.16]]    [[0.0]]      [1.0]
    testo0.0_338      {101}                                [[0.84, 0.15]]    [[0.0]]      [0.0] _/
    testo0.0_339        {1}                                [[1.00, 0.00]]    [[0.0]]      [0.0] _/
    testo0.0_340      {101}                                [[0.84, 0.15]]    [[0.0]]      [0.0] _/
    testo0.0_341      {101}                                [[0.84, 0.15]]    [[0.0]]      [0.0] _/
    testo0.0_342      {101}                                [[0.84, 0.15]]    [[0.0]]      [0.0] _/
    testo0.0_343      {101}                                [[0.84, 0.15]]    [[0.0]]      [0.0] _/
    testo0.0_344        {1}                                [[1.00, 0.00]]    [[0.0]]      [0.0] _/
    testo0.0_345      {101}                                [[0.84, 0.15]]    [[0.0]]      [0.0] _/
    testo0.0_346      {101}                                [[0.84, 0.15]]    [[0.0]]      [0.0] _/
    testo0.0_347      {101}                                [[0.84, 0.15]]    [[0.0]]      [0.0] _/
    testo0.0_348      {101}                                [[0.84, 0.15]]    [[0.0]]      [0.0] _/
    testo0.0_349      {101}                                [[0.84, 0.15]]    [[0.0]]      [0.0] _/
    testo1.0_350      {101}                                [[0.83, 0.16]]    [[0.0]]      [1.0]
    testo0.0_351      {101}                                [[0.84, 0.15]]    [[0.0]]      [0.0] _/
    testo0.0_352      {101}                                [[0.84, 0.15]]    [[0.0]]      [0.0] _/
    testo0.0_353        {1}                                [[1.00, 0.00]]    [[0.0]]      [0.0] _/
    testo0.0_354      {101}                                [[0.84, 0.15]]    [[0.0]]      [0.0] _/
    testo0.0_355      {101}                                [[0.84, 0.15]]    [[0.0]]      [0.0] _/
    testo1.0_356      {101}                                [[0.83, 0.16]]    [[0.0]]      [1.0]
    testo0.0_357      {101}                                [[0.84, 0.15]]    [[0.0]]      [0.0] _/
    testo0.0_358      {101}                                [[0.84, 0.15]]    [[0.0]]      [0.0] _/
    testo0.0_359      {101}                                [[0.84, 0.15]]    [[0.0]]      [0.0] _/
    testo0.0_360      {101}                                [[0.84, 0.15]]    [[0.0]]      [0.0] _/
    testo0.0_361      {101}                                [[0.84, 0.15]]    [[0.0]]      [0.0] _/
    testo0.0_362      {101}                                [[0.84, 0.15]]    [[0.0]]      [0.0] _/
    testo0.0_363      {101}                                [[0.84, 0.15]]    [[0.0]]      [0.0] _/
    testo0.0_364      {101}                                [[0.84, 0.15]]    [[0.0]]      [0.0] _/
    testo0.0_365      {101}                                [[0.84, 0.15]]    [[0.0]]      [0.0] _/
    testo0.0_366        {1}                                [[1.00, 0.00]]    [[0.0]]      [0.0] _/
    testo0.0_367      {101}                                [[0.84, 0.15]]    [[0.0]]      [0.0] _/
    testo0.0_368      {101}                                [[0.84, 0.15]]    [[0.0]]      [0.0] _/
    testo0.0_369      {101}                                [[0.84, 0.15]]    [[0.0]]      [0.0] _/
    testo0.0_370      {101}                                [[0.84, 0.15]]    [[0.0]]      [0.0] _/
    testo0.0_371      {101}                                [[0.84, 0.15]]    [[0.0]]      [0.0] _/
    testo0.0_372      {101}                                [[0.84, 0.15]]    [[0.0]]      [0.0] _/
    testo0.0_373      {101}                                [[0.84, 0.15]]    [[0.0]]      [0.0] _/
    testo1.0_374      {101}                                [[0.83, 0.16]]    [[0.0]]      [1.0]
    testo0.0_375      {101}                                [[0.84, 0.15]]    [[0.0]]      [0.0] _/
    testo0.0_376      {101}                                [[0.84, 0.15]]    [[0.0]]      [0.0] _/
    testo0.0_377      {101}                                [[0.84, 0.15]]    [[0.0]]      [0.0] _/
    testo0.0_378      {101}                                [[0.84, 0.15]]    [[0.0]]      [0.0] _/
    testo1.0_379      {101}                                [[0.83, 0.16]]    [[0.0]]      [1.0]
    testo0.0_380        {1}                                [[1.00, 0.00]]    [[0.0]]      [0.0] _/
    testo0.0_381      {101}                                [[0.84, 0.15]]    [[0.0]]      [0.0] _/
    testo0.0_382      {101}                                [[0.84, 0.15]]    [[0.0]]      [0.0] _/
    testo0.0_383      {101}                                [[0.84, 0.15]]    [[0.0]]      [0.0] _/
    testo0.0_384      {101}                                [[0.84, 0.15]]    [[0.0]]      [0.0] _/
    testo0.0_385      {101}                                [[0.84, 0.15]]    [[0.0]]      [0.0] _/
    testo0.0_386        {1}                                [[1.00, 0.00]]    [[0.0]]      [0.0] _/
    testo0.0_387      {101}                                [[0.84, 0.15]]    [[0.0]]      [0.0] _/
    testo1.0_388      {101}                                [[0.83, 0.16]]    [[0.0]]      [1.0]
    testo0.0_389      {101}                                [[0.84, 0.15]]    [[0.0]]      [0.0] _/
    testo0.0_390      {101}                                [[0.84, 0.15]]    [[0.0]]      [0.0] _/
    testo0.0_391      {101}                                [[0.84, 0.15]]    [[0.0]]      [0.0] _/
    testo0.0_392      {101}                                [[0.84, 0.15]]    [[0.0]]      [0.0] _/
    testo0.0_393      {101}                                [[0.84, 0.15]]    [[0.0]]      [0.0] _/
    testo0.0_394      {101}                                [[0.84, 0.15]]    [[0.0]]      [0.0] _/
    testo0.0_395      {101}                                [[0.84, 0.15]]    [[0.0]]      [0.0] _/
    testo0.0_396      {101}                                [[0.84, 0.15]]    [[0.0]]      [0.0] _/
    testo0.0_397        {1}                                [[1.00, 0.00]]    [[0.0]]      [0.0] _/
    testo0.0_398      {101}                                [[0.84, 0.15]]    [[0.0]]      [0.0] _/
    testo0.0_399      {101}                                [[0.84, 0.15]]    [[0.0]]      [0.0] _/
    testo1.0_400      {101}                                [[0.83, 0.16]]    [[0.0]]      [1.0]
    testo0.0_401      {101}                                [[0.84, 0.15]]    [[0.0]]      [0.0] _/
    testo0.0_402      {101}                                [[0.84, 0.15]]    [[0.0]]      [0.0] _/
    testo0.0_403      {101}                                [[0.84, 0.15]]    [[0.0]]      [0.0] _/
    testo0.0_404      {101}                                [[0.84, 0.15]]    [[0.0]]      [0.0] _/
    testo0.0_405      {101}                                [[0.84, 0.15]]    [[0.0]]      [0.0] _/
    testo0.0_406      {101}                                [[0.84, 0.15]]    [[0.0]]      [0.0] _/
    testo0.0_407      {101}                                [[0.84, 0.15]]    [[0.0]]      [0.0] _/
    testo0.0_408      {101}                                [[0.84, 0.15]]    [[0.0]]      [0.0] _/
    testo0.0_409      {101}                                [[0.84, 0.15]]    [[0.0]]      [0.0] _/
    testo1.0_410      {101}                                [[0.83, 0.16]]    [[0.0]]      [1.0]
    testo0.0_411        {1}                                [[1.00, 0.00]]    [[0.0]]      [0.0] _/
    testo0.0_412      {101}                                [[0.84, 0.15]]    [[0.0]]      [0.0] _/
    testo0.0_413      {101}                                [[0.84, 0.15]]    [[0.0]]      [0.0] _/
    testo0.0_414      {101}                                [[0.84, 0.15]]    [[0.0]]      [0.0] _/
    testo0.0_415      {101}                                [[0.84, 0.15]]    [[0.0]]      [0.0] _/
    testo0.0_416      {101}                                [[0.84, 0.15]]    [[0.0]]      [0.0] _/
    testo0.0_417      {101}                                [[0.84, 0.15]]    [[0.0]]      [0.0] _/
    testo0.0_418      {101}                                [[0.84, 0.15]]    [[0.0]]      [0.0] _/
    testo0.0_419      {101}                                [[0.84, 0.15]]    [[0.0]]      [0.0] _/
    testo0.0_420      {101}                                [[0.84, 0.15]]    [[0.0]]      [0.0] _/
    testo0.0_421        {1}                                [[1.00, 0.00]]    [[0.0]]      [0.0] _/
    testo0.0_422      {101}                                [[0.84, 0.15]]    [[0.0]]      [0.0] _/
    testo0.0_423      {101}                                [[0.84, 0.15]]    [[0.0]]      [0.0] _/
    testo0.0_424      {101}                                [[0.84, 0.15]]    [[0.0]]      [0.0] _/
    testo1.0_425      {101}                                [[0.83, 0.16]]    [[0.0]]      [1.0]
    testo0.0_426      {101}                                [[0.84, 0.15]]    [[0.0]]      [0.0] _/
    testo0.0_427      {101}                                [[0.84, 0.15]]    [[0.0]]      [0.0] _/
    testo0.0_428      {101}                                [[0.84, 0.15]]    [[0.0]]      [0.0] _/
    testo0.0_429      {101}                                [[0.84, 0.15]]    [[0.0]]      [0.0] _/
    testo0.0_430      {101}                                [[0.84, 0.15]]    [[0.0]]      [0.0] _/
    testo0.0_431      {101}                                [[0.84, 0.15]]    [[0.0]]      [0.0] _/
    testo0.0_432      {101}                                [[0.84, 0.15]]    [[0.0]]      [0.0] _/
    testo0.0_433      {101}                                [[0.84, 0.15]]    [[0.0]]      [0.0] _/
    testo0.0_434      {101}                                [[0.84, 0.15]]    [[0.0]]      [0.0] _/
    testo0.0_435      {101}                                [[0.84, 0.15]]    [[0.0]]      [0.0] _/
    testo0.0_436      {101}                                [[0.84, 0.15]]    [[0.0]]      [0.0] _/
    testo1.0_437      {101}                                [[0.83, 0.16]]    [[0.0]]      [1.0]
    testo0.0_438        {1}                                [[1.00, 0.00]]    [[0.0]]      [0.0] _/
    testo0.0_439      {101}                                [[0.84, 0.15]]    [[0.0]]      [0.0] _/
    testo0.0_440      {101}                                [[0.84, 0.15]]    [[0.0]]      [0.0] _/
    testo0.0_441        {1}                                [[1.00, 0.00]]    [[0.0]]      [0.0] _/
    testo0.0_442      {101}                                [[0.84, 0.15]]    [[0.0]]      [0.0] _/
    testo1.0_443      {101}                                [[0.83, 0.16]]    [[0.0]]      [1.0]
    testo0.0_444      {101}                                [[0.84, 0.15]]    [[0.0]]      [0.0] _/
    testo0.0_445      {101}                                [[0.84, 0.15]]    [[0.0]]      [0.0] _/
    testo0.0_446      {101}                                [[0.84, 0.15]]    [[0.0]]      [0.0] _/
    testo0.0_447      {101}                                [[0.84, 0.15]]    [[0.0]]      [0.0] _/
    testo0.0_448      {101}                                [[0.84, 0.15]]    [[0.0]]      [0.0] _/
    testo0.0_449      {101}                                [[0.84, 0.15]]    [[0.0]]      [0.0] _/
    testo0.0_450      {101}                                [[0.84, 0.15]]    [[0.0]]      [0.0] _/
    testo0.0_451      {101}                                [[0.84, 0.15]]    [[0.0]]      [0.0] _/
    testo0.0_452      {101}                                [[0.84, 0.15]]    [[0.0]]      [0.0] _/
    testo0.0_453      {101}                                [[0.84, 0.15]]    [[0.0]]      [0.0] _/
    testo1.0_454      {101}                                [[0.83, 0.16]]    [[0.0]]      [1.0]
    testo0.0_455        {1}                                [[1.00, 0.00]]    [[0.0]]      [0.0] _/
    testo0.0_456      {101}                                [[0.84, 0.15]]    [[0.0]]      [0.0] _/
    testo0.0_457      {101}                                [[0.84, 0.15]]    [[0.0]]      [0.0] _/
    testo0.0_458      {101}                                [[0.84, 0.15]]    [[0.0]]      [0.0] _/
    testo0.0_459      {101}                                [[0.84, 0.15]]    [[0.0]]      [0.0] _/
    testo0.0_460      {101}                                [[0.84, 0.15]]    [[0.0]]      [0.0] _/
    testo0.0_461      {101}                                [[0.84, 0.15]]    [[0.0]]      [0.0] _/
    testo0.0_462      {101}                                [[0.84, 0.15]]    [[0.0]]      [0.0] _/
    testo0.0_463      {101}                                [[0.84, 0.15]]    [[0.0]]      [0.0] _/
    testo0.0_464      {101}                                [[0.84, 0.15]]    [[0.0]]      [0.0] _/
    testo1.0_465      {101}                                [[0.83, 0.16]]    [[0.0]]      [1.0]
    testo0.0_466      {101}                                [[0.84, 0.15]]    [[0.0]]      [0.0] _/
    testo0.0_467      {101}                                [[0.84, 0.15]]    [[0.0]]      [0.0] _/
    testo0.0_468        {1}                                [[1.00, 0.00]]    [[0.0]]      [0.0] _/
    testo0.0_469      {101}                                [[0.84, 0.15]]    [[0.0]]      [0.0] _/
    testo0.0_470      {101}                                [[0.84, 0.15]]    [[0.0]]      [0.0] _/
    testo0.0_471      {101}                                [[0.84, 0.15]]    [[0.0]]      [0.0] _/
    testo0.0_472      {101}                                [[0.84, 0.15]]    [[0.0]]      [0.0] _/
    testo0.0_473      {101}                                [[0.84, 0.15]]    [[0.0]]      [0.0] _/
    testo0.0_474        {1}                                [[1.00, 0.00]]    [[0.0]]      [0.0] _/
    testo0.0_475      {101}                                [[0.84, 0.15]]    [[0.0]]      [0.0] _/
    testo0.0_476      {101}                                [[0.84, 0.15]]    [[0.0]]      [0.0] _/
    testo0.0_477      {101}                                [[0.84, 0.15]]    [[0.0]]      [0.0] _/
    testo0.0_478      {101}                                [[0.84, 0.15]]    [[0.0]]      [0.0] _/
    testo0.0_479      {101}                                [[0.84, 0.15]]    [[0.0]]      [0.0] _/
    testo1.0_480      {101}                                [[0.83, 0.16]]    [[0.0]]      [1.0]
    testo0.0_481      {101}                                [[0.84, 0.15]]    [[0.0]]      [0.0] _/
    testo0.0_482      {101}                                [[0.84, 0.15]]    [[0.0]]      [0.0] _/
    testo0.0_483      {101}                                [[0.84, 0.15]]    [[0.0]]      [0.0] _/
    testo0.0_484      {101}                                [[0.84, 0.15]]    [[0.0]]      [0.0] _/
    testo0.0_485      {101}                                [[0.84, 0.15]]    [[0.0]]      [0.0] _/
    testo0.0_486      {101}                                [[0.84, 0.15]]    [[0.0]]      [0.0] _/
    testo0.0_487      {101}                                [[0.84, 0.15]]    [[0.0]]      [0.0] _/
    testo0.0_488      {101}                                [[0.84, 0.15]]    [[0.0]]      [0.0] _/
    testo0.0_489      {101}                                [[0.84, 0.15]]    [[0.0]]      [0.0] _/
    testo0.0_490      {101}                                [[0.84, 0.15]]    [[0.0]]      [0.0] _/
    testo0.0_491      {101}                                [[0.84, 0.15]]    [[0.0]]      [0.0] _/
    testo0.0_492        {1}                                [[1.00, 0.00]]    [[0.0]]      [0.0] _/
    testo1.0_493      {101}                                [[0.83, 0.16]]    [[0.0]]      [1.0]
    testo0.0_494      {101}                                [[0.84, 0.15]]    [[0.0]]      [0.0] _/
    testo0.0_495      {101}                                [[0.84, 0.15]]    [[0.0]]      [0.0] _/
    testo0.0_496        {1}                                [[1.00, 0.00]]    [[0.0]]      [0.0] _/
    testo0.0_497      {101}                                [[0.84, 0.15]]    [[0.0]]      [0.0] _/
    testo0.0_498      {101}                                [[0.84, 0.15]]    [[0.0]]      [0.0] _/
    testo0.0_499      {101}                                [[0.84, 0.15]]    [[0.0]]      [0.0] _/
    testo0.0_500      {101}                                [[0.84, 0.15]]    [[0.0]]      [0.0] _/
    testo1.0_501      {101}                                [[0.83, 0.16]]    [[0.0]]      [1.0]
    testo0.0_502      {101}                                [[0.84, 0.15]]    [[0.0]]      [0.0] _/
    testo0.0_503      {101}                                [[0.84, 0.15]]    [[0.0]]      [0.0] _/
    testo0.0_504      {101}                                [[0.84, 0.15]]    [[0.0]]      [0.0] _/
    testo0.0_505      {101}                                [[0.84, 0.15]]    [[0.0]]      [0.0] _/
    testo0.0_506      {101}                                [[0.84, 0.15]]    [[0.0]]      [0.0] _/
    testo0.0_507      {101}                                [[0.84, 0.15]]    [[0.0]]      [0.0] _/
    testo0.0_508      {101}                                [[0.84, 0.15]]    [[0.0]]      [0.0] _/
    testo1.0_509      {101}                                [[0.83, 0.16]]    [[0.0]]      [1.0]
    testo0.0_510      {101}                                [[0.84, 0.15]]    [[0.0]]      [0.0] _/
    testo0.0_511      {101}                                [[0.84, 0.15]]    [[0.0]]      [0.0] _/
    testo0.0_512        {1}                                [[1.00, 0.00]]    [[0.0]]      [0.0] _/
    testo0.0_513      {101}                                [[0.84, 0.15]]    [[0.0]]      [0.0] _/
    testo0.0_514      {101}                                [[0.84, 0.15]]    [[0.0]]      [0.0] _/
    testo0.0_515      {101}                                [[0.84, 0.15]]    [[0.0]]      [0.0] _/
    testo0.0_516      {101}                                [[0.84, 0.15]]    [[0.0]]      [0.0] _/
    testo0.0_517      {101}                                [[0.84, 0.15]]    [[0.0]]      [0.0] _/
    testo0.0_518      {101}                                [[0.84, 0.15]]    [[0.0]]      [0.0] _/
    testo0.0_519      {101}                                [[0.84, 0.15]]    [[0.0]]      [0.0] _/
    testo1.0_520      {101}                                [[0.83, 0.16]]    [[0.0]]      [1.0]
    testo0.0_521        {1}                                [[1.00, 0.00]]    [[0.0]]      [0.0] _/
    testo0.0_522      {101}                                [[0.84, 0.15]]    [[0.0]]      [0.0] _/
    testo0.0_523      {101}                                [[0.84, 0.15]]    [[0.0]]      [0.0] _/
    testo0.0_524      {101}                                [[0.84, 0.15]]    [[0.0]]      [0.0] _/
    testo0.0_525      {101}                                [[0.84, 0.15]]    [[0.0]]      [0.0] _/
    testo0.0_526      {101}                                [[0.84, 0.15]]    [[0.0]]      [0.0] _/
    testo0.0_527      {101}                                [[0.84, 0.15]]    [[0.0]]      [0.0] _/
    testo0.0_528      {101}                                [[0.84, 0.15]]    [[0.0]]      [0.0] _/
    testo0.0_529        {1}                                [[1.00, 0.00]]    [[0.0]]      [0.0] _/
    testo0.0_530      {101}                                [[0.84, 0.15]]    [[0.0]]      [0.0] _/
    testo0.0_531      {101}                                [[0.84, 0.15]]    [[0.0]]      [0.0] _/
    testo1.0_532      {101}                                [[0.83, 0.16]]    [[0.0]]      [1.0]
    testo0.0_533      {101}                                [[0.84, 0.15]]    [[0.0]]      [0.0] _/
    testo0.0_534      {101}                                [[0.84, 0.15]]    [[0.0]]      [0.0] _/
    testo0.0_535      {101}                                [[0.84, 0.15]]    [[0.0]]      [0.0] _/
    testo0.0_536      {101}                                [[0.84, 0.15]]    [[0.0]]      [0.0] _/
    testo0.0_537      {101}                                [[0.84, 0.15]]    [[0.0]]      [0.0] _/
    testo0.0_538      {101}                                [[0.84, 0.15]]    [[0.0]]      [0.0] _/
    testo0.0_539      {101}                                [[0.84, 0.15]]    [[0.0]]      [0.0] _/
    testo0.0_540      {101}                                [[0.84, 0.15]]    [[0.0]]      [0.0] _/
    testo0.0_541      {101}                                [[0.84, 0.15]]    [[0.0]]      [0.0] _/
    testo0.0_542      {101}                                [[0.84, 0.15]]    [[0.0]]      [0.0] _/
    testo0.0_543      {101}                                [[0.84, 0.15]]    [[0.0]]      [0.0] _/
    testo0.0_544      {101}                                [[0.84, 0.15]]    [[0.0]]      [0.0] _/
    testo0.0_545      {101}                                [[0.84, 0.15]]    [[0.0]]      [0.0] _/
    testo0.0_546      {101}                                [[0.84, 0.15]]    [[0.0]]      [0.0] _/
    testo0.0_547      {101}                                [[0.84, 0.15]]    [[0.0]]      [0.0] _/
    testo0.0_548      {101}                                [[0.84, 0.15]]    [[0.0]]      [0.0] _/
    testo1.0_549      {101}                                [[0.83, 0.16]]    [[0.0]]      [1.0]
    testo0.0_550        {1}                                [[1.00, 0.00]]    [[0.0]]      [0.0] _/
    testo0.0_551      {101}                                [[0.84, 0.15]]    [[0.0]]      [0.0] _/
    testo0.0_552      {101}                                [[0.84, 0.15]]    [[0.0]]      [0.0] _/
    testo0.0_553      {101}                                [[0.84, 0.15]]    [[0.0]]      [0.0] _/
    testo0.0_554        {1}                                [[1.00, 0.00]]    [[0.0]]      [0.0] _/
    testo0.0_555      {101}                                [[0.84, 0.15]]    [[0.0]]      [0.0] _/
    testo1.0_556      {101}                                [[0.83, 0.16]]    [[0.0]]      [1.0]
    testo0.0_557      {101}                                [[0.84, 0.15]]    [[0.0]]      [0.0] _/
    testo0.0_558      {101}                                [[0.84, 0.15]]    [[0.0]]      [0.0] _/
    testo0.0_559      {101}                                [[0.84, 0.15]]    [[0.0]]      [0.0] _/
    testo0.0_560      {101}                                [[0.84, 0.15]]    [[0.0]]      [0.0] _/
    testo0.0_561      {101}                                [[0.84, 0.15]]    [[0.0]]      [0.0] _/
    testo0.0_562      {101}                                [[0.84, 0.15]]    [[0.0]]      [0.0] _/
    testo0.0_563      {101}                                [[0.84, 0.15]]    [[0.0]]      [0.0] _/
    testo0.0_564        {1}                                [[1.00, 0.00]]    [[0.0]]      [0.0] _/
    testo1.0_565      {101}                                [[0.83, 0.16]]    [[0.0]]      [1.0]
    testo0.0_566      {101}                                [[0.84, 0.15]]    [[0.0]]      [0.0] _/
    testo0.0_567      {101}                                [[0.84, 0.15]]    [[0.0]]      [0.0] _/
    testo0.0_568      {101}                                [[0.84, 0.15]]    [[0.0]]      [0.0] _/
    testo0.0_569      {101}                                [[0.84, 0.15]]    [[0.0]]      [0.0] _/
    testo0.0_570      {101}                                [[0.84, 0.15]]    [[0.0]]      [0.0] _/
    testo0.0_571      {101}                                [[0.84, 0.15]]    [[0.0]]      [0.0] _/
    testo0.0_572      {101}                                [[0.84, 0.15]]    [[0.0]]      [0.0] _/
    testo0.0_573      {101}                                [[0.84, 0.15]]    [[0.0]]      [0.0] _/
    testo0.0_574        {1}                                [[1.00, 0.00]]    [[0.0]]      [0.0] _/
    testo0.0_575      {101}                                [[0.84, 0.15]]    [[0.0]]      [0.0] _/
    testo0.0_576      {101}                                [[0.84, 0.15]]    [[0.0]]      [0.0] _/
    testo0.0_577      {101}                                [[0.84, 0.15]]    [[0.0]]      [0.0] _/
    testo1.0_578      {101}                                [[0.83, 0.16]]    [[0.0]]      [1.0]
    testo0.0_579      {101}                                [[0.84, 0.15]]    [[0.0]]      [0.0] _/
    testo0.0_580      {101}                                [[0.84, 0.15]]    [[0.0]]      [0.0] _/
    testo0.0_581      {101}                                [[0.84, 0.15]]    [[0.0]]      [0.0] _/
    testo0.0_582      {101}                                [[0.84, 0.15]]    [[0.0]]      [0.0] _/
    testo0.0_583      {101}                                [[0.84, 0.15]]    [[0.0]]      [0.0] _/
    testo0.0_584      {101}                                [[0.84, 0.15]]    [[0.0]]      [0.0] _/
    testo0.0_585      {101}                                [[0.84, 0.15]]    [[0.0]]      [0.0] _/
    testo0.0_586      {101}                                [[0.84, 0.15]]    [[0.0]]      [0.0] _/
    testo1.0_587      {101}                                [[0.83, 0.16]]    [[0.0]]      [1.0]
    testo0.0_588        {1}                                [[1.00, 0.00]]    [[0.0]]      [0.0] _/
    testo0.0_589      {101}                                [[0.84, 0.15]]    [[0.0]]      [0.0] _/
    testo0.0_590      {101}                                [[0.84, 0.15]]    [[0.0]]      [0.0] _/
    testo0.0_591      {101}                                [[0.84, 0.15]]    [[0.0]]      [0.0] _/
    testo0.0_592      {101}                                [[0.84, 0.15]]    [[0.0]]      [0.0] _/
    testo0.0_593      {101}                                [[0.84, 0.15]]    [[0.0]]      [0.0] _/
    testo0.0_594      {101}                                [[0.84, 0.15]]    [[0.0]]      [0.0] _/
    testo0.0_595      {101}                                [[0.84, 0.15]]    [[0.0]]      [0.0] _/
    testo0.0_596      {101}                                [[0.84, 0.15]]    [[0.0]]      [0.0] _/
    testo0.0_597      {101}                                [[0.84, 0.15]]    [[0.0]]      [0.0] _/
    testo0.0_598        {1}                                [[1.00, 0.00]]    [[0.0]]      [0.0] _/
    testo0.0_599      {101}                                [[0.84, 0.15]]    [[0.0]]      [0.0] _/
    testo1.0_600      {101}                                [[0.83, 0.16]]    [[0.0]]      [1.0]
