Reading data/exp78_coding_1.fccsv
No of Objects: 0
No of attributes: 64
No of concepts: 56

-----------------------------------------------------------------------------------------------------------------------
  Object     Extent                                 Probabilities                                          Predicted    Actual
                Size                                                [[ 0.0, 0.0, 1.0]]                          Class      Class
-----------------------------------------------------------------------------------------------------------------------
 o0.0_65       {21}                                              [[0.04, 0.47, 0.47]]    [[1.0]]      [0.0]
 o0.0_63       {45}                                              [[0.00, 0.93, 0.06]]    [[0.0]]      [0.0] _/
 o0.0_68       {45}                                              [[0.00, 0.93, 0.06]]    [[0.0]]      [0.0] _/
 o0.0_67       {22}                                              [[0.00, 1.00, 0.00]]    [[0.0]]      [0.0] _/
 o0.0_66       {22}                                              [[0.00, 1.00, 0.00]]    [[0.0]]      [0.0] _/
 o1.0_74        {7}                                              [[0.00, 0.57, 0.42]]    [[0.0]]      [1.0]
 o0.0_61       {22}                                              [[0.00, 1.00, 0.00]]    [[0.0]]      [0.0] _/
 o0.0_76       {45}                                              [[0.00, 0.93, 0.06]]    [[0.0]]      [0.0] _/
 o0.0_75       {22}                                              [[0.00, 1.00, 0.00]]    [[0.0]]      [0.0] _/
 o0.0_73       {53}                                              [[0.01, 0.90, 0.07]]    [[0.0]]      [0.0] _/
 o1.0_81       {12}                                              [[0.00, 0.50, 0.50]]    [[1.0]]      [1.0] _/
 o0.0_79        {7}                                              [[0.00, 0.57, 0.42]]    [[0.0]]      [0.0] _/
 o0.0_78       {45}                                              [[0.00, 0.93, 0.06]]    [[0.0]]      [0.0] _/
 o0.0_77       {22}                                              [[0.00, 1.00, 0.00]]    [[0.0]]      [0.0] _/
 o1.0_88       {25}                                              [[0.00, 0.88, 0.12]]    [[0.0]]      [1.0]
 o0.0_72       {22}                                              [[0.00, 1.00, 0.00]]    [[0.0]]      [0.0] _/
 o0.0_71       {12}                                              [[0.00, 0.50, 0.50]]    [[1.0]]      [0.0]
 o0.0_70       {10}                                              [[0.00, 0.70, 0.30]]    [[0.0]]      [0.0] _/
  o0.0_3        {7}                                              [[0.00, 0.57, 0.42]]    [[0.0]]      [0.0] _/
  o0.0_1       {45}                                              [[0.00, 0.93, 0.06]]    [[0.0]]      [0.0] _/
  o0.0_7       {22}                                              [[0.00, 1.00, 0.00]]    [[0.0]]      [0.0] _/
  o0.0_6       {53}                                              [[0.01, 0.90, 0.07]]    [[0.0]]      [0.0] _/
  o0.0_5       {11}                                              [[0.09, 0.63, 0.27]]    [[0.0]]      [0.0] _/
  o0.0_4       {45}                                              [[0.00, 0.93, 0.06]]    [[0.0]]      [0.0] _/
  o0.0_8       {22}                                              [[0.00, 1.00, 0.00]]    [[0.0]]      [0.0] _/
 o0.0_42        {3}                                              [[0.00, 1.00, 0.00]]    [[0.0]]      [0.0] _/
 o0.0_41       {22}                                              [[0.00, 1.00, 0.00]]    [[0.0]]      [0.0] _/
 o1.0_90       {17}                                              [[0.00, 0.41, 0.58]]    [[1.0]]      [1.0] _/
 o0.0_47       {22}                                              [[0.00, 1.00, 0.00]]    [[0.0]]      [0.0] _/
 o0.0_46        {7}                                              [[0.00, 0.57, 0.42]]    [[0.0]]      [0.0] _/
 o1.0_93       {53}                                              [[0.01, 0.90, 0.07]]    [[0.0]]      [1.0]
 o0.0_45       {45}                                              [[0.00, 0.93, 0.06]]    [[0.0]]      [0.0] _/
 o0.0_44       {22}                                              [[0.00, 1.00, 0.00]]    [[0.0]]      [0.0] _/
 o1.0_10       {12}                                              [[0.00, 0.50, 0.50]]    [[1.0]]      [1.0] _/
 o1.0_14       {25}                                              [[0.00, 0.88, 0.12]]    [[0.0]]      [1.0]
 o0.0_39       {22}                                              [[0.00, 1.00, 0.00]]    [[0.0]]      [0.0] _/
 o0.0_37       {53}                                              [[0.01, 0.90, 0.07]]    [[0.0]]      [0.0] _/
 o0.0_54       {53}                                              [[0.01, 0.90, 0.07]]    [[0.0]]      [0.0] _/
 o0.0_53       {45}                                              [[0.00, 0.93, 0.06]]    [[0.0]]      [0.0] _/
 o0.0_52       {45}                                              [[0.00, 0.93, 0.06]]    [[0.0]]      [0.0] _/
 o0.0_51       {22}                                              [[0.00, 1.00, 0.00]]    [[0.0]]      [0.0] _/
 o0.0_57       {53}                                              [[0.01, 0.90, 0.07]]    [[0.0]]      [0.0] _/
 o0.0_56       {21}                                              [[0.04, 0.47, 0.47]]    [[1.0]]      [0.0]
 o0.0_55       {12}                                              [[0.00, 0.50, 0.50]]    [[1.0]]      [0.0]
 o1.0_22       {13}                                              [[0.00, 0.53, 0.46]]    [[0.0]]      [1.0]
 o0.0_50       {45}                                              [[0.00, 0.93, 0.06]]    [[0.0]]      [0.0] _/
 o1.0_17       {12}                                              [[0.00, 0.50, 0.50]]    [[1.0]]      [1.0] _/
 o0.0_49       {11}                                              [[0.09, 0.63, 0.27]]    [[0.0]]      [0.0] _/
 o0.0_48       {45}                                              [[0.00, 0.93, 0.06]]    [[0.0]]      [0.0] _/
 o0.0_21       {22}                                              [[0.00, 1.00, 0.00]]    [[0.0]]      [0.0] _/
 o0.0_20       {53}                                              [[0.01, 0.90, 0.07]]    [[0.0]]      [0.0] _/
 o0.0_25       {45}                                              [[0.00, 0.93, 0.06]]    [[0.0]]      [0.0] _/
 o0.0_24       {21}                                              [[0.04, 0.47, 0.47]]    [[1.0]]      [0.0]
 o0.0_23       {22}                                              [[0.00, 1.00, 0.00]]    [[0.0]]      [0.0] _/
 o1.0_30       {17}                                              [[0.00, 0.41, 0.58]]    [[1.0]]      [1.0] _/
 o1.0_33       {12}                                              [[0.00, 0.50, 0.50]]    [[1.0]]      [1.0] _/
 o0.0_18       {12}                                              [[0.00, 0.50, 0.50]]    [[1.0]]      [0.0]
 o0.0_16       {22}                                              [[0.00, 1.00, 0.00]]    [[0.0]]      [0.0] _/
 o0.0_15        {3}                                              [[0.00, 1.00, 0.00]]    [[0.0]]      [0.0] _/
 o0.0_19       {22}                                              [[0.00, 1.00, 0.00]]    [[0.0]]      [0.0] _/
 o0.0_32       {45}                                              [[0.00, 0.93, 0.06]]    [[0.0]]      [0.0] _/
 o0.0_31       {22}                                              [[0.00, 1.00, 0.00]]    [[0.0]]      [0.0] _/
 o0.0_36       {10}                                              [[0.00, 0.70, 0.30]]    [[0.0]]      [0.0] _/
 o0.0_35       {12}                                              [[0.00, 0.50, 0.50]]    [[1.0]]      [0.0]
  o1.0_2       {53}                                              [[0.01, 0.90, 0.07]]    [[0.0]]      [1.0]
 o0.0_34       {22}                                              [[0.00, 1.00, 0.00]]    [[0.0]]      [0.0] _/
  o1.0_0        {7}                                              [[0.00, 0.57, 0.42]]    [[0.0]]      [1.0]
 o1.0_40       {13}                                              [[0.00, 0.53, 0.46]]    [[0.0]]      [1.0]
 o1.0_43       {25}                                              [[0.00, 0.88, 0.12]]    [[0.0]]      [1.0]
  o1.0_9       {17}                                              [[0.00, 0.41, 0.58]]    [[1.0]]      [1.0] _/
 o1.0_38       {12}                                              [[0.00, 0.50, 0.50]]    [[1.0]]      [1.0] _/
 o0.0_29       {10}                                              [[0.00, 0.70, 0.30]]    [[0.0]]      [0.0] _/
 o0.0_28       {53}                                              [[0.01, 0.90, 0.07]]    [[0.0]]      [0.0] _/
 o0.0_27       {12}                                              [[0.00, 0.50, 0.50]]    [[1.0]]      [0.0]
 o0.0_26       {22}                                              [[0.00, 1.00, 0.00]]    [[0.0]]      [0.0] _/
 o0.0_87       {45}                                              [[0.00, 0.93, 0.06]]    [[0.0]]      [0.0] _/
 o0.0_86       {12}                                              [[0.00, 0.50, 0.50]]    [[1.0]]      [0.0]
 o0.0_85       {45}                                              [[0.00, 0.93, 0.06]]    [[0.0]]      [0.0] _/
 o0.0_84       {53}                                              [[0.01, 0.90, 0.07]]    [[0.0]]      [0.0] _/
 o0.0_89       {22}                                              [[0.00, 1.00, 0.00]]    [[0.0]]      [0.0] _/
 o0.0_83       {53}                                              [[0.01, 0.90, 0.07]]    [[0.0]]      [0.0] _/
 o0.0_82        {3}                                              [[0.00, 1.00, 0.00]]    [[0.0]]      [0.0] _/
 o1.0_58       {53}                                              [[0.01, 0.90, 0.07]]    [[0.0]]      [1.0]
 o1.0_59        {7}                                              [[0.00, 0.57, 0.42]]    [[0.0]]      [1.0]
 o0.0_80       {11}                                              [[0.09, 0.63, 0.27]]    [[0.0]]      [0.0] _/
 o0.0_98       {11}                                              [[0.09, 0.63, 0.27]]    [[0.0]]     [ 0.0]
 o0.0_97       {21}                                              [[0.04, 0.47, 0.47]]    [[1.0]]     [ 0.0]
 o0.0_96       {45}                                              [[0.00, 0.93, 0.06]]    [[0.0]]      [0.0] _/
 o0.0_95       {22}                                              [[0.00, 1.00, 0.00]]    [[0.0]]      [0.0] _/
 o0.0_13       {45}                                              [[0.00, 0.93, 0.06]]    [[0.0]]      [0.0] _/
 o1.0_60       {53}                                              [[0.01, 0.90, 0.07]]    [[0.0]]      [1.0]
 o0.0_12       {45}                                              [[0.00, 0.93, 0.06]]    [[0.0]]      [0.0] _/
 o1.0_62       {13}                                              [[0.00, 0.53, 0.46]]    [[0.0]]      [1.0]
 o0.0_11       {45}                                              [[0.00, 0.93, 0.06]]    [[0.0]]      [0.0] _/
 o0.0_99       {53}                                              [[0.01, 0.90, 0.07]]    [[0.0]]     [ 0.0]
 o1.0_64       {12}                                              [[0.00, 0.50, 0.50]]    [[1.0]]      [1.0] _/
 o0.0_94       {53}                                              [[0.01, 0.90, 0.07]]    [[0.0]]      [0.0] _/
 o1.0_69       {17}                                              [[0.00, 0.41, 0.58]]    [[1.0]]      [1.0] _/
 o0.0_92       {45}                                              [[0.00, 0.93, 0.06]]    [[0.0]]      [0.0] _/
 o0.0_91        {7}                                              [[0.00, 0.57, 0.42]]    [[0.0]]      [0.0] _/

Objects classified correctly: 75
Total objects: 100
Success: 75.0%
