Reading /home/ssamal/workspace/conexpng/floating_codings_1.fccsv


***Reading first 10 records***
No of Objects:10
No of attributes:64
No of concepts:386
	Completed reading 490 records
No of Objects: 500
No of attributes: 64
No of concepts: 2080
Read time: 5848ms

-----------------------------------------------------------------------------------------------------------------------
  Object     Extent                                 Probabilities                                          Predicted    Actual
                Size       [0  , 1   , 2   , 3   , 4   , 5   , 6   , 7   , 8   , 9   ]                          Class      Class
-----------------------------------------------------------------------------------------------------------------------
o0.0_488       {66}    [[0.24, 0.01, 0.15, 0.13, 0.04, 0.09, 0.10, 0.01, 0.07, 0.12]]    [[0.0]]      [0.0] _/
o0.0_367       {60}    [[0.16, 0.08, 0.10, 0.18, 0.15, 0.10, 0.03, 0.10, 0.03, 0.05]]    [[3.0]]      [0.0]
o5.0_381       {63}    [[0.14, 0.00, 0.14, 0.03, 0.07, 0.11, 0.09, 0.12, 0.15, 0.11]]    [[8.0]]      [5.0]
o0.0_487       {71}    [[0.05, 0.16, 0.08, 0.09, 0.11, 0.02, 0.07, 0.08, 0.12, 0.16]]    [[1.0]]      [0.0]
o0.0_480       {54}    [[0.14, 0.11, 0.05, 0.16, 0.18, 0.05, 0.11, 0.09, 0.03, 0.03]]    [[4.0]]      [0.0]
 o1.0_78       {66}    [[0.04, 0.10, 0.15, 0.16, 0.04, 0.12, 0.12, 0.06, 0.10, 0.07]]    [[3.0]]      [1.0]
o7.0_329       {81}    [[0.17, 0.08, 0.01, 0.07, 0.02, 0.04, 0.17, 0.17, 0.12, 0.11]]    [[0.0]]      [7.0]
o7.0_209       {60}    [[0.16, 0.08, 0.10, 0.18, 0.15, 0.10, 0.03, 0.10, 0.03, 0.05]]    [[3.0]]      [7.0]
o7.0_450       {63}    [[0.14, 0.00, 0.14, 0.03, 0.07, 0.11, 0.09, 0.12, 0.15, 0.11]]    [[8.0]]      [7.0]
 o8.0_41       {63}    [[0.14, 0.00, 0.14, 0.03, 0.07, 0.11, 0.09, 0.12, 0.15, 0.11]]    [[8.0]]      [8.0] _/
o7.0_211       {71}    [[0.05, 0.16, 0.08, 0.09, 0.11, 0.02, 0.07, 0.08, 0.12, 0.16]]    [[1.0]]      [7.0]
o7.0_454       {63}    [[0.14, 0.00, 0.14, 0.03, 0.07, 0.11, 0.09, 0.12, 0.15, 0.11]]    [[8.0]]      [7.0]
o7.0_213       {62}    [[0.12, 0.08, 0.04, 0.14, 0.11, 0.14, 0.08, 0.06, 0.06, 0.12]]    [[3.0]]      [7.0]
o5.0_153       {66}    [[0.04, 0.10, 0.15, 0.16, 0.04, 0.12, 0.12, 0.06, 0.10, 0.07]]    [[3.0]]      [5.0]
o5.0_159       {62}    [[0.12, 0.08, 0.04, 0.14, 0.11, 0.14, 0.08, 0.06, 0.06, 0.12]]    [[3.0]]      [5.0]
o5.0_397       {54}    [[0.14, 0.11, 0.05, 0.16, 0.18, 0.05, 0.11, 0.09, 0.03, 0.03]]    [[4.0]]      [5.0]
o5.0_279       {63}    [[0.14, 0.00, 0.14, 0.03, 0.07, 0.11, 0.09, 0.12, 0.15, 0.11]]    [[8.0]]      [5.0]
o0.0_138       {77}    [[0.05, 0.19, 0.00, 0.07, 0.14, 0.03, 0.15, 0.03, 0.06, 0.23]]    [[9.0]]      [0.0]
o0.0_139       {60}    [[0.16, 0.08, 0.10, 0.18, 0.15, 0.10, 0.03, 0.10, 0.03, 0.05]]    [[3.0]]      [0.0]
o7.0_314       {54}    [[0.14, 0.11, 0.05, 0.16, 0.18, 0.05, 0.11, 0.09, 0.03, 0.03]]    [[4.0]]      [7.0]
o0.0_375       {71}    [[0.05, 0.16, 0.08, 0.09, 0.11, 0.02, 0.07, 0.08, 0.12, 0.16]]    [[1.0]]      [0.0]
o0.0_376       {66}    [[0.24, 0.01, 0.15, 0.13, 0.04, 0.09, 0.10, 0.01, 0.07, 0.12]]    [[0.0]]      [0.0] _/
o5.0_394       {70}    [[0.04, 0.02, 0.14, 0.05, 0.17, 0.15, 0.10, 0.10, 0.11, 0.08]]    [[4.0]]      [5.0]
 o8.0_50       {75}    [[0.16, 0.00, 0.09, 0.09, 0.20, 0.09, 0.05, 0.04, 0.18, 0.08]]    [[4.0]]      [8.0]
o0.0_373       {63}    [[0.14, 0.00, 0.14, 0.03, 0.07, 0.11, 0.09, 0.12, 0.15, 0.11]]    [[8.0]]      [0.0]
 o5.0_97       {56}    [[0.10, 0.03, 0.07, 0.08, 0.17, 0.08, 0.07, 0.10, 0.14, 0.10]]    [[4.0]]      [5.0]
o0.0_490       {54}    [[0.18, 0.00, 0.07, 0.14, 0.05, 0.03, 0.09, 0.22, 0.03, 0.14]]    [[7.0]]      [0.0]
 o5.0_92       {54}    [[0.14, 0.11, 0.05, 0.16, 0.18, 0.05, 0.11, 0.09, 0.03, 0.03]]    [[4.0]]      [5.0]
 o8.0_58       {67}    [[0.07, 0.04, 0.02, 0.16, 0.07, 0.16, 0.02, 0.05, 0.23, 0.11]]    [[8.0]]      [8.0] _/
o7.0_200       {54}    [[0.18, 0.00, 0.07, 0.14, 0.05, 0.03, 0.09, 0.22, 0.03, 0.14]]    [[7.0]]      [7.0] _/
o7.0_201       {56}    [[0.10, 0.03, 0.07, 0.08, 0.17, 0.08, 0.07, 0.10, 0.14, 0.10]]    [[4.0]]      [7.0]
 o5.0_94       {62}    [[0.12, 0.08, 0.04, 0.14, 0.11, 0.14, 0.08, 0.06, 0.06, 0.12]]    [[3.0]]      [5.0]
o7.0_322       {62}    [[0.12, 0.08, 0.04, 0.14, 0.11, 0.14, 0.08, 0.06, 0.06, 0.12]]    [[3.0]]      [7.0]
 o5.0_95       {56}    [[0.10, 0.03, 0.07, 0.08, 0.17, 0.08, 0.07, 0.10, 0.14, 0.10]]    [[4.0]]      [5.0]
o2.0_305       {77}    [[0.14, 0.10, 0.12, 0.12, 0.06, 0.14, 0.07, 0.09, 0.02, 0.09]]    [[0.0]]      [2.0]
o5.0_166       {56}    [[0.10, 0.03, 0.07, 0.08, 0.17, 0.08, 0.07, 0.10, 0.14, 0.10]]    [[4.0]]      [5.0]
 o1.0_91       {68}    [[0.10, 0.20, 0.10, 0.19, 0.05, 0.05, 0.07, 0.02, 0.07, 0.10]]    [[1.0]]      [1.0] _/
o2.0_407       {56}    [[0.10, 0.03, 0.07, 0.08, 0.17, 0.08, 0.07, 0.10, 0.14, 0.10]]    [[4.0]]      [2.0]
 o1.0_96       {54}    [[0.14, 0.11, 0.05, 0.16, 0.18, 0.05, 0.11, 0.09, 0.03, 0.03]]    [[4.0]]      [1.0]
o0.0_387       {60}    [[0.16, 0.08, 0.10, 0.18, 0.15, 0.10, 0.03, 0.10, 0.03, 0.05]]    [[3.0]]      [0.0]
 o1.0_98       {54}    [[0.14, 0.11, 0.05, 0.16, 0.18, 0.05, 0.11, 0.09, 0.03, 0.03]]    [[4.0]]      [1.0]
o7.0_426       {66}    [[0.10, 0.09, 0.12, 0.06, 0.16, 0.09, 0.21, 0.12, 0.00, 0.03]]    [[6.0]]      [7.0]
o7.0_427       {66}    [[0.00, 0.01, 0.07, 0.12, 0.04, 0.15, 0.07, 0.24, 0.15, 0.12]]    [[7.0]]      [7.0] _/
 o8.0_61       {66}    [[0.00, 0.01, 0.07, 0.12, 0.04, 0.15, 0.07, 0.24, 0.15, 0.12]]    [[7.0]]      [8.0]
o0.0_140       {66}    [[0.24, 0.01, 0.15, 0.13, 0.04, 0.09, 0.10, 0.01, 0.07, 0.12]]    [[0.0]]      [0.0] _/
o5.0_162       {67}    [[0.07, 0.04, 0.02, 0.16, 0.07, 0.16, 0.02, 0.05, 0.23, 0.11]]    [[8.0]]      [5.0]
o5.0_281       {63}    [[0.14, 0.00, 0.14, 0.03, 0.07, 0.11, 0.09, 0.12, 0.15, 0.11]]    [[8.0]]      [5.0]
o2.0_411       {66}    [[0.04, 0.10, 0.15, 0.16, 0.04, 0.12, 0.12, 0.06, 0.10, 0.07]]    [[3.0]]      [2.0]
o9.0_409       {63}    [[0.14, 0.00, 0.14, 0.03, 0.07, 0.11, 0.09, 0.12, 0.15, 0.11]]    [[8.0]]      [9.0]
o3.0_180       {66}    [[0.04, 0.10, 0.15, 0.16, 0.04, 0.12, 0.12, 0.06, 0.10, 0.07]]    [[3.0]]      [3.0] _/
o5.0_291       {66}    [[0.04, 0.10, 0.15, 0.16, 0.04, 0.12, 0.12, 0.06, 0.10, 0.07]]    [[3.0]]      [5.0]
o0.0_277       {54}    [[0.14, 0.11, 0.05, 0.16, 0.18, 0.05, 0.11, 0.09, 0.03, 0.03]]    [[4.0]]      [0.0]
o0.0_399       {66}    [[0.24, 0.01, 0.15, 0.13, 0.04, 0.09, 0.10, 0.01, 0.07, 0.12]]    [[0.0]]      [0.0] _/
o0.0_271       {54}    [[0.18, 0.00, 0.07, 0.14, 0.05, 0.03, 0.09, 0.22, 0.03, 0.14]]    [[7.0]]      [0.0]
o5.0_173       {62}    [[0.12, 0.08, 0.04, 0.14, 0.11, 0.14, 0.08, 0.06, 0.06, 0.12]]    [[3.0]]      [5.0]
o0.0_393       {54}    [[0.18, 0.00, 0.07, 0.14, 0.05, 0.03, 0.09, 0.22, 0.03, 0.14]]    [[7.0]]      [0.0]
o7.0_419       {56}    [[0.10, 0.03, 0.07, 0.08, 0.17, 0.08, 0.07, 0.10, 0.14, 0.10]]    [[4.0]]      [7.0]
 o5.0_75       {56}    [[0.10, 0.03, 0.07, 0.08, 0.17, 0.08, 0.07, 0.10, 0.14, 0.10]]    [[4.0]]      [5.0]
 o4.0_26       {66}    [[0.04, 0.10, 0.15, 0.16, 0.04, 0.12, 0.12, 0.06, 0.10, 0.07]]    [[3.0]]      [4.0]
o7.0_420       {54}    [[0.14, 0.11, 0.05, 0.16, 0.18, 0.05, 0.11, 0.09, 0.03, 0.03]]    [[4.0]]      [7.0]
o3.0_198       {60}    [[0.16, 0.08, 0.10, 0.18, 0.15, 0.10, 0.03, 0.10, 0.03, 0.05]]    [[3.0]]      [3.0] _/
  o4.0_9       {63}    [[0.14, 0.00, 0.14, 0.03, 0.07, 0.11, 0.09, 0.12, 0.15, 0.11]]    [[8.0]]      [4.0]
 o5.0_79       {66}    [[0.12, 0.00, 0.13, 0.18, 0.12, 0.07, 0.16, 0.12, 0.01, 0.06]]    [[3.0]]      [5.0]
o5.0_465       {67}    [[0.07, 0.04, 0.02, 0.16, 0.07, 0.16, 0.02, 0.05, 0.23, 0.11]]    [[8.0]]      [5.0]
o5.0_466       {54}    [[0.18, 0.00, 0.07, 0.14, 0.05, 0.03, 0.09, 0.22, 0.03, 0.14]]    [[7.0]]      [5.0]
o5.0_347       {66}    [[0.24, 0.01, 0.15, 0.13, 0.04, 0.09, 0.10, 0.01, 0.07, 0.12]]    [[0.0]]      [5.0]
o5.0_104       {66}    [[0.04, 0.10, 0.15, 0.16, 0.04, 0.12, 0.12, 0.06, 0.10, 0.07]]    [[3.0]]      [5.0]
 o9.0_85       {74}    [[0.04, 0.02, 0.02, 0.02, 0.17, 0.18, 0.10, 0.10, 0.18, 0.10]]    [[5.0]]      [9.0]
o7.0_369       {66}    [[0.04, 0.10, 0.15, 0.16, 0.04, 0.12, 0.12, 0.06, 0.10, 0.07]]    [[3.0]]      [7.0]
o0.0_284       {77}    [[0.10, 0.15, 0.07, 0.10, 0.15, 0.07, 0.07, 0.07, 0.10, 0.06]]    [[1.0]]      [0.0]
o7.0_372       {71}    [[0.05, 0.16, 0.08, 0.09, 0.11, 0.02, 0.07, 0.08, 0.12, 0.16]]    [[1.0]]      [7.0]
o7.0_132       {66}    [[0.00, 0.01, 0.07, 0.12, 0.04, 0.15, 0.07, 0.24, 0.15, 0.12]]    [[7.0]]      [7.0] _/
o7.0_495       {68}    [[0.10, 0.20, 0.10, 0.19, 0.05, 0.05, 0.07, 0.02, 0.07, 0.10]]    [[1.0]]      [7.0]
o7.0_496       {66}    [[0.10, 0.09, 0.12, 0.06, 0.16, 0.09, 0.21, 0.12, 0.00, 0.03]]    [[6.0]]      [7.0]
o7.0_497       {72}    [[0.04, 0.02, 0.06, 0.02, 0.15, 0.11, 0.08, 0.13, 0.23, 0.11]]    [[8.0]]      [7.0]
o3.0_168       {71}    [[0.23, 0.08, 0.08, 0.19, 0.02, 0.04, 0.08, 0.15, 0.07, 0.01]]    [[0.0]]      [3.0]
 o4.0_56       {75}    [[0.16, 0.00, 0.09, 0.09, 0.20, 0.09, 0.05, 0.04, 0.18, 0.08]]    [[4.0]]      [4.0] _/
o3.0_288       {57}    [[0.07, 0.05, 0.07, 0.15, 0.15, 0.10, 0.14, 0.03, 0.17, 0.03]]    [[8.0]]      [3.0]
o7.0_499       {66}    [[0.04, 0.10, 0.15, 0.16, 0.04, 0.12, 0.12, 0.06, 0.10, 0.07]]    [[3.0]]      [7.0]
 o9.0_82       {77}    [[0.05, 0.19, 0.00, 0.07, 0.14, 0.03, 0.15, 0.03, 0.06, 0.23]]    [[9.0]]      [9.0] _/
o5.0_217       {57}    [[0.07, 0.05, 0.07, 0.15, 0.15, 0.10, 0.14, 0.03, 0.17, 0.03]]    [[8.0]]      [5.0]
 o4.0_51       {56}    [[0.10, 0.03, 0.07, 0.08, 0.17, 0.08, 0.07, 0.10, 0.14, 0.10]]    [[4.0]]      [4.0] _/
 o9.0_81       {71}    [[0.05, 0.16, 0.08, 0.09, 0.11, 0.02, 0.07, 0.08, 0.12, 0.16]]    [[1.0]]      [9.0]
o3.0_161       {57}    [[0.07, 0.05, 0.07, 0.15, 0.15, 0.10, 0.14, 0.03, 0.17, 0.03]]    [[8.0]]      [3.0]
o5.0_230       {70}    [[0.15, 0.07, 0.08, 0.08, 0.24, 0.10, 0.11, 0.07, 0.01, 0.05]]    [[4.0]]      [5.0]
o5.0_472       {63}    [[0.14, 0.00, 0.14, 0.03, 0.07, 0.11, 0.09, 0.12, 0.15, 0.11]]    [[8.0]]      [5.0]
o7.0_119       {70}    [[0.04, 0.02, 0.14, 0.05, 0.17, 0.15, 0.10, 0.10, 0.11, 0.08]]    [[4.0]]      [7.0]
o0.0_293       {54}    [[0.18, 0.00, 0.07, 0.14, 0.05, 0.03, 0.09, 0.22, 0.03, 0.14]]    [[7.0]]      [0.0]
o0.0_175       {62}    [[0.12, 0.08, 0.04, 0.14, 0.11, 0.14, 0.08, 0.06, 0.06, 0.12]]    [[3.0]]      [0.0]
o7.0_482       {54}    [[0.14, 0.11, 0.05, 0.16, 0.18, 0.05, 0.11, 0.09, 0.03, 0.03]]    [[4.0]]      [7.0]
o7.0_120       {54}    [[0.18, 0.00, 0.07, 0.14, 0.05, 0.03, 0.09, 0.22, 0.03, 0.14]]    [[7.0]]      [7.0] _/
o7.0_242       {80}    [[0.05, 0.12, 0.07, 0.08, 0.18, 0.12, 0.10, 0.08, 0.08, 0.07]]    [[4.0]]      [7.0]
 o4.0_47       {66}    [[0.24, 0.01, 0.15, 0.13, 0.04, 0.09, 0.10, 0.01, 0.07, 0.12]]    [[0.0]]      [4.0]
o7.0_485       {54}    [[0.18, 0.00, 0.07, 0.14, 0.05, 0.03, 0.09, 0.22, 0.03, 0.14]]    [[7.0]]      [7.0] _/
o7.0_486       {56}    [[0.10, 0.03, 0.07, 0.08, 0.17, 0.08, 0.07, 0.10, 0.14, 0.10]]    [[4.0]]      [7.0]
 o4.0_45       {70}    [[0.04, 0.02, 0.14, 0.05, 0.17, 0.15, 0.10, 0.10, 0.11, 0.08]]    [[4.0]]      [4.0] _/
o3.0_297       {63}    [[0.14, 0.00, 0.14, 0.03, 0.07, 0.11, 0.09, 0.12, 0.15, 0.11]]    [[8.0]]      [3.0]
 o4.0_43       {70}    [[0.04, 0.02, 0.14, 0.05, 0.17, 0.15, 0.10, 0.10, 0.11, 0.08]]    [[4.0]]      [4.0] _/
o3.0_294       {72}    [[0.04, 0.02, 0.06, 0.02, 0.15, 0.11, 0.08, 0.13, 0.23, 0.11]]    [[8.0]]      [3.0]
o3.0_290       {57}    [[0.07, 0.05, 0.07, 0.15, 0.15, 0.10, 0.14, 0.03, 0.17, 0.03]]    [[8.0]]      [3.0]
o5.0_366       {80}    [[0.05, 0.12, 0.07, 0.08, 0.18, 0.12, 0.10, 0.08, 0.08, 0.07]]    [[4.0]]      [5.0]
o9.0_210       {54}    [[0.14, 0.11, 0.05, 0.16, 0.18, 0.05, 0.11, 0.09, 0.03, 0.03]]    [[4.0]]      [9.0]
o9.0_331       {56}    [[0.10, 0.03, 0.07, 0.08, 0.17, 0.08, 0.07, 0.10, 0.14, 0.10]]    [[4.0]]      [9.0]
o7.0_227       {62}    [[0.12, 0.08, 0.04, 0.14, 0.11, 0.14, 0.08, 0.06, 0.06, 0.12]]    [[3.0]]      [7.0]
o0.0_184       {74}    [[0.04, 0.02, 0.02, 0.02, 0.17, 0.18, 0.10, 0.10, 0.18, 0.10]]    [[5.0]]      [0.0]
o9.0_326       {66}    [[0.24, 0.01, 0.15, 0.13, 0.04, 0.09, 0.10, 0.01, 0.07, 0.12]]    [[0.0]]      [9.0]
o0.0_181       {54}    [[0.14, 0.11, 0.05, 0.16, 0.18, 0.05, 0.11, 0.09, 0.03, 0.03]]    [[4.0]]      [0.0]
o7.0_231       {80}    [[0.16, 0.01, 0.05, 0.07, 0.02, 0.11, 0.03, 0.25, 0.18, 0.08]]    [[7.0]]      [7.0] _/
o3.0_268       {60}    [[0.16, 0.08, 0.10, 0.18, 0.15, 0.10, 0.03, 0.10, 0.03, 0.05]]    [[3.0]]      [3.0] _/
o9.0_323       {66}    [[0.24, 0.01, 0.15, 0.13, 0.04, 0.09, 0.10, 0.01, 0.07, 0.12]]    [[0.0]]      [9.0]
o3.0_146       {66}    [[0.24, 0.01, 0.15, 0.13, 0.04, 0.09, 0.10, 0.01, 0.07, 0.12]]    [[0.0]]      [3.0]
o7.0_355       {66}    [[0.00, 0.01, 0.07, 0.12, 0.04, 0.15, 0.07, 0.24, 0.15, 0.12]]    [[7.0]]      [7.0] _/
o9.0_446       {54}    [[0.18, 0.00, 0.07, 0.14, 0.05, 0.03, 0.09, 0.22, 0.03, 0.14]]    [[7.0]]      [9.0]
o3.0_265       {66}    [[0.04, 0.10, 0.15, 0.16, 0.04, 0.12, 0.12, 0.06, 0.10, 0.07]]    [[3.0]]      [3.0] _/
o3.0_143       {67}    [[0.07, 0.04, 0.02, 0.16, 0.07, 0.16, 0.02, 0.05, 0.23, 0.11]]    [[8.0]]      [3.0]
  o3.0_0       {54}    [[0.18, 0.00, 0.07, 0.14, 0.05, 0.03, 0.09, 0.22, 0.03, 0.14]]    [[7.0]]      [3.0]
o3.0_141       {78}    [[0.02, 0.07, 0.08, 0.19, 0.11, 0.08, 0.00, 0.07, 0.19, 0.14]]    [[3.0]]      [3.0] _/
o3.0_261       {54}    [[0.14, 0.11, 0.05, 0.16, 0.18, 0.05, 0.11, 0.09, 0.03, 0.03]]    [[4.0]]      [3.0]
 o4.0_71       {63}    [[0.14, 0.00, 0.14, 0.03, 0.07, 0.11, 0.09, 0.12, 0.15, 0.11]]    [[8.0]]      [4.0]
o5.0_133       {70}    [[0.04, 0.02, 0.14, 0.05, 0.17, 0.15, 0.10, 0.10, 0.11, 0.08]]    [[4.0]]      [5.0]
o5.0_136       {60}    [[0.16, 0.08, 0.10, 0.18, 0.15, 0.10, 0.03, 0.10, 0.03, 0.05]]    [[3.0]]      [5.0]
o9.0_318       {66}    [[0.24, 0.01, 0.15, 0.13, 0.04, 0.09, 0.10, 0.01, 0.07, 0.12]]    [[0.0]]      [9.0]
o7.0_345       {54}    [[0.14, 0.11, 0.05, 0.16, 0.18, 0.05, 0.11, 0.09, 0.03, 0.03]]    [[4.0]]      [7.0]
o3.0_275       {66}    [[0.24, 0.01, 0.15, 0.13, 0.04, 0.09, 0.10, 0.01, 0.07, 0.12]]    [[0.0]]      [3.0]
 o5.0_39       {57}    [[0.07, 0.05, 0.07, 0.15, 0.15, 0.10, 0.14, 0.03, 0.17, 0.03]]    [[8.0]]      [5.0]
o5.0_129       {60}    [[0.16, 0.08, 0.10, 0.18, 0.15, 0.10, 0.03, 0.10, 0.03, 0.05]]    [[3.0]]      [5.0]
o3.0_151       {57}    [[0.07, 0.05, 0.07, 0.15, 0.15, 0.10, 0.14, 0.03, 0.17, 0.03]]    [[8.0]]      [3.0]
o9.0_319       {56}    [[0.10, 0.03, 0.07, 0.08, 0.17, 0.08, 0.07, 0.10, 0.14, 0.10]]    [[4.0]]      [9.0]
 o4.0_60       {70}    [[0.04, 0.02, 0.14, 0.05, 0.17, 0.15, 0.10, 0.10, 0.11, 0.08]]    [[4.0]]      [4.0] _/
 o9.0_48       {67}    [[0.07, 0.04, 0.02, 0.16, 0.07, 0.16, 0.02, 0.05, 0.23, 0.11]]    [[8.0]]      [9.0]
o0.0_406       {54}    [[0.14, 0.11, 0.05, 0.16, 0.18, 0.05, 0.11, 0.09, 0.03, 0.03]]    [[4.0]]      [0.0]
  o9.0_4       {63}    [[0.14, 0.00, 0.14, 0.03, 0.07, 0.11, 0.09, 0.12, 0.15, 0.11]]    [[8.0]]      [9.0]
o5.0_303       {67}    [[0.07, 0.04, 0.02, 0.16, 0.07, 0.16, 0.02, 0.05, 0.23, 0.11]]    [[8.0]]      [5.0]
 o0.0_68       {63}    [[0.14, 0.00, 0.14, 0.03, 0.07, 0.11, 0.09, 0.12, 0.15, 0.11]]    [[8.0]]      [0.0]
o0.0_401       {54}    [[0.14, 0.11, 0.05, 0.16, 0.18, 0.05, 0.11, 0.09, 0.03, 0.03]]    [[4.0]]      [0.0]
 o0.0_67       {82}    [[0.09, 0.06, 0.06, 0.06, 0.04, 0.18, 0.20, 0.07, 0.09, 0.10]]    [[6.0]]      [0.0]
o4.0_214       {66}    [[0.10, 0.09, 0.12, 0.06, 0.16, 0.09, 0.21, 0.12, 0.00, 0.03]]    [[6.0]]      [4.0]
o4.0_335       {66}    [[0.10, 0.09, 0.12, 0.06, 0.16, 0.09, 0.21, 0.12, 0.00, 0.03]]    [[6.0]]      [4.0]
o2.0_278       {78}    [[0.02, 0.07, 0.08, 0.19, 0.11, 0.08, 0.00, 0.07, 0.19, 0.14]]    [[3.0]]      [2.0]
o3.0_128       {54}    [[0.14, 0.11, 0.05, 0.16, 0.18, 0.05, 0.11, 0.09, 0.03, 0.03]]    [[4.0]]      [3.0]
o3.0_368       {54}    [[0.14, 0.11, 0.05, 0.16, 0.18, 0.05, 0.11, 0.09, 0.03, 0.03]]    [[4.0]]      [3.0]
o3.0_126       {62}    [[0.12, 0.08, 0.04, 0.14, 0.11, 0.14, 0.08, 0.06, 0.06, 0.12]]    [[3.0]]      [3.0] _/
o4.0_328       {54}    [[0.18, 0.00, 0.07, 0.14, 0.05, 0.03, 0.09, 0.22, 0.03, 0.14]]    [[7.0]]      [4.0]
 o2.0_80       {54}    [[0.14, 0.11, 0.05, 0.16, 0.18, 0.05, 0.11, 0.09, 0.03, 0.03]]    [[4.0]]      [2.0]
o3.0_122       {70}    [[0.14, 0.10, 0.07, 0.18, 0.20, 0.07, 0.00, 0.15, 0.05, 0.01]]    [[4.0]]      [3.0]
 o9.0_40       {56}    [[0.10, 0.03, 0.07, 0.08, 0.17, 0.08, 0.07, 0.10, 0.14, 0.10]]    [[4.0]]      [9.0]
o2.0_391       {68}    [[0.10, 0.20, 0.10, 0.19, 0.05, 0.05, 0.07, 0.02, 0.07, 0.10]]    [[1.0]]      [2.0]
 o7.0_31       {66}    [[0.00, 0.01, 0.07, 0.12, 0.04, 0.15, 0.07, 0.24, 0.15, 0.12]]    [[7.0]]      [7.0] _/
 o2.0_89       {57}    [[0.07, 0.05, 0.07, 0.15, 0.15, 0.10, 0.14, 0.03, 0.17, 0.03]]    [[8.0]]      [2.0]
o5.0_416       {62}    [[0.12, 0.08, 0.04, 0.14, 0.11, 0.14, 0.08, 0.06, 0.06, 0.12]]    [[3.0]]      [5.0]
o6.0_404       {63}    [[0.14, 0.00, 0.14, 0.03, 0.07, 0.11, 0.09, 0.12, 0.15, 0.11]]    [[8.0]]      [6.0]
 o0.0_76       {56}    [[0.10, 0.03, 0.07, 0.08, 0.17, 0.08, 0.07, 0.10, 0.14, 0.10]]    [[4.0]]      [0.0]
o0.0_417       {62}    [[0.12, 0.08, 0.04, 0.14, 0.11, 0.14, 0.08, 0.06, 0.06, 0.12]]    [[3.0]]      [0.0]
o5.0_313       {70}    [[0.04, 0.02, 0.14, 0.05, 0.17, 0.15, 0.10, 0.10, 0.11, 0.08]]    [[4.0]]      [5.0]
o5.0_435       {70}    [[0.04, 0.02, 0.14, 0.05, 0.17, 0.15, 0.10, 0.10, 0.11, 0.08]]    [[4.0]]      [5.0]
 o0.0_73       {56}    [[0.10, 0.03, 0.07, 0.08, 0.17, 0.08, 0.07, 0.10, 0.14, 0.10]]    [[4.0]]      [0.0]
o0.0_414       {70}    [[0.15, 0.07, 0.08, 0.08, 0.24, 0.10, 0.11, 0.07, 0.01, 0.05]]    [[4.0]]      [0.0]
o4.0_444       {56}    [[0.10, 0.03, 0.07, 0.08, 0.17, 0.08, 0.07, 0.10, 0.14, 0.10]]    [[4.0]]      [4.0] _/
o4.0_440       {62}    [[0.12, 0.08, 0.04, 0.14, 0.11, 0.14, 0.08, 0.06, 0.06, 0.12]]    [[3.0]]      [4.0]
o4.0_443       {56}    [[0.10, 0.03, 0.07, 0.08, 0.17, 0.08, 0.07, 0.10, 0.14, 0.10]]    [[4.0]]      [4.0] _/
o4.0_317       {62}    [[0.12, 0.08, 0.04, 0.14, 0.11, 0.14, 0.08, 0.06, 0.06, 0.12]]    [[3.0]]      [4.0]
o3.0_256       {66}    [[0.10, 0.09, 0.12, 0.06, 0.16, 0.09, 0.21, 0.12, 0.00, 0.03]]    [[6.0]]      [3.0]
o3.0_134       {79}    [[0.02, 0.21, 0.15, 0.16, 0.06, 0.03, 0.07, 0.10, 0.06, 0.10]]    [[1.0]]      [3.0]
 o7.0_44       {54}    [[0.18, 0.00, 0.07, 0.14, 0.05, 0.03, 0.09, 0.22, 0.03, 0.14]]    [[7.0]]      [7.0] _/
o3.0_252       {54}    [[0.14, 0.11, 0.05, 0.16, 0.18, 0.05, 0.11, 0.09, 0.03, 0.03]]    [[4.0]]      [3.0]
o3.0_131       {70}    [[0.04, 0.02, 0.14, 0.05, 0.17, 0.15, 0.10, 0.10, 0.11, 0.08]]    [[4.0]]      [3.0]
  o9.0_1       {54}    [[0.18, 0.00, 0.07, 0.14, 0.05, 0.03, 0.09, 0.22, 0.03, 0.14]]    [[7.0]]      [9.0]
o2.0_263       {77}    [[0.14, 0.10, 0.12, 0.12, 0.06, 0.14, 0.07, 0.09, 0.02, 0.09]]    [[0.0]]      [2.0]
o2.0_144       {66}    [[0.12, 0.00, 0.13, 0.18, 0.12, 0.07, 0.16, 0.12, 0.01, 0.06]]    [[3.0]]      [2.0]
 o0.0_42       {63}    [[0.14, 0.00, 0.14, 0.03, 0.07, 0.11, 0.09, 0.12, 0.15, 0.11]]    [[8.0]]      [0.0]
o4.0_351       {60}    [[0.16, 0.08, 0.10, 0.18, 0.15, 0.10, 0.03, 0.10, 0.03, 0.05]]    [[3.0]]      [4.0]
o0.0_429       {66}    [[0.24, 0.01, 0.15, 0.13, 0.04, 0.09, 0.10, 0.01, 0.07, 0.12]]    [[0.0]]      [0.0] _/
o0.0_308       {75}    [[0.18, 0.17, 0.04, 0.14, 0.04, 0.06, 0.02, 0.17, 0.08, 0.06]]    [[0.0]]      [0.0] _/
o5.0_325       {66}    [[0.24, 0.01, 0.15, 0.13, 0.04, 0.09, 0.10, 0.01, 0.07, 0.12]]    [[0.0]]      [5.0]
o5.0_320       {73}    [[0.05, 0.35, 0.04, 0.16, 0.08, 0.06, 0.09, 0.02, 0.05, 0.05]]    [[1.0]]      [5.0]
o0.0_304       {54}    [[0.18, 0.00, 0.07, 0.14, 0.05, 0.03, 0.09, 0.22, 0.03, 0.14]]    [[7.0]]      [0.0]
o4.0_478       {54}    [[0.14, 0.11, 0.05, 0.16, 0.18, 0.05, 0.11, 0.09, 0.03, 0.03]]    [[4.0]]      [4.0] _/
o4.0_353       {72}    [[0.04, 0.02, 0.06, 0.02, 0.15, 0.11, 0.08, 0.13, 0.23, 0.11]]    [[8.0]]      [4.0]
o4.0_232       {73}    [[0.08, 0.05, 0.02, 0.05, 0.17, 0.05, 0.12, 0.05, 0.23, 0.13]]    [[8.0]]      [4.0]
o4.0_475       {66}    [[0.12, 0.00, 0.13, 0.18, 0.12, 0.07, 0.16, 0.12, 0.01, 0.06]]    [[3.0]]      [4.0]
o2.0_135       {54}    [[0.18, 0.00, 0.07, 0.14, 0.05, 0.03, 0.09, 0.22, 0.03, 0.14]]    [[7.0]]      [2.0]
o3.0_106       {81}    [[0.03, 0.07, 0.04, 0.14, 0.19, 0.07, 0.01, 0.12, 0.17, 0.11]]    [[4.0]]      [3.0]
o2.0_258       {57}    [[0.07, 0.05, 0.07, 0.15, 0.15, 0.10, 0.14, 0.03, 0.17, 0.03]]    [[8.0]]      [2.0]
o3.0_468       {54}    [[0.18, 0.00, 0.07, 0.14, 0.05, 0.03, 0.09, 0.22, 0.03, 0.14]]    [[7.0]]      [3.0]
o2.0_379       {66}    [[0.04, 0.10, 0.15, 0.16, 0.04, 0.12, 0.12, 0.06, 0.10, 0.07]]    [[3.0]]      [2.0]
o4.0_108       {77}    [[0.10, 0.15, 0.07, 0.10, 0.15, 0.07, 0.07, 0.07, 0.10, 0.06]]    [[1.0]]      [4.0]
 o7.0_14       {54}    [[0.14, 0.11, 0.05, 0.16, 0.18, 0.05, 0.11, 0.09, 0.03, 0.03]]    [[4.0]]      [7.0]
o3.0_223       {73}    [[0.08, 0.05, 0.02, 0.05, 0.17, 0.05, 0.12, 0.05, 0.23, 0.13]]    [[8.0]]      [3.0]
o4.0_109       {54}    [[0.14, 0.11, 0.05, 0.16, 0.18, 0.05, 0.11, 0.09, 0.03, 0.03]]    [[4.0]]      [4.0] _/
 o7.0_11       {54}    [[0.18, 0.00, 0.07, 0.14, 0.05, 0.03, 0.09, 0.22, 0.03, 0.14]]    [[7.0]]      [7.0] _/
o6.0_301       {66}    [[0.10, 0.09, 0.12, 0.06, 0.16, 0.09, 0.21, 0.12, 0.00, 0.03]]    [[6.0]]      [6.0] _/
o5.0_436       {74}    [[0.04, 0.02, 0.02, 0.02, 0.17, 0.18, 0.10, 0.10, 0.18, 0.10]]    [[5.0]]      [5.0] _/
o5.0_315       {70}    [[0.04, 0.02, 0.14, 0.05, 0.17, 0.15, 0.10, 0.10, 0.11, 0.08]]    [[4.0]]      [5.0]
o6.0_423       {67}    [[0.07, 0.04, 0.02, 0.16, 0.07, 0.16, 0.02, 0.05, 0.23, 0.11]]    [[8.0]]      [6.0]
o5.0_316       {75}    [[0.16, 0.00, 0.09, 0.09, 0.20, 0.09, 0.05, 0.04, 0.18, 0.08]]    [[4.0]]      [5.0]
o2.0_253       {80}    [[0.06, 0.11, 0.07, 0.06, 0.23, 0.08, 0.06, 0.01, 0.13, 0.15]]    [[4.0]]      [2.0]
o1.0_403       {71}    [[0.14, 0.12, 0.04, 0.16, 0.15, 0.07, 0.04, 0.12, 0.04, 0.08]]    [[3.0]]      [1.0]
o5.0_336       {54}    [[0.14, 0.11, 0.05, 0.16, 0.18, 0.05, 0.11, 0.09, 0.03, 0.03]]    [[4.0]]      [5.0]
o6.0_309       {80}    [[0.05, 0.12, 0.07, 0.08, 0.18, 0.12, 0.10, 0.08, 0.08, 0.07]]    [[4.0]]      [6.0]
 o0.0_57       {71}    [[0.23, 0.08, 0.08, 0.19, 0.02, 0.04, 0.08, 0.15, 0.07, 0.01]]    [[0.0]]      [0.0] _/
o5.0_452       {66}    [[0.00, 0.01, 0.07, 0.12, 0.04, 0.15, 0.07, 0.24, 0.15, 0.12]]    [[7.0]]      [5.0]
o4.0_224       {57}    [[0.07, 0.05, 0.07, 0.15, 0.15, 0.10, 0.14, 0.03, 0.17, 0.03]]    [[8.0]]      [4.0]
o0.0_310       {77}    [[0.10, 0.15, 0.07, 0.10, 0.15, 0.07, 0.07, 0.07, 0.10, 0.06]]    [[1.0]]      [0.0]
o0.0_431       {67}    [[0.07, 0.04, 0.02, 0.16, 0.07, 0.16, 0.02, 0.05, 0.23, 0.11]]    [[8.0]]      [0.0]
o4.0_221       {67}    [[0.05, 0.05, 0.13, 0.11, 0.22, 0.02, 0.05, 0.19, 0.07, 0.04]]    [[4.0]]      [4.0] _/
o4.0_100       {73}    [[0.08, 0.05, 0.02, 0.05, 0.17, 0.05, 0.12, 0.05, 0.23, 0.13]]    [[8.0]]      [4.0]
o4.0_220       {66}    [[0.04, 0.10, 0.15, 0.16, 0.04, 0.12, 0.12, 0.06, 0.10, 0.07]]    [[3.0]]      [4.0]
 o2.0_72       {60}    [[0.16, 0.08, 0.10, 0.18, 0.15, 0.10, 0.03, 0.10, 0.03, 0.05]]    [[3.0]]      [2.0]
 o2.0_74       {54}    [[0.14, 0.11, 0.05, 0.16, 0.18, 0.05, 0.11, 0.09, 0.03, 0.03]]    [[4.0]]      [2.0]
o3.0_479       {62}    [[0.12, 0.08, 0.04, 0.14, 0.11, 0.14, 0.08, 0.06, 0.06, 0.12]]    [[3.0]]      [3.0] _/
o2.0_247       {62}    [[0.12, 0.08, 0.04, 0.14, 0.11, 0.14, 0.08, 0.06, 0.06, 0.12]]    [[3.0]]      [2.0]
o3.0_358       {56}    [[0.10, 0.03, 0.07, 0.08, 0.17, 0.08, 0.07, 0.10, 0.14, 0.10]]    [[4.0]]      [3.0]
o3.0_236       {60}    [[0.16, 0.08, 0.10, 0.18, 0.15, 0.10, 0.03, 0.10, 0.03, 0.05]]    [[3.0]]      [3.0] _/
o3.0_234       {66}    [[0.04, 0.10, 0.15, 0.16, 0.04, 0.12, 0.12, 0.06, 0.10, 0.07]]    [[3.0]]      [3.0] _/
o2.0_127       {56}    [[0.10, 0.03, 0.07, 0.08, 0.17, 0.08, 0.07, 0.10, 0.14, 0.10]]    [[4.0]]      [2.0]
o3.0_110       {54}    [[0.18, 0.00, 0.07, 0.14, 0.05, 0.03, 0.09, 0.22, 0.03, 0.14]]    [[7.0]]      [3.0]
o3.0_473       {54}    [[0.18, 0.00, 0.07, 0.14, 0.05, 0.03, 0.09, 0.22, 0.03, 0.14]]    [[7.0]]      [3.0]
o5.0_207       {67}    [[0.07, 0.04, 0.02, 0.16, 0.07, 0.16, 0.02, 0.05, 0.23, 0.11]]    [[8.0]]      [5.0]
o5.0_447       {60}    [[0.16, 0.08, 0.10, 0.18, 0.15, 0.10, 0.03, 0.10, 0.03, 0.05]]    [[3.0]]      [5.0]
o2.0_483       {54}    [[0.18, 0.00, 0.07, 0.14, 0.05, 0.03, 0.09, 0.22, 0.03, 0.14]]    [[7.0]]      [2.0]
o6.0_434       {57}    [[0.07, 0.05, 0.07, 0.15, 0.15, 0.10, 0.14, 0.03, 0.17, 0.03]]    [[8.0]]      [6.0]
o2.0_361       {66}    [[0.04, 0.10, 0.15, 0.16, 0.04, 0.12, 0.12, 0.06, 0.10, 0.07]]    [[3.0]]      [2.0]
o2.0_243       {68}    [[0.10, 0.20, 0.10, 0.19, 0.05, 0.05, 0.07, 0.02, 0.07, 0.10]]    [[1.0]]      [2.0]
o2.0_364       {66}    [[0.04, 0.10, 0.15, 0.16, 0.04, 0.12, 0.12, 0.06, 0.10, 0.07]]    [[3.0]]      [2.0]
o6.0_432       {70}    [[0.04, 0.02, 0.14, 0.05, 0.17, 0.15, 0.10, 0.10, 0.11, 0.08]]    [[4.0]]      [6.0]
o2.0_484       {77}    [[0.06, 0.03, 0.10, 0.12, 0.10, 0.09, 0.07, 0.14, 0.12, 0.11]]    [[7.0]]      [2.0]
o6.0_311       {54}    [[0.18, 0.00, 0.07, 0.14, 0.05, 0.03, 0.09, 0.22, 0.03, 0.14]]    [[7.0]]      [6.0]
o0.0_448       {56}    [[0.10, 0.03, 0.07, 0.08, 0.17, 0.08, 0.07, 0.10, 0.14, 0.10]]    [[4.0]]      [0.0]
o1.0_418       {66}    [[0.04, 0.10, 0.15, 0.16, 0.04, 0.12, 0.12, 0.06, 0.10, 0.07]]    [[3.0]]      [1.0]
o4.0_412       {57}    [[0.07, 0.05, 0.07, 0.15, 0.15, 0.10, 0.14, 0.03, 0.17, 0.03]]    [[8.0]]      [4.0]
o0.0_442       {62}    [[0.12, 0.08, 0.04, 0.14, 0.11, 0.14, 0.08, 0.06, 0.06, 0.12]]    [[3.0]]      [0.0]
o0.0_321       {63}    [[0.14, 0.00, 0.14, 0.03, 0.07, 0.11, 0.09, 0.12, 0.15, 0.11]]    [[8.0]]      [0.0]
o3.0_438       {71}    [[0.05, 0.16, 0.08, 0.09, 0.11, 0.02, 0.07, 0.08, 0.12, 0.16]]    [[1.0]]      [3.0]
o3.0_206       {56}    [[0.10, 0.03, 0.07, 0.08, 0.17, 0.08, 0.07, 0.10, 0.14, 0.10]]    [[4.0]]      [3.0]
o2.0_356       {66}    [[0.12, 0.00, 0.13, 0.18, 0.12, 0.07, 0.16, 0.12, 0.01, 0.06]]    [[3.0]]      [2.0]
o3.0_202       {54}    [[0.14, 0.11, 0.05, 0.16, 0.18, 0.05, 0.11, 0.09, 0.03, 0.03]]    [[4.0]]      [3.0]
o2.0_239       {66}    [[0.24, 0.01, 0.15, 0.13, 0.04, 0.09, 0.10, 0.01, 0.07, 0.12]]    [[0.0]]      [2.0]
o3.0_441       {60}    [[0.16, 0.08, 0.10, 0.18, 0.15, 0.10, 0.03, 0.10, 0.03, 0.05]]    [[3.0]]      [3.0] _/
 o7.0_77       {54}    [[0.18, 0.00, 0.07, 0.14, 0.05, 0.03, 0.09, 0.22, 0.03, 0.14]]    [[7.0]]      [7.0] _/
o2.0_470       {74}    [[0.04, 0.02, 0.02, 0.02, 0.17, 0.18, 0.10, 0.10, 0.18, 0.10]]    [[5.0]]      [2.0]
o1.0_425       {54}    [[0.14, 0.11, 0.05, 0.16, 0.18, 0.05, 0.11, 0.09, 0.03, 0.03]]    [[4.0]]      [1.0]
o0.0_338       {54}    [[0.14, 0.11, 0.05, 0.16, 0.18, 0.05, 0.11, 0.09, 0.03, 0.03]]    [[4.0]]      [0.0]
o0.0_219       {54}    [[0.14, 0.11, 0.05, 0.16, 0.18, 0.05, 0.11, 0.09, 0.03, 0.03]]    [[4.0]]      [0.0]
o0.0_215       {56}    [[0.10, 0.03, 0.07, 0.08, 0.17, 0.08, 0.07, 0.10, 0.14, 0.10]]    [[4.0]]      [0.0]
o0.0_337       {62}    [[0.12, 0.08, 0.04, 0.14, 0.11, 0.14, 0.08, 0.06, 0.06, 0.12]]    [[3.0]]      [0.0]
o0.0_453       {68}    [[0.10, 0.20, 0.10, 0.19, 0.05, 0.05, 0.07, 0.02, 0.07, 0.10]]    [[1.0]]      [0.0]
o3.0_449       {76}    [[0.03, 0.21, 0.05, 0.18, 0.19, 0.09, 0.00, 0.03, 0.11, 0.06]]    [[1.0]]      [3.0]
o2.0_344       {63}    [[0.14, 0.00, 0.14, 0.03, 0.07, 0.11, 0.09, 0.12, 0.15, 0.11]]    [[8.0]]      [2.0]
o2.0_222       {54}    [[0.18, 0.00, 0.07, 0.14, 0.05, 0.03, 0.09, 0.22, 0.03, 0.14]]    [[7.0]]      [2.0]
o3.0_216       {70}    [[0.14, 0.10, 0.07, 0.18, 0.20, 0.07, 0.00, 0.15, 0.05, 0.01]]    [[4.0]]      [3.0]
o2.0_101       {63}    [[0.14, 0.00, 0.14, 0.03, 0.07, 0.11, 0.09, 0.12, 0.15, 0.11]]    [[8.0]]      [2.0]
o2.0_346       {63}    [[0.14, 0.00, 0.14, 0.03, 0.07, 0.11, 0.09, 0.12, 0.15, 0.11]]    [[8.0]]      [2.0]
o2.0_469       {66}    [[0.24, 0.01, 0.15, 0.13, 0.04, 0.09, 0.10, 0.01, 0.07, 0.12]]    [[0.0]]      [2.0]
o3.0_333       {63}    [[0.14, 0.00, 0.14, 0.03, 0.07, 0.11, 0.09, 0.12, 0.15, 0.11]]    [[8.0]]      [3.0]
o7.0_400       {54}    [[0.18, 0.00, 0.07, 0.14, 0.05, 0.03, 0.09, 0.22, 0.03, 0.14]]    [[7.0]]      [7.0] _/
o3.0_451       {54}    [[0.14, 0.11, 0.05, 0.16, 0.18, 0.05, 0.11, 0.09, 0.03, 0.03]]    [[4.0]]      [3.0]
 o7.0_87       {56}    [[0.10, 0.03, 0.07, 0.08, 0.17, 0.08, 0.07, 0.10, 0.14, 0.10]]    [[4.0]]      [7.0]
o1.0_312       {76}    [[0.03, 0.21, 0.05, 0.18, 0.19, 0.09, 0.00, 0.03, 0.11, 0.06]]    [[1.0]]      [1.0] _/
 o2.0_59       {56}    [[0.10, 0.03, 0.07, 0.08, 0.17, 0.08, 0.07, 0.10, 0.14, 0.10]]    [[4.0]]      [2.0]
 o7.0_86       {54}    [[0.18, 0.00, 0.07, 0.14, 0.05, 0.03, 0.09, 0.22, 0.03, 0.14]]    [[7.0]]      [7.0] _/
o0.0_228       {60}    [[0.16, 0.08, 0.10, 0.18, 0.15, 0.10, 0.03, 0.10, 0.03, 0.05]]    [[3.0]]      [0.0]
 o9.0_23       {66}    [[0.24, 0.01, 0.15, 0.13, 0.04, 0.09, 0.10, 0.01, 0.07, 0.12]]    [[0.0]]      [9.0]
 o2.0_18       {86}    [[0.09, 0.01, 0.06, 0.16, 0.11, 0.03, 0.13, 0.09, 0.15, 0.12]]    [[3.0]]      [2.0]
o0.0_103       {75}    [[0.16, 0.00, 0.09, 0.09, 0.20, 0.09, 0.05, 0.04, 0.18, 0.08]]    [[4.0]]      [0.0]
o0.0_464       {66}    [[0.24, 0.01, 0.15, 0.13, 0.04, 0.09, 0.10, 0.01, 0.07, 0.12]]    [[0.0]]      [0.0] _/
 o9.0_28       {66}    [[0.04, 0.10, 0.15, 0.16, 0.04, 0.12, 0.12, 0.06, 0.10, 0.07]]    [[3.0]]      [9.0]
o2.0_458       {54}    [[0.18, 0.00, 0.07, 0.14, 0.05, 0.03, 0.09, 0.22, 0.03, 0.14]]    [[7.0]]      [2.0]
o4.0_306       {54}    [[0.14, 0.11, 0.05, 0.16, 0.18, 0.05, 0.11, 0.09, 0.03, 0.03]]    [[4.0]]      [4.0] _/
o4.0_307       {56}    [[0.10, 0.03, 0.07, 0.08, 0.17, 0.08, 0.07, 0.10, 0.14, 0.10]]    [[4.0]]      [4.0] _/
o1.0_204       {66}    [[0.04, 0.10, 0.15, 0.16, 0.04, 0.12, 0.12, 0.06, 0.10, 0.07]]    [[3.0]]      [1.0]
 o7.0_54       {54}    [[0.18, 0.00, 0.07, 0.14, 0.05, 0.03, 0.09, 0.22, 0.03, 0.14]]    [[7.0]]      [7.0] _/
o1.0_324       {56}    [[0.10, 0.03, 0.07, 0.08, 0.17, 0.08, 0.07, 0.10, 0.14, 0.10]]    [[4.0]]      [1.0]
o1.0_208       {66}    [[0.10, 0.09, 0.12, 0.06, 0.16, 0.09, 0.21, 0.12, 0.00, 0.03]]    [[6.0]]      [1.0]
o0.0_118       {72}    [[0.04, 0.02, 0.06, 0.02, 0.15, 0.11, 0.08, 0.13, 0.23, 0.11]]    [[8.0]]      [0.0]
o5.0_410       {66}    [[0.24, 0.01, 0.15, 0.13, 0.04, 0.09, 0.10, 0.01, 0.07, 0.12]]    [[0.0]]      [5.0]
 o2.0_29       {54}    [[0.14, 0.11, 0.05, 0.16, 0.18, 0.05, 0.11, 0.09, 0.03, 0.03]]    [[4.0]]      [2.0]
o0.0_237       {67}    [[0.07, 0.04, 0.02, 0.16, 0.07, 0.16, 0.02, 0.05, 0.23, 0.11]]    [[8.0]]      [0.0]
o0.0_238       {56}    [[0.10, 0.03, 0.07, 0.08, 0.17, 0.08, 0.07, 0.10, 0.14, 0.10]]    [[4.0]]      [0.0]
o0.0_117       {77}    [[0.23, 0.09, 0.12, 0.10, 0.01, 0.10, 0.09, 0.11, 0.10, 0.01]]    [[0.0]]      [0.0] _/
o4.0_302       {80}    [[0.05, 0.12, 0.07, 0.08, 0.18, 0.12, 0.10, 0.08, 0.08, 0.07]]    [[4.0]]      [4.0] _/
o0.0_111       {66}    [[0.24, 0.01, 0.15, 0.13, 0.04, 0.09, 0.10, 0.01, 0.07, 0.12]]    [[0.0]]      [0.0] _/
o0.0_471       {54}    [[0.14, 0.11, 0.05, 0.16, 0.18, 0.05, 0.11, 0.09, 0.03, 0.03]]    [[4.0]]      [0.0]
 o9.0_16       {54}    [[0.18, 0.00, 0.07, 0.14, 0.05, 0.03, 0.09, 0.22, 0.03, 0.14]]    [[7.0]]      [9.0]
o3.0_437       {54}    [[0.18, 0.00, 0.07, 0.14, 0.05, 0.03, 0.09, 0.22, 0.03, 0.14]]    [[7.0]]      [3.0]
o1.0_332       {66}    [[0.04, 0.10, 0.15, 0.16, 0.04, 0.12, 0.12, 0.06, 0.10, 0.07]]    [[3.0]]      [1.0]
o3.0_433       {60}    [[0.16, 0.08, 0.10, 0.18, 0.15, 0.10, 0.03, 0.10, 0.03, 0.05]]    [[3.0]]      [3.0] _/
 o7.0_69       {66}    [[0.00, 0.01, 0.07, 0.12, 0.04, 0.15, 0.07, 0.24, 0.15, 0.12]]    [[7.0]]      [7.0] _/
 o2.0_36       {71}    [[0.05, 0.16, 0.08, 0.09, 0.11, 0.02, 0.07, 0.08, 0.12, 0.16]]    [[1.0]]      [2.0]
 o2.0_35       {66}    [[0.04, 0.10, 0.15, 0.16, 0.04, 0.12, 0.12, 0.06, 0.10, 0.07]]    [[3.0]]      [2.0]
o1.0_455       {75}    [[0.18, 0.17, 0.04, 0.14, 0.04, 0.06, 0.02, 0.17, 0.08, 0.06]]    [[0.0]]      [1.0]
 o7.0_62       {57}    [[0.07, 0.05, 0.07, 0.15, 0.15, 0.10, 0.14, 0.03, 0.17, 0.03]]    [[8.0]]      [7.0]
o1.0_339       {77}    [[0.10, 0.15, 0.07, 0.10, 0.15, 0.07, 0.07, 0.07, 0.10, 0.06]]    [[1.0]]      [1.0] _/
 o6.0_24       {66}    [[0.24, 0.01, 0.15, 0.13, 0.04, 0.09, 0.10, 0.01, 0.07, 0.12]]    [[0.0]]      [6.0]
o6.0_359       {74}    [[0.18, 0.01, 0.10, 0.14, 0.01, 0.12, 0.06, 0.09, 0.12, 0.12]]    [[0.0]]      [6.0]
o8.0_413       {72}    [[0.04, 0.02, 0.06, 0.02, 0.15, 0.11, 0.08, 0.13, 0.23, 0.11]]    [[8.0]]      [8.0] _/
 o3.0_83       {60}    [[0.16, 0.08, 0.10, 0.18, 0.15, 0.10, 0.03, 0.10, 0.03, 0.05]]    [[3.0]]      [3.0] _/
o9.0_196       {54}    [[0.18, 0.00, 0.07, 0.14, 0.05, 0.03, 0.09, 0.22, 0.03, 0.14]]    [[7.0]]      [9.0]
o8.0_300       {66}    [[0.00, 0.01, 0.07, 0.12, 0.04, 0.15, 0.07, 0.24, 0.15, 0.12]]    [[7.0]]      [8.0]
o8.0_421       {80}    [[0.16, 0.01, 0.05, 0.07, 0.02, 0.11, 0.03, 0.25, 0.18, 0.08]]    [[7.0]]      [8.0]
o3.0_402       {54}    [[0.14, 0.11, 0.05, 0.16, 0.18, 0.05, 0.11, 0.09, 0.03, 0.03]]    [[4.0]]      [3.0]
o1.0_343       {73}    [[0.05, 0.35, 0.04, 0.16, 0.08, 0.06, 0.09, 0.02, 0.05, 0.05]]    [[1.0]]      [1.0] _/
o1.0_340       {71}    [[0.05, 0.16, 0.08, 0.09, 0.11, 0.02, 0.07, 0.08, 0.12, 0.16]]    [[1.0]]      [1.0] _/
o6.0_121       {73}    [[0.08, 0.05, 0.02, 0.05, 0.17, 0.05, 0.12, 0.05, 0.23, 0.13]]    [[8.0]]      [6.0]
o1.0_225       {70}    [[0.15, 0.07, 0.08, 0.08, 0.24, 0.10, 0.11, 0.07, 0.01, 0.05]]    [[4.0]]      [1.0]
o6.0_240       {54}    [[0.18, 0.00, 0.07, 0.14, 0.05, 0.03, 0.09, 0.22, 0.03, 0.14]]    [[7.0]]      [6.0]
o6.0_246       {56}    [[0.10, 0.03, 0.07, 0.08, 0.17, 0.08, 0.07, 0.10, 0.14, 0.10]]    [[4.0]]      [6.0]
o6.0_244       {72}    [[0.04, 0.02, 0.06, 0.02, 0.15, 0.11, 0.08, 0.13, 0.23, 0.11]]    [[8.0]]      [6.0]
o1.0_348       {66}    [[0.24, 0.01, 0.15, 0.13, 0.04, 0.09, 0.10, 0.01, 0.07, 0.12]]    [[0.0]]      [1.0]
 o6.0_37       {81}    [[0.17, 0.08, 0.01, 0.07, 0.02, 0.04, 0.17, 0.17, 0.12, 0.11]]    [[0.0]]      [6.0]
  o7.0_6       {66}    [[0.00, 0.01, 0.07, 0.12, 0.04, 0.15, 0.07, 0.24, 0.15, 0.12]]    [[7.0]]      [7.0] _/
o8.0_428       {63}    [[0.14, 0.00, 0.14, 0.03, 0.07, 0.11, 0.09, 0.12, 0.15, 0.11]]    [[8.0]]      [8.0] _/
 o3.0_70       {54}    [[0.14, 0.11, 0.05, 0.16, 0.18, 0.05, 0.11, 0.09, 0.03, 0.03]]    [[4.0]]      [3.0]
o3.0_408       {54}    [[0.14, 0.11, 0.05, 0.16, 0.18, 0.05, 0.11, 0.09, 0.03, 0.03]]    [[4.0]]      [3.0]
o8.0_424       {66}    [[0.04, 0.10, 0.15, 0.16, 0.04, 0.12, 0.12, 0.06, 0.10, 0.07]]    [[3.0]]      [8.0]
o8.0_422       {66}    [[0.04, 0.10, 0.15, 0.16, 0.04, 0.12, 0.12, 0.06, 0.10, 0.07]]    [[3.0]]      [8.0]
o4.0_167       {54}    [[0.14, 0.11, 0.05, 0.16, 0.18, 0.05, 0.11, 0.09, 0.03, 0.03]]    [[4.0]]      [4.0] _/
o3.0_415       {60}    [[0.16, 0.08, 0.10, 0.18, 0.15, 0.10, 0.03, 0.10, 0.03, 0.05]]    [[3.0]]      [3.0] _/
o8.0_430       {67}    [[0.07, 0.04, 0.02, 0.16, 0.07, 0.16, 0.02, 0.05, 0.23, 0.11]]    [[8.0]]      [8.0] _/
o1.0_112       {77}    [[0.16, 0.02, 0.03, 0.12, 0.05, 0.06, 0.06, 0.10, 0.18, 0.16]]    [[8.0]]      [1.0]
o1.0_233       {66}    [[0.04, 0.10, 0.15, 0.16, 0.04, 0.12, 0.12, 0.06, 0.10, 0.07]]    [[3.0]]      [1.0]
o6.0_491       {54}    [[0.18, 0.00, 0.07, 0.14, 0.05, 0.03, 0.09, 0.22, 0.03, 0.14]]    [[7.0]]      [6.0]
o1.0_354       {73}    [[0.05, 0.35, 0.04, 0.16, 0.08, 0.06, 0.09, 0.02, 0.05, 0.05]]    [[1.0]]      [1.0] _/
  o0.0_2       {62}    [[0.12, 0.08, 0.04, 0.14, 0.11, 0.14, 0.08, 0.06, 0.06, 0.12]]    [[3.0]]      [0.0]
o1.0_474       {60}    [[0.16, 0.08, 0.10, 0.18, 0.15, 0.10, 0.03, 0.10, 0.03, 0.05]]    [[3.0]]      [1.0]
  o0.0_7       {66}    [[0.24, 0.01, 0.15, 0.13, 0.04, 0.09, 0.10, 0.01, 0.07, 0.12]]    [[0.0]]      [0.0] _/
o1.0_116       {73}    [[0.05, 0.35, 0.04, 0.16, 0.08, 0.06, 0.09, 0.02, 0.05, 0.05]]    [[1.0]]      [1.0] _/
o1.0_115       {60}    [[0.16, 0.08, 0.10, 0.18, 0.15, 0.10, 0.03, 0.10, 0.03, 0.05]]    [[3.0]]      [1.0]
o6.0_493       {54}    [[0.14, 0.11, 0.05, 0.16, 0.18, 0.05, 0.11, 0.09, 0.03, 0.03]]    [[4.0]]      [6.0]
o1.0_477       {71}    [[0.05, 0.16, 0.08, 0.09, 0.11, 0.02, 0.07, 0.08, 0.12, 0.16]]    [[1.0]]      [1.0] _/
o1.0_113       {68}    [[0.10, 0.20, 0.10, 0.19, 0.05, 0.05, 0.07, 0.02, 0.07, 0.10]]    [[1.0]]      [1.0] _/
o6.0_137       {81}    [[0.17, 0.08, 0.01, 0.07, 0.02, 0.04, 0.17, 0.17, 0.12, 0.11]]    [[0.0]]      [6.0]
o6.0_498       {66}    [[0.10, 0.09, 0.12, 0.06, 0.16, 0.09, 0.21, 0.12, 0.00, 0.03]]    [[6.0]]      [6.0] _/
 o7.0_90       {63}    [[0.14, 0.00, 0.14, 0.03, 0.07, 0.11, 0.09, 0.12, 0.15, 0.11]]    [[8.0]]      [7.0]
o4.0_197       {54}    [[0.14, 0.11, 0.05, 0.16, 0.18, 0.05, 0.11, 0.09, 0.03, 0.03]]    [[4.0]]      [4.0] _/
 o3.0_66       {66}    [[0.00, 0.01, 0.07, 0.12, 0.04, 0.15, 0.07, 0.24, 0.15, 0.12]]    [[7.0]]      [3.0]
o4.0_190       {56}    [[0.10, 0.03, 0.07, 0.08, 0.17, 0.08, 0.07, 0.10, 0.14, 0.10]]    [[4.0]]      [4.0] _/
o1.0_360       {54}    [[0.14, 0.11, 0.05, 0.16, 0.18, 0.05, 0.11, 0.09, 0.03, 0.03]]    [[4.0]]      [1.0]
o6.0_260       {56}    [[0.10, 0.03, 0.07, 0.08, 0.17, 0.08, 0.07, 0.10, 0.14, 0.10]]    [[4.0]]      [6.0]
o1.0_365       {62}    [[0.12, 0.08, 0.04, 0.14, 0.11, 0.14, 0.08, 0.06, 0.06, 0.12]]    [[3.0]]      [1.0]
o1.0_241       {68}    [[0.10, 0.20, 0.10, 0.19, 0.05, 0.05, 0.07, 0.02, 0.07, 0.10]]    [[1.0]]      [1.0] _/
o1.0_362       {85}    [[0.03, 0.18, 0.07, 0.03, 0.03, 0.20, 0.14, 0.10, 0.05, 0.12]]    [[5.0]]      [1.0]
o1.0_248       {71}    [[0.05, 0.16, 0.08, 0.09, 0.11, 0.02, 0.07, 0.08, 0.12, 0.16]]    [[1.0]]      [1.0] _/
o1.0_489       {54}    [[0.14, 0.11, 0.05, 0.16, 0.18, 0.05, 0.11, 0.09, 0.03, 0.03]]    [[4.0]]      [1.0]
o6.0_262       {72}    [[0.04, 0.02, 0.06, 0.02, 0.15, 0.11, 0.08, 0.13, 0.23, 0.11]]    [[8.0]]      [6.0]
o6.0_389       {77}    [[0.05, 0.19, 0.00, 0.07, 0.14, 0.03, 0.15, 0.03, 0.06, 0.23]]    [[9.0]]      [6.0]
o6.0_145       {62}    [[0.12, 0.08, 0.04, 0.14, 0.11, 0.14, 0.08, 0.06, 0.06, 0.12]]    [[3.0]]      [6.0]
o6.0_388       {66}    [[0.00, 0.01, 0.07, 0.12, 0.04, 0.15, 0.07, 0.24, 0.15, 0.12]]    [[7.0]]      [6.0]
o4.0_183       {57}    [[0.07, 0.05, 0.07, 0.15, 0.15, 0.10, 0.14, 0.03, 0.17, 0.03]]    [[8.0]]      [4.0]
o4.0_185       {56}    [[0.10, 0.03, 0.07, 0.08, 0.17, 0.08, 0.07, 0.10, 0.14, 0.10]]    [[4.0]]      [4.0] _/
o8.0_405       {72}    [[0.04, 0.02, 0.06, 0.02, 0.15, 0.11, 0.08, 0.13, 0.23, 0.11]]    [[8.0]]      [8.0] _/
 o3.0_52       {54}    [[0.18, 0.00, 0.07, 0.14, 0.05, 0.03, 0.09, 0.22, 0.03, 0.14]]    [[7.0]]      [3.0]
 o6.0_53       {54}    [[0.14, 0.11, 0.05, 0.16, 0.18, 0.05, 0.11, 0.09, 0.03, 0.03]]    [[4.0]]      [6.0]
o6.0_150       {54}    [[0.14, 0.11, 0.05, 0.16, 0.18, 0.05, 0.11, 0.09, 0.03, 0.03]]    [[4.0]]      [6.0]
o6.0_390       {72}    [[0.04, 0.02, 0.06, 0.02, 0.15, 0.11, 0.08, 0.13, 0.23, 0.11]]    [[8.0]]      [6.0]
o6.0_270       {77}    [[0.05, 0.19, 0.00, 0.07, 0.14, 0.03, 0.15, 0.03, 0.06, 0.23]]    [[9.0]]      [6.0]
o1.0_259       {67}    [[0.07, 0.04, 0.02, 0.16, 0.07, 0.16, 0.02, 0.05, 0.23, 0.11]]    [[8.0]]      [1.0]
o1.0_257       {77}    [[0.10, 0.15, 0.07, 0.10, 0.15, 0.07, 0.07, 0.07, 0.10, 0.06]]    [[1.0]]      [1.0] _/
o4.0_492       {66}    [[0.12, 0.00, 0.13, 0.18, 0.12, 0.07, 0.16, 0.12, 0.01, 0.06]]    [[3.0]]      [4.0]
o4.0_250       {63}    [[0.14, 0.00, 0.14, 0.03, 0.07, 0.11, 0.09, 0.12, 0.15, 0.11]]    [[8.0]]      [4.0]
o4.0_494       {54}    [[0.14, 0.11, 0.05, 0.16, 0.18, 0.05, 0.11, 0.09, 0.03, 0.03]]    [[4.0]]      [4.0] _/
o6.0_439       {66}    [[0.04, 0.10, 0.15, 0.16, 0.04, 0.12, 0.12, 0.06, 0.10, 0.07]]    [[3.0]]      [6.0]
o4.0_378       {67}    [[0.07, 0.04, 0.02, 0.16, 0.07, 0.16, 0.02, 0.05, 0.23, 0.11]]    [[8.0]]      [4.0]
o8.0_218       {72}    [[0.04, 0.02, 0.06, 0.02, 0.15, 0.11, 0.08, 0.13, 0.23, 0.11]]    [[8.0]]      [8.0] _/
o8.0_334       {66}    [[0.04, 0.10, 0.15, 0.16, 0.04, 0.12, 0.12, 0.06, 0.10, 0.07]]    [[3.0]]      [8.0]
o8.0_102       {57}    [[0.07, 0.05, 0.07, 0.15, 0.15, 0.10, 0.14, 0.03, 0.17, 0.03]]    [[8.0]]      [8.0] _/
o8.0_462       {66}    [[0.00, 0.01, 0.07, 0.12, 0.04, 0.15, 0.07, 0.24, 0.15, 0.12]]    [[7.0]]      [8.0]
o8.0_463       {63}    [[0.14, 0.00, 0.14, 0.03, 0.07, 0.11, 0.09, 0.12, 0.15, 0.11]]    [[8.0]]      [8.0] _/
o8.0_342       {78}    [[0.02, 0.07, 0.08, 0.19, 0.11, 0.08, 0.00, 0.07, 0.19, 0.14]]    [[3.0]]      [8.0]
o8.0_460       {67}    [[0.07, 0.04, 0.02, 0.16, 0.07, 0.16, 0.02, 0.05, 0.23, 0.11]]    [[8.0]]      [8.0] _/
o1.0_264       {62}    [[0.12, 0.08, 0.04, 0.14, 0.11, 0.14, 0.08, 0.06, 0.06, 0.12]]    [[3.0]]      [1.0]
o1.0_384       {73}    [[0.08, 0.05, 0.02, 0.05, 0.17, 0.05, 0.12, 0.05, 0.23, 0.13]]    [[8.0]]      [1.0]
o2.0_192       {63}    [[0.14, 0.00, 0.14, 0.03, 0.07, 0.11, 0.09, 0.12, 0.15, 0.11]]    [[8.0]]      [2.0]
o6.0_203       {54}    [[0.14, 0.11, 0.05, 0.16, 0.18, 0.05, 0.11, 0.09, 0.03, 0.03]]    [[4.0]]      [6.0]
o4.0_481       {66}    [[0.00, 0.01, 0.07, 0.12, 0.04, 0.15, 0.07, 0.24, 0.15, 0.12]]    [[7.0]]      [4.0]
o8.0_349       {72}    [[0.04, 0.02, 0.06, 0.02, 0.15, 0.11, 0.08, 0.13, 0.23, 0.11]]    [[8.0]]      [8.0] _/
o8.0_107       {56}    [[0.10, 0.03, 0.07, 0.08, 0.17, 0.08, 0.07, 0.10, 0.14, 0.10]]    [[4.0]]      [8.0]
o4.0_249       {54}    [[0.14, 0.11, 0.05, 0.16, 0.18, 0.05, 0.11, 0.09, 0.03, 0.03]]    [[4.0]]      [4.0] _/
o8.0_229       {66}    [[0.00, 0.01, 0.07, 0.12, 0.04, 0.15, 0.07, 0.24, 0.15, 0.12]]    [[7.0]]      [8.0]
o4.0_363       {57}    [[0.07, 0.05, 0.07, 0.15, 0.15, 0.10, 0.14, 0.03, 0.17, 0.03]]    [[8.0]]      [4.0]
o4.0_245       {60}    [[0.16, 0.08, 0.10, 0.18, 0.15, 0.10, 0.03, 0.10, 0.03, 0.05]]    [[3.0]]      [4.0]
o4.0_124       {54}    [[0.18, 0.00, 0.07, 0.14, 0.05, 0.03, 0.09, 0.22, 0.03, 0.14]]    [[7.0]]      [4.0]
o1.0_392       {68}    [[0.10, 0.20, 0.10, 0.19, 0.05, 0.05, 0.07, 0.02, 0.07, 0.10]]    [[1.0]]      [1.0] _/
  o8.0_5       {63}    [[0.14, 0.00, 0.14, 0.03, 0.07, 0.11, 0.09, 0.12, 0.15, 0.11]]    [[8.0]]      [8.0] _/
o1.0_274       {76}    [[0.18, 0.15, 0.11, 0.09, 0.07, 0.17, 0.01, 0.06, 0.06, 0.05]]    [[0.0]]      [1.0]
o1.0_157       {73}    [[0.05, 0.35, 0.04, 0.16, 0.08, 0.06, 0.09, 0.02, 0.05, 0.05]]    [[1.0]]      [1.0] _/
o2.0_187       {79}    [[0.02, 0.21, 0.15, 0.16, 0.06, 0.03, 0.07, 0.10, 0.06, 0.10]]    [[1.0]]      [2.0]
o4.0_272       {54}    [[0.14, 0.11, 0.05, 0.16, 0.18, 0.05, 0.11, 0.09, 0.03, 0.03]]    [[4.0]]      [4.0] _/
o4.0_395       {56}    [[0.10, 0.03, 0.07, 0.08, 0.17, 0.08, 0.07, 0.10, 0.14, 0.10]]    [[4.0]]      [4.0] _/
o4.0_158       {74}    [[0.04, 0.02, 0.02, 0.02, 0.17, 0.18, 0.10, 0.10, 0.18, 0.10]]    [[5.0]]      [4.0]
o1.0_282       {77}    [[0.10, 0.15, 0.07, 0.10, 0.15, 0.07, 0.07, 0.07, 0.10, 0.06]]    [[1.0]]      [1.0] _/
o1.0_165       {73}    [[0.05, 0.35, 0.04, 0.16, 0.08, 0.06, 0.09, 0.02, 0.05, 0.05]]    [[1.0]]      [1.0] _/
o1.0_286       {66}    [[0.04, 0.10, 0.15, 0.16, 0.04, 0.12, 0.12, 0.06, 0.10, 0.07]]    [[3.0]]      [1.0]
o6.0_461       {66}    [[0.24, 0.01, 0.15, 0.13, 0.04, 0.09, 0.10, 0.01, 0.07, 0.12]]    [[0.0]]      [6.0]
o6.0_226       {54}    [[0.18, 0.00, 0.07, 0.14, 0.05, 0.03, 0.09, 0.22, 0.03, 0.14]]    [[7.0]]      [6.0]
o4.0_380       {72}    [[0.04, 0.02, 0.06, 0.02, 0.15, 0.11, 0.08, 0.13, 0.23, 0.11]]    [[8.0]]      [4.0]
 o3.0_93       {75}    [[0.16, 0.00, 0.09, 0.09, 0.20, 0.09, 0.05, 0.04, 0.18, 0.08]]    [[4.0]]      [3.0]
o8.0_327       {66}    [[0.00, 0.01, 0.07, 0.12, 0.04, 0.15, 0.07, 0.24, 0.15, 0.12]]    [[7.0]]      [8.0]
o1.0_170       {80}    [[0.05, 0.12, 0.07, 0.08, 0.18, 0.12, 0.10, 0.08, 0.08, 0.07]]    [[4.0]]      [1.0]
o4.0_386       {54}    [[0.14, 0.11, 0.05, 0.16, 0.18, 0.05, 0.11, 0.09, 0.03, 0.03]]    [[4.0]]      [4.0] _/
o8.0_205       {57}    [[0.07, 0.05, 0.07, 0.15, 0.15, 0.10, 0.14, 0.03, 0.17, 0.03]]    [[8.0]]      [8.0] _/
o8.0_445       {75}    [[0.16, 0.00, 0.09, 0.09, 0.20, 0.09, 0.05, 0.04, 0.18, 0.08]]    [[4.0]]      [8.0]
o8.0_212       {63}    [[0.14, 0.00, 0.14, 0.03, 0.07, 0.11, 0.09, 0.12, 0.15, 0.11]]    [[8.0]]      [8.0] _/
o8.0_330       {71}    [[0.05, 0.16, 0.08, 0.09, 0.11, 0.02, 0.07, 0.08, 0.12, 0.16]]    [[1.0]]      [8.0]
o1.0_172       {70}    [[0.04, 0.02, 0.14, 0.05, 0.17, 0.15, 0.10, 0.10, 0.11, 0.08]]    [[4.0]]      [1.0]
o1.0_171       {68}    [[0.10, 0.20, 0.10, 0.19, 0.05, 0.05, 0.07, 0.02, 0.07, 0.10]]    [[1.0]]      [1.0] _/
o1.0_292       {72}    [[0.22, 0.22, 0.06, 0.06, 0.05, 0.02, 0.13, 0.12, 0.02, 0.04]]    [[0.0]]      [1.0]
o1.0_177       {77}    [[0.23, 0.09, 0.12, 0.10, 0.01, 0.10, 0.09, 0.11, 0.10, 0.01]]    [[0.0]]      [1.0]
o1.0_176       {66}    [[0.10, 0.09, 0.12, 0.06, 0.16, 0.09, 0.21, 0.12, 0.00, 0.03]]    [[6.0]]      [1.0]
o1.0_296       {56}    [[0.10, 0.03, 0.07, 0.08, 0.17, 0.08, 0.07, 0.10, 0.14, 0.10]]    [[4.0]]      [1.0]
o6.0_352       {73}    [[0.08, 0.05, 0.02, 0.05, 0.17, 0.05, 0.12, 0.05, 0.23, 0.13]]    [[8.0]]      [6.0]
o2.0_283       {66}    [[0.00, 0.01, 0.07, 0.12, 0.04, 0.15, 0.07, 0.24, 0.15, 0.12]]    [[7.0]]      [2.0]
o6.0_350       {66}    [[0.10, 0.09, 0.12, 0.06, 0.16, 0.09, 0.21, 0.12, 0.00, 0.03]]    [[6.0]]      [6.0] _/
o6.0_235       {66}    [[0.24, 0.01, 0.15, 0.13, 0.04, 0.09, 0.10, 0.01, 0.07, 0.12]]    [[0.0]]      [6.0]
o6.0_357       {80}    [[0.06, 0.11, 0.07, 0.06, 0.23, 0.08, 0.06, 0.01, 0.13, 0.15]]    [[4.0]]      [6.0]
o2.0_287       {62}    [[0.12, 0.08, 0.04, 0.14, 0.11, 0.14, 0.08, 0.06, 0.06, 0.12]]    [[3.0]]      [2.0]
o8.0_385       {66}    [[0.04, 0.10, 0.15, 0.16, 0.04, 0.12, 0.12, 0.06, 0.10, 0.07]]    [[3.0]]      [8.0]
o8.0_383       {56}    [[0.10, 0.03, 0.07, 0.08, 0.17, 0.08, 0.07, 0.10, 0.14, 0.10]]    [[4.0]]      [8.0]
o8.0_142       {78}    [[0.02, 0.07, 0.08, 0.19, 0.11, 0.08, 0.00, 0.07, 0.19, 0.14]]    [[3.0]]      [8.0]
o7.0_178       {63}    [[0.14, 0.00, 0.14, 0.03, 0.07, 0.11, 0.09, 0.12, 0.15, 0.11]]    [[8.0]]      [7.0]
o9.0_467       {54}    [[0.18, 0.00, 0.07, 0.14, 0.05, 0.03, 0.09, 0.22, 0.03, 0.14]]    [[7.0]]      [9.0]
o9.0_105       {67}    [[0.07, 0.04, 0.02, 0.16, 0.07, 0.16, 0.02, 0.05, 0.23, 0.11]]    [[8.0]]      [9.0]
o1.0_186       {67}    [[0.07, 0.04, 0.02, 0.16, 0.07, 0.16, 0.02, 0.05, 0.23, 0.11]]    [[8.0]]      [1.0]
o9.0_341       {66}    [[0.00, 0.01, 0.07, 0.12, 0.04, 0.15, 0.07, 0.24, 0.15, 0.12]]    [[7.0]]      [9.0]
o8.0_149       {63}    [[0.14, 0.00, 0.14, 0.03, 0.07, 0.11, 0.09, 0.12, 0.15, 0.11]]    [[8.0]]      [8.0] _/
o8.0_147       {66}    [[0.24, 0.01, 0.15, 0.13, 0.04, 0.09, 0.10, 0.01, 0.07, 0.12]]    [[0.0]]      [8.0]
o8.0_398       {54}    [[0.18, 0.00, 0.07, 0.14, 0.05, 0.03, 0.09, 0.22, 0.03, 0.14]]    [[7.0]]      [8.0]
o9.0_459       {70}    [[0.15, 0.07, 0.08, 0.08, 0.24, 0.10, 0.11, 0.07, 0.01, 0.05]]    [[4.0]]      [9.0]
o8.0_154       {56}    [[0.10, 0.03, 0.07, 0.08, 0.17, 0.08, 0.07, 0.10, 0.14, 0.10]]    [[4.0]]      [8.0]
o7.0_164       {56}    [[0.10, 0.03, 0.07, 0.08, 0.17, 0.08, 0.07, 0.10, 0.14, 0.10]]    [[4.0]]      [7.0]
o8.0_276       {73}    [[0.08, 0.05, 0.02, 0.05, 0.17, 0.05, 0.12, 0.05, 0.23, 0.13]]    [[8.0]]      [8.0] _/
o1.0_199       {67}    [[0.05, 0.05, 0.13, 0.11, 0.22, 0.02, 0.05, 0.19, 0.07, 0.04]]    [[4.0]]      [1.0]
o9.0_456       {77}    [[0.05, 0.19, 0.00, 0.07, 0.14, 0.03, 0.15, 0.03, 0.06, 0.23]]    [[9.0]]      [9.0] _/
o9.0_457       {66}    [[0.24, 0.01, 0.15, 0.13, 0.04, 0.09, 0.10, 0.01, 0.07, 0.12]]    [[0.0]]      [9.0]
 o4.0_84       {54}    [[0.14, 0.11, 0.05, 0.16, 0.18, 0.05, 0.11, 0.09, 0.03, 0.03]]    [[4.0]]      [4.0] _/
o9.0_374       {57}    [[0.07, 0.05, 0.07, 0.15, 0.15, 0.10, 0.14, 0.03, 0.17, 0.03]]    [[8.0]]      [9.0]
o9.0_254       {63}    [[0.14, 0.00, 0.14, 0.03, 0.07, 0.11, 0.09, 0.12, 0.15, 0.11]]    [[8.0]]      [9.0]
 o1.0_10       {68}    [[0.10, 0.20, 0.10, 0.19, 0.05, 0.05, 0.07, 0.02, 0.07, 0.10]]    [[1.0]]      [1.0] _/
 o1.0_12       {68}    [[0.10, 0.20, 0.10, 0.19, 0.05, 0.05, 0.07, 0.02, 0.07, 0.10]]    [[1.0]]      [1.0] _/
o8.0_123       {57}    [[0.07, 0.05, 0.07, 0.15, 0.15, 0.10, 0.14, 0.03, 0.17, 0.03]]    [[8.0]]      [8.0] _/
o7.0_152       {56}    [[0.10, 0.03, 0.07, 0.08, 0.17, 0.08, 0.07, 0.10, 0.14, 0.10]]    [[4.0]]      [7.0]
o7.0_156       {60}    [[0.16, 0.08, 0.10, 0.18, 0.15, 0.10, 0.03, 0.10, 0.03, 0.05]]    [[3.0]]      [7.0]
o8.0_125       {54}    [[0.18, 0.00, 0.07, 0.14, 0.05, 0.03, 0.09, 0.22, 0.03, 0.14]]    [[7.0]]      [8.0]
o8.0_255       {56}    [[0.10, 0.03, 0.07, 0.08, 0.17, 0.08, 0.07, 0.10, 0.14, 0.10]]    [[4.0]]      [8.0]
 o1.0_17       {62}    [[0.12, 0.08, 0.04, 0.14, 0.11, 0.14, 0.08, 0.06, 0.06, 0.12]]    [[3.0]]      [1.0]
o8.0_130       {62}    [[0.12, 0.08, 0.04, 0.14, 0.11, 0.14, 0.08, 0.06, 0.06, 0.12]]    [[3.0]]      [8.0]
o9.0_476       {54}    [[0.14, 0.11, 0.05, 0.16, 0.18, 0.05, 0.11, 0.09, 0.03, 0.03]]    [[4.0]]      [9.0]
o8.0_251       {62}    [[0.12, 0.08, 0.04, 0.14, 0.11, 0.14, 0.08, 0.06, 0.06, 0.12]]    [[3.0]]      [8.0]
o9.0_114       {66}    [[0.00, 0.01, 0.07, 0.12, 0.04, 0.15, 0.07, 0.24, 0.15, 0.12]]    [[7.0]]      [9.0]
o8.0_370       {56}    [[0.10, 0.03, 0.07, 0.08, 0.17, 0.08, 0.07, 0.10, 0.14, 0.10]]    [[4.0]]      [8.0]
o7.0_267       {73}    [[0.05, 0.35, 0.04, 0.16, 0.08, 0.06, 0.09, 0.02, 0.05, 0.05]]    [[1.0]]      [7.0]
o8.0_371       {73}    [[0.08, 0.05, 0.02, 0.05, 0.17, 0.05, 0.12, 0.05, 0.23, 0.13]]    [[8.0]]      [8.0] _/
 o3.0_46       {60}    [[0.16, 0.08, 0.10, 0.18, 0.15, 0.10, 0.03, 0.10, 0.03, 0.05]]    [[3.0]]      [3.0] _/
 o1.0_30       {54}    [[0.14, 0.11, 0.05, 0.16, 0.18, 0.05, 0.11, 0.09, 0.03, 0.03]]    [[4.0]]      [1.0]
o9.0_396       {68}    [[0.10, 0.20, 0.10, 0.19, 0.05, 0.05, 0.07, 0.02, 0.07, 0.10]]    [[1.0]]      [9.0]
o9.0_155       {63}    [[0.14, 0.00, 0.14, 0.03, 0.07, 0.11, 0.09, 0.12, 0.15, 0.11]]    [[8.0]]      [9.0]
 o6.0_64       {66}    [[0.04, 0.10, 0.15, 0.16, 0.04, 0.12, 0.12, 0.06, 0.10, 0.07]]    [[3.0]]      [6.0]
 o1.0_34       {68}    [[0.10, 0.20, 0.10, 0.19, 0.05, 0.05, 0.07, 0.02, 0.07, 0.10]]    [[1.0]]      [1.0] _/
 o6.0_65       {62}    [[0.12, 0.08, 0.04, 0.14, 0.11, 0.14, 0.08, 0.06, 0.06, 0.12]]    [[3.0]]      [6.0]
o9.0_273       {71}    [[0.05, 0.16, 0.08, 0.09, 0.11, 0.02, 0.07, 0.08, 0.12, 0.16]]    [[1.0]]      [9.0]
o9.0_148       {75}    [[0.18, 0.17, 0.04, 0.14, 0.04, 0.06, 0.02, 0.17, 0.08, 0.06]]    [[0.0]]      [9.0]
o9.0_269       {78}    [[0.02, 0.07, 0.08, 0.19, 0.11, 0.08, 0.00, 0.07, 0.19, 0.14]]    [[3.0]]      [9.0]
o6.0_163       {77}    [[0.05, 0.19, 0.00, 0.07, 0.14, 0.03, 0.15, 0.03, 0.06, 0.23]]    [[9.0]]      [6.0]
o9.0_266       {63}    [[0.14, 0.00, 0.14, 0.03, 0.07, 0.11, 0.09, 0.12, 0.15, 0.11]]    [[8.0]]      [9.0]
o9.0_382       {62}    [[0.12, 0.08, 0.04, 0.14, 0.11, 0.14, 0.08, 0.06, 0.06, 0.12]]    [[3.0]]      [9.0]
o5.0_193       {60}    [[0.16, 0.08, 0.10, 0.18, 0.15, 0.10, 0.03, 0.10, 0.03, 0.05]]    [[3.0]]      [5.0]
 o8.0_13       {66}    [[0.24, 0.01, 0.15, 0.13, 0.04, 0.09, 0.10, 0.01, 0.07, 0.12]]    [[0.0]]      [8.0]
o9.0_377       {67}    [[0.07, 0.04, 0.02, 0.16, 0.07, 0.16, 0.02, 0.05, 0.23, 0.11]]    [[8.0]]      [9.0]
o8.0_194       {54}    [[0.14, 0.11, 0.05, 0.16, 0.18, 0.05, 0.11, 0.09, 0.03, 0.03]]    [[4.0]]      [8.0]
 o8.0_15       {56}    [[0.10, 0.03, 0.07, 0.08, 0.17, 0.08, 0.07, 0.10, 0.14, 0.10]]    [[4.0]]      [8.0]
o6.0_295       {63}    [[0.14, 0.00, 0.14, 0.03, 0.07, 0.11, 0.09, 0.12, 0.15, 0.11]]    [[8.0]]      [6.0]
o6.0_299       {66}    [[0.04, 0.10, 0.15, 0.16, 0.04, 0.12, 0.12, 0.06, 0.10, 0.07]]    [[3.0]]      [6.0]
 o8.0_19       {54}    [[0.14, 0.11, 0.05, 0.16, 0.18, 0.05, 0.11, 0.09, 0.03, 0.03]]    [[4.0]]      [8.0]
o6.0_179       {66}    [[0.10, 0.09, 0.12, 0.06, 0.16, 0.09, 0.21, 0.12, 0.00, 0.03]]    [[6.0]]      [6.0] _/
 o3.0_22       {62}    [[0.12, 0.08, 0.04, 0.14, 0.11, 0.14, 0.08, 0.06, 0.06, 0.12]]    [[3.0]]      [3.0] _/
 o3.0_27       {56}    [[0.10, 0.03, 0.07, 0.08, 0.17, 0.08, 0.07, 0.10, 0.14, 0.10]]    [[4.0]]      [3.0]
 o3.0_25       {56}    [[0.10, 0.03, 0.07, 0.08, 0.17, 0.08, 0.07, 0.10, 0.14, 0.10]]    [[4.0]]      [3.0]
  o5.0_8       {77}    [[0.06, 0.03, 0.10, 0.12, 0.10, 0.09, 0.07, 0.14, 0.12, 0.11]]    [[7.0]]      [5.0]
 o1.0_55       {60}    [[0.16, 0.08, 0.10, 0.18, 0.15, 0.10, 0.03, 0.10, 0.03, 0.05]]    [[3.0]]      [1.0]
 o6.0_88       {77}    [[0.10, 0.15, 0.07, 0.10, 0.15, 0.07, 0.07, 0.07, 0.10, 0.06]]    [[1.0]]      [6.0]
o9.0_174       {54}    [[0.18, 0.00, 0.07, 0.14, 0.05, 0.03, 0.09, 0.22, 0.03, 0.14]]    [[7.0]]      [9.0]
 o8.0_20       {63}    [[0.14, 0.00, 0.14, 0.03, 0.07, 0.11, 0.09, 0.12, 0.15, 0.11]]    [[8.0]]      [8.0] _/
o7.0_195       {66}    [[0.00, 0.01, 0.07, 0.12, 0.04, 0.15, 0.07, 0.24, 0.15, 0.12]]    [[7.0]]      [7.0] _/
 o1.0_49       {73}    [[0.05, 0.35, 0.04, 0.16, 0.08, 0.06, 0.09, 0.02, 0.05, 0.05]]    [[1.0]]      [1.0] _/
 o8.0_21       {67}    [[0.07, 0.04, 0.02, 0.16, 0.07, 0.16, 0.02, 0.05, 0.23, 0.11]]    [[8.0]]      [8.0] _/
o9.0_289       {54}    [[0.18, 0.00, 0.07, 0.14, 0.05, 0.03, 0.09, 0.22, 0.03, 0.14]]    [[7.0]]      [9.0]
o9.0_169       {62}    [[0.12, 0.08, 0.04, 0.14, 0.11, 0.14, 0.08, 0.06, 0.06, 0.12]]    [[3.0]]      [9.0]
o6.0_188       {77}    [[0.23, 0.09, 0.12, 0.10, 0.01, 0.10, 0.09, 0.11, 0.10, 0.01]]    [[0.0]]      [6.0]
o6.0_189       {54}    [[0.14, 0.11, 0.05, 0.16, 0.18, 0.05, 0.11, 0.09, 0.03, 0.03]]    [[4.0]]      [6.0]
o9.0_280       {56}    [[0.10, 0.03, 0.07, 0.08, 0.17, 0.08, 0.07, 0.10, 0.14, 0.10]]    [[4.0]]      [9.0]
o9.0_285       {63}    [[0.14, 0.00, 0.14, 0.03, 0.07, 0.11, 0.09, 0.12, 0.15, 0.11]]    [[8.0]]      [9.0]
 o1.0_63       {71}    [[0.11, 0.15, 0.15, 0.21, 0.07, 0.07, 0.07, 0.07, 0.02, 0.05]]    [[3.0]]      [1.0]
o9.0_160       {56}    [[0.10, 0.03, 0.07, 0.08, 0.17, 0.08, 0.07, 0.10, 0.14, 0.10]]    [[4.0]]      [9.0]
 o6.0_99       {57}    [[0.07, 0.05, 0.07, 0.15, 0.15, 0.10, 0.14, 0.03, 0.17, 0.03]]    [[8.0]]      [6.0]
 o8.0_32       {66}    [[0.24, 0.01, 0.15, 0.13, 0.04, 0.09, 0.10, 0.01, 0.07, 0.12]]    [[0.0]]      [8.0]
o6.0_191       {54}    [[0.14, 0.11, 0.05, 0.16, 0.18, 0.05, 0.11, 0.09, 0.03, 0.03]]    [[4.0]]      [6.0]
o8.0_298       {56}    [[0.10, 0.03, 0.07, 0.08, 0.17, 0.08, 0.07, 0.10, 0.14, 0.10]]    [[4.0]]      [8.0]
 o8.0_33       {67}    [[0.07, 0.04, 0.02, 0.16, 0.07, 0.16, 0.02, 0.05, 0.23, 0.11]]    [[8.0]]      [8.0] _/
  o5.0_3       {54}    [[0.18, 0.00, 0.07, 0.14, 0.05, 0.03, 0.09, 0.22, 0.03, 0.14]]    [[7.0]]      [5.0]
 o8.0_38       {63}    [[0.14, 0.00, 0.14, 0.03, 0.07, 0.11, 0.09, 0.12, 0.15, 0.11]]    [[8.0]]      [8.0] _/
o7.0_182       {54}    [[0.18, 0.00, 0.07, 0.14, 0.05, 0.03, 0.09, 0.22, 0.03, 0.14]]    [[7.0]]      [7.0] _/

Objects classified correctly: 117
Total objects: 500
Success: 23.4%
