Reading thesis/data/mnist2/floating_codings_1.fccsv
No of Objects: 100
No of attributes: 64
No of concepts: 2081

-----------------------------------------------------------------------------------------------------------------------
  Train/  Object     Extent                                 Probabilities  Predicted     Actual
   Test                Size [[0.0, 1.0, 2.0, 3.0, 4.0, 5.0, 6.0, 7.0, 8.0, 9.0]]      Class      Class
-----------------------------------------------------------------------------------------------------------------------
   train  o9.0_4       {11} [[0.09, 0.09, 0.09, 0.00, 0.18, 0.09, 0.18, 0.00, 0.18, 0.09]]    [[8.0]]      [9.0]
   train o6.0_28       {12} [[0.08, 0.16, 0.08, 0.16, 0.25, 0.08, 0.08, 0.08, 0.00, 0.00]]    [[4.0]]      [6.0]
   train o1.0_71       {12} [[0.08, 0.16, 0.08, 0.16, 0.25, 0.08, 0.08, 0.08, 0.00, 0.00]]    [[4.0]]      [1.0]
   train o0.0_66       {13} [[0.15, 0.15, 0.00, 0.15, 0.07, 0.07, 0.15, 0.07, 0.15, 0.00]]    [[8.0]]      [0.0]
   train o3.0_81       {10} [[0.10, 0.00, 0.00, 0.10, 0.10, 0.00, 0.30, 0.10, 0.10, 0.20]]    [[6.0]]      [3.0]
   train o1.0_75       {13} [[0.15, 0.15, 0.00, 0.15, 0.07, 0.07, 0.15, 0.07, 0.15, 0.00]]    [[8.0]]      [1.0]
   train o3.0_82       {12} [[0.08, 0.33, 0.08, 0.16, 0.00, 0.08, 0.00, 0.08, 0.16, 0.00]]    [[1.0]]      [3.0]
   train o8.0_45       {11} [[0.00, 0.18, 0.00, 0.18, 0.09, 0.09, 0.09, 0.00, 0.36, 0.00]]    [[8.0]]      [8.0] _/
   train o5.0_25       {12} [[0.16, 0.33, 0.00, 0.00, 0.00, 0.08, 0.08, 0.16, 0.00, 0.16]]    [[1.0]]      [5.0]
   train o4.0_96       {12} [[0.16, 0.08, 0.00, 0.00, 0.33, 0.00, 0.00, 0.16, 0.08, 0.16]]    [[4.0]]      [4.0] _/
   train  o7.0_6       {11} [[0.09, 0.09, 0.09, 0.27, 0.09, 0.09, 0.09, 0.09, 0.09, 0.00]]    [[3.0]]      [7.0]
    test o1.0_87       {13} [[0.15, 0.15, 0.00, 0.15, 0.07, 0.07, 0.15, 0.07, 0.15, 0.00]]    [[8.0]]      [1.0]
   train o1.0_89       {10} [[0.00, 0.10, 0.30, 0.00, 0.10, 0.00, 0.20, 0.00, 0.30, 0.00]]    [[8.0]]      [1.0]
   train o6.0_32       {14} [[0.00, 0.00, 0.07, 0.07, 0.21, 0.00, 0.21, 0.07, 0.28, 0.07]]    [[8.0]]      [6.0]
   train o6.0_34       {13} [[0.00, 0.07, 0.00, 0.30, 0.00, 0.15, 0.23, 0.07, 0.15, 0.00]]    [[3.0]]      [6.0]
   train o8.0_54       {10} [[0.00, 0.10, 0.30, 0.00, 0.10, 0.00, 0.20, 0.00, 0.30, 0.00]]    [[8.0]]      [8.0] _/
   train o8.0_52       {11} [[0.09, 0.09, 0.09, 0.00, 0.18, 0.09, 0.18, 0.00, 0.18, 0.09]]    [[8.0]]      [8.0] _/
   train o2.0_14        {9} [[0.00, 0.00, 0.33, 0.11, 0.00, 0.11, 0.22, 0.11, 0.11, 0.00]]    [[2.0]]      [2.0] _/
    test  o0.0_7       {10} [[0.20, 0.00, 0.10, 0.20, 0.20, 0.10, 0.00, 0.10, 0.10, 0.00]]    [[4.0]]      [0.0]
   train o7.0_44        {9} [[0.00, 0.11, 0.00, 0.33, 0.11, 0.00, 0.11, 0.22, 0.11, 0.00]]    [[3.0]]      [7.0]
   train  o0.0_5       {12} [[0.16, 0.08, 0.00, 0.00, 0.33, 0.00, 0.00, 0.16, 0.08, 0.16]]    [[4.0]]      [0.0]
   train o7.0_46       {11} [[0.00, 0.18, 0.27, 0.18, 0.00, 0.18, 0.09, 0.09, 0.00, 0.00]]    [[2.0]]      [7.0]
   train o4.0_84       {10} [[0.20, 0.00, 0.10, 0.20, 0.20, 0.10, 0.00, 0.10, 0.10, 0.00]]    [[4.0]]      [4.0] _/
   train  o0.0_9       {10} [[0.10, 0.00, 0.00, 0.10, 0.10, 0.00, 0.30, 0.10, 0.10, 0.20]]    [[6.0]]      [0.0]
   train o1.0_92       {11} [[0.00, 0.18, 0.27, 0.18, 0.00, 0.18, 0.09, 0.09, 0.00, 0.00]]    [[2.0]]      [1.0]
    test o1.0_94       {14} [[0.00, 0.21, 0.14, 0.14, 0.07, 0.00, 0.00, 0.28, 0.14, 0.00]]    [[7.0]]      [1.0]
    test o6.0_42        {9} [[0.00, 0.00, 0.33, 0.11, 0.00, 0.11, 0.22, 0.11, 0.11, 0.00]]    [[2.0]]      [6.0]
    test o1.0_13       {12} [[0.16, 0.33, 0.00, 0.00, 0.00, 0.08, 0.08, 0.16, 0.00, 0.16]]    [[1.0]]      [1.0] _/
   train o3.0_62       {10} [[0.00, 0.00, 0.00, 0.20, 0.10, 0.10, 0.30, 0.10, 0.00, 0.20]]    [[6.0]]      [3.0]
   train o8.0_64       {10} [[0.10, 0.00, 0.00, 0.10, 0.10, 0.00, 0.30, 0.10, 0.10, 0.20]]    [[6.0]]      [8.0]
   train o8.0_63       {11} [[0.09, 0.18, 0.18, 0.18, 0.09, 0.00, 0.09, 0.00, 0.18, 0.00]]    [[8.0]]      [8.0] _/
   train o8.0_69       {13} [[0.15, 0.15, 0.00, 0.15, 0.07, 0.07, 0.15, 0.07, 0.15, 0.00]]    [[8.0]]      [8.0] _/
   train  o2.0_3       {13} [[0.07, 0.15, 0.15, 0.00, 0.07, 0.07, 0.23, 0.07, 0.00, 0.15]]    [[6.0]]      [2.0]
   train o7.0_95        {9} [[0.00, 0.00, 0.33, 0.11, 0.00, 0.11, 0.22, 0.11, 0.11, 0.00]]    [[2.0]]      [7.0]
   train o3.0_57        {9} [[0.00, 0.11, 0.00, 0.33, 0.11, 0.00, 0.11, 0.22, 0.11, 0.00]]    [[3.0]]      [3.0] _/
   train o1.0_22        {9} [[0.00, 0.11, 0.00, 0.33, 0.11, 0.00, 0.11, 0.22, 0.11, 0.00]]    [[3.0]]      [1.0]
   train o1.0_23       {12} [[0.16, 0.16, 0.00, 0.50, 0.00, 0.00, 0.00, 0.00, 0.08, 0.08]]    [[3.0]]      [1.0]
   train o3.0_50        {9} [[0.00, 0.11, 0.00, 0.33, 0.11, 0.00, 0.11, 0.22, 0.11, 0.00]]    [[3.0]]      [3.0] _/
   train o3.0_51       {10} [[0.00, 0.00, 0.00, 0.20, 0.10, 0.10, 0.30, 0.10, 0.00, 0.20]]    [[6.0]]      [3.0]
   train o4.0_19       {14} [[0.07, 0.07, 0.00, 0.28, 0.14, 0.14, 0.07, 0.07, 0.07, 0.07]]    [[3.0]]      [4.0]
   train o5.0_77       {11} [[0.00, 0.00, 0.18, 0.27, 0.00, 0.09, 0.18, 0.09, 0.09, 0.09]]    [[3.0]]      [5.0]
   train o4.0_24       {10} [[0.20, 0.00, 0.10, 0.20, 0.20, 0.10, 0.00, 0.10, 0.10, 0.00]]    [[4.0]]      [4.0] _/
    test o2.0_76        {9} [[0.00, 0.00, 0.33, 0.11, 0.00, 0.11, 0.22, 0.11, 0.11, 0.00]]    [[2.0]]      [2.0] _/
   train o2.0_78       {10} [[0.00, 0.10, 0.30, 0.00, 0.10, 0.00, 0.20, 0.00, 0.30, 0.00]]    [[8.0]]      [2.0]
   train o0.0_21       {13} [[0.07, 0.23, 0.23, 0.07, 0.15, 0.15, 0.00, 0.07, 0.00, 0.00]]    [[2.0]]      [0.0]
    test o6.0_68       {14} [[0.14, 0.28, 0.00, 0.07, 0.07, 0.14, 0.14, 0.00, 0.14, 0.00]]    [[1.0]]      [6.0]
   train o9.0_86       {10} [[0.00, 0.00, 0.00, 0.20, 0.10, 0.10, 0.30, 0.10, 0.00, 0.20]]    [[6.0]]      [9.0]
   train o1.0_30       {11} [[0.00, 0.18, 0.27, 0.18, 0.00, 0.18, 0.09, 0.09, 0.00, 0.00]]    [[2.0]]      [1.0]
    test  o8.0_0       {12} [[0.08, 0.33, 0.08, 0.16, 0.00, 0.08, 0.00, 0.08, 0.16, 0.00]]    [[1.0]]      [8.0]
   train o1.0_31       {11} [[0.00, 0.27, 0.09, 0.09, 0.09, 0.00, 0.09, 0.27, 0.09, 0.00]]    [[7.0]]      [1.0]
   train  o8.0_2        {9} [[0.00, 0.00, 0.33, 0.11, 0.00, 0.11, 0.22, 0.11, 0.11, 0.00]]    [[2.0]]      [8.0]
   train o6.0_65       {10} [[0.00, 0.00, 0.00, 0.20, 0.10, 0.10, 0.30, 0.10, 0.00, 0.20]]    [[6.0]]      [6.0] _/
    test o1.0_37       {12} [[0.08, 0.33, 0.08, 0.16, 0.00, 0.08, 0.00, 0.08, 0.16, 0.00]]    [[1.0]]      [1.0] _/
   train o1.0_27       {12} [[0.16, 0.33, 0.00, 0.00, 0.00, 0.08, 0.08, 0.16, 0.00, 0.16]]    [[1.0]]      [1.0] _/
   train o2.0_40       {12} [[0.00, 0.16, 0.16, 0.16, 0.08, 0.08, 0.08, 0.08, 0.08, 0.08]]    [[3.0]]      [2.0]
   train o4.0_59       {10} [[0.00, 0.10, 0.30, 0.00, 0.10, 0.00, 0.20, 0.00, 0.30, 0.00]]    [[8.0]]      [4.0]
   train o8.0_88       {10} [[0.00, 0.10, 0.30, 0.00, 0.10, 0.00, 0.20, 0.00, 0.30, 0.00]]    [[8.0]]      [8.0] _/
   train o4.0_55       {11} [[0.00, 0.00, 0.09, 0.00, 0.27, 0.09, 0.09, 0.18, 0.18, 0.09]]    [[4.0]]      [4.0] _/
   train o2.0_47        {9} [[0.00, 0.00, 0.33, 0.11, 0.00, 0.11, 0.22, 0.11, 0.11, 0.00]]    [[2.0]]      [2.0] _/
   train o4.0_53       {10} [[0.10, 0.00, 0.10, 0.30, 0.20, 0.00, 0.10, 0.20, 0.00, 0.00]]    [[3.0]]      [4.0]
    test o2.0_49       {10} [[0.00, 0.10, 0.30, 0.00, 0.10, 0.00, 0.20, 0.00, 0.30, 0.00]]    [[8.0]]      [2.0]
    test o7.0_74       {11} [[0.27, 0.18, 0.00, 0.18, 0.00, 0.00, 0.09, 0.09, 0.00, 0.18]]    [[0.0]]      [7.0]
    test o6.0_79       {12} [[0.00, 0.16, 0.16, 0.16, 0.08, 0.08, 0.08, 0.08, 0.08, 0.08]]    [[3.0]]      [6.0]
   train o7.0_80       {10} [[0.00, 0.00, 0.00, 0.20, 0.10, 0.10, 0.30, 0.10, 0.00, 0.20]]    [[6.0]]      [7.0]
   train o3.0_33       {10} [[0.20, 0.00, 0.10, 0.20, 0.20, 0.10, 0.00, 0.10, 0.10, 0.00]]    [[4.0]]      [3.0]
   train o3.0_38       {12} [[0.08, 0.16, 0.00, 0.41, 0.08, 0.00, 0.08, 0.00, 0.08, 0.08]]    [[3.0]]      [3.0] _/
   train o8.0_93       {10} [[0.00, 0.10, 0.30, 0.00, 0.10, 0.00, 0.20, 0.00, 0.30, 0.00]]    [[8.0]]      [8.0] _/
    test  o1.0_8       {11} [[0.09, 0.18, 0.18, 0.18, 0.09, 0.00, 0.09, 0.00, 0.18, 0.00]]    [[8.0]]      [1.0]
    test o1.0_48       {12} [[0.16, 0.16, 0.00, 0.50, 0.00, 0.00, 0.00, 0.00, 0.08, 0.08]]    [[3.0]]      [1.0]
   train o6.0_70        {9} [[0.00, 0.11, 0.00, 0.33, 0.11, 0.00, 0.11, 0.22, 0.11, 0.00]]    [[3.0]]      [6.0]
   train o9.0_73       {10} [[0.00, 0.00, 0.00, 0.20, 0.10, 0.10, 0.30, 0.10, 0.00, 0.20]]    [[6.0]]      [9.0]
   train o4.0_43       {12} [[0.16, 0.08, 0.00, 0.00, 0.33, 0.00, 0.00, 0.16, 0.08, 0.16]]    [[4.0]]      [4.0] _/
    test o4.0_41       {11} [[0.09, 0.09, 0.09, 0.00, 0.18, 0.09, 0.18, 0.00, 0.18, 0.09]]    [[8.0]]      [4.0]
    test o8.0_16        {9} [[0.00, 0.11, 0.00, 0.33, 0.11, 0.00, 0.11, 0.22, 0.11, 0.00]]    [[3.0]]      [8.0]
   train o0.0_26       {13} [[0.07, 0.53, 0.00, 0.00, 0.00, 0.07, 0.15, 0.15, 0.00, 0.00]]    [[1.0]]      [0.0]
    test o5.0_58        {9} [[0.00, 0.00, 0.33, 0.11, 0.00, 0.11, 0.22, 0.11, 0.11, 0.00]]    [[2.0]]      [5.0]
   train o0.0_85       {12} [[0.16, 0.08, 0.00, 0.00, 0.33, 0.00, 0.00, 0.16, 0.08, 0.16]]    [[4.0]]      [0.0]
    test o0.0_83       {10} [[0.20, 0.00, 0.10, 0.20, 0.20, 0.10, 0.00, 0.10, 0.10, 0.00]]    [[4.0]]      [0.0]
    test o3.0_20        {9} [[0.00, 0.11, 0.00, 0.33, 0.11, 0.00, 0.11, 0.22, 0.11, 0.00]]    [[3.0]]      [3.0] _/
    test o9.0_29       {11} [[0.27, 0.18, 0.00, 0.18, 0.00, 0.00, 0.09, 0.09, 0.00, 0.18]]    [[0.0]]      [9.0]
   train  o3.0_1       {11} [[0.27, 0.18, 0.00, 0.18, 0.00, 0.00, 0.09, 0.09, 0.00, 0.18]]    [[0.0]]      [3.0]
   train o7.0_56        {9} [[0.00, 0.11, 0.00, 0.33, 0.11, 0.00, 0.11, 0.22, 0.11, 0.00]]    [[3.0]]      [7.0]
   train o4.0_72        {9} [[0.00, 0.11, 0.00, 0.33, 0.11, 0.00, 0.11, 0.22, 0.11, 0.00]]    [[3.0]]      [4.0]
   train o0.0_98       {11} [[0.09, 0.18, 0.18, 0.18, 0.09, 0.00, 0.09, 0.00, 0.18, 0.00]]    [[8.0]]      [0.0]
   train o6.0_15       {10} [[0.00, 0.10, 0.30, 0.00, 0.10, 0.00, 0.20, 0.00, 0.30, 0.00]]    [[8.0]]      [6.0]
   train o9.0_11       {11} [[0.27, 0.18, 0.00, 0.18, 0.00, 0.00, 0.09, 0.09, 0.00, 0.18]]    [[0.0]]      [9.0]
   train o6.0_17       {13} [[0.15, 0.15, 0.07, 0.15, 0.07, 0.00, 0.23, 0.00, 0.15, 0.00]]    [[6.0]]      [6.0] _/
   train o1.0_60       {12} [[0.16, 0.33, 0.00, 0.00, 0.00, 0.08, 0.08, 0.16, 0.00, 0.16]]    [[1.0]]      [1.0] _/
   train o9.0_10       {12} [[0.16, 0.08, 0.00, 0.00, 0.33, 0.00, 0.00, 0.16, 0.08, 0.16]]    [[4.0]]      [9.0]
   train o0.0_99       {12} [[0.25, 0.00, 0.00, 0.08, 0.16, 0.08, 0.08, 0.16, 0.00, 0.16]]    [[0.0]]      [0.0] _/
   train o3.0_90       {12} [[0.16, 0.16, 0.00, 0.50, 0.00, 0.00, 0.00, 0.00, 0.08, 0.08]]    [[3.0]]      [3.0] _/
   train o3.0_91       {10} [[0.10, 0.00, 0.10, 0.30, 0.20, 0.00, 0.10, 0.20, 0.00, 0.00]]    [[3.0]]      [3.0] _/
   train o6.0_97       {11} [[0.00, 0.00, 0.18, 0.27, 0.00, 0.09, 0.18, 0.09, 0.09, 0.09]]    [[3.0]]      [6.0]
   train o9.0_18       {12} [[0.00, 0.00, 0.00, 0.16, 0.16, 0.16, 0.00, 0.41, 0.00, 0.08]]    [[7.0]]      [9.0]
   train o6.0_12        {9} [[0.00, 0.00, 0.33, 0.11, 0.00, 0.11, 0.22, 0.11, 0.11, 0.00]]    [[2.0]]      [6.0]
   train o8.0_36       {10} [[0.20, 0.00, 0.10, 0.20, 0.20, 0.10, 0.00, 0.10, 0.10, 0.00]]    [[4.0]]      [8.0]
   train o5.0_39       {10} [[0.00, 0.00, 0.00, 0.20, 0.10, 0.10, 0.30, 0.10, 0.00, 0.20]]    [[6.0]]      [5.0]
   train o7.0_67       {12} [[0.00, 0.00, 0.00, 0.16, 0.16, 0.16, 0.00, 0.41, 0.00, 0.08]]    [[7.0]]      [7.0] _/
   train o5.0_35       {10} [[0.20, 0.00, 0.10, 0.20, 0.20, 0.10, 0.00, 0.10, 0.10, 0.00]]    [[4.0]]      [5.0]
   train o7.0_61       {11} [[0.00, 0.00, 0.09, 0.00, 0.27, 0.09, 0.09, 0.18, 0.18, 0.09]]    [[4.0]]      [7.0]

Objects classified correctly: 29
Total objects: 100
Accuracy: 29.0%

Training Objects classified correctly: 25/80
Accuracy: 31.25%

Test Objects classified correctly: 4/20
Accuracy: 20.0%
