Reading thesis/data/mnist2/floating_codings_8.fccsv
No of Objects: 100
No of attributes: 512
No of concepts: 8249

-----------------------------------------------------------------------------------------------------------------------
  Train/  Object     Extent                                 Probabilities  Predicted     Actual
   Test                Size [[0.0, 1.0, 2.0, 3.0, 4.0, 5.0, 6.0, 7.0, 8.0, 9.0]]      Class      Class
-----------------------------------------------------------------------------------------------------------------------
   train  o9.0_4        {1} [[0.00, 0.00, 0.00, 0.00, 0.00, 0.00, 0.00, 0.00, 0.00, 1.00]]    [[9.0]]      [9.0] _/
   train o6.0_28        {1} [[0.00, 0.00, 0.00, 0.00, 0.00, 0.00, 1.00, 0.00, 0.00, 0.00]]    [[6.0]]      [6.0] _/
   train o1.0_71        {1} [[0.00, 1.00, 0.00, 0.00, 0.00, 0.00, 0.00, 0.00, 0.00, 0.00]]    [[1.0]]      [1.0] _/
   train o0.0_66        {1} [[1.00, 0.00, 0.00, 0.00, 0.00, 0.00, 0.00, 0.00, 0.00, 0.00]]    [[0.0]]      [0.0] _/
   train o3.0_81        {1} [[0.00, 0.00, 0.00, 1.00, 0.00, 0.00, 0.00, 0.00, 0.00, 0.00]]    [[3.0]]      [3.0] _/
   train o3.0_82        {1} [[0.00, 0.00, 0.00, 1.00, 0.00, 0.00, 0.00, 0.00, 0.00, 0.00]]    [[3.0]]      [3.0] _/
   train o1.0_75        {1} [[0.00, 1.00, 0.00, 0.00, 0.00, 0.00, 0.00, 0.00, 0.00, 0.00]]    [[1.0]]      [1.0] _/
   train o8.0_45        {1} [[0.00, 0.00, 0.00, 0.00, 0.00, 0.00, 0.00, 0.00, 1.00, 0.00]]    [[8.0]]      [8.0] _/
    test o5.0_25        {1} [[0.00, 0.00, 0.00, 0.00, 0.00, 1.00, 0.00, 0.00, 0.00, 0.00]]    [[5.0]]      [5.0] _/
   train o4.0_96        {1} [[0.00, 0.00, 0.00, 0.00, 1.00, 0.00, 0.00, 0.00, 0.00, 0.00]]    [[4.0]]      [4.0] _/
   train  o7.0_6        {1} [[0.00, 0.00, 0.00, 0.00, 0.00, 0.00, 0.00, 1.00, 0.00, 0.00]]    [[7.0]]      [7.0] _/
   train o1.0_87        {1} [[0.00, 1.00, 0.00, 0.00, 0.00, 0.00, 0.00, 0.00, 0.00, 0.00]]    [[1.0]]      [1.0] _/
   train o1.0_89        {1} [[0.00, 1.00, 0.00, 0.00, 0.00, 0.00, 0.00, 0.00, 0.00, 0.00]]    [[1.0]]      [1.0] _/
    test o6.0_32        {1} [[0.00, 0.00, 0.00, 0.00, 0.00, 0.00, 1.00, 0.00, 0.00, 0.00]]    [[6.0]]      [6.0] _/
    test o6.0_34        {1} [[0.00, 0.00, 0.00, 0.00, 0.00, 0.00, 1.00, 0.00, 0.00, 0.00]]    [[6.0]]      [6.0] _/
   train o8.0_54        {1} [[0.00, 0.00, 0.00, 0.00, 0.00, 0.00, 0.00, 0.00, 1.00, 0.00]]    [[8.0]]      [8.0] _/
   train o8.0_52        {1} [[0.00, 0.00, 0.00, 0.00, 0.00, 0.00, 0.00, 0.00, 1.00, 0.00]]    [[8.0]]      [8.0] _/
   train o7.0_44        {1} [[0.00, 0.00, 0.00, 0.00, 0.00, 0.00, 0.00, 1.00, 0.00, 0.00]]    [[7.0]]      [7.0] _/
   train o2.0_14        {1} [[0.00, 0.00, 1.00, 0.00, 0.00, 0.00, 0.00, 0.00, 0.00, 0.00]]    [[2.0]]      [2.0] _/
   train  o0.0_7        {1} [[1.00, 0.00, 0.00, 0.00, 0.00, 0.00, 0.00, 0.00, 0.00, 0.00]]    [[0.0]]      [0.0] _/
   train  o0.0_5        {1} [[1.00, 0.00, 0.00, 0.00, 0.00, 0.00, 0.00, 0.00, 0.00, 0.00]]    [[0.0]]      [0.0] _/
    test o7.0_46        {1} [[0.00, 0.00, 0.00, 0.00, 0.00, 0.00, 0.00, 1.00, 0.00, 0.00]]    [[7.0]]      [7.0] _/
   train o4.0_84        {1} [[0.00, 0.00, 0.00, 0.00, 1.00, 0.00, 0.00, 0.00, 0.00, 0.00]]    [[4.0]]      [4.0] _/
   train  o0.0_9        {1} [[1.00, 0.00, 0.00, 0.00, 0.00, 0.00, 0.00, 0.00, 0.00, 0.00]]    [[0.0]]      [0.0] _/
   train o1.0_92        {1} [[0.00, 1.00, 0.00, 0.00, 0.00, 0.00, 0.00, 0.00, 0.00, 0.00]]    [[1.0]]      [1.0] _/
   train o1.0_94        {1} [[0.00, 1.00, 0.00, 0.00, 0.00, 0.00, 0.00, 0.00, 0.00, 0.00]]    [[1.0]]      [1.0] _/
   train o6.0_42        {1} [[0.00, 0.00, 0.00, 0.00, 0.00, 0.00, 1.00, 0.00, 0.00, 0.00]]    [[6.0]]      [6.0] _/
    test o1.0_13        {1} [[0.00, 1.00, 0.00, 0.00, 0.00, 0.00, 0.00, 0.00, 0.00, 0.00]]    [[1.0]]      [1.0] _/
    test o3.0_62        {1} [[0.00, 0.00, 0.00, 1.00, 0.00, 0.00, 0.00, 0.00, 0.00, 0.00]]    [[3.0]]      [3.0] _/
   train o8.0_64        {1} [[0.00, 0.00, 0.00, 0.00, 0.00, 0.00, 0.00, 0.00, 1.00, 0.00]]    [[8.0]]      [8.0] _/
   train o8.0_63        {1} [[0.00, 0.00, 0.00, 0.00, 0.00, 0.00, 0.00, 0.00, 1.00, 0.00]]    [[8.0]]      [8.0] _/
   train o8.0_69        {1} [[0.00, 0.00, 0.00, 0.00, 0.00, 0.00, 0.00, 0.00, 1.00, 0.00]]    [[8.0]]      [8.0] _/
    test  o2.0_3        {1} [[0.00, 0.00, 1.00, 0.00, 0.00, 0.00, 0.00, 0.00, 0.00, 0.00]]    [[2.0]]      [2.0] _/
    test o7.0_95        {1} [[0.00, 0.00, 0.00, 0.00, 0.00, 0.00, 0.00, 1.00, 0.00, 0.00]]    [[7.0]]      [7.0] _/
   train o3.0_57        {1} [[0.00, 0.00, 0.00, 1.00, 0.00, 0.00, 0.00, 0.00, 0.00, 0.00]]    [[3.0]]      [3.0] _/
   train o1.0_22        {1} [[0.00, 1.00, 0.00, 0.00, 0.00, 0.00, 0.00, 0.00, 0.00, 0.00]]    [[1.0]]      [1.0] _/
    test o1.0_23        {1} [[0.00, 1.00, 0.00, 0.00, 0.00, 0.00, 0.00, 0.00, 0.00, 0.00]]    [[1.0]]      [1.0] _/
   train o3.0_50        {1} [[0.00, 0.00, 0.00, 1.00, 0.00, 0.00, 0.00, 0.00, 0.00, 0.00]]    [[3.0]]      [3.0] _/
   train o3.0_51        {1} [[0.00, 0.00, 0.00, 1.00, 0.00, 0.00, 0.00, 0.00, 0.00, 0.00]]    [[3.0]]      [3.0] _/
   train o4.0_19        {1} [[0.00, 0.00, 0.00, 0.00, 1.00, 0.00, 0.00, 0.00, 0.00, 0.00]]    [[4.0]]      [4.0] _/
    test o5.0_77        {1} [[0.00, 0.00, 0.00, 0.00, 0.00, 1.00, 0.00, 0.00, 0.00, 0.00]]    [[5.0]]      [5.0] _/
   train o4.0_24        {1} [[0.00, 0.00, 0.00, 0.00, 1.00, 0.00, 0.00, 0.00, 0.00, 0.00]]    [[4.0]]      [4.0] _/
   train o2.0_76        {1} [[0.00, 0.00, 1.00, 0.00, 0.00, 0.00, 0.00, 0.00, 0.00, 0.00]]    [[2.0]]      [2.0] _/
   train o2.0_78        {1} [[0.00, 0.00, 1.00, 0.00, 0.00, 0.00, 0.00, 0.00, 0.00, 0.00]]    [[2.0]]      [2.0] _/
   train o0.0_21        {1} [[1.00, 0.00, 0.00, 0.00, 0.00, 0.00, 0.00, 0.00, 0.00, 0.00]]    [[0.0]]      [0.0] _/
   train o6.0_68        {1} [[0.00, 0.00, 0.00, 0.00, 0.00, 0.00, 1.00, 0.00, 0.00, 0.00]]    [[6.0]]      [6.0] _/
   train o9.0_86        {1} [[0.00, 0.00, 0.00, 0.00, 0.00, 0.00, 0.00, 0.00, 0.00, 1.00]]    [[9.0]]      [9.0] _/
   train  o8.0_0        {1} [[0.00, 0.00, 0.00, 0.00, 0.00, 0.00, 0.00, 0.00, 1.00, 0.00]]    [[8.0]]      [8.0] _/
   train o1.0_30        {1} [[0.00, 1.00, 0.00, 0.00, 0.00, 0.00, 0.00, 0.00, 0.00, 0.00]]    [[1.0]]      [1.0] _/
   train o1.0_31        {1} [[0.00, 1.00, 0.00, 0.00, 0.00, 0.00, 0.00, 0.00, 0.00, 0.00]]    [[1.0]]      [1.0] _/
   train  o8.0_2        {1} [[0.00, 0.00, 0.00, 0.00, 0.00, 0.00, 0.00, 0.00, 1.00, 0.00]]    [[8.0]]      [8.0] _/
   train o6.0_65        {1} [[0.00, 0.00, 0.00, 0.00, 0.00, 0.00, 1.00, 0.00, 0.00, 0.00]]    [[6.0]]      [6.0] _/
   train o1.0_37        {1} [[0.00, 1.00, 0.00, 0.00, 0.00, 0.00, 0.00, 0.00, 0.00, 0.00]]    [[1.0]]      [1.0] _/
   train o1.0_27        {1} [[0.00, 1.00, 0.00, 0.00, 0.00, 0.00, 0.00, 0.00, 0.00, 0.00]]    [[1.0]]      [1.0] _/
   train o2.0_40        {1} [[0.00, 0.00, 1.00, 0.00, 0.00, 0.00, 0.00, 0.00, 0.00, 0.00]]    [[2.0]]      [2.0] _/
   train o4.0_59        {1} [[0.00, 0.00, 0.00, 0.00, 1.00, 0.00, 0.00, 0.00, 0.00, 0.00]]    [[4.0]]      [4.0] _/
   train o8.0_88        {1} [[0.00, 0.00, 0.00, 0.00, 0.00, 0.00, 0.00, 0.00, 1.00, 0.00]]    [[8.0]]      [8.0] _/
   train o4.0_55        {1} [[0.00, 0.00, 0.00, 0.00, 1.00, 0.00, 0.00, 0.00, 0.00, 0.00]]    [[4.0]]      [4.0] _/
   train o2.0_47        {1} [[0.00, 0.00, 1.00, 0.00, 0.00, 0.00, 0.00, 0.00, 0.00, 0.00]]    [[2.0]]      [2.0] _/
   train o4.0_53        {1} [[0.00, 0.00, 0.00, 0.00, 1.00, 0.00, 0.00, 0.00, 0.00, 0.00]]    [[4.0]]      [4.0] _/
    test o2.0_49        {1} [[0.00, 0.00, 1.00, 0.00, 0.00, 0.00, 0.00, 0.00, 0.00, 0.00]]    [[2.0]]      [2.0] _/
    test o7.0_74        {1} [[0.00, 0.00, 0.00, 0.00, 0.00, 0.00, 0.00, 1.00, 0.00, 0.00]]    [[7.0]]      [7.0] _/
   train o7.0_80        {1} [[0.00, 0.00, 0.00, 0.00, 0.00, 0.00, 0.00, 1.00, 0.00, 0.00]]    [[7.0]]      [7.0] _/
   train o6.0_79        {1} [[0.00, 0.00, 0.00, 0.00, 0.00, 0.00, 1.00, 0.00, 0.00, 0.00]]    [[6.0]]      [6.0] _/
   train o3.0_33        {1} [[0.00, 0.00, 0.00, 1.00, 0.00, 0.00, 0.00, 0.00, 0.00, 0.00]]    [[3.0]]      [3.0] _/
   train o3.0_38        {1} [[0.00, 0.00, 0.00, 1.00, 0.00, 0.00, 0.00, 0.00, 0.00, 0.00]]    [[3.0]]      [3.0] _/
   train o8.0_93        {1} [[0.00, 0.00, 0.00, 0.00, 0.00, 0.00, 0.00, 0.00, 1.00, 0.00]]    [[8.0]]      [8.0] _/
   train  o1.0_8        {1} [[0.00, 1.00, 0.00, 0.00, 0.00, 0.00, 0.00, 0.00, 0.00, 0.00]]    [[1.0]]      [1.0] _/
   train o1.0_48        {1} [[0.00, 1.00, 0.00, 0.00, 0.00, 0.00, 0.00, 0.00, 0.00, 0.00]]    [[1.0]]      [1.0] _/
   train o6.0_70        {1} [[0.00, 0.00, 0.00, 0.00, 0.00, 0.00, 1.00, 0.00, 0.00, 0.00]]    [[6.0]]      [6.0] _/
   train o4.0_43        {1} [[0.00, 0.00, 0.00, 0.00, 1.00, 0.00, 0.00, 0.00, 0.00, 0.00]]    [[4.0]]      [4.0] _/
   train o9.0_73        {1} [[0.00, 0.00, 0.00, 0.00, 0.00, 0.00, 0.00, 0.00, 0.00, 1.00]]    [[9.0]]      [9.0] _/
   train o4.0_41        {1} [[0.00, 0.00, 0.00, 0.00, 1.00, 0.00, 0.00, 0.00, 0.00, 0.00]]    [[4.0]]      [4.0] _/
   train o0.0_26        {1} [[1.00, 0.00, 0.00, 0.00, 0.00, 0.00, 0.00, 0.00, 0.00, 0.00]]    [[0.0]]      [0.0] _/
    test o8.0_16        {1} [[0.00, 0.00, 0.00, 0.00, 0.00, 0.00, 0.00, 0.00, 1.00, 0.00]]    [[8.0]]      [8.0] _/
   train o5.0_58        {1} [[0.00, 0.00, 0.00, 0.00, 0.00, 1.00, 0.00, 0.00, 0.00, 0.00]]    [[5.0]]      [5.0] _/
   train o0.0_85        {1} [[1.00, 0.00, 0.00, 0.00, 0.00, 0.00, 0.00, 0.00, 0.00, 0.00]]    [[0.0]]      [0.0] _/
    test o0.0_83        {1} [[1.00, 0.00, 0.00, 0.00, 0.00, 0.00, 0.00, 0.00, 0.00, 0.00]]    [[0.0]]      [0.0] _/
    test o3.0_20        {1} [[0.00, 0.00, 0.00, 1.00, 0.00, 0.00, 0.00, 0.00, 0.00, 0.00]]    [[3.0]]      [3.0] _/
    test o9.0_29        {1} [[0.00, 0.00, 0.00, 0.00, 0.00, 0.00, 0.00, 0.00, 0.00, 1.00]]    [[9.0]]      [9.0] _/
   train  o3.0_1        {1} [[0.00, 0.00, 0.00, 1.00, 0.00, 0.00, 0.00, 0.00, 0.00, 0.00]]    [[3.0]]      [3.0] _/
   train o7.0_56        {1} [[0.00, 0.00, 0.00, 0.00, 0.00, 0.00, 0.00, 1.00, 0.00, 0.00]]    [[7.0]]      [7.0] _/
   train o4.0_72        {1} [[0.00, 0.00, 0.00, 0.00, 1.00, 0.00, 0.00, 0.00, 0.00, 0.00]]    [[4.0]]      [4.0] _/
   train o0.0_98        {1} [[1.00, 0.00, 0.00, 0.00, 0.00, 0.00, 0.00, 0.00, 0.00, 0.00]]    [[0.0]]      [0.0] _/
    test o6.0_15        {1} [[0.00, 0.00, 0.00, 0.00, 0.00, 0.00, 1.00, 0.00, 0.00, 0.00]]    [[6.0]]      [6.0] _/
    test o6.0_17        {1} [[0.00, 0.00, 0.00, 0.00, 0.00, 0.00, 1.00, 0.00, 0.00, 0.00]]    [[6.0]]      [6.0] _/
   train o9.0_11        {1} [[0.00, 0.00, 0.00, 0.00, 0.00, 0.00, 0.00, 0.00, 0.00, 1.00]]    [[9.0]]      [9.0] _/
   train o1.0_60        {1} [[0.00, 1.00, 0.00, 0.00, 0.00, 0.00, 0.00, 0.00, 0.00, 0.00]]    [[1.0]]      [1.0] _/
   train o9.0_10        {1} [[0.00, 0.00, 0.00, 0.00, 0.00, 0.00, 0.00, 0.00, 0.00, 1.00]]    [[9.0]]      [9.0] _/
   train o0.0_99        {1} [[1.00, 0.00, 0.00, 0.00, 0.00, 0.00, 0.00, 0.00, 0.00, 0.00]]    [[0.0]]      [0.0] _/
   train o3.0_90        {1} [[0.00, 0.00, 0.00, 1.00, 0.00, 0.00, 0.00, 0.00, 0.00, 0.00]]    [[3.0]]      [3.0] _/
   train o3.0_91        {1} [[0.00, 0.00, 0.00, 1.00, 0.00, 0.00, 0.00, 0.00, 0.00, 0.00]]    [[3.0]]      [3.0] _/
   train o6.0_97        {1} [[0.00, 0.00, 0.00, 0.00, 0.00, 0.00, 1.00, 0.00, 0.00, 0.00]]    [[6.0]]      [6.0] _/
   train o9.0_18        {1} [[0.00, 0.00, 0.00, 0.00, 0.00, 0.00, 0.00, 0.00, 0.00, 1.00]]    [[9.0]]      [9.0] _/
    test o6.0_12        {1} [[0.00, 0.00, 0.00, 0.00, 0.00, 0.00, 1.00, 0.00, 0.00, 0.00]]    [[6.0]]      [6.0] _/
   train o8.0_36        {1} [[0.00, 0.00, 0.00, 0.00, 0.00, 0.00, 0.00, 0.00, 1.00, 0.00]]    [[8.0]]      [8.0] _/
   train o5.0_39        {1} [[0.00, 0.00, 0.00, 0.00, 0.00, 1.00, 0.00, 0.00, 0.00, 0.00]]    [[5.0]]      [5.0] _/
    test o7.0_67        {1} [[0.00, 0.00, 0.00, 0.00, 0.00, 0.00, 0.00, 1.00, 0.00, 0.00]]    [[7.0]]      [7.0] _/
   train o7.0_61        {1} [[0.00, 0.00, 0.00, 0.00, 0.00, 0.00, 0.00, 1.00, 0.00, 0.00]]    [[7.0]]      [7.0] _/
   train o5.0_35        {1} [[0.00, 0.00, 0.00, 0.00, 0.00, 1.00, 0.00, 0.00, 0.00, 0.00]]    [[5.0]]      [5.0] _/

Objects classified correctly: 100
Total objects: 100
Accuracy: 100.0%

Training Objects classified correctly: 80/80
Accuracy: 100.0%

Test Objects classified correctly: 20/20
Accuracy: 100.0%
